2023-12-12 12:53:43 error: [GET] /api/v1/alumni/directory >> StatusCode:: 500, Message:: Error fething profile
2023-12-12 13:01:46 error: [GET] /api/v1/alumni/directory >> StatusCode:: 500, Message:: Error fething profile
2023-12-12 13:02:35 error: [GET] /api/v1/alumni/directory >> StatusCode:: 500, Message:: Error fething profile
2023-12-12 13:02:37 error: [GET] /api/v1/alumni/directory >> StatusCode:: 500, Message:: Error fething profile
2023-12-12 13:02:38 error: [GET] /api/v1/alumni/directory >> StatusCode:: 500, Message:: Error fething profile
2023-12-12 13:02:46 error: [GET] /api/v1/alumni/directory >> StatusCode:: 500, Message:: Error fething profile
2023-12-12 13:02:47 error: [GET] /api/v1/alumni/directory >> StatusCode:: 500, Message:: Error fething profile
2023-12-12 13:03:50 error: [GET] /api/v1/alumni/directory >> StatusCode:: 500, Message:: Error fething profile
2023-12-12 13:04:40 error: [GET] /api/v1/alumni/directory >> StatusCode:: 500, Message:: Error fething profile
2023-12-12 13:04:45 error: [GET] /api/v1/alumni/directory >> StatusCode:: 500, Message:: Error fething profile
2023-12-12 13:04:46 error: [GET] /api/v1/alumni/directory >> StatusCode:: 500, Message:: Error fething profile
2023-12-12 13:08:28 error: [GET] /api/v1/alumni/directory >> StatusCode:: 500, Message:: Error fething profile
2023-12-12 13:08:37 error: [GET] /api/v1/alumni/directory >> StatusCode:: 500, Message:: Error fething profile
2023-12-12 13:10:48 error: [GET] /api/v1/alumni/directory >> StatusCode:: 500, Message:: Error fething profile
2023-12-12 13:10:50 error: [GET] /api/v1/alumni/directory >> StatusCode:: 500, Message:: Error fething profile
2023-12-12 13:10:56 error: [GET] /api/v1/alumni/directory >> StatusCode:: 500, Message:: Error fething profile
2023-12-12 13:10:59 error: [GET] /api/v1/alumni/directory >> StatusCode:: 500, Message:: Error fething profile
2023-12-12 13:13:30 error: [GET] /api/v1/alumni/directory >> StatusCode:: 500, Message:: Error fething profile
2023-12-12 13:14:17 error: [GET] /api/v1/alumni/directory >> StatusCode:: 500, Message:: Error fething profile
2023-12-12 13:14:59 error: [GET] /api/v1/alumni/directory >> StatusCode:: 500, Message:: Error fething profile
2023-12-12 13:15:00 error: [GET] /api/v1/alumni/directory >> StatusCode:: 500, Message:: Error fething profile
2023-12-12 13:17:16 error: [GET] /api/v1/alumni/directory >> StatusCode:: 500, Message:: Error fething profile
2023-12-12 13:17:17 error: [GET] /api/v1/alumni/directory >> StatusCode:: 500, Message:: Error fething profile
2023-12-12 13:17:18 error: [GET] /api/v1/alumni/directory >> StatusCode:: 500, Message:: Error fething profile
2023-12-12 13:17:19 error: [GET] /api/v1/alumni/directory >> StatusCode:: 500, Message:: Error fething profile
2023-12-12 13:17:32 error: [GET] /api/v1/alumni/directory >> StatusCode:: 500, Message:: Error fething profile
2023-12-12 13:17:34 error: [GET] /api/v1/alumni/directory >> StatusCode:: 500, Message:: Error fething profile
2023-12-12 13:17:35 error: [GET] /api/v1/alumni/directory >> StatusCode:: 500, Message:: Error fething profile
2023-12-12 13:20:36 error: [GET] /api/v1/alumni/directory >> StatusCode:: 500, Message:: Error fething profile
2023-12-12 13:20:37 error: [GET] /api/v1/alumni/directory >> StatusCode:: 500, Message:: Error fething profile
2023-12-12 13:20:42 error: [GET] /api/v1/alumni/directory >> StatusCode:: 500, Message:: Error fething profile
2023-12-12 13:24:44 error: uncaughtException: ⨯ Unable to compile TypeScript:
src/controllers/profile.controller.ts(86,3): error TS1109: Expression expected.

TSError: ⨯ Unable to compile TypeScript:
src/controllers/profile.controller.ts(86,3): error TS1109: Expression expected.

    at createTSError (C:\Users\Shailendra kumar\Desktop\masai-projects\masai-alumni\node_modules\.pnpm\ts-node@10.9.1_@swc+core@1.3.95_@types+node@18.17.2_typescript@5.1.3\node_modules\ts-node\src\index.ts:859:12)
    at reportTSError (C:\Users\Shailendra kumar\Desktop\masai-projects\masai-alumni\node_modules\.pnpm\ts-node@10.9.1_@swc+core@1.3.95_@types+node@18.17.2_typescript@5.1.3\node_modules\ts-node\src\index.ts:863:19)
    at C:\Users\Shailendra kumar\Desktop\masai-projects\masai-alumni\node_modules\.pnpm\ts-node@10.9.1_@swc+core@1.3.95_@types+node@18.17.2_typescript@5.1.3\node_modules\ts-node\src\index.ts:1379:34
    at Object.compile (C:\Users\Shailendra kumar\Desktop\masai-projects\masai-alumni\node_modules\.pnpm\ts-node@10.9.1_@swc+core@1.3.95_@types+node@18.17.2_typescript@5.1.3\node_modules\ts-node\src\index.ts:1458:13)
    at Module.m._compile (C:\Users\Shailendra kumar\Desktop\masai-projects\masai-alumni\node_modules\.pnpm\ts-node@10.9.1_@swc+core@1.3.95_@types+node@18.17.2_typescript@5.1.3\node_modules\ts-node\src\index.ts:1617:30)
    at Module._extensions..js (node:internal/modules/cjs/loader:1435:10)
    at Object.require.extensions.<computed> [as .ts] (C:\Users\Shailendra kumar\Desktop\masai-projects\masai-alumni\node_modules\.pnpm\ts-node@10.9.1_@swc+core@1.3.95_@types+node@18.17.2_typescript@5.1.3\node_modules\ts-node\src\index.ts:1621:12)
    at Module.load (node:internal/modules/cjs/loader:1207:32)
    at Function.Module._load (node:internal/modules/cjs/loader:1023:12)
    at Module.require (node:internal/modules/cjs/loader:1235:19)
2023-12-12 13:25:03 error: uncaughtException: ⨯ Unable to compile TypeScript:
src/controllers/profile.controller.ts(92,4): error TS1136: Property assignment expected.

TSError: ⨯ Unable to compile TypeScript:
src/controllers/profile.controller.ts(92,4): error TS1136: Property assignment expected.

    at createTSError (C:\Users\Shailendra kumar\Desktop\masai-projects\masai-alumni\node_modules\.pnpm\ts-node@10.9.1_@swc+core@1.3.95_@types+node@18.17.2_typescript@5.1.3\node_modules\ts-node\src\index.ts:859:12)
    at reportTSError (C:\Users\Shailendra kumar\Desktop\masai-projects\masai-alumni\node_modules\.pnpm\ts-node@10.9.1_@swc+core@1.3.95_@types+node@18.17.2_typescript@5.1.3\node_modules\ts-node\src\index.ts:863:19)
    at C:\Users\Shailendra kumar\Desktop\masai-projects\masai-alumni\node_modules\.pnpm\ts-node@10.9.1_@swc+core@1.3.95_@types+node@18.17.2_typescript@5.1.3\node_modules\ts-node\src\index.ts:1379:34
    at Object.compile (C:\Users\Shailendra kumar\Desktop\masai-projects\masai-alumni\node_modules\.pnpm\ts-node@10.9.1_@swc+core@1.3.95_@types+node@18.17.2_typescript@5.1.3\node_modules\ts-node\src\index.ts:1458:13)
    at Module.m._compile (C:\Users\Shailendra kumar\Desktop\masai-projects\masai-alumni\node_modules\.pnpm\ts-node@10.9.1_@swc+core@1.3.95_@types+node@18.17.2_typescript@5.1.3\node_modules\ts-node\src\index.ts:1617:30)
    at Module._extensions..js (node:internal/modules/cjs/loader:1435:10)
    at Object.require.extensions.<computed> [as .ts] (C:\Users\Shailendra kumar\Desktop\masai-projects\masai-alumni\node_modules\.pnpm\ts-node@10.9.1_@swc+core@1.3.95_@types+node@18.17.2_typescript@5.1.3\node_modules\ts-node\src\index.ts:1621:12)
    at Module.load (node:internal/modules/cjs/loader:1207:32)
    at Function.Module._load (node:internal/modules/cjs/loader:1023:12)
    at Module.require (node:internal/modules/cjs/loader:1235:19)
2023-12-12 13:38:35 error: [GET] /api/v1/alumni/directory >> StatusCode:: 500, Message:: Error fething profile
2023-12-12 13:38:44 error: [GET] /api/v1/alumni/directory >> StatusCode:: 500, Message:: Error fething profile
2023-12-12 13:38:49 error: [GET] /api/v1/alumni/directory >> StatusCode:: 500, Message:: Error fething profile
2023-12-12 14:20:57 error: uncaughtException: ⨯ Unable to compile TypeScript:
src/controllers/profile.controller.ts(51,1): error TS1185: Merge conflict marker encountered.
src/controllers/profile.controller.ts(52,1): error TS1185: Merge conflict marker encountered.
src/controllers/profile.controller.ts(58,1): error TS1185: Merge conflict marker encountered.

TSError: ⨯ Unable to compile TypeScript:
src/controllers/profile.controller.ts(51,1): error TS1185: Merge conflict marker encountered.
src/controllers/profile.controller.ts(52,1): error TS1185: Merge conflict marker encountered.
src/controllers/profile.controller.ts(58,1): error TS1185: Merge conflict marker encountered.

    at createTSError (C:\Users\Shailendra kumar\Desktop\masai-projects\masai-alumni\node_modules\.pnpm\ts-node@10.9.1_@swc+core@1.3.95_@types+node@18.17.2_typescript@5.1.3\node_modules\ts-node\src\index.ts:859:12)
    at reportTSError (C:\Users\Shailendra kumar\Desktop\masai-projects\masai-alumni\node_modules\.pnpm\ts-node@10.9.1_@swc+core@1.3.95_@types+node@18.17.2_typescript@5.1.3\node_modules\ts-node\src\index.ts:863:19)
    at C:\Users\Shailendra kumar\Desktop\masai-projects\masai-alumni\node_modules\.pnpm\ts-node@10.9.1_@swc+core@1.3.95_@types+node@18.17.2_typescript@5.1.3\node_modules\ts-node\src\index.ts:1379:34
    at Object.compile (C:\Users\Shailendra kumar\Desktop\masai-projects\masai-alumni\node_modules\.pnpm\ts-node@10.9.1_@swc+core@1.3.95_@types+node@18.17.2_typescript@5.1.3\node_modules\ts-node\src\index.ts:1458:13)
    at Module.m._compile (C:\Users\Shailendra kumar\Desktop\masai-projects\masai-alumni\node_modules\.pnpm\ts-node@10.9.1_@swc+core@1.3.95_@types+node@18.17.2_typescript@5.1.3\node_modules\ts-node\src\index.ts:1617:30)
    at Module._extensions..js (node:internal/modules/cjs/loader:1435:10)
    at Object.require.extensions.<computed> [as .ts] (C:\Users\Shailendra kumar\Desktop\masai-projects\masai-alumni\node_modules\.pnpm\ts-node@10.9.1_@swc+core@1.3.95_@types+node@18.17.2_typescript@5.1.3\node_modules\ts-node\src\index.ts:1621:12)
    at Module.load (node:internal/modules/cjs/loader:1207:32)
    at Function.Module._load (node:internal/modules/cjs/loader:1023:12)
    at Module.require (node:internal/modules/cjs/loader:1235:19)
2023-12-12 14:22:16 error: [GET] /api/v1/alumni/directory >> StatusCode:: 500, Message:: Error fething profile
2023-12-12 14:22:19 error: [GET] /api/v1/alumni/directory >> StatusCode:: 500, Message:: Error fething profile
2023-12-12 14:23:18 error: [GET] /api/v1/alumni/directory >> StatusCode:: 500, Message:: Error fething profile
2023-12-12 14:24:14 error: [GET] /api/v1/alumni/directory >> StatusCode:: 500, Message:: Error fething profile
2023-12-12 14:24:16 error: [GET] /api/v1/alumni/directory >> StatusCode:: 500, Message:: Error fething profile
2023-12-12 14:31:07 error: [GET] /api/v1/alumni/directory >> StatusCode:: 500, Message:: Error fething profile
2023-12-12 17:00:21 error: uncaughtException: ⨯ Unable to compile TypeScript:
src/services/education.service.ts(25,3): error TS1005: ',' expected.
src/services/education.service.ts(25,14): error TS1005: ',' expected.
src/services/education.service.ts(26,23): error TS1005: ',' expected.
src/services/education.service.ts(27,3): error TS1005: ';' expected.
src/services/education.service.ts(27,29): error TS1005: '(' expected.
src/services/education.service.ts(27,32): error TS1068: Unexpected token. A constructor, method, accessor, or property was expected.
src/services/education.service.ts(44,2): error TS1128: Declaration or statement expected.
src/services/education.service.ts(56,1): error TS1128: Declaration or statement expected.

TSError: ⨯ Unable to compile TypeScript:
src/services/education.service.ts(25,3): error TS1005: ',' expected.
src/services/education.service.ts(25,14): error TS1005: ',' expected.
src/services/education.service.ts(26,23): error TS1005: ',' expected.
src/services/education.service.ts(27,3): error TS1005: ';' expected.
src/services/education.service.ts(27,29): error TS1005: '(' expected.
src/services/education.service.ts(27,32): error TS1068: Unexpected token. A constructor, method, accessor, or property was expected.
src/services/education.service.ts(44,2): error TS1128: Declaration or statement expected.
src/services/education.service.ts(56,1): error TS1128: Declaration or statement expected.

    at createTSError (C:\Users\Shailendra kumar\Desktop\masai-projects\masai-alumni\node_modules\.pnpm\ts-node@10.9.1_@swc+core@1.3.95_@types+node@18.17.2_typescript@5.1.3\node_modules\ts-node\src\index.ts:859:12)
    at reportTSError (C:\Users\Shailendra kumar\Desktop\masai-projects\masai-alumni\node_modules\.pnpm\ts-node@10.9.1_@swc+core@1.3.95_@types+node@18.17.2_typescript@5.1.3\node_modules\ts-node\src\index.ts:863:19)
    at C:\Users\Shailendra kumar\Desktop\masai-projects\masai-alumni\node_modules\.pnpm\ts-node@10.9.1_@swc+core@1.3.95_@types+node@18.17.2_typescript@5.1.3\node_modules\ts-node\src\index.ts:1379:34
    at Object.compile (C:\Users\Shailendra kumar\Desktop\masai-projects\masai-alumni\node_modules\.pnpm\ts-node@10.9.1_@swc+core@1.3.95_@types+node@18.17.2_typescript@5.1.3\node_modules\ts-node\src\index.ts:1458:13)
    at Module.m._compile (C:\Users\Shailendra kumar\Desktop\masai-projects\masai-alumni\node_modules\.pnpm\ts-node@10.9.1_@swc+core@1.3.95_@types+node@18.17.2_typescript@5.1.3\node_modules\ts-node\src\index.ts:1617:30)
    at Module._extensions..js (node:internal/modules/cjs/loader:1435:10)
    at Object.require.extensions.<computed> [as .ts] (C:\Users\Shailendra kumar\Desktop\masai-projects\masai-alumni\node_modules\.pnpm\ts-node@10.9.1_@swc+core@1.3.95_@types+node@18.17.2_typescript@5.1.3\node_modules\ts-node\src\index.ts:1621:12)
    at Module.load (node:internal/modules/cjs/loader:1207:32)
    at Function.Module._load (node:internal/modules/cjs/loader:1023:12)
    at Module.require (node:internal/modules/cjs/loader:1235:19)
2023-12-12 17:00:26 error: uncaughtException: ⨯ Unable to compile TypeScript:
src/services/education.service.ts(25,3): error TS1005: ',' expected.

TSError: ⨯ Unable to compile TypeScript:
src/services/education.service.ts(25,3): error TS1005: ',' expected.

    at createTSError (C:\Users\Shailendra kumar\Desktop\masai-projects\masai-alumni\node_modules\.pnpm\ts-node@10.9.1_@swc+core@1.3.95_@types+node@18.17.2_typescript@5.1.3\node_modules\ts-node\src\index.ts:859:12)
    at reportTSError (C:\Users\Shailendra kumar\Desktop\masai-projects\masai-alumni\node_modules\.pnpm\ts-node@10.9.1_@swc+core@1.3.95_@types+node@18.17.2_typescript@5.1.3\node_modules\ts-node\src\index.ts:863:19)
    at C:\Users\Shailendra kumar\Desktop\masai-projects\masai-alumni\node_modules\.pnpm\ts-node@10.9.1_@swc+core@1.3.95_@types+node@18.17.2_typescript@5.1.3\node_modules\ts-node\src\index.ts:1379:34
    at Object.compile (C:\Users\Shailendra kumar\Desktop\masai-projects\masai-alumni\node_modules\.pnpm\ts-node@10.9.1_@swc+core@1.3.95_@types+node@18.17.2_typescript@5.1.3\node_modules\ts-node\src\index.ts:1458:13)
    at Module.m._compile (C:\Users\Shailendra kumar\Desktop\masai-projects\masai-alumni\node_modules\.pnpm\ts-node@10.9.1_@swc+core@1.3.95_@types+node@18.17.2_typescript@5.1.3\node_modules\ts-node\src\index.ts:1617:30)
    at Module._extensions..js (node:internal/modules/cjs/loader:1435:10)
    at Object.require.extensions.<computed> [as .ts] (C:\Users\Shailendra kumar\Desktop\masai-projects\masai-alumni\node_modules\.pnpm\ts-node@10.9.1_@swc+core@1.3.95_@types+node@18.17.2_typescript@5.1.3\node_modules\ts-node\src\index.ts:1621:12)
    at Module.load (node:internal/modules/cjs/loader:1207:32)
    at Function.Module._load (node:internal/modules/cjs/loader:1023:12)
    at Module.require (node:internal/modules/cjs/loader:1235:19)
2023-12-12 17:00:33 error: uncaughtException: ⨯ Unable to compile TypeScript:
src/services/education.service.ts(25,3): error TS1005: ',' expected.

TSError: ⨯ Unable to compile TypeScript:
src/services/education.service.ts(25,3): error TS1005: ',' expected.

    at createTSError (C:\Users\Shailendra kumar\Desktop\masai-projects\masai-alumni\node_modules\.pnpm\ts-node@10.9.1_@swc+core@1.3.95_@types+node@18.17.2_typescript@5.1.3\node_modules\ts-node\src\index.ts:859:12)
    at reportTSError (C:\Users\Shailendra kumar\Desktop\masai-projects\masai-alumni\node_modules\.pnpm\ts-node@10.9.1_@swc+core@1.3.95_@types+node@18.17.2_typescript@5.1.3\node_modules\ts-node\src\index.ts:863:19)
    at C:\Users\Shailendra kumar\Desktop\masai-projects\masai-alumni\node_modules\.pnpm\ts-node@10.9.1_@swc+core@1.3.95_@types+node@18.17.2_typescript@5.1.3\node_modules\ts-node\src\index.ts:1379:34
    at Object.compile (C:\Users\Shailendra kumar\Desktop\masai-projects\masai-alumni\node_modules\.pnpm\ts-node@10.9.1_@swc+core@1.3.95_@types+node@18.17.2_typescript@5.1.3\node_modules\ts-node\src\index.ts:1458:13)
    at Module.m._compile (C:\Users\Shailendra kumar\Desktop\masai-projects\masai-alumni\node_modules\.pnpm\ts-node@10.9.1_@swc+core@1.3.95_@types+node@18.17.2_typescript@5.1.3\node_modules\ts-node\src\index.ts:1617:30)
    at Module._extensions..js (node:internal/modules/cjs/loader:1435:10)
    at Object.require.extensions.<computed> [as .ts] (C:\Users\Shailendra kumar\Desktop\masai-projects\masai-alumni\node_modules\.pnpm\ts-node@10.9.1_@swc+core@1.3.95_@types+node@18.17.2_typescript@5.1.3\node_modules\ts-node\src\index.ts:1621:12)
    at Module.load (node:internal/modules/cjs/loader:1207:32)
    at Function.Module._load (node:internal/modules/cjs/loader:1023:12)
    at Module.require (node:internal/modules/cjs/loader:1235:19)
2023-12-12 17:00:37 error: uncaughtException: ⨯ Unable to compile TypeScript:
src/services/education.service.ts(25,3): error TS1005: ',' expected.

TSError: ⨯ Unable to compile TypeScript:
src/services/education.service.ts(25,3): error TS1005: ',' expected.

    at createTSError (C:\Users\Shailendra kumar\Desktop\masai-projects\masai-alumni\node_modules\.pnpm\ts-node@10.9.1_@swc+core@1.3.95_@types+node@18.17.2_typescript@5.1.3\node_modules\ts-node\src\index.ts:859:12)
    at reportTSError (C:\Users\Shailendra kumar\Desktop\masai-projects\masai-alumni\node_modules\.pnpm\ts-node@10.9.1_@swc+core@1.3.95_@types+node@18.17.2_typescript@5.1.3\node_modules\ts-node\src\index.ts:863:19)
    at C:\Users\Shailendra kumar\Desktop\masai-projects\masai-alumni\node_modules\.pnpm\ts-node@10.9.1_@swc+core@1.3.95_@types+node@18.17.2_typescript@5.1.3\node_modules\ts-node\src\index.ts:1379:34
    at Object.compile (C:\Users\Shailendra kumar\Desktop\masai-projects\masai-alumni\node_modules\.pnpm\ts-node@10.9.1_@swc+core@1.3.95_@types+node@18.17.2_typescript@5.1.3\node_modules\ts-node\src\index.ts:1458:13)
    at Module.m._compile (C:\Users\Shailendra kumar\Desktop\masai-projects\masai-alumni\node_modules\.pnpm\ts-node@10.9.1_@swc+core@1.3.95_@types+node@18.17.2_typescript@5.1.3\node_modules\ts-node\src\index.ts:1617:30)
    at Module._extensions..js (node:internal/modules/cjs/loader:1435:10)
    at Object.require.extensions.<computed> [as .ts] (C:\Users\Shailendra kumar\Desktop\masai-projects\masai-alumni\node_modules\.pnpm\ts-node@10.9.1_@swc+core@1.3.95_@types+node@18.17.2_typescript@5.1.3\node_modules\ts-node\src\index.ts:1621:12)
    at Module.load (node:internal/modules/cjs/loader:1207:32)
    at Function.Module._load (node:internal/modules/cjs/loader:1023:12)
    at Module.require (node:internal/modules/cjs/loader:1235:19)
2023-12-12 17:00:40 error: uncaughtException: ⨯ Unable to compile TypeScript:
src/services/education.service.ts(25,3): error TS1005: ',' expected.

TSError: ⨯ Unable to compile TypeScript:
src/services/education.service.ts(25,3): error TS1005: ',' expected.

    at createTSError (C:\Users\Shailendra kumar\Desktop\masai-projects\masai-alumni\node_modules\.pnpm\ts-node@10.9.1_@swc+core@1.3.95_@types+node@18.17.2_typescript@5.1.3\node_modules\ts-node\src\index.ts:859:12)
    at reportTSError (C:\Users\Shailendra kumar\Desktop\masai-projects\masai-alumni\node_modules\.pnpm\ts-node@10.9.1_@swc+core@1.3.95_@types+node@18.17.2_typescript@5.1.3\node_modules\ts-node\src\index.ts:863:19)
    at C:\Users\Shailendra kumar\Desktop\masai-projects\masai-alumni\node_modules\.pnpm\ts-node@10.9.1_@swc+core@1.3.95_@types+node@18.17.2_typescript@5.1.3\node_modules\ts-node\src\index.ts:1379:34
    at Object.compile (C:\Users\Shailendra kumar\Desktop\masai-projects\masai-alumni\node_modules\.pnpm\ts-node@10.9.1_@swc+core@1.3.95_@types+node@18.17.2_typescript@5.1.3\node_modules\ts-node\src\index.ts:1458:13)
    at Module.m._compile (C:\Users\Shailendra kumar\Desktop\masai-projects\masai-alumni\node_modules\.pnpm\ts-node@10.9.1_@swc+core@1.3.95_@types+node@18.17.2_typescript@5.1.3\node_modules\ts-node\src\index.ts:1617:30)
    at Module._extensions..js (node:internal/modules/cjs/loader:1435:10)
    at Object.require.extensions.<computed> [as .ts] (C:\Users\Shailendra kumar\Desktop\masai-projects\masai-alumni\node_modules\.pnpm\ts-node@10.9.1_@swc+core@1.3.95_@types+node@18.17.2_typescript@5.1.3\node_modules\ts-node\src\index.ts:1621:12)
    at Module.load (node:internal/modules/cjs/loader:1207:32)
    at Function.Module._load (node:internal/modules/cjs/loader:1023:12)
    at Module.require (node:internal/modules/cjs/loader:1235:19)
2023-12-12 17:00:45 error: uncaughtException: ⨯ Unable to compile TypeScript:
src/services/education.service.ts(25,3): error TS1005: ',' expected.

TSError: ⨯ Unable to compile TypeScript:
src/services/education.service.ts(25,3): error TS1005: ',' expected.

    at createTSError (C:\Users\Shailendra kumar\Desktop\masai-projects\masai-alumni\node_modules\.pnpm\ts-node@10.9.1_@swc+core@1.3.95_@types+node@18.17.2_typescript@5.1.3\node_modules\ts-node\src\index.ts:859:12)
    at reportTSError (C:\Users\Shailendra kumar\Desktop\masai-projects\masai-alumni\node_modules\.pnpm\ts-node@10.9.1_@swc+core@1.3.95_@types+node@18.17.2_typescript@5.1.3\node_modules\ts-node\src\index.ts:863:19)
    at C:\Users\Shailendra kumar\Desktop\masai-projects\masai-alumni\node_modules\.pnpm\ts-node@10.9.1_@swc+core@1.3.95_@types+node@18.17.2_typescript@5.1.3\node_modules\ts-node\src\index.ts:1379:34
    at Object.compile (C:\Users\Shailendra kumar\Desktop\masai-projects\masai-alumni\node_modules\.pnpm\ts-node@10.9.1_@swc+core@1.3.95_@types+node@18.17.2_typescript@5.1.3\node_modules\ts-node\src\index.ts:1458:13)
    at Module.m._compile (C:\Users\Shailendra kumar\Desktop\masai-projects\masai-alumni\node_modules\.pnpm\ts-node@10.9.1_@swc+core@1.3.95_@types+node@18.17.2_typescript@5.1.3\node_modules\ts-node\src\index.ts:1617:30)
    at Module._extensions..js (node:internal/modules/cjs/loader:1435:10)
    at Object.require.extensions.<computed> [as .ts] (C:\Users\Shailendra kumar\Desktop\masai-projects\masai-alumni\node_modules\.pnpm\ts-node@10.9.1_@swc+core@1.3.95_@types+node@18.17.2_typescript@5.1.3\node_modules\ts-node\src\index.ts:1621:12)
    at Module.load (node:internal/modules/cjs/loader:1207:32)
    at Function.Module._load (node:internal/modules/cjs/loader:1023:12)
    at Module.require (node:internal/modules/cjs/loader:1235:19)
2023-12-12 17:00:52 error: uncaughtException: ⨯ Unable to compile TypeScript:
src/services/education.service.ts(25,3): error TS1005: ',' expected.

TSError: ⨯ Unable to compile TypeScript:
src/services/education.service.ts(25,3): error TS1005: ',' expected.

    at createTSError (C:\Users\Shailendra kumar\Desktop\masai-projects\masai-alumni\node_modules\.pnpm\ts-node@10.9.1_@swc+core@1.3.95_@types+node@18.17.2_typescript@5.1.3\node_modules\ts-node\src\index.ts:859:12)
    at reportTSError (C:\Users\Shailendra kumar\Desktop\masai-projects\masai-alumni\node_modules\.pnpm\ts-node@10.9.1_@swc+core@1.3.95_@types+node@18.17.2_typescript@5.1.3\node_modules\ts-node\src\index.ts:863:19)
    at C:\Users\Shailendra kumar\Desktop\masai-projects\masai-alumni\node_modules\.pnpm\ts-node@10.9.1_@swc+core@1.3.95_@types+node@18.17.2_typescript@5.1.3\node_modules\ts-node\src\index.ts:1379:34
    at Object.compile (C:\Users\Shailendra kumar\Desktop\masai-projects\masai-alumni\node_modules\.pnpm\ts-node@10.9.1_@swc+core@1.3.95_@types+node@18.17.2_typescript@5.1.3\node_modules\ts-node\src\index.ts:1458:13)
    at Module.m._compile (C:\Users\Shailendra kumar\Desktop\masai-projects\masai-alumni\node_modules\.pnpm\ts-node@10.9.1_@swc+core@1.3.95_@types+node@18.17.2_typescript@5.1.3\node_modules\ts-node\src\index.ts:1617:30)
    at Module._extensions..js (node:internal/modules/cjs/loader:1435:10)
    at Object.require.extensions.<computed> [as .ts] (C:\Users\Shailendra kumar\Desktop\masai-projects\masai-alumni\node_modules\.pnpm\ts-node@10.9.1_@swc+core@1.3.95_@types+node@18.17.2_typescript@5.1.3\node_modules\ts-node\src\index.ts:1621:12)
    at Module.load (node:internal/modules/cjs/loader:1207:32)
    at Function.Module._load (node:internal/modules/cjs/loader:1023:12)
    at Module.require (node:internal/modules/cjs/loader:1235:19)
2023-12-12 17:01:02 error: uncaughtException: ⨯ Unable to compile TypeScript:
src/services/education.service.ts(25,3): error TS1005: ',' expected.

TSError: ⨯ Unable to compile TypeScript:
src/services/education.service.ts(25,3): error TS1005: ',' expected.

    at createTSError (C:\Users\Shailendra kumar\Desktop\masai-projects\masai-alumni\node_modules\.pnpm\ts-node@10.9.1_@swc+core@1.3.95_@types+node@18.17.2_typescript@5.1.3\node_modules\ts-node\src\index.ts:859:12)
    at reportTSError (C:\Users\Shailendra kumar\Desktop\masai-projects\masai-alumni\node_modules\.pnpm\ts-node@10.9.1_@swc+core@1.3.95_@types+node@18.17.2_typescript@5.1.3\node_modules\ts-node\src\index.ts:863:19)
    at C:\Users\Shailendra kumar\Desktop\masai-projects\masai-alumni\node_modules\.pnpm\ts-node@10.9.1_@swc+core@1.3.95_@types+node@18.17.2_typescript@5.1.3\node_modules\ts-node\src\index.ts:1379:34
    at Object.compile (C:\Users\Shailendra kumar\Desktop\masai-projects\masai-alumni\node_modules\.pnpm\ts-node@10.9.1_@swc+core@1.3.95_@types+node@18.17.2_typescript@5.1.3\node_modules\ts-node\src\index.ts:1458:13)
    at Module.m._compile (C:\Users\Shailendra kumar\Desktop\masai-projects\masai-alumni\node_modules\.pnpm\ts-node@10.9.1_@swc+core@1.3.95_@types+node@18.17.2_typescript@5.1.3\node_modules\ts-node\src\index.ts:1617:30)
    at Module._extensions..js (node:internal/modules/cjs/loader:1435:10)
    at Object.require.extensions.<computed> [as .ts] (C:\Users\Shailendra kumar\Desktop\masai-projects\masai-alumni\node_modules\.pnpm\ts-node@10.9.1_@swc+core@1.3.95_@types+node@18.17.2_typescript@5.1.3\node_modules\ts-node\src\index.ts:1621:12)
    at Module.load (node:internal/modules/cjs/loader:1207:32)
    at Function.Module._load (node:internal/modules/cjs/loader:1023:12)
    at Module.require (node:internal/modules/cjs/loader:1235:19)
2023-12-12 17:01:34 error: uncaughtException: ⨯ Unable to compile TypeScript:
src/services/education.service.ts(25,3): error TS1005: ',' expected.

TSError: ⨯ Unable to compile TypeScript:
src/services/education.service.ts(25,3): error TS1005: ',' expected.

    at createTSError (C:\Users\Shailendra kumar\Desktop\masai-projects\masai-alumni\node_modules\.pnpm\ts-node@10.9.1_@swc+core@1.3.95_@types+node@18.17.2_typescript@5.1.3\node_modules\ts-node\src\index.ts:859:12)
    at reportTSError (C:\Users\Shailendra kumar\Desktop\masai-projects\masai-alumni\node_modules\.pnpm\ts-node@10.9.1_@swc+core@1.3.95_@types+node@18.17.2_typescript@5.1.3\node_modules\ts-node\src\index.ts:863:19)
    at C:\Users\Shailendra kumar\Desktop\masai-projects\masai-alumni\node_modules\.pnpm\ts-node@10.9.1_@swc+core@1.3.95_@types+node@18.17.2_typescript@5.1.3\node_modules\ts-node\src\index.ts:1379:34
    at Object.compile (C:\Users\Shailendra kumar\Desktop\masai-projects\masai-alumni\node_modules\.pnpm\ts-node@10.9.1_@swc+core@1.3.95_@types+node@18.17.2_typescript@5.1.3\node_modules\ts-node\src\index.ts:1458:13)
    at Module.m._compile (C:\Users\Shailendra kumar\Desktop\masai-projects\masai-alumni\node_modules\.pnpm\ts-node@10.9.1_@swc+core@1.3.95_@types+node@18.17.2_typescript@5.1.3\node_modules\ts-node\src\index.ts:1617:30)
    at Module._extensions..js (node:internal/modules/cjs/loader:1435:10)
    at Object.require.extensions.<computed> [as .ts] (C:\Users\Shailendra kumar\Desktop\masai-projects\masai-alumni\node_modules\.pnpm\ts-node@10.9.1_@swc+core@1.3.95_@types+node@18.17.2_typescript@5.1.3\node_modules\ts-node\src\index.ts:1621:12)
    at Module.load (node:internal/modules/cjs/loader:1207:32)
    at Function.Module._load (node:internal/modules/cjs/loader:1023:12)
    at Module.require (node:internal/modules/cjs/loader:1235:19)
2023-12-12 17:01:37 error: uncaughtException: ⨯ Unable to compile TypeScript:
src/services/education.service.ts(25,3): error TS1005: ',' expected.

TSError: ⨯ Unable to compile TypeScript:
src/services/education.service.ts(25,3): error TS1005: ',' expected.

    at createTSError (C:\Users\Shailendra kumar\Desktop\masai-projects\masai-alumni\node_modules\.pnpm\ts-node@10.9.1_@swc+core@1.3.95_@types+node@18.17.2_typescript@5.1.3\node_modules\ts-node\src\index.ts:859:12)
    at reportTSError (C:\Users\Shailendra kumar\Desktop\masai-projects\masai-alumni\node_modules\.pnpm\ts-node@10.9.1_@swc+core@1.3.95_@types+node@18.17.2_typescript@5.1.3\node_modules\ts-node\src\index.ts:863:19)
    at C:\Users\Shailendra kumar\Desktop\masai-projects\masai-alumni\node_modules\.pnpm\ts-node@10.9.1_@swc+core@1.3.95_@types+node@18.17.2_typescript@5.1.3\node_modules\ts-node\src\index.ts:1379:34
    at Object.compile (C:\Users\Shailendra kumar\Desktop\masai-projects\masai-alumni\node_modules\.pnpm\ts-node@10.9.1_@swc+core@1.3.95_@types+node@18.17.2_typescript@5.1.3\node_modules\ts-node\src\index.ts:1458:13)
    at Module.m._compile (C:\Users\Shailendra kumar\Desktop\masai-projects\masai-alumni\node_modules\.pnpm\ts-node@10.9.1_@swc+core@1.3.95_@types+node@18.17.2_typescript@5.1.3\node_modules\ts-node\src\index.ts:1617:30)
    at Module._extensions..js (node:internal/modules/cjs/loader:1435:10)
    at Object.require.extensions.<computed> [as .ts] (C:\Users\Shailendra kumar\Desktop\masai-projects\masai-alumni\node_modules\.pnpm\ts-node@10.9.1_@swc+core@1.3.95_@types+node@18.17.2_typescript@5.1.3\node_modules\ts-node\src\index.ts:1621:12)
    at Module.load (node:internal/modules/cjs/loader:1207:32)
    at Function.Module._load (node:internal/modules/cjs/loader:1023:12)
    at Module.require (node:internal/modules/cjs/loader:1235:19)
2023-12-12 17:02:20 error: uncaughtException: ⨯ Unable to compile TypeScript:
src/services/education.service.ts(25,3): error TS1005: ',' expected.

TSError: ⨯ Unable to compile TypeScript:
src/services/education.service.ts(25,3): error TS1005: ',' expected.

    at createTSError (C:\Users\Shailendra kumar\Desktop\masai-projects\masai-alumni\node_modules\.pnpm\ts-node@10.9.1_@swc+core@1.3.95_@types+node@18.17.2_typescript@5.1.3\node_modules\ts-node\src\index.ts:859:12)
    at reportTSError (C:\Users\Shailendra kumar\Desktop\masai-projects\masai-alumni\node_modules\.pnpm\ts-node@10.9.1_@swc+core@1.3.95_@types+node@18.17.2_typescript@5.1.3\node_modules\ts-node\src\index.ts:863:19)
    at C:\Users\Shailendra kumar\Desktop\masai-projects\masai-alumni\node_modules\.pnpm\ts-node@10.9.1_@swc+core@1.3.95_@types+node@18.17.2_typescript@5.1.3\node_modules\ts-node\src\index.ts:1379:34
    at Object.compile (C:\Users\Shailendra kumar\Desktop\masai-projects\masai-alumni\node_modules\.pnpm\ts-node@10.9.1_@swc+core@1.3.95_@types+node@18.17.2_typescript@5.1.3\node_modules\ts-node\src\index.ts:1458:13)
    at Module.m._compile (C:\Users\Shailendra kumar\Desktop\masai-projects\masai-alumni\node_modules\.pnpm\ts-node@10.9.1_@swc+core@1.3.95_@types+node@18.17.2_typescript@5.1.3\node_modules\ts-node\src\index.ts:1617:30)
    at Module._extensions..js (node:internal/modules/cjs/loader:1435:10)
    at Object.require.extensions.<computed> [as .ts] (C:\Users\Shailendra kumar\Desktop\masai-projects\masai-alumni\node_modules\.pnpm\ts-node@10.9.1_@swc+core@1.3.95_@types+node@18.17.2_typescript@5.1.3\node_modules\ts-node\src\index.ts:1621:12)
    at Module.load (node:internal/modules/cjs/loader:1207:32)
    at Function.Module._load (node:internal/modules/cjs/loader:1023:12)
    at Module.require (node:internal/modules/cjs/loader:1235:19)
2023-12-12 17:02:23 error: uncaughtException: ⨯ Unable to compile TypeScript:
src/services/education.service.ts(25,3): error TS1005: ',' expected.

TSError: ⨯ Unable to compile TypeScript:
src/services/education.service.ts(25,3): error TS1005: ',' expected.

    at createTSError (C:\Users\Shailendra kumar\Desktop\masai-projects\masai-alumni\node_modules\.pnpm\ts-node@10.9.1_@swc+core@1.3.95_@types+node@18.17.2_typescript@5.1.3\node_modules\ts-node\src\index.ts:859:12)
    at reportTSError (C:\Users\Shailendra kumar\Desktop\masai-projects\masai-alumni\node_modules\.pnpm\ts-node@10.9.1_@swc+core@1.3.95_@types+node@18.17.2_typescript@5.1.3\node_modules\ts-node\src\index.ts:863:19)
    at C:\Users\Shailendra kumar\Desktop\masai-projects\masai-alumni\node_modules\.pnpm\ts-node@10.9.1_@swc+core@1.3.95_@types+node@18.17.2_typescript@5.1.3\node_modules\ts-node\src\index.ts:1379:34
    at Object.compile (C:\Users\Shailendra kumar\Desktop\masai-projects\masai-alumni\node_modules\.pnpm\ts-node@10.9.1_@swc+core@1.3.95_@types+node@18.17.2_typescript@5.1.3\node_modules\ts-node\src\index.ts:1458:13)
    at Module.m._compile (C:\Users\Shailendra kumar\Desktop\masai-projects\masai-alumni\node_modules\.pnpm\ts-node@10.9.1_@swc+core@1.3.95_@types+node@18.17.2_typescript@5.1.3\node_modules\ts-node\src\index.ts:1617:30)
    at Module._extensions..js (node:internal/modules/cjs/loader:1435:10)
    at Object.require.extensions.<computed> [as .ts] (C:\Users\Shailendra kumar\Desktop\masai-projects\masai-alumni\node_modules\.pnpm\ts-node@10.9.1_@swc+core@1.3.95_@types+node@18.17.2_typescript@5.1.3\node_modules\ts-node\src\index.ts:1621:12)
    at Module.load (node:internal/modules/cjs/loader:1207:32)
    at Function.Module._load (node:internal/modules/cjs/loader:1023:12)
    at Module.require (node:internal/modules/cjs/loader:1235:19)
2023-12-12 17:02:28 error: uncaughtException: ⨯ Unable to compile TypeScript:
src/services/education.service.ts(25,3): error TS1005: ',' expected.

TSError: ⨯ Unable to compile TypeScript:
src/services/education.service.ts(25,3): error TS1005: ',' expected.

    at createTSError (C:\Users\Shailendra kumar\Desktop\masai-projects\masai-alumni\node_modules\.pnpm\ts-node@10.9.1_@swc+core@1.3.95_@types+node@18.17.2_typescript@5.1.3\node_modules\ts-node\src\index.ts:859:12)
    at reportTSError (C:\Users\Shailendra kumar\Desktop\masai-projects\masai-alumni\node_modules\.pnpm\ts-node@10.9.1_@swc+core@1.3.95_@types+node@18.17.2_typescript@5.1.3\node_modules\ts-node\src\index.ts:863:19)
    at C:\Users\Shailendra kumar\Desktop\masai-projects\masai-alumni\node_modules\.pnpm\ts-node@10.9.1_@swc+core@1.3.95_@types+node@18.17.2_typescript@5.1.3\node_modules\ts-node\src\index.ts:1379:34
    at Object.compile (C:\Users\Shailendra kumar\Desktop\masai-projects\masai-alumni\node_modules\.pnpm\ts-node@10.9.1_@swc+core@1.3.95_@types+node@18.17.2_typescript@5.1.3\node_modules\ts-node\src\index.ts:1458:13)
    at Module.m._compile (C:\Users\Shailendra kumar\Desktop\masai-projects\masai-alumni\node_modules\.pnpm\ts-node@10.9.1_@swc+core@1.3.95_@types+node@18.17.2_typescript@5.1.3\node_modules\ts-node\src\index.ts:1617:30)
    at Module._extensions..js (node:internal/modules/cjs/loader:1435:10)
    at Object.require.extensions.<computed> [as .ts] (C:\Users\Shailendra kumar\Desktop\masai-projects\masai-alumni\node_modules\.pnpm\ts-node@10.9.1_@swc+core@1.3.95_@types+node@18.17.2_typescript@5.1.3\node_modules\ts-node\src\index.ts:1621:12)
    at Module.load (node:internal/modules/cjs/loader:1207:32)
    at Function.Module._load (node:internal/modules/cjs/loader:1023:12)
    at Module.require (node:internal/modules/cjs/loader:1235:19)
2023-12-12 17:02:31 error: uncaughtException: ⨯ Unable to compile TypeScript:
src/services/education.service.ts(25,3): error TS1005: ',' expected.

TSError: ⨯ Unable to compile TypeScript:
src/services/education.service.ts(25,3): error TS1005: ',' expected.

    at createTSError (C:\Users\Shailendra kumar\Desktop\masai-projects\masai-alumni\node_modules\.pnpm\ts-node@10.9.1_@swc+core@1.3.95_@types+node@18.17.2_typescript@5.1.3\node_modules\ts-node\src\index.ts:859:12)
    at reportTSError (C:\Users\Shailendra kumar\Desktop\masai-projects\masai-alumni\node_modules\.pnpm\ts-node@10.9.1_@swc+core@1.3.95_@types+node@18.17.2_typescript@5.1.3\node_modules\ts-node\src\index.ts:863:19)
    at C:\Users\Shailendra kumar\Desktop\masai-projects\masai-alumni\node_modules\.pnpm\ts-node@10.9.1_@swc+core@1.3.95_@types+node@18.17.2_typescript@5.1.3\node_modules\ts-node\src\index.ts:1379:34
    at Object.compile (C:\Users\Shailendra kumar\Desktop\masai-projects\masai-alumni\node_modules\.pnpm\ts-node@10.9.1_@swc+core@1.3.95_@types+node@18.17.2_typescript@5.1.3\node_modules\ts-node\src\index.ts:1458:13)
    at Module.m._compile (C:\Users\Shailendra kumar\Desktop\masai-projects\masai-alumni\node_modules\.pnpm\ts-node@10.9.1_@swc+core@1.3.95_@types+node@18.17.2_typescript@5.1.3\node_modules\ts-node\src\index.ts:1617:30)
    at Module._extensions..js (node:internal/modules/cjs/loader:1435:10)
    at Object.require.extensions.<computed> [as .ts] (C:\Users\Shailendra kumar\Desktop\masai-projects\masai-alumni\node_modules\.pnpm\ts-node@10.9.1_@swc+core@1.3.95_@types+node@18.17.2_typescript@5.1.3\node_modules\ts-node\src\index.ts:1621:12)
    at Module.load (node:internal/modules/cjs/loader:1207:32)
    at Function.Module._load (node:internal/modules/cjs/loader:1023:12)
    at Module.require (node:internal/modules/cjs/loader:1235:19)
2023-12-12 17:02:35 error: uncaughtException: ⨯ Unable to compile TypeScript:
src/services/education.service.ts(25,3): error TS1005: ',' expected.

TSError: ⨯ Unable to compile TypeScript:
src/services/education.service.ts(25,3): error TS1005: ',' expected.

    at createTSError (C:\Users\Shailendra kumar\Desktop\masai-projects\masai-alumni\node_modules\.pnpm\ts-node@10.9.1_@swc+core@1.3.95_@types+node@18.17.2_typescript@5.1.3\node_modules\ts-node\src\index.ts:859:12)
    at reportTSError (C:\Users\Shailendra kumar\Desktop\masai-projects\masai-alumni\node_modules\.pnpm\ts-node@10.9.1_@swc+core@1.3.95_@types+node@18.17.2_typescript@5.1.3\node_modules\ts-node\src\index.ts:863:19)
    at C:\Users\Shailendra kumar\Desktop\masai-projects\masai-alumni\node_modules\.pnpm\ts-node@10.9.1_@swc+core@1.3.95_@types+node@18.17.2_typescript@5.1.3\node_modules\ts-node\src\index.ts:1379:34
    at Object.compile (C:\Users\Shailendra kumar\Desktop\masai-projects\masai-alumni\node_modules\.pnpm\ts-node@10.9.1_@swc+core@1.3.95_@types+node@18.17.2_typescript@5.1.3\node_modules\ts-node\src\index.ts:1458:13)
    at Module.m._compile (C:\Users\Shailendra kumar\Desktop\masai-projects\masai-alumni\node_modules\.pnpm\ts-node@10.9.1_@swc+core@1.3.95_@types+node@18.17.2_typescript@5.1.3\node_modules\ts-node\src\index.ts:1617:30)
    at Module._extensions..js (node:internal/modules/cjs/loader:1435:10)
    at Object.require.extensions.<computed> [as .ts] (C:\Users\Shailendra kumar\Desktop\masai-projects\masai-alumni\node_modules\.pnpm\ts-node@10.9.1_@swc+core@1.3.95_@types+node@18.17.2_typescript@5.1.3\node_modules\ts-node\src\index.ts:1621:12)
    at Module.load (node:internal/modules/cjs/loader:1207:32)
    at Function.Module._load (node:internal/modules/cjs/loader:1023:12)
    at Module.require (node:internal/modules/cjs/loader:1235:19)
2023-12-12 17:02:46 error: uncaughtException: ⨯ Unable to compile TypeScript:
src/services/education.service.ts(25,3): error TS1005: ',' expected.

TSError: ⨯ Unable to compile TypeScript:
src/services/education.service.ts(25,3): error TS1005: ',' expected.

    at createTSError (C:\Users\Shailendra kumar\Desktop\masai-projects\masai-alumni\node_modules\.pnpm\ts-node@10.9.1_@swc+core@1.3.95_@types+node@18.17.2_typescript@5.1.3\node_modules\ts-node\src\index.ts:859:12)
    at reportTSError (C:\Users\Shailendra kumar\Desktop\masai-projects\masai-alumni\node_modules\.pnpm\ts-node@10.9.1_@swc+core@1.3.95_@types+node@18.17.2_typescript@5.1.3\node_modules\ts-node\src\index.ts:863:19)
    at C:\Users\Shailendra kumar\Desktop\masai-projects\masai-alumni\node_modules\.pnpm\ts-node@10.9.1_@swc+core@1.3.95_@types+node@18.17.2_typescript@5.1.3\node_modules\ts-node\src\index.ts:1379:34
    at Object.compile (C:\Users\Shailendra kumar\Desktop\masai-projects\masai-alumni\node_modules\.pnpm\ts-node@10.9.1_@swc+core@1.3.95_@types+node@18.17.2_typescript@5.1.3\node_modules\ts-node\src\index.ts:1458:13)
    at Module.m._compile (C:\Users\Shailendra kumar\Desktop\masai-projects\masai-alumni\node_modules\.pnpm\ts-node@10.9.1_@swc+core@1.3.95_@types+node@18.17.2_typescript@5.1.3\node_modules\ts-node\src\index.ts:1617:30)
    at Module._extensions..js (node:internal/modules/cjs/loader:1435:10)
    at Object.require.extensions.<computed> [as .ts] (C:\Users\Shailendra kumar\Desktop\masai-projects\masai-alumni\node_modules\.pnpm\ts-node@10.9.1_@swc+core@1.3.95_@types+node@18.17.2_typescript@5.1.3\node_modules\ts-node\src\index.ts:1621:12)
    at Module.load (node:internal/modules/cjs/loader:1207:32)
    at Function.Module._load (node:internal/modules/cjs/loader:1023:12)
    at Module.require (node:internal/modules/cjs/loader:1235:19)
2023-12-12 17:02:56 error: uncaughtException: ⨯ Unable to compile TypeScript:
src/services/education.service.ts(25,3): error TS1005: ',' expected.

TSError: ⨯ Unable to compile TypeScript:
src/services/education.service.ts(25,3): error TS1005: ',' expected.

    at createTSError (C:\Users\Shailendra kumar\Desktop\masai-projects\masai-alumni\node_modules\.pnpm\ts-node@10.9.1_@swc+core@1.3.95_@types+node@18.17.2_typescript@5.1.3\node_modules\ts-node\src\index.ts:859:12)
    at reportTSError (C:\Users\Shailendra kumar\Desktop\masai-projects\masai-alumni\node_modules\.pnpm\ts-node@10.9.1_@swc+core@1.3.95_@types+node@18.17.2_typescript@5.1.3\node_modules\ts-node\src\index.ts:863:19)
    at C:\Users\Shailendra kumar\Desktop\masai-projects\masai-alumni\node_modules\.pnpm\ts-node@10.9.1_@swc+core@1.3.95_@types+node@18.17.2_typescript@5.1.3\node_modules\ts-node\src\index.ts:1379:34
    at Object.compile (C:\Users\Shailendra kumar\Desktop\masai-projects\masai-alumni\node_modules\.pnpm\ts-node@10.9.1_@swc+core@1.3.95_@types+node@18.17.2_typescript@5.1.3\node_modules\ts-node\src\index.ts:1458:13)
    at Module.m._compile (C:\Users\Shailendra kumar\Desktop\masai-projects\masai-alumni\node_modules\.pnpm\ts-node@10.9.1_@swc+core@1.3.95_@types+node@18.17.2_typescript@5.1.3\node_modules\ts-node\src\index.ts:1617:30)
    at Module._extensions..js (node:internal/modules/cjs/loader:1435:10)
    at Object.require.extensions.<computed> [as .ts] (C:\Users\Shailendra kumar\Desktop\masai-projects\masai-alumni\node_modules\.pnpm\ts-node@10.9.1_@swc+core@1.3.95_@types+node@18.17.2_typescript@5.1.3\node_modules\ts-node\src\index.ts:1621:12)
    at Module.load (node:internal/modules/cjs/loader:1207:32)
    at Function.Module._load (node:internal/modules/cjs/loader:1023:12)
    at Module.require (node:internal/modules/cjs/loader:1235:19)
2023-12-12 17:03:20 error: uncaughtException: ⨯ Unable to compile TypeScript:
src/services/education.service.ts(15,47): error TS1005: ',' expected.

TSError: ⨯ Unable to compile TypeScript:
src/services/education.service.ts(15,47): error TS1005: ',' expected.

    at createTSError (C:\Users\Shailendra kumar\Desktop\masai-projects\masai-alumni\node_modules\.pnpm\ts-node@10.9.1_@swc+core@1.3.95_@types+node@18.17.2_typescript@5.1.3\node_modules\ts-node\src\index.ts:859:12)
    at reportTSError (C:\Users\Shailendra kumar\Desktop\masai-projects\masai-alumni\node_modules\.pnpm\ts-node@10.9.1_@swc+core@1.3.95_@types+node@18.17.2_typescript@5.1.3\node_modules\ts-node\src\index.ts:863:19)
    at C:\Users\Shailendra kumar\Desktop\masai-projects\masai-alumni\node_modules\.pnpm\ts-node@10.9.1_@swc+core@1.3.95_@types+node@18.17.2_typescript@5.1.3\node_modules\ts-node\src\index.ts:1379:34
    at Object.compile (C:\Users\Shailendra kumar\Desktop\masai-projects\masai-alumni\node_modules\.pnpm\ts-node@10.9.1_@swc+core@1.3.95_@types+node@18.17.2_typescript@5.1.3\node_modules\ts-node\src\index.ts:1458:13)
    at Module.m._compile (C:\Users\Shailendra kumar\Desktop\masai-projects\masai-alumni\node_modules\.pnpm\ts-node@10.9.1_@swc+core@1.3.95_@types+node@18.17.2_typescript@5.1.3\node_modules\ts-node\src\index.ts:1617:30)
    at Module._extensions..js (node:internal/modules/cjs/loader:1435:10)
    at Object.require.extensions.<computed> [as .ts] (C:\Users\Shailendra kumar\Desktop\masai-projects\masai-alumni\node_modules\.pnpm\ts-node@10.9.1_@swc+core@1.3.95_@types+node@18.17.2_typescript@5.1.3\node_modules\ts-node\src\index.ts:1621:12)
    at Module.load (node:internal/modules/cjs/loader:1207:32)
    at Function.Module._load (node:internal/modules/cjs/loader:1023:12)
    at Module.require (node:internal/modules/cjs/loader:1235:19)
2023-12-12 17:05:49 error: uncaughtException: ⨯ Unable to compile TypeScript:
src/services/experience.service.ts(11,68): error TS1005: ',' expected.

TSError: ⨯ Unable to compile TypeScript:
src/services/experience.service.ts(11,68): error TS1005: ',' expected.

    at createTSError (C:\Users\Shailendra kumar\Desktop\masai-projects\masai-alumni\node_modules\.pnpm\ts-node@10.9.1_@swc+core@1.3.95_@types+node@18.17.2_typescript@5.1.3\node_modules\ts-node\src\index.ts:859:12)
    at reportTSError (C:\Users\Shailendra kumar\Desktop\masai-projects\masai-alumni\node_modules\.pnpm\ts-node@10.9.1_@swc+core@1.3.95_@types+node@18.17.2_typescript@5.1.3\node_modules\ts-node\src\index.ts:863:19)
    at C:\Users\Shailendra kumar\Desktop\masai-projects\masai-alumni\node_modules\.pnpm\ts-node@10.9.1_@swc+core@1.3.95_@types+node@18.17.2_typescript@5.1.3\node_modules\ts-node\src\index.ts:1379:34
    at Object.compile (C:\Users\Shailendra kumar\Desktop\masai-projects\masai-alumni\node_modules\.pnpm\ts-node@10.9.1_@swc+core@1.3.95_@types+node@18.17.2_typescript@5.1.3\node_modules\ts-node\src\index.ts:1458:13)
    at Module.m._compile (C:\Users\Shailendra kumar\Desktop\masai-projects\masai-alumni\node_modules\.pnpm\ts-node@10.9.1_@swc+core@1.3.95_@types+node@18.17.2_typescript@5.1.3\node_modules\ts-node\src\index.ts:1617:30)
    at Module._extensions..js (node:internal/modules/cjs/loader:1435:10)
    at Object.require.extensions.<computed> [as .ts] (C:\Users\Shailendra kumar\Desktop\masai-projects\masai-alumni\node_modules\.pnpm\ts-node@10.9.1_@swc+core@1.3.95_@types+node@18.17.2_typescript@5.1.3\node_modules\ts-node\src\index.ts:1621:12)
    at Module.load (node:internal/modules/cjs/loader:1207:32)
    at Function.Module._load (node:internal/modules/cjs/loader:1023:12)
    at Module.require (node:internal/modules/cjs/loader:1235:19)
2023-12-12 17:06:11 error: uncaughtException: ⨯ Unable to compile TypeScript:
src/services/experience.service.ts(9,3): error TS1005: ',' expected.
src/services/experience.service.ts(9,17): error TS1005: ',' expected.
src/services/experience.service.ts(10,3): error TS1005: ';' expected.
src/services/experience.service.ts(10,30): error TS1005: '(' expected.
src/services/experience.service.ts(10,33): error TS1068: Unexpected token. A constructor, method, accessor, or property was expected.
src/services/experience.service.ts(20,2): error TS1128: Declaration or statement expected.
src/services/experience.service.ts(40,2): error TS1128: Declaration or statement expected.
src/services/experience.service.ts(50,1): error TS1128: Declaration or statement expected.

TSError: ⨯ Unable to compile TypeScript:
src/services/experience.service.ts(9,3): error TS1005: ',' expected.
src/services/experience.service.ts(9,17): error TS1005: ',' expected.
src/services/experience.service.ts(10,3): error TS1005: ';' expected.
src/services/experience.service.ts(10,30): error TS1005: '(' expected.
src/services/experience.service.ts(10,33): error TS1068: Unexpected token. A constructor, method, accessor, or property was expected.
src/services/experience.service.ts(20,2): error TS1128: Declaration or statement expected.
src/services/experience.service.ts(40,2): error TS1128: Declaration or statement expected.
src/services/experience.service.ts(50,1): error TS1128: Declaration or statement expected.

    at createTSError (C:\Users\Shailendra kumar\Desktop\masai-projects\masai-alumni\node_modules\.pnpm\ts-node@10.9.1_@swc+core@1.3.95_@types+node@18.17.2_typescript@5.1.3\node_modules\ts-node\src\index.ts:859:12)
    at reportTSError (C:\Users\Shailendra kumar\Desktop\masai-projects\masai-alumni\node_modules\.pnpm\ts-node@10.9.1_@swc+core@1.3.95_@types+node@18.17.2_typescript@5.1.3\node_modules\ts-node\src\index.ts:863:19)
    at C:\Users\Shailendra kumar\Desktop\masai-projects\masai-alumni\node_modules\.pnpm\ts-node@10.9.1_@swc+core@1.3.95_@types+node@18.17.2_typescript@5.1.3\node_modules\ts-node\src\index.ts:1379:34
    at Object.compile (C:\Users\Shailendra kumar\Desktop\masai-projects\masai-alumni\node_modules\.pnpm\ts-node@10.9.1_@swc+core@1.3.95_@types+node@18.17.2_typescript@5.1.3\node_modules\ts-node\src\index.ts:1458:13)
    at Module.m._compile (C:\Users\Shailendra kumar\Desktop\masai-projects\masai-alumni\node_modules\.pnpm\ts-node@10.9.1_@swc+core@1.3.95_@types+node@18.17.2_typescript@5.1.3\node_modules\ts-node\src\index.ts:1617:30)
    at Module._extensions..js (node:internal/modules/cjs/loader:1435:10)
    at Object.require.extensions.<computed> [as .ts] (C:\Users\Shailendra kumar\Desktop\masai-projects\masai-alumni\node_modules\.pnpm\ts-node@10.9.1_@swc+core@1.3.95_@types+node@18.17.2_typescript@5.1.3\node_modules\ts-node\src\index.ts:1621:12)
    at Module.load (node:internal/modules/cjs/loader:1207:32)
    at Function.Module._load (node:internal/modules/cjs/loader:1023:12)
    at Module.require (node:internal/modules/cjs/loader:1235:19)
2023-12-12 17:06:25 error: uncaughtException: ⨯ Unable to compile TypeScript:
src/services/experience.service.ts(22,9): error TS1005: ',' expected.
src/services/experience.service.ts(22,21): error TS1005: ',' expected.
src/services/experience.service.ts(23,24): error TS1005: ',' expected.
src/services/experience.service.ts(24,3): error TS1005: ';' expected.
src/services/experience.service.ts(24,30): error TS1005: '(' expected.
src/services/experience.service.ts(24,33): error TS1068: Unexpected token. A constructor, method, accessor, or property was expected.
src/services/experience.service.ts(41,2): error TS1128: Declaration or statement expected.
src/services/experience.service.ts(51,1): error TS1128: Declaration or statement expected.

TSError: ⨯ Unable to compile TypeScript:
src/services/experience.service.ts(22,9): error TS1005: ',' expected.
src/services/experience.service.ts(22,21): error TS1005: ',' expected.
src/services/experience.service.ts(23,24): error TS1005: ',' expected.
src/services/experience.service.ts(24,3): error TS1005: ';' expected.
src/services/experience.service.ts(24,30): error TS1005: '(' expected.
src/services/experience.service.ts(24,33): error TS1068: Unexpected token. A constructor, method, accessor, or property was expected.
src/services/experience.service.ts(41,2): error TS1128: Declaration or statement expected.
src/services/experience.service.ts(51,1): error TS1128: Declaration or statement expected.

    at createTSError (C:\Users\Shailendra kumar\Desktop\masai-projects\masai-alumni\node_modules\.pnpm\ts-node@10.9.1_@swc+core@1.3.95_@types+node@18.17.2_typescript@5.1.3\node_modules\ts-node\src\index.ts:859:12)
    at reportTSError (C:\Users\Shailendra kumar\Desktop\masai-projects\masai-alumni\node_modules\.pnpm\ts-node@10.9.1_@swc+core@1.3.95_@types+node@18.17.2_typescript@5.1.3\node_modules\ts-node\src\index.ts:863:19)
    at C:\Users\Shailendra kumar\Desktop\masai-projects\masai-alumni\node_modules\.pnpm\ts-node@10.9.1_@swc+core@1.3.95_@types+node@18.17.2_typescript@5.1.3\node_modules\ts-node\src\index.ts:1379:34
    at Object.compile (C:\Users\Shailendra kumar\Desktop\masai-projects\masai-alumni\node_modules\.pnpm\ts-node@10.9.1_@swc+core@1.3.95_@types+node@18.17.2_typescript@5.1.3\node_modules\ts-node\src\index.ts:1458:13)
    at Module.m._compile (C:\Users\Shailendra kumar\Desktop\masai-projects\masai-alumni\node_modules\.pnpm\ts-node@10.9.1_@swc+core@1.3.95_@types+node@18.17.2_typescript@5.1.3\node_modules\ts-node\src\index.ts:1617:30)
    at Module._extensions..js (node:internal/modules/cjs/loader:1435:10)
    at Object.require.extensions.<computed> [as .ts] (C:\Users\Shailendra kumar\Desktop\masai-projects\masai-alumni\node_modules\.pnpm\ts-node@10.9.1_@swc+core@1.3.95_@types+node@18.17.2_typescript@5.1.3\node_modules\ts-node\src\index.ts:1621:12)
    at Module.load (node:internal/modules/cjs/loader:1207:32)
    at Function.Module._load (node:internal/modules/cjs/loader:1023:12)
    at Module.require (node:internal/modules/cjs/loader:1235:19)
2023-12-12 17:06:39 error: uncaughtException: ⨯ Unable to compile TypeScript:
src/services/experience.service.ts(22,9): error TS1005: ',' expected.
src/services/experience.service.ts(22,21): error TS1005: ',' expected.
src/services/experience.service.ts(23,24): error TS1005: ',' expected.
src/services/experience.service.ts(24,3): error TS1005: ';' expected.
src/services/experience.service.ts(24,30): error TS1005: '(' expected.
src/services/experience.service.ts(24,33): error TS1068: Unexpected token. A constructor, method, accessor, or property was expected.
src/services/experience.service.ts(41,2): error TS1128: Declaration or statement expected.
src/services/experience.service.ts(51,1): error TS1128: Declaration or statement expected.

TSError: ⨯ Unable to compile TypeScript:
src/services/experience.service.ts(22,9): error TS1005: ',' expected.
src/services/experience.service.ts(22,21): error TS1005: ',' expected.
src/services/experience.service.ts(23,24): error TS1005: ',' expected.
src/services/experience.service.ts(24,3): error TS1005: ';' expected.
src/services/experience.service.ts(24,30): error TS1005: '(' expected.
src/services/experience.service.ts(24,33): error TS1068: Unexpected token. A constructor, method, accessor, or property was expected.
src/services/experience.service.ts(41,2): error TS1128: Declaration or statement expected.
src/services/experience.service.ts(51,1): error TS1128: Declaration or statement expected.

    at createTSError (C:\Users\Shailendra kumar\Desktop\masai-projects\masai-alumni\node_modules\.pnpm\ts-node@10.9.1_@swc+core@1.3.95_@types+node@18.17.2_typescript@5.1.3\node_modules\ts-node\src\index.ts:859:12)
    at reportTSError (C:\Users\Shailendra kumar\Desktop\masai-projects\masai-alumni\node_modules\.pnpm\ts-node@10.9.1_@swc+core@1.3.95_@types+node@18.17.2_typescript@5.1.3\node_modules\ts-node\src\index.ts:863:19)
    at C:\Users\Shailendra kumar\Desktop\masai-projects\masai-alumni\node_modules\.pnpm\ts-node@10.9.1_@swc+core@1.3.95_@types+node@18.17.2_typescript@5.1.3\node_modules\ts-node\src\index.ts:1379:34
    at Object.compile (C:\Users\Shailendra kumar\Desktop\masai-projects\masai-alumni\node_modules\.pnpm\ts-node@10.9.1_@swc+core@1.3.95_@types+node@18.17.2_typescript@5.1.3\node_modules\ts-node\src\index.ts:1458:13)
    at Module.m._compile (C:\Users\Shailendra kumar\Desktop\masai-projects\masai-alumni\node_modules\.pnpm\ts-node@10.9.1_@swc+core@1.3.95_@types+node@18.17.2_typescript@5.1.3\node_modules\ts-node\src\index.ts:1617:30)
    at Module._extensions..js (node:internal/modules/cjs/loader:1435:10)
    at Object.require.extensions.<computed> [as .ts] (C:\Users\Shailendra kumar\Desktop\masai-projects\masai-alumni\node_modules\.pnpm\ts-node@10.9.1_@swc+core@1.3.95_@types+node@18.17.2_typescript@5.1.3\node_modules\ts-node\src\index.ts:1621:12)
    at Module.load (node:internal/modules/cjs/loader:1207:32)
    at Function.Module._load (node:internal/modules/cjs/loader:1023:12)
    at Module.require (node:internal/modules/cjs/loader:1235:19)
2023-12-12 17:07:00 error: uncaughtException: ⨯ Unable to compile TypeScript:
src/services/experience.service.ts(26,64): error TS1005: ',' expected.

TSError: ⨯ Unable to compile TypeScript:
src/services/experience.service.ts(26,64): error TS1005: ',' expected.

    at createTSError (C:\Users\Shailendra kumar\Desktop\masai-projects\masai-alumni\node_modules\.pnpm\ts-node@10.9.1_@swc+core@1.3.95_@types+node@18.17.2_typescript@5.1.3\node_modules\ts-node\src\index.ts:859:12)
    at reportTSError (C:\Users\Shailendra kumar\Desktop\masai-projects\masai-alumni\node_modules\.pnpm\ts-node@10.9.1_@swc+core@1.3.95_@types+node@18.17.2_typescript@5.1.3\node_modules\ts-node\src\index.ts:863:19)
    at C:\Users\Shailendra kumar\Desktop\masai-projects\masai-alumni\node_modules\.pnpm\ts-node@10.9.1_@swc+core@1.3.95_@types+node@18.17.2_typescript@5.1.3\node_modules\ts-node\src\index.ts:1379:34
    at Object.compile (C:\Users\Shailendra kumar\Desktop\masai-projects\masai-alumni\node_modules\.pnpm\ts-node@10.9.1_@swc+core@1.3.95_@types+node@18.17.2_typescript@5.1.3\node_modules\ts-node\src\index.ts:1458:13)
    at Module.m._compile (C:\Users\Shailendra kumar\Desktop\masai-projects\masai-alumni\node_modules\.pnpm\ts-node@10.9.1_@swc+core@1.3.95_@types+node@18.17.2_typescript@5.1.3\node_modules\ts-node\src\index.ts:1617:30)
    at Module._extensions..js (node:internal/modules/cjs/loader:1435:10)
    at Object.require.extensions.<computed> [as .ts] (C:\Users\Shailendra kumar\Desktop\masai-projects\masai-alumni\node_modules\.pnpm\ts-node@10.9.1_@swc+core@1.3.95_@types+node@18.17.2_typescript@5.1.3\node_modules\ts-node\src\index.ts:1621:12)
    at Module.load (node:internal/modules/cjs/loader:1207:32)
    at Function.Module._load (node:internal/modules/cjs/loader:1023:12)
    at Module.require (node:internal/modules/cjs/loader:1235:19)
2023-12-12 17:07:13 error: uncaughtException: ⨯ Unable to compile TypeScript:
src/services/experience.service.ts(26,76): error TS1005: ',' expected.

TSError: ⨯ Unable to compile TypeScript:
src/services/experience.service.ts(26,76): error TS1005: ',' expected.

    at createTSError (C:\Users\Shailendra kumar\Desktop\masai-projects\masai-alumni\node_modules\.pnpm\ts-node@10.9.1_@swc+core@1.3.95_@types+node@18.17.2_typescript@5.1.3\node_modules\ts-node\src\index.ts:859:12)
    at reportTSError (C:\Users\Shailendra kumar\Desktop\masai-projects\masai-alumni\node_modules\.pnpm\ts-node@10.9.1_@swc+core@1.3.95_@types+node@18.17.2_typescript@5.1.3\node_modules\ts-node\src\index.ts:863:19)
    at C:\Users\Shailendra kumar\Desktop\masai-projects\masai-alumni\node_modules\.pnpm\ts-node@10.9.1_@swc+core@1.3.95_@types+node@18.17.2_typescript@5.1.3\node_modules\ts-node\src\index.ts:1379:34
    at Object.compile (C:\Users\Shailendra kumar\Desktop\masai-projects\masai-alumni\node_modules\.pnpm\ts-node@10.9.1_@swc+core@1.3.95_@types+node@18.17.2_typescript@5.1.3\node_modules\ts-node\src\index.ts:1458:13)
    at Module.m._compile (C:\Users\Shailendra kumar\Desktop\masai-projects\masai-alumni\node_modules\.pnpm\ts-node@10.9.1_@swc+core@1.3.95_@types+node@18.17.2_typescript@5.1.3\node_modules\ts-node\src\index.ts:1617:30)
    at Module._extensions..js (node:internal/modules/cjs/loader:1435:10)
    at Object.require.extensions.<computed> [as .ts] (C:\Users\Shailendra kumar\Desktop\masai-projects\masai-alumni\node_modules\.pnpm\ts-node@10.9.1_@swc+core@1.3.95_@types+node@18.17.2_typescript@5.1.3\node_modules\ts-node\src\index.ts:1621:12)
    at Module.load (node:internal/modules/cjs/loader:1207:32)
    at Function.Module._load (node:internal/modules/cjs/loader:1023:12)
    at Module.require (node:internal/modules/cjs/loader:1235:19)
2023-12-12 17:08:49 error: uncaughtException: ⨯ Unable to compile TypeScript:
src/services/experience.service.ts(41,35): error TS1135: Argument expression expected.
src/services/experience.service.ts(41,48): error TS1005: ',' expected.
src/services/experience.service.ts(41,57): error TS1005: ';' expected.
src/services/experience.service.ts(41,75): error TS1005: '(' expected.
src/services/experience.service.ts(41,78): error TS1068: Unexpected token. A constructor, method, accessor, or property was expected.
src/services/experience.service.ts(51,1): error TS1128: Declaration or statement expected.

TSError: ⨯ Unable to compile TypeScript:
src/services/experience.service.ts(41,35): error TS1135: Argument expression expected.
src/services/experience.service.ts(41,48): error TS1005: ',' expected.
src/services/experience.service.ts(41,57): error TS1005: ';' expected.
src/services/experience.service.ts(41,75): error TS1005: '(' expected.
src/services/experience.service.ts(41,78): error TS1068: Unexpected token. A constructor, method, accessor, or property was expected.
src/services/experience.service.ts(51,1): error TS1128: Declaration or statement expected.

    at createTSError (C:\Users\Shailendra kumar\Desktop\masai-projects\masai-alumni\node_modules\.pnpm\ts-node@10.9.1_@swc+core@1.3.95_@types+node@18.17.2_typescript@5.1.3\node_modules\ts-node\src\index.ts:859:12)
    at reportTSError (C:\Users\Shailendra kumar\Desktop\masai-projects\masai-alumni\node_modules\.pnpm\ts-node@10.9.1_@swc+core@1.3.95_@types+node@18.17.2_typescript@5.1.3\node_modules\ts-node\src\index.ts:863:19)
    at C:\Users\Shailendra kumar\Desktop\masai-projects\masai-alumni\node_modules\.pnpm\ts-node@10.9.1_@swc+core@1.3.95_@types+node@18.17.2_typescript@5.1.3\node_modules\ts-node\src\index.ts:1379:34
    at Object.compile (C:\Users\Shailendra kumar\Desktop\masai-projects\masai-alumni\node_modules\.pnpm\ts-node@10.9.1_@swc+core@1.3.95_@types+node@18.17.2_typescript@5.1.3\node_modules\ts-node\src\index.ts:1458:13)
    at Module.m._compile (C:\Users\Shailendra kumar\Desktop\masai-projects\masai-alumni\node_modules\.pnpm\ts-node@10.9.1_@swc+core@1.3.95_@types+node@18.17.2_typescript@5.1.3\node_modules\ts-node\src\index.ts:1617:30)
    at Module._extensions..js (node:internal/modules/cjs/loader:1435:10)
    at Object.require.extensions.<computed> [as .ts] (C:\Users\Shailendra kumar\Desktop\masai-projects\masai-alumni\node_modules\.pnpm\ts-node@10.9.1_@swc+core@1.3.95_@types+node@18.17.2_typescript@5.1.3\node_modules\ts-node\src\index.ts:1621:12)
    at Module.load (node:internal/modules/cjs/loader:1207:32)
    at Function.Module._load (node:internal/modules/cjs/loader:1023:12)
    at Module.require (node:internal/modules/cjs/loader:1235:19)
2023-12-12 17:13:28 error: uncaughtException: ⨯ Unable to compile TypeScript:
src/services/address.service.ts(11,43): error TS1005: ',' expected.

TSError: ⨯ Unable to compile TypeScript:
src/services/address.service.ts(11,43): error TS1005: ',' expected.

    at createTSError (C:\Users\Shailendra kumar\Desktop\masai-projects\masai-alumni\node_modules\.pnpm\ts-node@10.9.1_@swc+core@1.3.95_@types+node@18.17.2_typescript@5.1.3\node_modules\ts-node\src\index.ts:859:12)
    at reportTSError (C:\Users\Shailendra kumar\Desktop\masai-projects\masai-alumni\node_modules\.pnpm\ts-node@10.9.1_@swc+core@1.3.95_@types+node@18.17.2_typescript@5.1.3\node_modules\ts-node\src\index.ts:863:19)
    at C:\Users\Shailendra kumar\Desktop\masai-projects\masai-alumni\node_modules\.pnpm\ts-node@10.9.1_@swc+core@1.3.95_@types+node@18.17.2_typescript@5.1.3\node_modules\ts-node\src\index.ts:1379:34
    at Object.compile (C:\Users\Shailendra kumar\Desktop\masai-projects\masai-alumni\node_modules\.pnpm\ts-node@10.9.1_@swc+core@1.3.95_@types+node@18.17.2_typescript@5.1.3\node_modules\ts-node\src\index.ts:1458:13)
    at Module.m._compile (C:\Users\Shailendra kumar\Desktop\masai-projects\masai-alumni\node_modules\.pnpm\ts-node@10.9.1_@swc+core@1.3.95_@types+node@18.17.2_typescript@5.1.3\node_modules\ts-node\src\index.ts:1617:30)
    at Module._extensions..js (node:internal/modules/cjs/loader:1435:10)
    at Object.require.extensions.<computed> [as .ts] (C:\Users\Shailendra kumar\Desktop\masai-projects\masai-alumni\node_modules\.pnpm\ts-node@10.9.1_@swc+core@1.3.95_@types+node@18.17.2_typescript@5.1.3\node_modules\ts-node\src\index.ts:1621:12)
    at Module.load (node:internal/modules/cjs/loader:1207:32)
    at Function.Module._load (node:internal/modules/cjs/loader:1023:12)
    at Module.require (node:internal/modules/cjs/loader:1235:19)
2023-12-12 17:13:46 error: uncaughtException: ⨯ Unable to compile TypeScript:
src/services/address.service.ts(20,3): error TS1005: ',' expected.
src/services/address.service.ts(20,12): error TS1005: ',' expected.
src/services/address.service.ts(21,21): error TS1005: ',' expected.
src/services/address.service.ts(22,3): error TS1005: ';' expected.
src/services/address.service.ts(22,27): error TS1005: '(' expected.
src/services/address.service.ts(22,30): error TS1068: Unexpected token. A constructor, method, accessor, or property was expected.
src/services/address.service.ts(37,2): error TS1128: Declaration or statement expected.
src/services/address.service.ts(47,1): error TS1128: Declaration or statement expected.

TSError: ⨯ Unable to compile TypeScript:
src/services/address.service.ts(20,3): error TS1005: ',' expected.
src/services/address.service.ts(20,12): error TS1005: ',' expected.
src/services/address.service.ts(21,21): error TS1005: ',' expected.
src/services/address.service.ts(22,3): error TS1005: ';' expected.
src/services/address.service.ts(22,27): error TS1005: '(' expected.
src/services/address.service.ts(22,30): error TS1068: Unexpected token. A constructor, method, accessor, or property was expected.
src/services/address.service.ts(37,2): error TS1128: Declaration or statement expected.
src/services/address.service.ts(47,1): error TS1128: Declaration or statement expected.

    at createTSError (C:\Users\Shailendra kumar\Desktop\masai-projects\masai-alumni\node_modules\.pnpm\ts-node@10.9.1_@swc+core@1.3.95_@types+node@18.17.2_typescript@5.1.3\node_modules\ts-node\src\index.ts:859:12)
    at reportTSError (C:\Users\Shailendra kumar\Desktop\masai-projects\masai-alumni\node_modules\.pnpm\ts-node@10.9.1_@swc+core@1.3.95_@types+node@18.17.2_typescript@5.1.3\node_modules\ts-node\src\index.ts:863:19)
    at C:\Users\Shailendra kumar\Desktop\masai-projects\masai-alumni\node_modules\.pnpm\ts-node@10.9.1_@swc+core@1.3.95_@types+node@18.17.2_typescript@5.1.3\node_modules\ts-node\src\index.ts:1379:34
    at Object.compile (C:\Users\Shailendra kumar\Desktop\masai-projects\masai-alumni\node_modules\.pnpm\ts-node@10.9.1_@swc+core@1.3.95_@types+node@18.17.2_typescript@5.1.3\node_modules\ts-node\src\index.ts:1458:13)
    at Module.m._compile (C:\Users\Shailendra kumar\Desktop\masai-projects\masai-alumni\node_modules\.pnpm\ts-node@10.9.1_@swc+core@1.3.95_@types+node@18.17.2_typescript@5.1.3\node_modules\ts-node\src\index.ts:1617:30)
    at Module._extensions..js (node:internal/modules/cjs/loader:1435:10)
    at Object.require.extensions.<computed> [as .ts] (C:\Users\Shailendra kumar\Desktop\masai-projects\masai-alumni\node_modules\.pnpm\ts-node@10.9.1_@swc+core@1.3.95_@types+node@18.17.2_typescript@5.1.3\node_modules\ts-node\src\index.ts:1621:12)
    at Module.load (node:internal/modules/cjs/loader:1207:32)
    at Function.Module._load (node:internal/modules/cjs/loader:1023:12)
    at Module.require (node:internal/modules/cjs/loader:1235:19)
2023-12-12 17:14:02 error: uncaughtException: ⨯ Unable to compile TypeScript:
src/services/address.service.ts(24,57): error TS1005: ',' expected.

TSError: ⨯ Unable to compile TypeScript:
src/services/address.service.ts(24,57): error TS1005: ',' expected.

    at createTSError (C:\Users\Shailendra kumar\Desktop\masai-projects\masai-alumni\node_modules\.pnpm\ts-node@10.9.1_@swc+core@1.3.95_@types+node@18.17.2_typescript@5.1.3\node_modules\ts-node\src\index.ts:859:12)
    at reportTSError (C:\Users\Shailendra kumar\Desktop\masai-projects\masai-alumni\node_modules\.pnpm\ts-node@10.9.1_@swc+core@1.3.95_@types+node@18.17.2_typescript@5.1.3\node_modules\ts-node\src\index.ts:863:19)
    at C:\Users\Shailendra kumar\Desktop\masai-projects\masai-alumni\node_modules\.pnpm\ts-node@10.9.1_@swc+core@1.3.95_@types+node@18.17.2_typescript@5.1.3\node_modules\ts-node\src\index.ts:1379:34
    at Object.compile (C:\Users\Shailendra kumar\Desktop\masai-projects\masai-alumni\node_modules\.pnpm\ts-node@10.9.1_@swc+core@1.3.95_@types+node@18.17.2_typescript@5.1.3\node_modules\ts-node\src\index.ts:1458:13)
    at Module.m._compile (C:\Users\Shailendra kumar\Desktop\masai-projects\masai-alumni\node_modules\.pnpm\ts-node@10.9.1_@swc+core@1.3.95_@types+node@18.17.2_typescript@5.1.3\node_modules\ts-node\src\index.ts:1617:30)
    at Module._extensions..js (node:internal/modules/cjs/loader:1435:10)
    at Object.require.extensions.<computed> [as .ts] (C:\Users\Shailendra kumar\Desktop\masai-projects\masai-alumni\node_modules\.pnpm\ts-node@10.9.1_@swc+core@1.3.95_@types+node@18.17.2_typescript@5.1.3\node_modules\ts-node\src\index.ts:1621:12)
    at Module.load (node:internal/modules/cjs/loader:1207:32)
    at Function.Module._load (node:internal/modules/cjs/loader:1023:12)
    at Module.require (node:internal/modules/cjs/loader:1235:19)
2023-12-12 17:14:37 error: uncaughtException: ⨯ Unable to compile TypeScript:
src/services/address.service.ts(24,54): error TS1005: ',' expected.

TSError: ⨯ Unable to compile TypeScript:
src/services/address.service.ts(24,54): error TS1005: ',' expected.

    at createTSError (C:\Users\Shailendra kumar\Desktop\masai-projects\masai-alumni\node_modules\.pnpm\ts-node@10.9.1_@swc+core@1.3.95_@types+node@18.17.2_typescript@5.1.3\node_modules\ts-node\src\index.ts:859:12)
    at reportTSError (C:\Users\Shailendra kumar\Desktop\masai-projects\masai-alumni\node_modules\.pnpm\ts-node@10.9.1_@swc+core@1.3.95_@types+node@18.17.2_typescript@5.1.3\node_modules\ts-node\src\index.ts:863:19)
    at C:\Users\Shailendra kumar\Desktop\masai-projects\masai-alumni\node_modules\.pnpm\ts-node@10.9.1_@swc+core@1.3.95_@types+node@18.17.2_typescript@5.1.3\node_modules\ts-node\src\index.ts:1379:34
    at Object.compile (C:\Users\Shailendra kumar\Desktop\masai-projects\masai-alumni\node_modules\.pnpm\ts-node@10.9.1_@swc+core@1.3.95_@types+node@18.17.2_typescript@5.1.3\node_modules\ts-node\src\index.ts:1458:13)
    at Module.m._compile (C:\Users\Shailendra kumar\Desktop\masai-projects\masai-alumni\node_modules\.pnpm\ts-node@10.9.1_@swc+core@1.3.95_@types+node@18.17.2_typescript@5.1.3\node_modules\ts-node\src\index.ts:1617:30)
    at Module._extensions..js (node:internal/modules/cjs/loader:1435:10)
    at Object.require.extensions.<computed> [as .ts] (C:\Users\Shailendra kumar\Desktop\masai-projects\masai-alumni\node_modules\.pnpm\ts-node@10.9.1_@swc+core@1.3.95_@types+node@18.17.2_typescript@5.1.3\node_modules\ts-node\src\index.ts:1621:12)
    at Module.load (node:internal/modules/cjs/loader:1207:32)
    at Function.Module._load (node:internal/modules/cjs/loader:1023:12)
    at Module.require (node:internal/modules/cjs/loader:1235:19)
2023-12-12 17:14:55 error: uncaughtException: ⨯ Unable to compile TypeScript:
src/services/address.service.ts(24,80): error TS1109: Expression expected.

TSError: ⨯ Unable to compile TypeScript:
src/services/address.service.ts(24,80): error TS1109: Expression expected.

    at createTSError (C:\Users\Shailendra kumar\Desktop\masai-projects\masai-alumni\node_modules\.pnpm\ts-node@10.9.1_@swc+core@1.3.95_@types+node@18.17.2_typescript@5.1.3\node_modules\ts-node\src\index.ts:859:12)
    at reportTSError (C:\Users\Shailendra kumar\Desktop\masai-projects\masai-alumni\node_modules\.pnpm\ts-node@10.9.1_@swc+core@1.3.95_@types+node@18.17.2_typescript@5.1.3\node_modules\ts-node\src\index.ts:863:19)
    at C:\Users\Shailendra kumar\Desktop\masai-projects\masai-alumni\node_modules\.pnpm\ts-node@10.9.1_@swc+core@1.3.95_@types+node@18.17.2_typescript@5.1.3\node_modules\ts-node\src\index.ts:1379:34
    at Object.compile (C:\Users\Shailendra kumar\Desktop\masai-projects\masai-alumni\node_modules\.pnpm\ts-node@10.9.1_@swc+core@1.3.95_@types+node@18.17.2_typescript@5.1.3\node_modules\ts-node\src\index.ts:1458:13)
    at Module.m._compile (C:\Users\Shailendra kumar\Desktop\masai-projects\masai-alumni\node_modules\.pnpm\ts-node@10.9.1_@swc+core@1.3.95_@types+node@18.17.2_typescript@5.1.3\node_modules\ts-node\src\index.ts:1617:30)
    at Module._extensions..js (node:internal/modules/cjs/loader:1435:10)
    at Object.require.extensions.<computed> [as .ts] (C:\Users\Shailendra kumar\Desktop\masai-projects\masai-alumni\node_modules\.pnpm\ts-node@10.9.1_@swc+core@1.3.95_@types+node@18.17.2_typescript@5.1.3\node_modules\ts-node\src\index.ts:1621:12)
    at Module.load (node:internal/modules/cjs/loader:1207:32)
    at Function.Module._load (node:internal/modules/cjs/loader:1023:12)
    at Module.require (node:internal/modules/cjs/loader:1235:19)
2023-12-12 17:17:17 error: uncaughtException: ⨯ Unable to compile TypeScript:
src/services/skills.service.ts(11,55): error TS1005: ',' expected.

TSError: ⨯ Unable to compile TypeScript:
src/services/skills.service.ts(11,55): error TS1005: ',' expected.

    at createTSError (C:\Users\Shailendra kumar\Desktop\masai-projects\masai-alumni\node_modules\.pnpm\ts-node@10.9.1_@swc+core@1.3.95_@types+node@18.17.2_typescript@5.1.3\node_modules\ts-node\src\index.ts:859:12)
    at reportTSError (C:\Users\Shailendra kumar\Desktop\masai-projects\masai-alumni\node_modules\.pnpm\ts-node@10.9.1_@swc+core@1.3.95_@types+node@18.17.2_typescript@5.1.3\node_modules\ts-node\src\index.ts:863:19)
    at C:\Users\Shailendra kumar\Desktop\masai-projects\masai-alumni\node_modules\.pnpm\ts-node@10.9.1_@swc+core@1.3.95_@types+node@18.17.2_typescript@5.1.3\node_modules\ts-node\src\index.ts:1379:34
    at Object.compile (C:\Users\Shailendra kumar\Desktop\masai-projects\masai-alumni\node_modules\.pnpm\ts-node@10.9.1_@swc+core@1.3.95_@types+node@18.17.2_typescript@5.1.3\node_modules\ts-node\src\index.ts:1458:13)
    at Module.m._compile (C:\Users\Shailendra kumar\Desktop\masai-projects\masai-alumni\node_modules\.pnpm\ts-node@10.9.1_@swc+core@1.3.95_@types+node@18.17.2_typescript@5.1.3\node_modules\ts-node\src\index.ts:1617:30)
    at Module._extensions..js (node:internal/modules/cjs/loader:1435:10)
    at Object.require.extensions.<computed> [as .ts] (C:\Users\Shailendra kumar\Desktop\masai-projects\masai-alumni\node_modules\.pnpm\ts-node@10.9.1_@swc+core@1.3.95_@types+node@18.17.2_typescript@5.1.3\node_modules\ts-node\src\index.ts:1621:12)
    at Module.load (node:internal/modules/cjs/loader:1207:32)
    at Function.Module._load (node:internal/modules/cjs/loader:1023:12)
    at Module.require (node:internal/modules/cjs/loader:1235:19)
2023-12-12 17:17:36 error: uncaughtException: ⨯ Unable to compile TypeScript:
src/services/skills.service.ts(11,69): error TS1109: Expression expected.

TSError: ⨯ Unable to compile TypeScript:
src/services/skills.service.ts(11,69): error TS1109: Expression expected.

    at createTSError (C:\Users\Shailendra kumar\Desktop\masai-projects\masai-alumni\node_modules\.pnpm\ts-node@10.9.1_@swc+core@1.3.95_@types+node@18.17.2_typescript@5.1.3\node_modules\ts-node\src\index.ts:859:12)
    at reportTSError (C:\Users\Shailendra kumar\Desktop\masai-projects\masai-alumni\node_modules\.pnpm\ts-node@10.9.1_@swc+core@1.3.95_@types+node@18.17.2_typescript@5.1.3\node_modules\ts-node\src\index.ts:863:19)
    at C:\Users\Shailendra kumar\Desktop\masai-projects\masai-alumni\node_modules\.pnpm\ts-node@10.9.1_@swc+core@1.3.95_@types+node@18.17.2_typescript@5.1.3\node_modules\ts-node\src\index.ts:1379:34
    at Object.compile (C:\Users\Shailendra kumar\Desktop\masai-projects\masai-alumni\node_modules\.pnpm\ts-node@10.9.1_@swc+core@1.3.95_@types+node@18.17.2_typescript@5.1.3\node_modules\ts-node\src\index.ts:1458:13)
    at Module.m._compile (C:\Users\Shailendra kumar\Desktop\masai-projects\masai-alumni\node_modules\.pnpm\ts-node@10.9.1_@swc+core@1.3.95_@types+node@18.17.2_typescript@5.1.3\node_modules\ts-node\src\index.ts:1617:30)
    at Module._extensions..js (node:internal/modules/cjs/loader:1435:10)
    at Object.require.extensions.<computed> [as .ts] (C:\Users\Shailendra kumar\Desktop\masai-projects\masai-alumni\node_modules\.pnpm\ts-node@10.9.1_@swc+core@1.3.95_@types+node@18.17.2_typescript@5.1.3\node_modules\ts-node\src\index.ts:1621:12)
    at Module.load (node:internal/modules/cjs/loader:1207:32)
    at Function.Module._load (node:internal/modules/cjs/loader:1023:12)
    at Module.require (node:internal/modules/cjs/loader:1235:19)
2023-12-12 17:17:50 error: uncaughtException: ⨯ Unable to compile TypeScript:
src/services/skills.service.ts(24,50): error TS1005: ',' expected.

TSError: ⨯ Unable to compile TypeScript:
src/services/skills.service.ts(24,50): error TS1005: ',' expected.

    at createTSError (C:\Users\Shailendra kumar\Desktop\masai-projects\masai-alumni\node_modules\.pnpm\ts-node@10.9.1_@swc+core@1.3.95_@types+node@18.17.2_typescript@5.1.3\node_modules\ts-node\src\index.ts:859:12)
    at reportTSError (C:\Users\Shailendra kumar\Desktop\masai-projects\masai-alumni\node_modules\.pnpm\ts-node@10.9.1_@swc+core@1.3.95_@types+node@18.17.2_typescript@5.1.3\node_modules\ts-node\src\index.ts:863:19)
    at C:\Users\Shailendra kumar\Desktop\masai-projects\masai-alumni\node_modules\.pnpm\ts-node@10.9.1_@swc+core@1.3.95_@types+node@18.17.2_typescript@5.1.3\node_modules\ts-node\src\index.ts:1379:34
    at Object.compile (C:\Users\Shailendra kumar\Desktop\masai-projects\masai-alumni\node_modules\.pnpm\ts-node@10.9.1_@swc+core@1.3.95_@types+node@18.17.2_typescript@5.1.3\node_modules\ts-node\src\index.ts:1458:13)
    at Module.m._compile (C:\Users\Shailendra kumar\Desktop\masai-projects\masai-alumni\node_modules\.pnpm\ts-node@10.9.1_@swc+core@1.3.95_@types+node@18.17.2_typescript@5.1.3\node_modules\ts-node\src\index.ts:1617:30)
    at Module._extensions..js (node:internal/modules/cjs/loader:1435:10)
    at Object.require.extensions.<computed> [as .ts] (C:\Users\Shailendra kumar\Desktop\masai-projects\masai-alumni\node_modules\.pnpm\ts-node@10.9.1_@swc+core@1.3.95_@types+node@18.17.2_typescript@5.1.3\node_modules\ts-node\src\index.ts:1621:12)
    at Module.load (node:internal/modules/cjs/loader:1207:32)
    at Function.Module._load (node:internal/modules/cjs/loader:1023:12)
    at Module.require (node:internal/modules/cjs/loader:1235:19)
2023-12-12 17:18:03 error: uncaughtException: ⨯ Unable to compile TypeScript:
src/services/skills.service.ts(24,61): error TS1005: ',' expected.

TSError: ⨯ Unable to compile TypeScript:
src/services/skills.service.ts(24,61): error TS1005: ',' expected.

    at createTSError (C:\Users\Shailendra kumar\Desktop\masai-projects\masai-alumni\node_modules\.pnpm\ts-node@10.9.1_@swc+core@1.3.95_@types+node@18.17.2_typescript@5.1.3\node_modules\ts-node\src\index.ts:859:12)
    at reportTSError (C:\Users\Shailendra kumar\Desktop\masai-projects\masai-alumni\node_modules\.pnpm\ts-node@10.9.1_@swc+core@1.3.95_@types+node@18.17.2_typescript@5.1.3\node_modules\ts-node\src\index.ts:863:19)
    at C:\Users\Shailendra kumar\Desktop\masai-projects\masai-alumni\node_modules\.pnpm\ts-node@10.9.1_@swc+core@1.3.95_@types+node@18.17.2_typescript@5.1.3\node_modules\ts-node\src\index.ts:1379:34
    at Object.compile (C:\Users\Shailendra kumar\Desktop\masai-projects\masai-alumni\node_modules\.pnpm\ts-node@10.9.1_@swc+core@1.3.95_@types+node@18.17.2_typescript@5.1.3\node_modules\ts-node\src\index.ts:1458:13)
    at Module.m._compile (C:\Users\Shailendra kumar\Desktop\masai-projects\masai-alumni\node_modules\.pnpm\ts-node@10.9.1_@swc+core@1.3.95_@types+node@18.17.2_typescript@5.1.3\node_modules\ts-node\src\index.ts:1617:30)
    at Module._extensions..js (node:internal/modules/cjs/loader:1435:10)
    at Object.require.extensions.<computed> [as .ts] (C:\Users\Shailendra kumar\Desktop\masai-projects\masai-alumni\node_modules\.pnpm\ts-node@10.9.1_@swc+core@1.3.95_@types+node@18.17.2_typescript@5.1.3\node_modules\ts-node\src\index.ts:1621:12)
    at Module.load (node:internal/modules/cjs/loader:1207:32)
    at Function.Module._load (node:internal/modules/cjs/loader:1023:12)
    at Module.require (node:internal/modules/cjs/loader:1235:19)
2023-12-12 17:18:44 error: uncaughtException: ⨯ Unable to compile TypeScript:
src/services/skills.service.ts(25,73): error TS1109: Expression expected.

TSError: ⨯ Unable to compile TypeScript:
src/services/skills.service.ts(25,73): error TS1109: Expression expected.

    at createTSError (C:\Users\Shailendra kumar\Desktop\masai-projects\masai-alumni\node_modules\.pnpm\ts-node@10.9.1_@swc+core@1.3.95_@types+node@18.17.2_typescript@5.1.3\node_modules\ts-node\src\index.ts:859:12)
    at reportTSError (C:\Users\Shailendra kumar\Desktop\masai-projects\masai-alumni\node_modules\.pnpm\ts-node@10.9.1_@swc+core@1.3.95_@types+node@18.17.2_typescript@5.1.3\node_modules\ts-node\src\index.ts:863:19)
    at C:\Users\Shailendra kumar\Desktop\masai-projects\masai-alumni\node_modules\.pnpm\ts-node@10.9.1_@swc+core@1.3.95_@types+node@18.17.2_typescript@5.1.3\node_modules\ts-node\src\index.ts:1379:34
    at Object.compile (C:\Users\Shailendra kumar\Desktop\masai-projects\masai-alumni\node_modules\.pnpm\ts-node@10.9.1_@swc+core@1.3.95_@types+node@18.17.2_typescript@5.1.3\node_modules\ts-node\src\index.ts:1458:13)
    at Module.m._compile (C:\Users\Shailendra kumar\Desktop\masai-projects\masai-alumni\node_modules\.pnpm\ts-node@10.9.1_@swc+core@1.3.95_@types+node@18.17.2_typescript@5.1.3\node_modules\ts-node\src\index.ts:1617:30)
    at Module._extensions..js (node:internal/modules/cjs/loader:1435:10)
    at Object.require.extensions.<computed> [as .ts] (C:\Users\Shailendra kumar\Desktop\masai-projects\masai-alumni\node_modules\.pnpm\ts-node@10.9.1_@swc+core@1.3.95_@types+node@18.17.2_typescript@5.1.3\node_modules\ts-node\src\index.ts:1621:12)
    at Module.load (node:internal/modules/cjs/loader:1207:32)
    at Function.Module._load (node:internal/modules/cjs/loader:1023:12)
    at Module.require (node:internal/modules/cjs/loader:1235:19)
2023-12-12 17:23:08 error: uncaughtException: ⨯ Unable to compile TypeScript:
src/services/skills.service.ts(40,50): error TS1005: ',' expected.

TSError: ⨯ Unable to compile TypeScript:
src/services/skills.service.ts(40,50): error TS1005: ',' expected.

    at createTSError (C:\Users\Shailendra kumar\Desktop\masai-projects\masai-alumni\node_modules\.pnpm\ts-node@10.9.1_@swc+core@1.3.95_@types+node@18.17.2_typescript@5.1.3\node_modules\ts-node\src\index.ts:859:12)
    at reportTSError (C:\Users\Shailendra kumar\Desktop\masai-projects\masai-alumni\node_modules\.pnpm\ts-node@10.9.1_@swc+core@1.3.95_@types+node@18.17.2_typescript@5.1.3\node_modules\ts-node\src\index.ts:863:19)
    at C:\Users\Shailendra kumar\Desktop\masai-projects\masai-alumni\node_modules\.pnpm\ts-node@10.9.1_@swc+core@1.3.95_@types+node@18.17.2_typescript@5.1.3\node_modules\ts-node\src\index.ts:1379:34
    at Object.compile (C:\Users\Shailendra kumar\Desktop\masai-projects\masai-alumni\node_modules\.pnpm\ts-node@10.9.1_@swc+core@1.3.95_@types+node@18.17.2_typescript@5.1.3\node_modules\ts-node\src\index.ts:1458:13)
    at Module.m._compile (C:\Users\Shailendra kumar\Desktop\masai-projects\masai-alumni\node_modules\.pnpm\ts-node@10.9.1_@swc+core@1.3.95_@types+node@18.17.2_typescript@5.1.3\node_modules\ts-node\src\index.ts:1617:30)
    at Module._extensions..js (node:internal/modules/cjs/loader:1435:10)
    at Object.require.extensions.<computed> [as .ts] (C:\Users\Shailendra kumar\Desktop\masai-projects\masai-alumni\node_modules\.pnpm\ts-node@10.9.1_@swc+core@1.3.95_@types+node@18.17.2_typescript@5.1.3\node_modules\ts-node\src\index.ts:1621:12)
    at Module.load (node:internal/modules/cjs/loader:1207:32)
    at Function.Module._load (node:internal/modules/cjs/loader:1023:12)
    at Module.require (node:internal/modules/cjs/loader:1235:19)
2023-12-12 17:24:55 error: uncaughtException: ⨯ Unable to compile TypeScript:
src/services/skills.service.ts(43,35): error TS1109: Expression expected.

TSError: ⨯ Unable to compile TypeScript:
src/services/skills.service.ts(43,35): error TS1109: Expression expected.

    at createTSError (C:\Users\Shailendra kumar\Desktop\masai-projects\masai-alumni\node_modules\.pnpm\ts-node@10.9.1_@swc+core@1.3.95_@types+node@18.17.2_typescript@5.1.3\node_modules\ts-node\src\index.ts:859:12)
    at reportTSError (C:\Users\Shailendra kumar\Desktop\masai-projects\masai-alumni\node_modules\.pnpm\ts-node@10.9.1_@swc+core@1.3.95_@types+node@18.17.2_typescript@5.1.3\node_modules\ts-node\src\index.ts:863:19)
    at C:\Users\Shailendra kumar\Desktop\masai-projects\masai-alumni\node_modules\.pnpm\ts-node@10.9.1_@swc+core@1.3.95_@types+node@18.17.2_typescript@5.1.3\node_modules\ts-node\src\index.ts:1379:34
    at Object.compile (C:\Users\Shailendra kumar\Desktop\masai-projects\masai-alumni\node_modules\.pnpm\ts-node@10.9.1_@swc+core@1.3.95_@types+node@18.17.2_typescript@5.1.3\node_modules\ts-node\src\index.ts:1458:13)
    at Module.m._compile (C:\Users\Shailendra kumar\Desktop\masai-projects\masai-alumni\node_modules\.pnpm\ts-node@10.9.1_@swc+core@1.3.95_@types+node@18.17.2_typescript@5.1.3\node_modules\ts-node\src\index.ts:1617:30)
    at Module._extensions..js (node:internal/modules/cjs/loader:1435:10)
    at Object.require.extensions.<computed> [as .ts] (C:\Users\Shailendra kumar\Desktop\masai-projects\masai-alumni\node_modules\.pnpm\ts-node@10.9.1_@swc+core@1.3.95_@types+node@18.17.2_typescript@5.1.3\node_modules\ts-node\src\index.ts:1621:12)
    at Module.load (node:internal/modules/cjs/loader:1207:32)
    at Function.Module._load (node:internal/modules/cjs/loader:1023:12)
    at Module.require (node:internal/modules/cjs/loader:1235:19)
2023-12-12 17:27:16 error: uncaughtException: Missing initializer in const declaration
C:\Users\Shailendra kumar\Desktop\masai-projects\masai-alumni\apps\server\src\controllers\profile.controller.ts:73
        const userId;
              ^^^^^^

SyntaxError: Missing initializer in const declaration
    at internalCompileFunction (node:internal/vm:77:18)
    at wrapSafe (node:internal/modules/cjs/loader:1288:20)
    at Module._compile (node:internal/modules/cjs/loader:1340:27)
    at Module.m._compile (C:\Users\Shailendra kumar\Desktop\masai-projects\masai-alumni\node_modules\.pnpm\ts-node@10.9.1_@swc+core@1.3.95_@types+node@18.17.2_typescript@5.1.3\node_modules\ts-node\src\index.ts:1618:23)
    at Module._extensions..js (node:internal/modules/cjs/loader:1435:10)
    at Object.require.extensions.<computed> [as .ts] (C:\Users\Shailendra kumar\Desktop\masai-projects\masai-alumni\node_modules\.pnpm\ts-node@10.9.1_@swc+core@1.3.95_@types+node@18.17.2_typescript@5.1.3\node_modules\ts-node\src\index.ts:1621:12)
    at Module.load (node:internal/modules/cjs/loader:1207:32)
    at Function.Module._load (node:internal/modules/cjs/loader:1023:12)
    at Module.require (node:internal/modules/cjs/loader:1235:19)
    at require (node:internal/modules/helpers:176:18)
2023-12-12 17:27:54 error: uncaughtException: Unexpected token ';'
C:\Users\Shailendra kumar\Desktop\masai-projects\masai-alumni\apps\server\src\controllers\profile.controller.ts:85
        const ;
              ^

SyntaxError: Unexpected token ';'
    at internalCompileFunction (node:internal/vm:77:18)
    at wrapSafe (node:internal/modules/cjs/loader:1288:20)
    at Module._compile (node:internal/modules/cjs/loader:1340:27)
    at Module.m._compile (C:\Users\Shailendra kumar\Desktop\masai-projects\masai-alumni\node_modules\.pnpm\ts-node@10.9.1_@swc+core@1.3.95_@types+node@18.17.2_typescript@5.1.3\node_modules\ts-node\src\index.ts:1618:23)
    at Module._extensions..js (node:internal/modules/cjs/loader:1435:10)
    at Object.require.extensions.<computed> [as .ts] (C:\Users\Shailendra kumar\Desktop\masai-projects\masai-alumni\node_modules\.pnpm\ts-node@10.9.1_@swc+core@1.3.95_@types+node@18.17.2_typescript@5.1.3\node_modules\ts-node\src\index.ts:1621:12)
    at Module.load (node:internal/modules/cjs/loader:1207:32)
    at Function.Module._load (node:internal/modules/cjs/loader:1023:12)
    at Module.require (node:internal/modules/cjs/loader:1235:19)
    at require (node:internal/modules/helpers:176:18)
2023-12-12 17:27:57 error: uncaughtException: Missing initializer in const declaration
C:\Users\Shailendra kumar\Desktop\masai-projects\masai-alumni\apps\server\src\controllers\profile.controller.ts:85
        const userId;
              ^^^^^^

SyntaxError: Missing initializer in const declaration
    at internalCompileFunction (node:internal/vm:77:18)
    at wrapSafe (node:internal/modules/cjs/loader:1288:20)
    at Module._compile (node:internal/modules/cjs/loader:1340:27)
    at Module.m._compile (C:\Users\Shailendra kumar\Desktop\masai-projects\masai-alumni\node_modules\.pnpm\ts-node@10.9.1_@swc+core@1.3.95_@types+node@18.17.2_typescript@5.1.3\node_modules\ts-node\src\index.ts:1618:23)
    at Module._extensions..js (node:internal/modules/cjs/loader:1435:10)
    at Object.require.extensions.<computed> [as .ts] (C:\Users\Shailendra kumar\Desktop\masai-projects\masai-alumni\node_modules\.pnpm\ts-node@10.9.1_@swc+core@1.3.95_@types+node@18.17.2_typescript@5.1.3\node_modules\ts-node\src\index.ts:1621:12)
    at Module.load (node:internal/modules/cjs/loader:1207:32)
    at Function.Module._load (node:internal/modules/cjs/loader:1023:12)
    at Module.require (node:internal/modules/cjs/loader:1235:19)
    at require (node:internal/modules/helpers:176:18)
2023-12-12 17:28:34 error: uncaughtException: Missing initializer in const declaration
C:\Users\Shailendra kumar\Desktop\masai-projects\masai-alumni\apps\server\src\controllers\profile.controller.ts:95
        const userId;
              ^^^^^^

SyntaxError: Missing initializer in const declaration
    at internalCompileFunction (node:internal/vm:77:18)
    at wrapSafe (node:internal/modules/cjs/loader:1288:20)
    at Module._compile (node:internal/modules/cjs/loader:1340:27)
    at Module.m._compile (C:\Users\Shailendra kumar\Desktop\masai-projects\masai-alumni\node_modules\.pnpm\ts-node@10.9.1_@swc+core@1.3.95_@types+node@18.17.2_typescript@5.1.3\node_modules\ts-node\src\index.ts:1618:23)
    at Module._extensions..js (node:internal/modules/cjs/loader:1435:10)
    at Object.require.extensions.<computed> [as .ts] (C:\Users\Shailendra kumar\Desktop\masai-projects\masai-alumni\node_modules\.pnpm\ts-node@10.9.1_@swc+core@1.3.95_@types+node@18.17.2_typescript@5.1.3\node_modules\ts-node\src\index.ts:1621:12)
    at Module.load (node:internal/modules/cjs/loader:1207:32)
    at Function.Module._load (node:internal/modules/cjs/loader:1023:12)
    at Module.require (node:internal/modules/cjs/loader:1235:19)
    at require (node:internal/modules/helpers:176:18)
2023-12-12 17:29:02 error: uncaughtException: ⨯ Unable to compile TypeScript:
src/controllers/profile.controller.ts(158,3): error TS1109: Expression expected.

TSError: ⨯ Unable to compile TypeScript:
src/controllers/profile.controller.ts(158,3): error TS1109: Expression expected.

    at createTSError (C:\Users\Shailendra kumar\Desktop\masai-projects\masai-alumni\node_modules\.pnpm\ts-node@10.9.1_@swc+core@1.3.95_@types+node@18.17.2_typescript@5.1.3\node_modules\ts-node\src\index.ts:859:12)
    at reportTSError (C:\Users\Shailendra kumar\Desktop\masai-projects\masai-alumni\node_modules\.pnpm\ts-node@10.9.1_@swc+core@1.3.95_@types+node@18.17.2_typescript@5.1.3\node_modules\ts-node\src\index.ts:863:19)
    at C:\Users\Shailendra kumar\Desktop\masai-projects\masai-alumni\node_modules\.pnpm\ts-node@10.9.1_@swc+core@1.3.95_@types+node@18.17.2_typescript@5.1.3\node_modules\ts-node\src\index.ts:1379:34
    at Object.compile (C:\Users\Shailendra kumar\Desktop\masai-projects\masai-alumni\node_modules\.pnpm\ts-node@10.9.1_@swc+core@1.3.95_@types+node@18.17.2_typescript@5.1.3\node_modules\ts-node\src\index.ts:1458:13)
    at Module.m._compile (C:\Users\Shailendra kumar\Desktop\masai-projects\masai-alumni\node_modules\.pnpm\ts-node@10.9.1_@swc+core@1.3.95_@types+node@18.17.2_typescript@5.1.3\node_modules\ts-node\src\index.ts:1617:30)
    at Module._extensions..js (node:internal/modules/cjs/loader:1435:10)
    at Object.require.extensions.<computed> [as .ts] (C:\Users\Shailendra kumar\Desktop\masai-projects\masai-alumni\node_modules\.pnpm\ts-node@10.9.1_@swc+core@1.3.95_@types+node@18.17.2_typescript@5.1.3\node_modules\ts-node\src\index.ts:1621:12)
    at Module.load (node:internal/modules/cjs/loader:1207:32)
    at Function.Module._load (node:internal/modules/cjs/loader:1023:12)
    at Module.require (node:internal/modules/cjs/loader:1235:19)
2023-12-12 17:35:44 error: uncaughtException: ⨯ Unable to compile TypeScript:
src/controllers/profile.controller.ts(174,8): error TS1110: Type expected.

TSError: ⨯ Unable to compile TypeScript:
src/controllers/profile.controller.ts(174,8): error TS1110: Type expected.

    at createTSError (C:\Users\Shailendra kumar\Desktop\masai-projects\masai-alumni\node_modules\.pnpm\ts-node@10.9.1_@swc+core@1.3.95_@types+node@18.17.2_typescript@5.1.3\node_modules\ts-node\src\index.ts:859:12)
    at reportTSError (C:\Users\Shailendra kumar\Desktop\masai-projects\masai-alumni\node_modules\.pnpm\ts-node@10.9.1_@swc+core@1.3.95_@types+node@18.17.2_typescript@5.1.3\node_modules\ts-node\src\index.ts:863:19)
    at C:\Users\Shailendra kumar\Desktop\masai-projects\masai-alumni\node_modules\.pnpm\ts-node@10.9.1_@swc+core@1.3.95_@types+node@18.17.2_typescript@5.1.3\node_modules\ts-node\src\index.ts:1379:34
    at Object.compile (C:\Users\Shailendra kumar\Desktop\masai-projects\masai-alumni\node_modules\.pnpm\ts-node@10.9.1_@swc+core@1.3.95_@types+node@18.17.2_typescript@5.1.3\node_modules\ts-node\src\index.ts:1458:13)
    at Module.m._compile (C:\Users\Shailendra kumar\Desktop\masai-projects\masai-alumni\node_modules\.pnpm\ts-node@10.9.1_@swc+core@1.3.95_@types+node@18.17.2_typescript@5.1.3\node_modules\ts-node\src\index.ts:1617:30)
    at Module._extensions..js (node:internal/modules/cjs/loader:1435:10)
    at Object.require.extensions.<computed> [as .ts] (C:\Users\Shailendra kumar\Desktop\masai-projects\masai-alumni\node_modules\.pnpm\ts-node@10.9.1_@swc+core@1.3.95_@types+node@18.17.2_typescript@5.1.3\node_modules\ts-node\src\index.ts:1621:12)
    at Module.load (node:internal/modules/cjs/loader:1207:32)
    at Function.Module._load (node:internal/modules/cjs/loader:1023:12)
    at Module.require (node:internal/modules/cjs/loader:1235:19)
2023-12-12 17:35:55 error: uncaughtException: Unexpected token ';'
C:\Users\Shailendra kumar\Desktop\masai-projects\masai-alumni\apps\server\src\controllers\profile.controller.ts:119
        const ;
              ^

SyntaxError: Unexpected token ';'
    at internalCompileFunction (node:internal/vm:77:18)
    at wrapSafe (node:internal/modules/cjs/loader:1288:20)
    at Module._compile (node:internal/modules/cjs/loader:1340:27)
    at Module.m._compile (C:\Users\Shailendra kumar\Desktop\masai-projects\masai-alumni\node_modules\.pnpm\ts-node@10.9.1_@swc+core@1.3.95_@types+node@18.17.2_typescript@5.1.3\node_modules\ts-node\src\index.ts:1618:23)
    at Module._extensions..js (node:internal/modules/cjs/loader:1435:10)
    at Object.require.extensions.<computed> [as .ts] (C:\Users\Shailendra kumar\Desktop\masai-projects\masai-alumni\node_modules\.pnpm\ts-node@10.9.1_@swc+core@1.3.95_@types+node@18.17.2_typescript@5.1.3\node_modules\ts-node\src\index.ts:1621:12)
    at Module.load (node:internal/modules/cjs/loader:1207:32)
    at Function.Module._load (node:internal/modules/cjs/loader:1023:12)
    at Module.require (node:internal/modules/cjs/loader:1235:19)
    at require (node:internal/modules/helpers:176:18)
2023-12-12 17:35:59 error: uncaughtException: ⨯ Unable to compile TypeScript:
src/controllers/profile.controller.ts(179,3): error TS1109: Expression expected.

TSError: ⨯ Unable to compile TypeScript:
src/controllers/profile.controller.ts(179,3): error TS1109: Expression expected.

    at createTSError (C:\Users\Shailendra kumar\Desktop\masai-projects\masai-alumni\node_modules\.pnpm\ts-node@10.9.1_@swc+core@1.3.95_@types+node@18.17.2_typescript@5.1.3\node_modules\ts-node\src\index.ts:859:12)
    at reportTSError (C:\Users\Shailendra kumar\Desktop\masai-projects\masai-alumni\node_modules\.pnpm\ts-node@10.9.1_@swc+core@1.3.95_@types+node@18.17.2_typescript@5.1.3\node_modules\ts-node\src\index.ts:863:19)
    at C:\Users\Shailendra kumar\Desktop\masai-projects\masai-alumni\node_modules\.pnpm\ts-node@10.9.1_@swc+core@1.3.95_@types+node@18.17.2_typescript@5.1.3\node_modules\ts-node\src\index.ts:1379:34
    at Object.compile (C:\Users\Shailendra kumar\Desktop\masai-projects\masai-alumni\node_modules\.pnpm\ts-node@10.9.1_@swc+core@1.3.95_@types+node@18.17.2_typescript@5.1.3\node_modules\ts-node\src\index.ts:1458:13)
    at Module.m._compile (C:\Users\Shailendra kumar\Desktop\masai-projects\masai-alumni\node_modules\.pnpm\ts-node@10.9.1_@swc+core@1.3.95_@types+node@18.17.2_typescript@5.1.3\node_modules\ts-node\src\index.ts:1617:30)
    at Module._extensions..js (node:internal/modules/cjs/loader:1435:10)
    at Object.require.extensions.<computed> [as .ts] (C:\Users\Shailendra kumar\Desktop\masai-projects\masai-alumni\node_modules\.pnpm\ts-node@10.9.1_@swc+core@1.3.95_@types+node@18.17.2_typescript@5.1.3\node_modules\ts-node\src\index.ts:1621:12)
    at Module.load (node:internal/modules/cjs/loader:1207:32)
    at Function.Module._load (node:internal/modules/cjs/loader:1023:12)
    at Module.require (node:internal/modules/cjs/loader:1235:19)
2023-12-12 17:36:06 error: uncaughtException: ⨯ Unable to compile TypeScript:
src/controllers/profile.controller.ts(178,27): error TS1003: Identifier expected.

TSError: ⨯ Unable to compile TypeScript:
src/controllers/profile.controller.ts(178,27): error TS1003: Identifier expected.

    at createTSError (C:\Users\Shailendra kumar\Desktop\masai-projects\masai-alumni\node_modules\.pnpm\ts-node@10.9.1_@swc+core@1.3.95_@types+node@18.17.2_typescript@5.1.3\node_modules\ts-node\src\index.ts:859:12)
    at reportTSError (C:\Users\Shailendra kumar\Desktop\masai-projects\masai-alumni\node_modules\.pnpm\ts-node@10.9.1_@swc+core@1.3.95_@types+node@18.17.2_typescript@5.1.3\node_modules\ts-node\src\index.ts:863:19)
    at C:\Users\Shailendra kumar\Desktop\masai-projects\masai-alumni\node_modules\.pnpm\ts-node@10.9.1_@swc+core@1.3.95_@types+node@18.17.2_typescript@5.1.3\node_modules\ts-node\src\index.ts:1379:34
    at Object.compile (C:\Users\Shailendra kumar\Desktop\masai-projects\masai-alumni\node_modules\.pnpm\ts-node@10.9.1_@swc+core@1.3.95_@types+node@18.17.2_typescript@5.1.3\node_modules\ts-node\src\index.ts:1458:13)
    at Module.m._compile (C:\Users\Shailendra kumar\Desktop\masai-projects\masai-alumni\node_modules\.pnpm\ts-node@10.9.1_@swc+core@1.3.95_@types+node@18.17.2_typescript@5.1.3\node_modules\ts-node\src\index.ts:1617:30)
    at Module._extensions..js (node:internal/modules/cjs/loader:1435:10)
    at Object.require.extensions.<computed> [as .ts] (C:\Users\Shailendra kumar\Desktop\masai-projects\masai-alumni\node_modules\.pnpm\ts-node@10.9.1_@swc+core@1.3.95_@types+node@18.17.2_typescript@5.1.3\node_modules\ts-node\src\index.ts:1621:12)
    at Module.load (node:internal/modules/cjs/loader:1207:32)
    at Function.Module._load (node:internal/modules/cjs/loader:1023:12)
    at Module.require (node:internal/modules/cjs/loader:1235:19)
2023-12-12 17:37:12 error: uncaughtException: Unexpected token ';'
C:\Users\Shailendra kumar\Desktop\masai-projects\masai-alumni\apps\server\src\controllers\profile.controller.ts:130
        const ;
              ^

SyntaxError: Unexpected token ';'
    at internalCompileFunction (node:internal/vm:77:18)
    at wrapSafe (node:internal/modules/cjs/loader:1288:20)
    at Module._compile (node:internal/modules/cjs/loader:1340:27)
    at Module.m._compile (C:\Users\Shailendra kumar\Desktop\masai-projects\masai-alumni\node_modules\.pnpm\ts-node@10.9.1_@swc+core@1.3.95_@types+node@18.17.2_typescript@5.1.3\node_modules\ts-node\src\index.ts:1618:23)
    at Module._extensions..js (node:internal/modules/cjs/loader:1435:10)
    at Object.require.extensions.<computed> [as .ts] (C:\Users\Shailendra kumar\Desktop\masai-projects\masai-alumni\node_modules\.pnpm\ts-node@10.9.1_@swc+core@1.3.95_@types+node@18.17.2_typescript@5.1.3\node_modules\ts-node\src\index.ts:1621:12)
    at Module.load (node:internal/modules/cjs/loader:1207:32)
    at Function.Module._load (node:internal/modules/cjs/loader:1023:12)
    at Module.require (node:internal/modules/cjs/loader:1235:19)
    at require (node:internal/modules/helpers:176:18)
2023-12-12 17:37:16 error: uncaughtException: ⨯ Unable to compile TypeScript:
src/controllers/profile.controller.ts(195,3): error TS1109: Expression expected.

TSError: ⨯ Unable to compile TypeScript:
src/controllers/profile.controller.ts(195,3): error TS1109: Expression expected.

    at createTSError (C:\Users\Shailendra kumar\Desktop\masai-projects\masai-alumni\node_modules\.pnpm\ts-node@10.9.1_@swc+core@1.3.95_@types+node@18.17.2_typescript@5.1.3\node_modules\ts-node\src\index.ts:859:12)
    at reportTSError (C:\Users\Shailendra kumar\Desktop\masai-projects\masai-alumni\node_modules\.pnpm\ts-node@10.9.1_@swc+core@1.3.95_@types+node@18.17.2_typescript@5.1.3\node_modules\ts-node\src\index.ts:863:19)
    at C:\Users\Shailendra kumar\Desktop\masai-projects\masai-alumni\node_modules\.pnpm\ts-node@10.9.1_@swc+core@1.3.95_@types+node@18.17.2_typescript@5.1.3\node_modules\ts-node\src\index.ts:1379:34
    at Object.compile (C:\Users\Shailendra kumar\Desktop\masai-projects\masai-alumni\node_modules\.pnpm\ts-node@10.9.1_@swc+core@1.3.95_@types+node@18.17.2_typescript@5.1.3\node_modules\ts-node\src\index.ts:1458:13)
    at Module.m._compile (C:\Users\Shailendra kumar\Desktop\masai-projects\masai-alumni\node_modules\.pnpm\ts-node@10.9.1_@swc+core@1.3.95_@types+node@18.17.2_typescript@5.1.3\node_modules\ts-node\src\index.ts:1617:30)
    at Module._extensions..js (node:internal/modules/cjs/loader:1435:10)
    at Object.require.extensions.<computed> [as .ts] (C:\Users\Shailendra kumar\Desktop\masai-projects\masai-alumni\node_modules\.pnpm\ts-node@10.9.1_@swc+core@1.3.95_@types+node@18.17.2_typescript@5.1.3\node_modules\ts-node\src\index.ts:1621:12)
    at Module.load (node:internal/modules/cjs/loader:1207:32)
    at Function.Module._load (node:internal/modules/cjs/loader:1023:12)
    at Module.require (node:internal/modules/cjs/loader:1235:19)
2023-12-12 17:37:22 error: uncaughtException: ⨯ Unable to compile TypeScript:
src/controllers/profile.controller.ts(194,27): error TS1003: Identifier expected.

TSError: ⨯ Unable to compile TypeScript:
src/controllers/profile.controller.ts(194,27): error TS1003: Identifier expected.

    at createTSError (C:\Users\Shailendra kumar\Desktop\masai-projects\masai-alumni\node_modules\.pnpm\ts-node@10.9.1_@swc+core@1.3.95_@types+node@18.17.2_typescript@5.1.3\node_modules\ts-node\src\index.ts:859:12)
    at reportTSError (C:\Users\Shailendra kumar\Desktop\masai-projects\masai-alumni\node_modules\.pnpm\ts-node@10.9.1_@swc+core@1.3.95_@types+node@18.17.2_typescript@5.1.3\node_modules\ts-node\src\index.ts:863:19)
    at C:\Users\Shailendra kumar\Desktop\masai-projects\masai-alumni\node_modules\.pnpm\ts-node@10.9.1_@swc+core@1.3.95_@types+node@18.17.2_typescript@5.1.3\node_modules\ts-node\src\index.ts:1379:34
    at Object.compile (C:\Users\Shailendra kumar\Desktop\masai-projects\masai-alumni\node_modules\.pnpm\ts-node@10.9.1_@swc+core@1.3.95_@types+node@18.17.2_typescript@5.1.3\node_modules\ts-node\src\index.ts:1458:13)
    at Module.m._compile (C:\Users\Shailendra kumar\Desktop\masai-projects\masai-alumni\node_modules\.pnpm\ts-node@10.9.1_@swc+core@1.3.95_@types+node@18.17.2_typescript@5.1.3\node_modules\ts-node\src\index.ts:1617:30)
    at Module._extensions..js (node:internal/modules/cjs/loader:1435:10)
    at Object.require.extensions.<computed> [as .ts] (C:\Users\Shailendra kumar\Desktop\masai-projects\masai-alumni\node_modules\.pnpm\ts-node@10.9.1_@swc+core@1.3.95_@types+node@18.17.2_typescript@5.1.3\node_modules\ts-node\src\index.ts:1621:12)
    at Module.load (node:internal/modules/cjs/loader:1207:32)
    at Function.Module._load (node:internal/modules/cjs/loader:1023:12)
    at Module.require (node:internal/modules/cjs/loader:1235:19)
2023-12-12 17:40:06 error: uncaughtException: ⨯ Unable to compile TypeScript:
src/controllers/profile.controller.ts(217,5): error TS1005: ',' expected.

TSError: ⨯ Unable to compile TypeScript:
src/controllers/profile.controller.ts(217,5): error TS1005: ',' expected.

    at createTSError (C:\Users\Shailendra kumar\Desktop\masai-projects\masai-alumni\node_modules\.pnpm\ts-node@10.9.1_@swc+core@1.3.95_@types+node@18.17.2_typescript@5.1.3\node_modules\ts-node\src\index.ts:859:12)
    at reportTSError (C:\Users\Shailendra kumar\Desktop\masai-projects\masai-alumni\node_modules\.pnpm\ts-node@10.9.1_@swc+core@1.3.95_@types+node@18.17.2_typescript@5.1.3\node_modules\ts-node\src\index.ts:863:19)
    at C:\Users\Shailendra kumar\Desktop\masai-projects\masai-alumni\node_modules\.pnpm\ts-node@10.9.1_@swc+core@1.3.95_@types+node@18.17.2_typescript@5.1.3\node_modules\ts-node\src\index.ts:1379:34
    at Object.compile (C:\Users\Shailendra kumar\Desktop\masai-projects\masai-alumni\node_modules\.pnpm\ts-node@10.9.1_@swc+core@1.3.95_@types+node@18.17.2_typescript@5.1.3\node_modules\ts-node\src\index.ts:1458:13)
    at Module.m._compile (C:\Users\Shailendra kumar\Desktop\masai-projects\masai-alumni\node_modules\.pnpm\ts-node@10.9.1_@swc+core@1.3.95_@types+node@18.17.2_typescript@5.1.3\node_modules\ts-node\src\index.ts:1617:30)
    at Module._extensions..js (node:internal/modules/cjs/loader:1435:10)
    at Object.require.extensions.<computed> [as .ts] (C:\Users\Shailendra kumar\Desktop\masai-projects\masai-alumni\node_modules\.pnpm\ts-node@10.9.1_@swc+core@1.3.95_@types+node@18.17.2_typescript@5.1.3\node_modules\ts-node\src\index.ts:1621:12)
    at Module.load (node:internal/modules/cjs/loader:1207:32)
    at Function.Module._load (node:internal/modules/cjs/loader:1023:12)
    at Module.require (node:internal/modules/cjs/loader:1235:19)
2023-12-12 17:40:14 error: uncaughtException: Unexpected token ';'
C:\Users\Shailendra kumar\Desktop\masai-projects\masai-alumni\apps\server\src\controllers\profile.controller.ts:142
        const ;
              ^

SyntaxError: Unexpected token ';'
    at internalCompileFunction (node:internal/vm:77:18)
    at wrapSafe (node:internal/modules/cjs/loader:1288:20)
    at Module._compile (node:internal/modules/cjs/loader:1340:27)
    at Module.m._compile (C:\Users\Shailendra kumar\Desktop\masai-projects\masai-alumni\node_modules\.pnpm\ts-node@10.9.1_@swc+core@1.3.95_@types+node@18.17.2_typescript@5.1.3\node_modules\ts-node\src\index.ts:1618:23)
    at Module._extensions..js (node:internal/modules/cjs/loader:1435:10)
    at Object.require.extensions.<computed> [as .ts] (C:\Users\Shailendra kumar\Desktop\masai-projects\masai-alumni\node_modules\.pnpm\ts-node@10.9.1_@swc+core@1.3.95_@types+node@18.17.2_typescript@5.1.3\node_modules\ts-node\src\index.ts:1621:12)
    at Module.load (node:internal/modules/cjs/loader:1207:32)
    at Function.Module._load (node:internal/modules/cjs/loader:1023:12)
    at Module.require (node:internal/modules/cjs/loader:1235:19)
    at require (node:internal/modules/helpers:176:18)
2023-12-12 17:40:17 error: uncaughtException: ⨯ Unable to compile TypeScript:
src/controllers/profile.controller.ts(213,3): error TS1109: Expression expected.

TSError: ⨯ Unable to compile TypeScript:
src/controllers/profile.controller.ts(213,3): error TS1109: Expression expected.

    at createTSError (C:\Users\Shailendra kumar\Desktop\masai-projects\masai-alumni\node_modules\.pnpm\ts-node@10.9.1_@swc+core@1.3.95_@types+node@18.17.2_typescript@5.1.3\node_modules\ts-node\src\index.ts:859:12)
    at reportTSError (C:\Users\Shailendra kumar\Desktop\masai-projects\masai-alumni\node_modules\.pnpm\ts-node@10.9.1_@swc+core@1.3.95_@types+node@18.17.2_typescript@5.1.3\node_modules\ts-node\src\index.ts:863:19)
    at C:\Users\Shailendra kumar\Desktop\masai-projects\masai-alumni\node_modules\.pnpm\ts-node@10.9.1_@swc+core@1.3.95_@types+node@18.17.2_typescript@5.1.3\node_modules\ts-node\src\index.ts:1379:34
    at Object.compile (C:\Users\Shailendra kumar\Desktop\masai-projects\masai-alumni\node_modules\.pnpm\ts-node@10.9.1_@swc+core@1.3.95_@types+node@18.17.2_typescript@5.1.3\node_modules\ts-node\src\index.ts:1458:13)
    at Module.m._compile (C:\Users\Shailendra kumar\Desktop\masai-projects\masai-alumni\node_modules\.pnpm\ts-node@10.9.1_@swc+core@1.3.95_@types+node@18.17.2_typescript@5.1.3\node_modules\ts-node\src\index.ts:1617:30)
    at Module._extensions..js (node:internal/modules/cjs/loader:1435:10)
    at Object.require.extensions.<computed> [as .ts] (C:\Users\Shailendra kumar\Desktop\masai-projects\masai-alumni\node_modules\.pnpm\ts-node@10.9.1_@swc+core@1.3.95_@types+node@18.17.2_typescript@5.1.3\node_modules\ts-node\src\index.ts:1621:12)
    at Module.load (node:internal/modules/cjs/loader:1207:32)
    at Function.Module._load (node:internal/modules/cjs/loader:1023:12)
    at Module.require (node:internal/modules/cjs/loader:1235:19)
2023-12-12 17:40:45 error: uncaughtException: Unexpected token ';'
C:\Users\Shailendra kumar\Desktop\masai-projects\masai-alumni\apps\server\src\controllers\profile.controller.ts:154
        const ;
              ^

SyntaxError: Unexpected token ';'
    at internalCompileFunction (node:internal/vm:77:18)
    at wrapSafe (node:internal/modules/cjs/loader:1288:20)
    at Module._compile (node:internal/modules/cjs/loader:1340:27)
    at Module.m._compile (C:\Users\Shailendra kumar\Desktop\masai-projects\masai-alumni\node_modules\.pnpm\ts-node@10.9.1_@swc+core@1.3.95_@types+node@18.17.2_typescript@5.1.3\node_modules\ts-node\src\index.ts:1618:23)
    at Module._extensions..js (node:internal/modules/cjs/loader:1435:10)
    at Object.require.extensions.<computed> [as .ts] (C:\Users\Shailendra kumar\Desktop\masai-projects\masai-alumni\node_modules\.pnpm\ts-node@10.9.1_@swc+core@1.3.95_@types+node@18.17.2_typescript@5.1.3\node_modules\ts-node\src\index.ts:1621:12)
    at Module.load (node:internal/modules/cjs/loader:1207:32)
    at Function.Module._load (node:internal/modules/cjs/loader:1023:12)
    at Module.require (node:internal/modules/cjs/loader:1235:19)
    at require (node:internal/modules/helpers:176:18)
2023-12-12 17:40:54 error: uncaughtException: ⨯ Unable to compile TypeScript:
src/controllers/profile.controller.ts(234,3): error TS1109: Expression expected.

TSError: ⨯ Unable to compile TypeScript:
src/controllers/profile.controller.ts(234,3): error TS1109: Expression expected.

    at createTSError (C:\Users\Shailendra kumar\Desktop\masai-projects\masai-alumni\node_modules\.pnpm\ts-node@10.9.1_@swc+core@1.3.95_@types+node@18.17.2_typescript@5.1.3\node_modules\ts-node\src\index.ts:859:12)
    at reportTSError (C:\Users\Shailendra kumar\Desktop\masai-projects\masai-alumni\node_modules\.pnpm\ts-node@10.9.1_@swc+core@1.3.95_@types+node@18.17.2_typescript@5.1.3\node_modules\ts-node\src\index.ts:863:19)
    at C:\Users\Shailendra kumar\Desktop\masai-projects\masai-alumni\node_modules\.pnpm\ts-node@10.9.1_@swc+core@1.3.95_@types+node@18.17.2_typescript@5.1.3\node_modules\ts-node\src\index.ts:1379:34
    at Object.compile (C:\Users\Shailendra kumar\Desktop\masai-projects\masai-alumni\node_modules\.pnpm\ts-node@10.9.1_@swc+core@1.3.95_@types+node@18.17.2_typescript@5.1.3\node_modules\ts-node\src\index.ts:1458:13)
    at Module.m._compile (C:\Users\Shailendra kumar\Desktop\masai-projects\masai-alumni\node_modules\.pnpm\ts-node@10.9.1_@swc+core@1.3.95_@types+node@18.17.2_typescript@5.1.3\node_modules\ts-node\src\index.ts:1617:30)
    at Module._extensions..js (node:internal/modules/cjs/loader:1435:10)
    at Object.require.extensions.<computed> [as .ts] (C:\Users\Shailendra kumar\Desktop\masai-projects\masai-alumni\node_modules\.pnpm\ts-node@10.9.1_@swc+core@1.3.95_@types+node@18.17.2_typescript@5.1.3\node_modules\ts-node\src\index.ts:1621:12)
    at Module.load (node:internal/modules/cjs/loader:1207:32)
    at Function.Module._load (node:internal/modules/cjs/loader:1023:12)
    at Module.require (node:internal/modules/cjs/loader:1235:19)
2023-12-12 17:41:01 error: uncaughtException: ⨯ Unable to compile TypeScript:
src/controllers/profile.controller.ts(233,27): error TS1003: Identifier expected.

TSError: ⨯ Unable to compile TypeScript:
src/controllers/profile.controller.ts(233,27): error TS1003: Identifier expected.

    at createTSError (C:\Users\Shailendra kumar\Desktop\masai-projects\masai-alumni\node_modules\.pnpm\ts-node@10.9.1_@swc+core@1.3.95_@types+node@18.17.2_typescript@5.1.3\node_modules\ts-node\src\index.ts:859:12)
    at reportTSError (C:\Users\Shailendra kumar\Desktop\masai-projects\masai-alumni\node_modules\.pnpm\ts-node@10.9.1_@swc+core@1.3.95_@types+node@18.17.2_typescript@5.1.3\node_modules\ts-node\src\index.ts:863:19)
    at C:\Users\Shailendra kumar\Desktop\masai-projects\masai-alumni\node_modules\.pnpm\ts-node@10.9.1_@swc+core@1.3.95_@types+node@18.17.2_typescript@5.1.3\node_modules\ts-node\src\index.ts:1379:34
    at Object.compile (C:\Users\Shailendra kumar\Desktop\masai-projects\masai-alumni\node_modules\.pnpm\ts-node@10.9.1_@swc+core@1.3.95_@types+node@18.17.2_typescript@5.1.3\node_modules\ts-node\src\index.ts:1458:13)
    at Module.m._compile (C:\Users\Shailendra kumar\Desktop\masai-projects\masai-alumni\node_modules\.pnpm\ts-node@10.9.1_@swc+core@1.3.95_@types+node@18.17.2_typescript@5.1.3\node_modules\ts-node\src\index.ts:1617:30)
    at Module._extensions..js (node:internal/modules/cjs/loader:1435:10)
    at Object.require.extensions.<computed> [as .ts] (C:\Users\Shailendra kumar\Desktop\masai-projects\masai-alumni\node_modules\.pnpm\ts-node@10.9.1_@swc+core@1.3.95_@types+node@18.17.2_typescript@5.1.3\node_modules\ts-node\src\index.ts:1621:12)
    at Module.load (node:internal/modules/cjs/loader:1207:32)
    at Function.Module._load (node:internal/modules/cjs/loader:1023:12)
    at Module.require (node:internal/modules/cjs/loader:1235:19)
2023-12-12 17:41:42 error: uncaughtException: Unexpected token ';'
C:\Users\Shailendra kumar\Desktop\masai-projects\masai-alumni\apps\server\src\controllers\profile.controller.ts:165
        const ;
              ^

SyntaxError: Unexpected token ';'
    at internalCompileFunction (node:internal/vm:77:18)
    at wrapSafe (node:internal/modules/cjs/loader:1288:20)
    at Module._compile (node:internal/modules/cjs/loader:1340:27)
    at Module.m._compile (C:\Users\Shailendra kumar\Desktop\masai-projects\masai-alumni\node_modules\.pnpm\ts-node@10.9.1_@swc+core@1.3.95_@types+node@18.17.2_typescript@5.1.3\node_modules\ts-node\src\index.ts:1618:23)
    at Module._extensions..js (node:internal/modules/cjs/loader:1435:10)
    at Object.require.extensions.<computed> [as .ts] (C:\Users\Shailendra kumar\Desktop\masai-projects\masai-alumni\node_modules\.pnpm\ts-node@10.9.1_@swc+core@1.3.95_@types+node@18.17.2_typescript@5.1.3\node_modules\ts-node\src\index.ts:1621:12)
    at Module.load (node:internal/modules/cjs/loader:1207:32)
    at Function.Module._load (node:internal/modules/cjs/loader:1023:12)
    at Module.require (node:internal/modules/cjs/loader:1235:19)
    at require (node:internal/modules/helpers:176:18)
2023-12-12 17:41:45 error: uncaughtException: Missing initializer in const declaration
C:\Users\Shailendra kumar\Desktop\masai-projects\masai-alumni\apps\server\src\controllers\profile.controller.ts:165
        const userId;
              ^^^^^^

SyntaxError: Missing initializer in const declaration
    at internalCompileFunction (node:internal/vm:77:18)
    at wrapSafe (node:internal/modules/cjs/loader:1288:20)
    at Module._compile (node:internal/modules/cjs/loader:1340:27)
    at Module.m._compile (C:\Users\Shailendra kumar\Desktop\masai-projects\masai-alumni\node_modules\.pnpm\ts-node@10.9.1_@swc+core@1.3.95_@types+node@18.17.2_typescript@5.1.3\node_modules\ts-node\src\index.ts:1618:23)
    at Module._extensions..js (node:internal/modules/cjs/loader:1435:10)
    at Object.require.extensions.<computed> [as .ts] (C:\Users\Shailendra kumar\Desktop\masai-projects\masai-alumni\node_modules\.pnpm\ts-node@10.9.1_@swc+core@1.3.95_@types+node@18.17.2_typescript@5.1.3\node_modules\ts-node\src\index.ts:1621:12)
    at Module.load (node:internal/modules/cjs/loader:1207:32)
    at Function.Module._load (node:internal/modules/cjs/loader:1023:12)
    at Module.require (node:internal/modules/cjs/loader:1235:19)
    at require (node:internal/modules/helpers:176:18)
2023-12-12 17:41:48 error: uncaughtException: ⨯ Unable to compile TypeScript:
src/controllers/profile.controller.ts(250,3): error TS1109: Expression expected.

TSError: ⨯ Unable to compile TypeScript:
src/controllers/profile.controller.ts(250,3): error TS1109: Expression expected.

    at createTSError (C:\Users\Shailendra kumar\Desktop\masai-projects\masai-alumni\node_modules\.pnpm\ts-node@10.9.1_@swc+core@1.3.95_@types+node@18.17.2_typescript@5.1.3\node_modules\ts-node\src\index.ts:859:12)
    at reportTSError (C:\Users\Shailendra kumar\Desktop\masai-projects\masai-alumni\node_modules\.pnpm\ts-node@10.9.1_@swc+core@1.3.95_@types+node@18.17.2_typescript@5.1.3\node_modules\ts-node\src\index.ts:863:19)
    at C:\Users\Shailendra kumar\Desktop\masai-projects\masai-alumni\node_modules\.pnpm\ts-node@10.9.1_@swc+core@1.3.95_@types+node@18.17.2_typescript@5.1.3\node_modules\ts-node\src\index.ts:1379:34
    at Object.compile (C:\Users\Shailendra kumar\Desktop\masai-projects\masai-alumni\node_modules\.pnpm\ts-node@10.9.1_@swc+core@1.3.95_@types+node@18.17.2_typescript@5.1.3\node_modules\ts-node\src\index.ts:1458:13)
    at Module.m._compile (C:\Users\Shailendra kumar\Desktop\masai-projects\masai-alumni\node_modules\.pnpm\ts-node@10.9.1_@swc+core@1.3.95_@types+node@18.17.2_typescript@5.1.3\node_modules\ts-node\src\index.ts:1617:30)
    at Module._extensions..js (node:internal/modules/cjs/loader:1435:10)
    at Object.require.extensions.<computed> [as .ts] (C:\Users\Shailendra kumar\Desktop\masai-projects\masai-alumni\node_modules\.pnpm\ts-node@10.9.1_@swc+core@1.3.95_@types+node@18.17.2_typescript@5.1.3\node_modules\ts-node\src\index.ts:1621:12)
    at Module.load (node:internal/modules/cjs/loader:1207:32)
    at Function.Module._load (node:internal/modules/cjs/loader:1023:12)
    at Module.require (node:internal/modules/cjs/loader:1235:19)
2023-12-12 17:41:52 error: uncaughtException: ⨯ Unable to compile TypeScript:
src/controllers/profile.controller.ts(249,27): error TS1003: Identifier expected.

TSError: ⨯ Unable to compile TypeScript:
src/controllers/profile.controller.ts(249,27): error TS1003: Identifier expected.

    at createTSError (C:\Users\Shailendra kumar\Desktop\masai-projects\masai-alumni\node_modules\.pnpm\ts-node@10.9.1_@swc+core@1.3.95_@types+node@18.17.2_typescript@5.1.3\node_modules\ts-node\src\index.ts:859:12)
    at reportTSError (C:\Users\Shailendra kumar\Desktop\masai-projects\masai-alumni\node_modules\.pnpm\ts-node@10.9.1_@swc+core@1.3.95_@types+node@18.17.2_typescript@5.1.3\node_modules\ts-node\src\index.ts:863:19)
    at C:\Users\Shailendra kumar\Desktop\masai-projects\masai-alumni\node_modules\.pnpm\ts-node@10.9.1_@swc+core@1.3.95_@types+node@18.17.2_typescript@5.1.3\node_modules\ts-node\src\index.ts:1379:34
    at Object.compile (C:\Users\Shailendra kumar\Desktop\masai-projects\masai-alumni\node_modules\.pnpm\ts-node@10.9.1_@swc+core@1.3.95_@types+node@18.17.2_typescript@5.1.3\node_modules\ts-node\src\index.ts:1458:13)
    at Module.m._compile (C:\Users\Shailendra kumar\Desktop\masai-projects\masai-alumni\node_modules\.pnpm\ts-node@10.9.1_@swc+core@1.3.95_@types+node@18.17.2_typescript@5.1.3\node_modules\ts-node\src\index.ts:1617:30)
    at Module._extensions..js (node:internal/modules/cjs/loader:1435:10)
    at Object.require.extensions.<computed> [as .ts] (C:\Users\Shailendra kumar\Desktop\masai-projects\masai-alumni\node_modules\.pnpm\ts-node@10.9.1_@swc+core@1.3.95_@types+node@18.17.2_typescript@5.1.3\node_modules\ts-node\src\index.ts:1621:12)
    at Module.load (node:internal/modules/cjs/loader:1207:32)
    at Function.Module._load (node:internal/modules/cjs/loader:1023:12)
    at Module.require (node:internal/modules/cjs/loader:1235:19)
2023-12-12 17:42:21 error: uncaughtException: Missing initializer in const declaration
C:\Users\Shailendra kumar\Desktop\masai-projects\masai-alumni\apps\server\src\controllers\profile.controller.ts:177
        const user;
              ^^^^

SyntaxError: Missing initializer in const declaration
    at internalCompileFunction (node:internal/vm:77:18)
    at wrapSafe (node:internal/modules/cjs/loader:1288:20)
    at Module._compile (node:internal/modules/cjs/loader:1340:27)
    at Module.m._compile (C:\Users\Shailendra kumar\Desktop\masai-projects\masai-alumni\node_modules\.pnpm\ts-node@10.9.1_@swc+core@1.3.95_@types+node@18.17.2_typescript@5.1.3\node_modules\ts-node\src\index.ts:1618:23)
    at Module._extensions..js (node:internal/modules/cjs/loader:1435:10)
    at Object.require.extensions.<computed> [as .ts] (C:\Users\Shailendra kumar\Desktop\masai-projects\masai-alumni\node_modules\.pnpm\ts-node@10.9.1_@swc+core@1.3.95_@types+node@18.17.2_typescript@5.1.3\node_modules\ts-node\src\index.ts:1621:12)
    at Module.load (node:internal/modules/cjs/loader:1207:32)
    at Function.Module._load (node:internal/modules/cjs/loader:1023:12)
    at Module.require (node:internal/modules/cjs/loader:1235:19)
    at require (node:internal/modules/helpers:176:18)
2023-12-12 17:42:27 error: uncaughtException: ⨯ Unable to compile TypeScript:
src/controllers/profile.controller.ts(268,3): error TS1109: Expression expected.

TSError: ⨯ Unable to compile TypeScript:
src/controllers/profile.controller.ts(268,3): error TS1109: Expression expected.

    at createTSError (C:\Users\Shailendra kumar\Desktop\masai-projects\masai-alumni\node_modules\.pnpm\ts-node@10.9.1_@swc+core@1.3.95_@types+node@18.17.2_typescript@5.1.3\node_modules\ts-node\src\index.ts:859:12)
    at reportTSError (C:\Users\Shailendra kumar\Desktop\masai-projects\masai-alumni\node_modules\.pnpm\ts-node@10.9.1_@swc+core@1.3.95_@types+node@18.17.2_typescript@5.1.3\node_modules\ts-node\src\index.ts:863:19)
    at C:\Users\Shailendra kumar\Desktop\masai-projects\masai-alumni\node_modules\.pnpm\ts-node@10.9.1_@swc+core@1.3.95_@types+node@18.17.2_typescript@5.1.3\node_modules\ts-node\src\index.ts:1379:34
    at Object.compile (C:\Users\Shailendra kumar\Desktop\masai-projects\masai-alumni\node_modules\.pnpm\ts-node@10.9.1_@swc+core@1.3.95_@types+node@18.17.2_typescript@5.1.3\node_modules\ts-node\src\index.ts:1458:13)
    at Module.m._compile (C:\Users\Shailendra kumar\Desktop\masai-projects\masai-alumni\node_modules\.pnpm\ts-node@10.9.1_@swc+core@1.3.95_@types+node@18.17.2_typescript@5.1.3\node_modules\ts-node\src\index.ts:1617:30)
    at Module._extensions..js (node:internal/modules/cjs/loader:1435:10)
    at Object.require.extensions.<computed> [as .ts] (C:\Users\Shailendra kumar\Desktop\masai-projects\masai-alumni\node_modules\.pnpm\ts-node@10.9.1_@swc+core@1.3.95_@types+node@18.17.2_typescript@5.1.3\node_modules\ts-node\src\index.ts:1621:12)
    at Module.load (node:internal/modules/cjs/loader:1207:32)
    at Function.Module._load (node:internal/modules/cjs/loader:1023:12)
    at Module.require (node:internal/modules/cjs/loader:1235:19)
2023-12-12 17:43:16 error: uncaughtException: Unexpected token ';'
C:\Users\Shailendra kumar\Desktop\masai-projects\masai-alumni\apps\server\src\controllers\profile.controller.ts:189
        const ;
              ^

SyntaxError: Unexpected token ';'
    at internalCompileFunction (node:internal/vm:77:18)
    at wrapSafe (node:internal/modules/cjs/loader:1288:20)
    at Module._compile (node:internal/modules/cjs/loader:1340:27)
    at Module.m._compile (C:\Users\Shailendra kumar\Desktop\masai-projects\masai-alumni\node_modules\.pnpm\ts-node@10.9.1_@swc+core@1.3.95_@types+node@18.17.2_typescript@5.1.3\node_modules\ts-node\src\index.ts:1618:23)
    at Module._extensions..js (node:internal/modules/cjs/loader:1435:10)
    at Object.require.extensions.<computed> [as .ts] (C:\Users\Shailendra kumar\Desktop\masai-projects\masai-alumni\node_modules\.pnpm\ts-node@10.9.1_@swc+core@1.3.95_@types+node@18.17.2_typescript@5.1.3\node_modules\ts-node\src\index.ts:1621:12)
    at Module.load (node:internal/modules/cjs/loader:1207:32)
    at Function.Module._load (node:internal/modules/cjs/loader:1023:12)
    at Module.require (node:internal/modules/cjs/loader:1235:19)
    at require (node:internal/modules/helpers:176:18)
2023-12-12 17:43:27 error: uncaughtException: ⨯ Unable to compile TypeScript:
src/controllers/profile.controller.ts(289,3): error TS1109: Expression expected.

TSError: ⨯ Unable to compile TypeScript:
src/controllers/profile.controller.ts(289,3): error TS1109: Expression expected.

    at createTSError (C:\Users\Shailendra kumar\Desktop\masai-projects\masai-alumni\node_modules\.pnpm\ts-node@10.9.1_@swc+core@1.3.95_@types+node@18.17.2_typescript@5.1.3\node_modules\ts-node\src\index.ts:859:12)
    at reportTSError (C:\Users\Shailendra kumar\Desktop\masai-projects\masai-alumni\node_modules\.pnpm\ts-node@10.9.1_@swc+core@1.3.95_@types+node@18.17.2_typescript@5.1.3\node_modules\ts-node\src\index.ts:863:19)
    at C:\Users\Shailendra kumar\Desktop\masai-projects\masai-alumni\node_modules\.pnpm\ts-node@10.9.1_@swc+core@1.3.95_@types+node@18.17.2_typescript@5.1.3\node_modules\ts-node\src\index.ts:1379:34
    at Object.compile (C:\Users\Shailendra kumar\Desktop\masai-projects\masai-alumni\node_modules\.pnpm\ts-node@10.9.1_@swc+core@1.3.95_@types+node@18.17.2_typescript@5.1.3\node_modules\ts-node\src\index.ts:1458:13)
    at Module.m._compile (C:\Users\Shailendra kumar\Desktop\masai-projects\masai-alumni\node_modules\.pnpm\ts-node@10.9.1_@swc+core@1.3.95_@types+node@18.17.2_typescript@5.1.3\node_modules\ts-node\src\index.ts:1617:30)
    at Module._extensions..js (node:internal/modules/cjs/loader:1435:10)
    at Object.require.extensions.<computed> [as .ts] (C:\Users\Shailendra kumar\Desktop\masai-projects\masai-alumni\node_modules\.pnpm\ts-node@10.9.1_@swc+core@1.3.95_@types+node@18.17.2_typescript@5.1.3\node_modules\ts-node\src\index.ts:1621:12)
    at Module.load (node:internal/modules/cjs/loader:1207:32)
    at Function.Module._load (node:internal/modules/cjs/loader:1023:12)
    at Module.require (node:internal/modules/cjs/loader:1235:19)
2023-12-12 17:44:31 error: uncaughtException: Unexpected token ';'
C:\Users\Shailendra kumar\Desktop\masai-projects\masai-alumni\apps\server\src\controllers\profile.controller.ts:200
        const ;
              ^

SyntaxError: Unexpected token ';'
    at internalCompileFunction (node:internal/vm:77:18)
    at wrapSafe (node:internal/modules/cjs/loader:1288:20)
    at Module._compile (node:internal/modules/cjs/loader:1340:27)
    at Module.m._compile (C:\Users\Shailendra kumar\Desktop\masai-projects\masai-alumni\node_modules\.pnpm\ts-node@10.9.1_@swc+core@1.3.95_@types+node@18.17.2_typescript@5.1.3\node_modules\ts-node\src\index.ts:1618:23)
    at Module._extensions..js (node:internal/modules/cjs/loader:1435:10)
    at Object.require.extensions.<computed> [as .ts] (C:\Users\Shailendra kumar\Desktop\masai-projects\masai-alumni\node_modules\.pnpm\ts-node@10.9.1_@swc+core@1.3.95_@types+node@18.17.2_typescript@5.1.3\node_modules\ts-node\src\index.ts:1621:12)
    at Module.load (node:internal/modules/cjs/loader:1207:32)
    at Function.Module._load (node:internal/modules/cjs/loader:1023:12)
    at Module.require (node:internal/modules/cjs/loader:1235:19)
    at require (node:internal/modules/helpers:176:18)
2023-12-12 17:44:35 error: uncaughtException: ⨯ Unable to compile TypeScript:
src/controllers/profile.controller.ts(305,3): error TS1109: Expression expected.

TSError: ⨯ Unable to compile TypeScript:
src/controllers/profile.controller.ts(305,3): error TS1109: Expression expected.

    at createTSError (C:\Users\Shailendra kumar\Desktop\masai-projects\masai-alumni\node_modules\.pnpm\ts-node@10.9.1_@swc+core@1.3.95_@types+node@18.17.2_typescript@5.1.3\node_modules\ts-node\src\index.ts:859:12)
    at reportTSError (C:\Users\Shailendra kumar\Desktop\masai-projects\masai-alumni\node_modules\.pnpm\ts-node@10.9.1_@swc+core@1.3.95_@types+node@18.17.2_typescript@5.1.3\node_modules\ts-node\src\index.ts:863:19)
    at C:\Users\Shailendra kumar\Desktop\masai-projects\masai-alumni\node_modules\.pnpm\ts-node@10.9.1_@swc+core@1.3.95_@types+node@18.17.2_typescript@5.1.3\node_modules\ts-node\src\index.ts:1379:34
    at Object.compile (C:\Users\Shailendra kumar\Desktop\masai-projects\masai-alumni\node_modules\.pnpm\ts-node@10.9.1_@swc+core@1.3.95_@types+node@18.17.2_typescript@5.1.3\node_modules\ts-node\src\index.ts:1458:13)
    at Module.m._compile (C:\Users\Shailendra kumar\Desktop\masai-projects\masai-alumni\node_modules\.pnpm\ts-node@10.9.1_@swc+core@1.3.95_@types+node@18.17.2_typescript@5.1.3\node_modules\ts-node\src\index.ts:1617:30)
    at Module._extensions..js (node:internal/modules/cjs/loader:1435:10)
    at Object.require.extensions.<computed> [as .ts] (C:\Users\Shailendra kumar\Desktop\masai-projects\masai-alumni\node_modules\.pnpm\ts-node@10.9.1_@swc+core@1.3.95_@types+node@18.17.2_typescript@5.1.3\node_modules\ts-node\src\index.ts:1621:12)
    at Module.load (node:internal/modules/cjs/loader:1207:32)
    at Function.Module._load (node:internal/modules/cjs/loader:1023:12)
    at Module.require (node:internal/modules/cjs/loader:1235:19)
2023-12-12 17:49:34 error: uncaughtException: ⨯ Unable to compile TypeScript:
src/controllers/profile.controller.ts(126,7): error TS1005: ',' expected.
src/controllers/profile.controller.ts(126,14): error TS1005: ',' expected.

TSError: ⨯ Unable to compile TypeScript:
src/controllers/profile.controller.ts(126,7): error TS1005: ',' expected.
src/controllers/profile.controller.ts(126,14): error TS1005: ',' expected.

    at createTSError (C:\Users\Shailendra kumar\Desktop\masai-projects\masai-alumni\node_modules\.pnpm\ts-node@10.9.1_@swc+core@1.3.95_@types+node@18.17.2_typescript@5.1.3\node_modules\ts-node\src\index.ts:859:12)
    at reportTSError (C:\Users\Shailendra kumar\Desktop\masai-projects\masai-alumni\node_modules\.pnpm\ts-node@10.9.1_@swc+core@1.3.95_@types+node@18.17.2_typescript@5.1.3\node_modules\ts-node\src\index.ts:863:19)
    at C:\Users\Shailendra kumar\Desktop\masai-projects\masai-alumni\node_modules\.pnpm\ts-node@10.9.1_@swc+core@1.3.95_@types+node@18.17.2_typescript@5.1.3\node_modules\ts-node\src\index.ts:1379:34
    at Object.compile (C:\Users\Shailendra kumar\Desktop\masai-projects\masai-alumni\node_modules\.pnpm\ts-node@10.9.1_@swc+core@1.3.95_@types+node@18.17.2_typescript@5.1.3\node_modules\ts-node\src\index.ts:1458:13)
    at Module.m._compile (C:\Users\Shailendra kumar\Desktop\masai-projects\masai-alumni\node_modules\.pnpm\ts-node@10.9.1_@swc+core@1.3.95_@types+node@18.17.2_typescript@5.1.3\node_modules\ts-node\src\index.ts:1617:30)
    at Module._extensions..js (node:internal/modules/cjs/loader:1435:10)
    at Object.require.extensions.<computed> [as .ts] (C:\Users\Shailendra kumar\Desktop\masai-projects\masai-alumni\node_modules\.pnpm\ts-node@10.9.1_@swc+core@1.3.95_@types+node@18.17.2_typescript@5.1.3\node_modules\ts-node\src\index.ts:1621:12)
    at Module.load (node:internal/modules/cjs/loader:1207:32)
    at Function.Module._load (node:internal/modules/cjs/loader:1023:12)
    at Module.require (node:internal/modules/cjs/loader:1235:19)
2023-12-12 17:49:45 error: uncaughtException: ⨯ Unable to compile TypeScript:
src/controllers/profile.controller.ts(132,7): error TS1005: ',' expected.
src/controllers/profile.controller.ts(132,14): error TS1005: ',' expected.

TSError: ⨯ Unable to compile TypeScript:
src/controllers/profile.controller.ts(132,7): error TS1005: ',' expected.
src/controllers/profile.controller.ts(132,14): error TS1005: ',' expected.

    at createTSError (C:\Users\Shailendra kumar\Desktop\masai-projects\masai-alumni\node_modules\.pnpm\ts-node@10.9.1_@swc+core@1.3.95_@types+node@18.17.2_typescript@5.1.3\node_modules\ts-node\src\index.ts:859:12)
    at reportTSError (C:\Users\Shailendra kumar\Desktop\masai-projects\masai-alumni\node_modules\.pnpm\ts-node@10.9.1_@swc+core@1.3.95_@types+node@18.17.2_typescript@5.1.3\node_modules\ts-node\src\index.ts:863:19)
    at C:\Users\Shailendra kumar\Desktop\masai-projects\masai-alumni\node_modules\.pnpm\ts-node@10.9.1_@swc+core@1.3.95_@types+node@18.17.2_typescript@5.1.3\node_modules\ts-node\src\index.ts:1379:34
    at Object.compile (C:\Users\Shailendra kumar\Desktop\masai-projects\masai-alumni\node_modules\.pnpm\ts-node@10.9.1_@swc+core@1.3.95_@types+node@18.17.2_typescript@5.1.3\node_modules\ts-node\src\index.ts:1458:13)
    at Module.m._compile (C:\Users\Shailendra kumar\Desktop\masai-projects\masai-alumni\node_modules\.pnpm\ts-node@10.9.1_@swc+core@1.3.95_@types+node@18.17.2_typescript@5.1.3\node_modules\ts-node\src\index.ts:1617:30)
    at Module._extensions..js (node:internal/modules/cjs/loader:1435:10)
    at Object.require.extensions.<computed> [as .ts] (C:\Users\Shailendra kumar\Desktop\masai-projects\masai-alumni\node_modules\.pnpm\ts-node@10.9.1_@swc+core@1.3.95_@types+node@18.17.2_typescript@5.1.3\node_modules\ts-node\src\index.ts:1621:12)
    at Module.load (node:internal/modules/cjs/loader:1207:32)
    at Function.Module._load (node:internal/modules/cjs/loader:1023:12)
    at Module.require (node:internal/modules/cjs/loader:1235:19)
2023-12-12 17:49:50 error: uncaughtException: ⨯ Unable to compile TypeScript:
src/controllers/profile.controller.ts(132,7): error TS1005: ',' expected.
src/controllers/profile.controller.ts(132,14): error TS1005: ',' expected.

TSError: ⨯ Unable to compile TypeScript:
src/controllers/profile.controller.ts(132,7): error TS1005: ',' expected.
src/controllers/profile.controller.ts(132,14): error TS1005: ',' expected.

    at createTSError (C:\Users\Shailendra kumar\Desktop\masai-projects\masai-alumni\node_modules\.pnpm\ts-node@10.9.1_@swc+core@1.3.95_@types+node@18.17.2_typescript@5.1.3\node_modules\ts-node\src\index.ts:859:12)
    at reportTSError (C:\Users\Shailendra kumar\Desktop\masai-projects\masai-alumni\node_modules\.pnpm\ts-node@10.9.1_@swc+core@1.3.95_@types+node@18.17.2_typescript@5.1.3\node_modules\ts-node\src\index.ts:863:19)
    at C:\Users\Shailendra kumar\Desktop\masai-projects\masai-alumni\node_modules\.pnpm\ts-node@10.9.1_@swc+core@1.3.95_@types+node@18.17.2_typescript@5.1.3\node_modules\ts-node\src\index.ts:1379:34
    at Object.compile (C:\Users\Shailendra kumar\Desktop\masai-projects\masai-alumni\node_modules\.pnpm\ts-node@10.9.1_@swc+core@1.3.95_@types+node@18.17.2_typescript@5.1.3\node_modules\ts-node\src\index.ts:1458:13)
    at Module.m._compile (C:\Users\Shailendra kumar\Desktop\masai-projects\masai-alumni\node_modules\.pnpm\ts-node@10.9.1_@swc+core@1.3.95_@types+node@18.17.2_typescript@5.1.3\node_modules\ts-node\src\index.ts:1617:30)
    at Module._extensions..js (node:internal/modules/cjs/loader:1435:10)
    at Object.require.extensions.<computed> [as .ts] (C:\Users\Shailendra kumar\Desktop\masai-projects\masai-alumni\node_modules\.pnpm\ts-node@10.9.1_@swc+core@1.3.95_@types+node@18.17.2_typescript@5.1.3\node_modules\ts-node\src\index.ts:1621:12)
    at Module.load (node:internal/modules/cjs/loader:1207:32)
    at Function.Module._load (node:internal/modules/cjs/loader:1023:12)
    at Module.require (node:internal/modules/cjs/loader:1235:19)
2023-12-12 17:52:16 error: uncaughtException: Missing initializer in const declaration
C:\Users\Shailendra kumar\Desktop\masai-projects\masai-alumni\apps\server\src\controllers\profile.controller.ts:88
            const allExpe;
                  ^^^^^^^

SyntaxError: Missing initializer in const declaration
    at internalCompileFunction (node:internal/vm:77:18)
    at wrapSafe (node:internal/modules/cjs/loader:1288:20)
    at Module._compile (node:internal/modules/cjs/loader:1340:27)
    at Module.m._compile (C:\Users\Shailendra kumar\Desktop\masai-projects\masai-alumni\node_modules\.pnpm\ts-node@10.9.1_@swc+core@1.3.95_@types+node@18.17.2_typescript@5.1.3\node_modules\ts-node\src\index.ts:1618:23)
    at Module._extensions..js (node:internal/modules/cjs/loader:1435:10)
    at Object.require.extensions.<computed> [as .ts] (C:\Users\Shailendra kumar\Desktop\masai-projects\masai-alumni\node_modules\.pnpm\ts-node@10.9.1_@swc+core@1.3.95_@types+node@18.17.2_typescript@5.1.3\node_modules\ts-node\src\index.ts:1621:12)
    at Module.load (node:internal/modules/cjs/loader:1207:32)
    at Function.Module._load (node:internal/modules/cjs/loader:1023:12)
    at Module.require (node:internal/modules/cjs/loader:1235:19)
    at require (node:internal/modules/helpers:176:18)
2023-12-12 17:52:21 error: uncaughtException: Missing initializer in const declaration
C:\Users\Shailendra kumar\Desktop\masai-projects\masai-alumni\apps\server\src\controllers\profile.controller.ts:88
            const allExper;
                  ^^^^^^^^

SyntaxError: Missing initializer in const declaration
    at internalCompileFunction (node:internal/vm:77:18)
    at wrapSafe (node:internal/modules/cjs/loader:1288:20)
    at Module._compile (node:internal/modules/cjs/loader:1340:27)
    at Module.m._compile (C:\Users\Shailendra kumar\Desktop\masai-projects\masai-alumni\node_modules\.pnpm\ts-node@10.9.1_@swc+core@1.3.95_@types+node@18.17.2_typescript@5.1.3\node_modules\ts-node\src\index.ts:1618:23)
    at Module._extensions..js (node:internal/modules/cjs/loader:1435:10)
    at Object.require.extensions.<computed> [as .ts] (C:\Users\Shailendra kumar\Desktop\masai-projects\masai-alumni\node_modules\.pnpm\ts-node@10.9.1_@swc+core@1.3.95_@types+node@18.17.2_typescript@5.1.3\node_modules\ts-node\src\index.ts:1621:12)
    at Module.load (node:internal/modules/cjs/loader:1207:32)
    at Function.Module._load (node:internal/modules/cjs/loader:1023:12)
    at Module.require (node:internal/modules/cjs/loader:1235:19)
    at require (node:internal/modules/helpers:176:18)
2023-12-12 17:52:25 error: uncaughtException: Missing initializer in const declaration
C:\Users\Shailendra kumar\Desktop\masai-projects\masai-alumni\apps\server\src\controllers\profile.controller.ts:88
            const allExperiences;
                  ^^^^^^^^^^^^^^

SyntaxError: Missing initializer in const declaration
    at internalCompileFunction (node:internal/vm:77:18)
    at wrapSafe (node:internal/modules/cjs/loader:1288:20)
    at Module._compile (node:internal/modules/cjs/loader:1340:27)
    at Module.m._compile (C:\Users\Shailendra kumar\Desktop\masai-projects\masai-alumni\node_modules\.pnpm\ts-node@10.9.1_@swc+core@1.3.95_@types+node@18.17.2_typescript@5.1.3\node_modules\ts-node\src\index.ts:1618:23)
    at Module._extensions..js (node:internal/modules/cjs/loader:1435:10)
    at Object.require.extensions.<computed> [as .ts] (C:\Users\Shailendra kumar\Desktop\masai-projects\masai-alumni\node_modules\.pnpm\ts-node@10.9.1_@swc+core@1.3.95_@types+node@18.17.2_typescript@5.1.3\node_modules\ts-node\src\index.ts:1621:12)
    at Module.load (node:internal/modules/cjs/loader:1207:32)
    at Function.Module._load (node:internal/modules/cjs/loader:1023:12)
    at Module.require (node:internal/modules/cjs/loader:1235:19)
    at require (node:internal/modules/helpers:176:18)
2023-12-12 17:52:31 error: uncaughtException: Missing initializer in const declaration
C:\Users\Shailendra kumar\Desktop\masai-projects\masai-alumni\apps\server\src\controllers\profile.controller.ts:88
            const expe;
                  ^^^^

SyntaxError: Missing initializer in const declaration
    at internalCompileFunction (node:internal/vm:77:18)
    at wrapSafe (node:internal/modules/cjs/loader:1288:20)
    at Module._compile (node:internal/modules/cjs/loader:1340:27)
    at Module.m._compile (C:\Users\Shailendra kumar\Desktop\masai-projects\masai-alumni\node_modules\.pnpm\ts-node@10.9.1_@swc+core@1.3.95_@types+node@18.17.2_typescript@5.1.3\node_modules\ts-node\src\index.ts:1618:23)
    at Module._extensions..js (node:internal/modules/cjs/loader:1435:10)
    at Object.require.extensions.<computed> [as .ts] (C:\Users\Shailendra kumar\Desktop\masai-projects\masai-alumni\node_modules\.pnpm\ts-node@10.9.1_@swc+core@1.3.95_@types+node@18.17.2_typescript@5.1.3\node_modules\ts-node\src\index.ts:1621:12)
    at Module.load (node:internal/modules/cjs/loader:1207:32)
    at Function.Module._load (node:internal/modules/cjs/loader:1023:12)
    at Module.require (node:internal/modules/cjs/loader:1235:19)
    at require (node:internal/modules/helpers:176:18)
2023-12-12 17:53:48 error: uncaughtException: ⨯ Unable to compile TypeScript:
src/services/experience.service.ts(9,9): error TS1005: ';' expected.

TSError: ⨯ Unable to compile TypeScript:
src/services/experience.service.ts(9,9): error TS1005: ';' expected.

    at createTSError (C:\Users\Shailendra kumar\Desktop\masai-projects\masai-alumni\node_modules\.pnpm\ts-node@10.9.1_@swc+core@1.3.95_@types+node@18.17.2_typescript@5.1.3\node_modules\ts-node\src\index.ts:859:12)
    at reportTSError (C:\Users\Shailendra kumar\Desktop\masai-projects\masai-alumni\node_modules\.pnpm\ts-node@10.9.1_@swc+core@1.3.95_@types+node@18.17.2_typescript@5.1.3\node_modules\ts-node\src\index.ts:863:19)
    at C:\Users\Shailendra kumar\Desktop\masai-projects\masai-alumni\node_modules\.pnpm\ts-node@10.9.1_@swc+core@1.3.95_@types+node@18.17.2_typescript@5.1.3\node_modules\ts-node\src\index.ts:1379:34
    at Object.compile (C:\Users\Shailendra kumar\Desktop\masai-projects\masai-alumni\node_modules\.pnpm\ts-node@10.9.1_@swc+core@1.3.95_@types+node@18.17.2_typescript@5.1.3\node_modules\ts-node\src\index.ts:1458:13)
    at Module.m._compile (C:\Users\Shailendra kumar\Desktop\masai-projects\masai-alumni\node_modules\.pnpm\ts-node@10.9.1_@swc+core@1.3.95_@types+node@18.17.2_typescript@5.1.3\node_modules\ts-node\src\index.ts:1617:30)
    at Module._extensions..js (node:internal/modules/cjs/loader:1435:10)
    at Object.require.extensions.<computed> [as .ts] (C:\Users\Shailendra kumar\Desktop\masai-projects\masai-alumni\node_modules\.pnpm\ts-node@10.9.1_@swc+core@1.3.95_@types+node@18.17.2_typescript@5.1.3\node_modules\ts-node\src\index.ts:1621:12)
    at Module.load (node:internal/modules/cjs/loader:1207:32)
    at Function.Module._load (node:internal/modules/cjs/loader:1023:12)
    at Module.require (node:internal/modules/cjs/loader:1235:19)
2023-12-12 17:54:43 error: uncaughtException: ⨯ Unable to compile TypeScript:
src/services/experience.service.ts(10,9): error TS1005: ';' expected.

TSError: ⨯ Unable to compile TypeScript:
src/services/experience.service.ts(10,9): error TS1005: ';' expected.

    at createTSError (C:\Users\Shailendra kumar\Desktop\masai-projects\masai-alumni\node_modules\.pnpm\ts-node@10.9.1_@swc+core@1.3.95_@types+node@18.17.2_typescript@5.1.3\node_modules\ts-node\src\index.ts:859:12)
    at reportTSError (C:\Users\Shailendra kumar\Desktop\masai-projects\masai-alumni\node_modules\.pnpm\ts-node@10.9.1_@swc+core@1.3.95_@types+node@18.17.2_typescript@5.1.3\node_modules\ts-node\src\index.ts:863:19)
    at C:\Users\Shailendra kumar\Desktop\masai-projects\masai-alumni\node_modules\.pnpm\ts-node@10.9.1_@swc+core@1.3.95_@types+node@18.17.2_typescript@5.1.3\node_modules\ts-node\src\index.ts:1379:34
    at Object.compile (C:\Users\Shailendra kumar\Desktop\masai-projects\masai-alumni\node_modules\.pnpm\ts-node@10.9.1_@swc+core@1.3.95_@types+node@18.17.2_typescript@5.1.3\node_modules\ts-node\src\index.ts:1458:13)
    at Module.m._compile (C:\Users\Shailendra kumar\Desktop\masai-projects\masai-alumni\node_modules\.pnpm\ts-node@10.9.1_@swc+core@1.3.95_@types+node@18.17.2_typescript@5.1.3\node_modules\ts-node\src\index.ts:1617:30)
    at Module._extensions..js (node:internal/modules/cjs/loader:1435:10)
    at Object.require.extensions.<computed> [as .ts] (C:\Users\Shailendra kumar\Desktop\masai-projects\masai-alumni\node_modules\.pnpm\ts-node@10.9.1_@swc+core@1.3.95_@types+node@18.17.2_typescript@5.1.3\node_modules\ts-node\src\index.ts:1621:12)
    at Module.load (node:internal/modules/cjs/loader:1207:32)
    at Function.Module._load (node:internal/modules/cjs/loader:1023:12)
    at Module.require (node:internal/modules/cjs/loader:1235:19)
2023-12-12 17:54:45 error: uncaughtException: ⨯ Unable to compile TypeScript:
src/services/experience.service.ts(10,9): error TS1005: ';' expected.

TSError: ⨯ Unable to compile TypeScript:
src/services/experience.service.ts(10,9): error TS1005: ';' expected.

    at createTSError (C:\Users\Shailendra kumar\Desktop\masai-projects\masai-alumni\node_modules\.pnpm\ts-node@10.9.1_@swc+core@1.3.95_@types+node@18.17.2_typescript@5.1.3\node_modules\ts-node\src\index.ts:859:12)
    at reportTSError (C:\Users\Shailendra kumar\Desktop\masai-projects\masai-alumni\node_modules\.pnpm\ts-node@10.9.1_@swc+core@1.3.95_@types+node@18.17.2_typescript@5.1.3\node_modules\ts-node\src\index.ts:863:19)
    at C:\Users\Shailendra kumar\Desktop\masai-projects\masai-alumni\node_modules\.pnpm\ts-node@10.9.1_@swc+core@1.3.95_@types+node@18.17.2_typescript@5.1.3\node_modules\ts-node\src\index.ts:1379:34
    at Object.compile (C:\Users\Shailendra kumar\Desktop\masai-projects\masai-alumni\node_modules\.pnpm\ts-node@10.9.1_@swc+core@1.3.95_@types+node@18.17.2_typescript@5.1.3\node_modules\ts-node\src\index.ts:1458:13)
    at Module.m._compile (C:\Users\Shailendra kumar\Desktop\masai-projects\masai-alumni\node_modules\.pnpm\ts-node@10.9.1_@swc+core@1.3.95_@types+node@18.17.2_typescript@5.1.3\node_modules\ts-node\src\index.ts:1617:30)
    at Module._extensions..js (node:internal/modules/cjs/loader:1435:10)
    at Object.require.extensions.<computed> [as .ts] (C:\Users\Shailendra kumar\Desktop\masai-projects\masai-alumni\node_modules\.pnpm\ts-node@10.9.1_@swc+core@1.3.95_@types+node@18.17.2_typescript@5.1.3\node_modules\ts-node\src\index.ts:1621:12)
    at Module.load (node:internal/modules/cjs/loader:1207:32)
    at Function.Module._load (node:internal/modules/cjs/loader:1023:12)
    at Module.require (node:internal/modules/cjs/loader:1235:19)
2023-12-12 17:55:01 error: uncaughtException: Missing initializer in const declaration
C:\Users\Shailendra kumar\Desktop\masai-projects\masai-alumni\apps\server\src\services\experience.service.ts:13
            const exper;
                  ^^^^^

SyntaxError: Missing initializer in const declaration
    at internalCompileFunction (node:internal/vm:77:18)
    at wrapSafe (node:internal/modules/cjs/loader:1288:20)
    at Module._compile (node:internal/modules/cjs/loader:1340:27)
    at Module.m._compile (C:\Users\Shailendra kumar\Desktop\masai-projects\masai-alumni\node_modules\.pnpm\ts-node@10.9.1_@swc+core@1.3.95_@types+node@18.17.2_typescript@5.1.3\node_modules\ts-node\src\index.ts:1618:23)
    at Module._extensions..js (node:internal/modules/cjs/loader:1435:10)
    at Object.require.extensions.<computed> [as .ts] (C:\Users\Shailendra kumar\Desktop\masai-projects\masai-alumni\node_modules\.pnpm\ts-node@10.9.1_@swc+core@1.3.95_@types+node@18.17.2_typescript@5.1.3\node_modules\ts-node\src\index.ts:1621:12)
    at Module.load (node:internal/modules/cjs/loader:1207:32)
    at Function.Module._load (node:internal/modules/cjs/loader:1023:12)
    at Module.require (node:internal/modules/cjs/loader:1235:19)
    at require (node:internal/modules/helpers:176:18)
2023-12-12 17:55:08 error: uncaughtException: ⨯ Unable to compile TypeScript:
src/services/experience.service.ts(18,42): error TS1003: Identifier expected.

TSError: ⨯ Unable to compile TypeScript:
src/services/experience.service.ts(18,42): error TS1003: Identifier expected.

    at createTSError (C:\Users\Shailendra kumar\Desktop\masai-projects\masai-alumni\node_modules\.pnpm\ts-node@10.9.1_@swc+core@1.3.95_@types+node@18.17.2_typescript@5.1.3\node_modules\ts-node\src\index.ts:859:12)
    at reportTSError (C:\Users\Shailendra kumar\Desktop\masai-projects\masai-alumni\node_modules\.pnpm\ts-node@10.9.1_@swc+core@1.3.95_@types+node@18.17.2_typescript@5.1.3\node_modules\ts-node\src\index.ts:863:19)
    at C:\Users\Shailendra kumar\Desktop\masai-projects\masai-alumni\node_modules\.pnpm\ts-node@10.9.1_@swc+core@1.3.95_@types+node@18.17.2_typescript@5.1.3\node_modules\ts-node\src\index.ts:1379:34
    at Object.compile (C:\Users\Shailendra kumar\Desktop\masai-projects\masai-alumni\node_modules\.pnpm\ts-node@10.9.1_@swc+core@1.3.95_@types+node@18.17.2_typescript@5.1.3\node_modules\ts-node\src\index.ts:1458:13)
    at Module.m._compile (C:\Users\Shailendra kumar\Desktop\masai-projects\masai-alumni\node_modules\.pnpm\ts-node@10.9.1_@swc+core@1.3.95_@types+node@18.17.2_typescript@5.1.3\node_modules\ts-node\src\index.ts:1617:30)
    at Module._extensions..js (node:internal/modules/cjs/loader:1435:10)
    at Object.require.extensions.<computed> [as .ts] (C:\Users\Shailendra kumar\Desktop\masai-projects\masai-alumni\node_modules\.pnpm\ts-node@10.9.1_@swc+core@1.3.95_@types+node@18.17.2_typescript@5.1.3\node_modules\ts-node\src\index.ts:1621:12)
    at Module.load (node:internal/modules/cjs/loader:1207:32)
    at Function.Module._load (node:internal/modules/cjs/loader:1023:12)
    at Module.require (node:internal/modules/cjs/loader:1235:19)
2023-12-12 17:55:25 error: uncaughtException: ⨯ Unable to compile TypeScript:
src/services/experience.service.ts(19,42): error TS1003: Identifier expected.

TSError: ⨯ Unable to compile TypeScript:
src/services/experience.service.ts(19,42): error TS1003: Identifier expected.

    at createTSError (C:\Users\Shailendra kumar\Desktop\masai-projects\masai-alumni\node_modules\.pnpm\ts-node@10.9.1_@swc+core@1.3.95_@types+node@18.17.2_typescript@5.1.3\node_modules\ts-node\src\index.ts:859:12)
    at reportTSError (C:\Users\Shailendra kumar\Desktop\masai-projects\masai-alumni\node_modules\.pnpm\ts-node@10.9.1_@swc+core@1.3.95_@types+node@18.17.2_typescript@5.1.3\node_modules\ts-node\src\index.ts:863:19)
    at C:\Users\Shailendra kumar\Desktop\masai-projects\masai-alumni\node_modules\.pnpm\ts-node@10.9.1_@swc+core@1.3.95_@types+node@18.17.2_typescript@5.1.3\node_modules\ts-node\src\index.ts:1379:34
    at Object.compile (C:\Users\Shailendra kumar\Desktop\masai-projects\masai-alumni\node_modules\.pnpm\ts-node@10.9.1_@swc+core@1.3.95_@types+node@18.17.2_typescript@5.1.3\node_modules\ts-node\src\index.ts:1458:13)
    at Module.m._compile (C:\Users\Shailendra kumar\Desktop\masai-projects\masai-alumni\node_modules\.pnpm\ts-node@10.9.1_@swc+core@1.3.95_@types+node@18.17.2_typescript@5.1.3\node_modules\ts-node\src\index.ts:1617:30)
    at Module._extensions..js (node:internal/modules/cjs/loader:1435:10)
    at Object.require.extensions.<computed> [as .ts] (C:\Users\Shailendra kumar\Desktop\masai-projects\masai-alumni\node_modules\.pnpm\ts-node@10.9.1_@swc+core@1.3.95_@types+node@18.17.2_typescript@5.1.3\node_modules\ts-node\src\index.ts:1621:12)
    at Module.load (node:internal/modules/cjs/loader:1207:32)
    at Function.Module._load (node:internal/modules/cjs/loader:1023:12)
    at Module.require (node:internal/modules/cjs/loader:1235:19)
2023-12-12 17:55:28 error: uncaughtException: ⨯ Unable to compile TypeScript:
src/services/experience.service.ts(19,58): error TS1003: Identifier expected.

TSError: ⨯ Unable to compile TypeScript:
src/services/experience.service.ts(19,58): error TS1003: Identifier expected.

    at createTSError (C:\Users\Shailendra kumar\Desktop\masai-projects\masai-alumni\node_modules\.pnpm\ts-node@10.9.1_@swc+core@1.3.95_@types+node@18.17.2_typescript@5.1.3\node_modules\ts-node\src\index.ts:859:12)
    at reportTSError (C:\Users\Shailendra kumar\Desktop\masai-projects\masai-alumni\node_modules\.pnpm\ts-node@10.9.1_@swc+core@1.3.95_@types+node@18.17.2_typescript@5.1.3\node_modules\ts-node\src\index.ts:863:19)
    at C:\Users\Shailendra kumar\Desktop\masai-projects\masai-alumni\node_modules\.pnpm\ts-node@10.9.1_@swc+core@1.3.95_@types+node@18.17.2_typescript@5.1.3\node_modules\ts-node\src\index.ts:1379:34
    at Object.compile (C:\Users\Shailendra kumar\Desktop\masai-projects\masai-alumni\node_modules\.pnpm\ts-node@10.9.1_@swc+core@1.3.95_@types+node@18.17.2_typescript@5.1.3\node_modules\ts-node\src\index.ts:1458:13)
    at Module.m._compile (C:\Users\Shailendra kumar\Desktop\masai-projects\masai-alumni\node_modules\.pnpm\ts-node@10.9.1_@swc+core@1.3.95_@types+node@18.17.2_typescript@5.1.3\node_modules\ts-node\src\index.ts:1617:30)
    at Module._extensions..js (node:internal/modules/cjs/loader:1435:10)
    at Object.require.extensions.<computed> [as .ts] (C:\Users\Shailendra kumar\Desktop\masai-projects\masai-alumni\node_modules\.pnpm\ts-node@10.9.1_@swc+core@1.3.95_@types+node@18.17.2_typescript@5.1.3\node_modules\ts-node\src\index.ts:1621:12)
    at Module.load (node:internal/modules/cjs/loader:1207:32)
    at Function.Module._load (node:internal/modules/cjs/loader:1023:12)
    at Module.require (node:internal/modules/cjs/loader:1235:19)
2023-12-12 17:56:56 error: uncaughtException: ⨯ Unable to compile TypeScript:
src/services/experience.service.ts(19,93): error TS1003: Identifier expected.

TSError: ⨯ Unable to compile TypeScript:
src/services/experience.service.ts(19,93): error TS1003: Identifier expected.

    at createTSError (C:\Users\Shailendra kumar\Desktop\masai-projects\masai-alumni\node_modules\.pnpm\ts-node@10.9.1_@swc+core@1.3.95_@types+node@18.17.2_typescript@5.1.3\node_modules\ts-node\src\index.ts:859:12)
    at reportTSError (C:\Users\Shailendra kumar\Desktop\masai-projects\masai-alumni\node_modules\.pnpm\ts-node@10.9.1_@swc+core@1.3.95_@types+node@18.17.2_typescript@5.1.3\node_modules\ts-node\src\index.ts:863:19)
    at C:\Users\Shailendra kumar\Desktop\masai-projects\masai-alumni\node_modules\.pnpm\ts-node@10.9.1_@swc+core@1.3.95_@types+node@18.17.2_typescript@5.1.3\node_modules\ts-node\src\index.ts:1379:34
    at Object.compile (C:\Users\Shailendra kumar\Desktop\masai-projects\masai-alumni\node_modules\.pnpm\ts-node@10.9.1_@swc+core@1.3.95_@types+node@18.17.2_typescript@5.1.3\node_modules\ts-node\src\index.ts:1458:13)
    at Module.m._compile (C:\Users\Shailendra kumar\Desktop\masai-projects\masai-alumni\node_modules\.pnpm\ts-node@10.9.1_@swc+core@1.3.95_@types+node@18.17.2_typescript@5.1.3\node_modules\ts-node\src\index.ts:1617:30)
    at Module._extensions..js (node:internal/modules/cjs/loader:1435:10)
    at Object.require.extensions.<computed> [as .ts] (C:\Users\Shailendra kumar\Desktop\masai-projects\masai-alumni\node_modules\.pnpm\ts-node@10.9.1_@swc+core@1.3.95_@types+node@18.17.2_typescript@5.1.3\node_modules\ts-node\src\index.ts:1621:12)
    at Module.load (node:internal/modules/cjs/loader:1207:32)
    at Function.Module._load (node:internal/modules/cjs/loader:1023:12)
    at Module.require (node:internal/modules/cjs/loader:1235:19)
2023-12-12 17:57:50 error: uncaughtException: ⨯ Unable to compile TypeScript:
src/services/experience.service.ts(21,19): error TS1003: Identifier expected.

TSError: ⨯ Unable to compile TypeScript:
src/services/experience.service.ts(21,19): error TS1003: Identifier expected.

    at createTSError (C:\Users\Shailendra kumar\Desktop\masai-projects\masai-alumni\node_modules\.pnpm\ts-node@10.9.1_@swc+core@1.3.95_@types+node@18.17.2_typescript@5.1.3\node_modules\ts-node\src\index.ts:859:12)
    at reportTSError (C:\Users\Shailendra kumar\Desktop\masai-projects\masai-alumni\node_modules\.pnpm\ts-node@10.9.1_@swc+core@1.3.95_@types+node@18.17.2_typescript@5.1.3\node_modules\ts-node\src\index.ts:863:19)
    at C:\Users\Shailendra kumar\Desktop\masai-projects\masai-alumni\node_modules\.pnpm\ts-node@10.9.1_@swc+core@1.3.95_@types+node@18.17.2_typescript@5.1.3\node_modules\ts-node\src\index.ts:1379:34
    at Object.compile (C:\Users\Shailendra kumar\Desktop\masai-projects\masai-alumni\node_modules\.pnpm\ts-node@10.9.1_@swc+core@1.3.95_@types+node@18.17.2_typescript@5.1.3\node_modules\ts-node\src\index.ts:1458:13)
    at Module.m._compile (C:\Users\Shailendra kumar\Desktop\masai-projects\masai-alumni\node_modules\.pnpm\ts-node@10.9.1_@swc+core@1.3.95_@types+node@18.17.2_typescript@5.1.3\node_modules\ts-node\src\index.ts:1617:30)
    at Module._extensions..js (node:internal/modules/cjs/loader:1435:10)
    at Object.require.extensions.<computed> [as .ts] (C:\Users\Shailendra kumar\Desktop\masai-projects\masai-alumni\node_modules\.pnpm\ts-node@10.9.1_@swc+core@1.3.95_@types+node@18.17.2_typescript@5.1.3\node_modules\ts-node\src\index.ts:1621:12)
    at Module.load (node:internal/modules/cjs/loader:1207:32)
    at Function.Module._load (node:internal/modules/cjs/loader:1023:12)
    at Module.require (node:internal/modules/cjs/loader:1235:19)
2023-12-12 17:58:07 error: uncaughtException: ⨯ Unable to compile TypeScript:
src/services/experience.service.ts(21,28): error TS1109: Expression expected.

TSError: ⨯ Unable to compile TypeScript:
src/services/experience.service.ts(21,28): error TS1109: Expression expected.

    at createTSError (C:\Users\Shailendra kumar\Desktop\masai-projects\masai-alumni\node_modules\.pnpm\ts-node@10.9.1_@swc+core@1.3.95_@types+node@18.17.2_typescript@5.1.3\node_modules\ts-node\src\index.ts:859:12)
    at reportTSError (C:\Users\Shailendra kumar\Desktop\masai-projects\masai-alumni\node_modules\.pnpm\ts-node@10.9.1_@swc+core@1.3.95_@types+node@18.17.2_typescript@5.1.3\node_modules\ts-node\src\index.ts:863:19)
    at C:\Users\Shailendra kumar\Desktop\masai-projects\masai-alumni\node_modules\.pnpm\ts-node@10.9.1_@swc+core@1.3.95_@types+node@18.17.2_typescript@5.1.3\node_modules\ts-node\src\index.ts:1379:34
    at Object.compile (C:\Users\Shailendra kumar\Desktop\masai-projects\masai-alumni\node_modules\.pnpm\ts-node@10.9.1_@swc+core@1.3.95_@types+node@18.17.2_typescript@5.1.3\node_modules\ts-node\src\index.ts:1458:13)
    at Module.m._compile (C:\Users\Shailendra kumar\Desktop\masai-projects\masai-alumni\node_modules\.pnpm\ts-node@10.9.1_@swc+core@1.3.95_@types+node@18.17.2_typescript@5.1.3\node_modules\ts-node\src\index.ts:1617:30)
    at Module._extensions..js (node:internal/modules/cjs/loader:1435:10)
    at Object.require.extensions.<computed> [as .ts] (C:\Users\Shailendra kumar\Desktop\masai-projects\masai-alumni\node_modules\.pnpm\ts-node@10.9.1_@swc+core@1.3.95_@types+node@18.17.2_typescript@5.1.3\node_modules\ts-node\src\index.ts:1621:12)
    at Module.load (node:internal/modules/cjs/loader:1207:32)
    at Function.Module._load (node:internal/modules/cjs/loader:1023:12)
    at Module.require (node:internal/modules/cjs/loader:1235:19)
2023-12-12 17:58:13 error: uncaughtException: ⨯ Unable to compile TypeScript:
src/services/experience.service.ts(21,26): error TS1003: Identifier expected.
src/services/experience.service.ts(21,27): error TS1005: ',' expected.

TSError: ⨯ Unable to compile TypeScript:
src/services/experience.service.ts(21,26): error TS1003: Identifier expected.
src/services/experience.service.ts(21,27): error TS1005: ',' expected.

    at createTSError (C:\Users\Shailendra kumar\Desktop\masai-projects\masai-alumni\node_modules\.pnpm\ts-node@10.9.1_@swc+core@1.3.95_@types+node@18.17.2_typescript@5.1.3\node_modules\ts-node\src\index.ts:859:12)
    at reportTSError (C:\Users\Shailendra kumar\Desktop\masai-projects\masai-alumni\node_modules\.pnpm\ts-node@10.9.1_@swc+core@1.3.95_@types+node@18.17.2_typescript@5.1.3\node_modules\ts-node\src\index.ts:863:19)
    at C:\Users\Shailendra kumar\Desktop\masai-projects\masai-alumni\node_modules\.pnpm\ts-node@10.9.1_@swc+core@1.3.95_@types+node@18.17.2_typescript@5.1.3\node_modules\ts-node\src\index.ts:1379:34
    at Object.compile (C:\Users\Shailendra kumar\Desktop\masai-projects\masai-alumni\node_modules\.pnpm\ts-node@10.9.1_@swc+core@1.3.95_@types+node@18.17.2_typescript@5.1.3\node_modules\ts-node\src\index.ts:1458:13)
    at Module.m._compile (C:\Users\Shailendra kumar\Desktop\masai-projects\masai-alumni\node_modules\.pnpm\ts-node@10.9.1_@swc+core@1.3.95_@types+node@18.17.2_typescript@5.1.3\node_modules\ts-node\src\index.ts:1617:30)
    at Module._extensions..js (node:internal/modules/cjs/loader:1435:10)
    at Object.require.extensions.<computed> [as .ts] (C:\Users\Shailendra kumar\Desktop\masai-projects\masai-alumni\node_modules\.pnpm\ts-node@10.9.1_@swc+core@1.3.95_@types+node@18.17.2_typescript@5.1.3\node_modules\ts-node\src\index.ts:1621:12)
    at Module.load (node:internal/modules/cjs/loader:1207:32)
    at Function.Module._load (node:internal/modules/cjs/loader:1023:12)
    at Module.require (node:internal/modules/cjs/loader:1235:19)
2023-12-12 17:58:24 error: uncaughtException: ⨯ Unable to compile TypeScript:
src/services/experience.service.ts(21,31): error TS1005: ',' expected.

TSError: ⨯ Unable to compile TypeScript:
src/services/experience.service.ts(21,31): error TS1005: ',' expected.

    at createTSError (C:\Users\Shailendra kumar\Desktop\masai-projects\masai-alumni\node_modules\.pnpm\ts-node@10.9.1_@swc+core@1.3.95_@types+node@18.17.2_typescript@5.1.3\node_modules\ts-node\src\index.ts:859:12)
    at reportTSError (C:\Users\Shailendra kumar\Desktop\masai-projects\masai-alumni\node_modules\.pnpm\ts-node@10.9.1_@swc+core@1.3.95_@types+node@18.17.2_typescript@5.1.3\node_modules\ts-node\src\index.ts:863:19)
    at C:\Users\Shailendra kumar\Desktop\masai-projects\masai-alumni\node_modules\.pnpm\ts-node@10.9.1_@swc+core@1.3.95_@types+node@18.17.2_typescript@5.1.3\node_modules\ts-node\src\index.ts:1379:34
    at Object.compile (C:\Users\Shailendra kumar\Desktop\masai-projects\masai-alumni\node_modules\.pnpm\ts-node@10.9.1_@swc+core@1.3.95_@types+node@18.17.2_typescript@5.1.3\node_modules\ts-node\src\index.ts:1458:13)
    at Module.m._compile (C:\Users\Shailendra kumar\Desktop\masai-projects\masai-alumni\node_modules\.pnpm\ts-node@10.9.1_@swc+core@1.3.95_@types+node@18.17.2_typescript@5.1.3\node_modules\ts-node\src\index.ts:1617:30)
    at Module._extensions..js (node:internal/modules/cjs/loader:1435:10)
    at Object.require.extensions.<computed> [as .ts] (C:\Users\Shailendra kumar\Desktop\masai-projects\masai-alumni\node_modules\.pnpm\ts-node@10.9.1_@swc+core@1.3.95_@types+node@18.17.2_typescript@5.1.3\node_modules\ts-node\src\index.ts:1621:12)
    at Module.load (node:internal/modules/cjs/loader:1207:32)
    at Function.Module._load (node:internal/modules/cjs/loader:1023:12)
    at Module.require (node:internal/modules/cjs/loader:1235:19)
2023-12-12 17:58:27 error: uncaughtException: ⨯ Unable to compile TypeScript:
src/services/experience.service.ts(21,28): error TS1109: Expression expected.

TSError: ⨯ Unable to compile TypeScript:
src/services/experience.service.ts(21,28): error TS1109: Expression expected.

    at createTSError (C:\Users\Shailendra kumar\Desktop\masai-projects\masai-alumni\node_modules\.pnpm\ts-node@10.9.1_@swc+core@1.3.95_@types+node@18.17.2_typescript@5.1.3\node_modules\ts-node\src\index.ts:859:12)
    at reportTSError (C:\Users\Shailendra kumar\Desktop\masai-projects\masai-alumni\node_modules\.pnpm\ts-node@10.9.1_@swc+core@1.3.95_@types+node@18.17.2_typescript@5.1.3\node_modules\ts-node\src\index.ts:863:19)
    at C:\Users\Shailendra kumar\Desktop\masai-projects\masai-alumni\node_modules\.pnpm\ts-node@10.9.1_@swc+core@1.3.95_@types+node@18.17.2_typescript@5.1.3\node_modules\ts-node\src\index.ts:1379:34
    at Object.compile (C:\Users\Shailendra kumar\Desktop\masai-projects\masai-alumni\node_modules\.pnpm\ts-node@10.9.1_@swc+core@1.3.95_@types+node@18.17.2_typescript@5.1.3\node_modules\ts-node\src\index.ts:1458:13)
    at Module.m._compile (C:\Users\Shailendra kumar\Desktop\masai-projects\masai-alumni\node_modules\.pnpm\ts-node@10.9.1_@swc+core@1.3.95_@types+node@18.17.2_typescript@5.1.3\node_modules\ts-node\src\index.ts:1617:30)
    at Module._extensions..js (node:internal/modules/cjs/loader:1435:10)
    at Object.require.extensions.<computed> [as .ts] (C:\Users\Shailendra kumar\Desktop\masai-projects\masai-alumni\node_modules\.pnpm\ts-node@10.9.1_@swc+core@1.3.95_@types+node@18.17.2_typescript@5.1.3\node_modules\ts-node\src\index.ts:1621:12)
    at Module.load (node:internal/modules/cjs/loader:1207:32)
    at Function.Module._load (node:internal/modules/cjs/loader:1023:12)
    at Module.require (node:internal/modules/cjs/loader:1235:19)
2023-12-12 17:59:45 error: uncaughtException: ⨯ Unable to compile TypeScript:
src/services/experience.service.ts(24,7): error TS1109: Expression expected.

TSError: ⨯ Unable to compile TypeScript:
src/services/experience.service.ts(24,7): error TS1109: Expression expected.

    at createTSError (C:\Users\Shailendra kumar\Desktop\masai-projects\masai-alumni\node_modules\.pnpm\ts-node@10.9.1_@swc+core@1.3.95_@types+node@18.17.2_typescript@5.1.3\node_modules\ts-node\src\index.ts:859:12)
    at reportTSError (C:\Users\Shailendra kumar\Desktop\masai-projects\masai-alumni\node_modules\.pnpm\ts-node@10.9.1_@swc+core@1.3.95_@types+node@18.17.2_typescript@5.1.3\node_modules\ts-node\src\index.ts:863:19)
    at C:\Users\Shailendra kumar\Desktop\masai-projects\masai-alumni\node_modules\.pnpm\ts-node@10.9.1_@swc+core@1.3.95_@types+node@18.17.2_typescript@5.1.3\node_modules\ts-node\src\index.ts:1379:34
    at Object.compile (C:\Users\Shailendra kumar\Desktop\masai-projects\masai-alumni\node_modules\.pnpm\ts-node@10.9.1_@swc+core@1.3.95_@types+node@18.17.2_typescript@5.1.3\node_modules\ts-node\src\index.ts:1458:13)
    at Module.m._compile (C:\Users\Shailendra kumar\Desktop\masai-projects\masai-alumni\node_modules\.pnpm\ts-node@10.9.1_@swc+core@1.3.95_@types+node@18.17.2_typescript@5.1.3\node_modules\ts-node\src\index.ts:1617:30)
    at Module._extensions..js (node:internal/modules/cjs/loader:1435:10)
    at Object.require.extensions.<computed> [as .ts] (C:\Users\Shailendra kumar\Desktop\masai-projects\masai-alumni\node_modules\.pnpm\ts-node@10.9.1_@swc+core@1.3.95_@types+node@18.17.2_typescript@5.1.3\node_modules\ts-node\src\index.ts:1621:12)
    at Module.load (node:internal/modules/cjs/loader:1207:32)
    at Function.Module._load (node:internal/modules/cjs/loader:1023:12)
    at Module.require (node:internal/modules/cjs/loader:1235:19)
2023-12-12 17:59:51 error: uncaughtException: ⨯ Unable to compile TypeScript:
src/services/experience.service.ts(24,7): error TS1109: Expression expected.

TSError: ⨯ Unable to compile TypeScript:
src/services/experience.service.ts(24,7): error TS1109: Expression expected.

    at createTSError (C:\Users\Shailendra kumar\Desktop\masai-projects\masai-alumni\node_modules\.pnpm\ts-node@10.9.1_@swc+core@1.3.95_@types+node@18.17.2_typescript@5.1.3\node_modules\ts-node\src\index.ts:859:12)
    at reportTSError (C:\Users\Shailendra kumar\Desktop\masai-projects\masai-alumni\node_modules\.pnpm\ts-node@10.9.1_@swc+core@1.3.95_@types+node@18.17.2_typescript@5.1.3\node_modules\ts-node\src\index.ts:863:19)
    at C:\Users\Shailendra kumar\Desktop\masai-projects\masai-alumni\node_modules\.pnpm\ts-node@10.9.1_@swc+core@1.3.95_@types+node@18.17.2_typescript@5.1.3\node_modules\ts-node\src\index.ts:1379:34
    at Object.compile (C:\Users\Shailendra kumar\Desktop\masai-projects\masai-alumni\node_modules\.pnpm\ts-node@10.9.1_@swc+core@1.3.95_@types+node@18.17.2_typescript@5.1.3\node_modules\ts-node\src\index.ts:1458:13)
    at Module.m._compile (C:\Users\Shailendra kumar\Desktop\masai-projects\masai-alumni\node_modules\.pnpm\ts-node@10.9.1_@swc+core@1.3.95_@types+node@18.17.2_typescript@5.1.3\node_modules\ts-node\src\index.ts:1617:30)
    at Module._extensions..js (node:internal/modules/cjs/loader:1435:10)
    at Object.require.extensions.<computed> [as .ts] (C:\Users\Shailendra kumar\Desktop\masai-projects\masai-alumni\node_modules\.pnpm\ts-node@10.9.1_@swc+core@1.3.95_@types+node@18.17.2_typescript@5.1.3\node_modules\ts-node\src\index.ts:1621:12)
    at Module.load (node:internal/modules/cjs/loader:1207:32)
    at Function.Module._load (node:internal/modules/cjs/loader:1023:12)
    at Module.require (node:internal/modules/cjs/loader:1235:19)
2023-12-12 17:59:55 error: uncaughtException: ⨯ Unable to compile TypeScript:
src/services/experience.service.ts(24,7): error TS1109: Expression expected.

TSError: ⨯ Unable to compile TypeScript:
src/services/experience.service.ts(24,7): error TS1109: Expression expected.

    at createTSError (C:\Users\Shailendra kumar\Desktop\masai-projects\masai-alumni\node_modules\.pnpm\ts-node@10.9.1_@swc+core@1.3.95_@types+node@18.17.2_typescript@5.1.3\node_modules\ts-node\src\index.ts:859:12)
    at reportTSError (C:\Users\Shailendra kumar\Desktop\masai-projects\masai-alumni\node_modules\.pnpm\ts-node@10.9.1_@swc+core@1.3.95_@types+node@18.17.2_typescript@5.1.3\node_modules\ts-node\src\index.ts:863:19)
    at C:\Users\Shailendra kumar\Desktop\masai-projects\masai-alumni\node_modules\.pnpm\ts-node@10.9.1_@swc+core@1.3.95_@types+node@18.17.2_typescript@5.1.3\node_modules\ts-node\src\index.ts:1379:34
    at Object.compile (C:\Users\Shailendra kumar\Desktop\masai-projects\masai-alumni\node_modules\.pnpm\ts-node@10.9.1_@swc+core@1.3.95_@types+node@18.17.2_typescript@5.1.3\node_modules\ts-node\src\index.ts:1458:13)
    at Module.m._compile (C:\Users\Shailendra kumar\Desktop\masai-projects\masai-alumni\node_modules\.pnpm\ts-node@10.9.1_@swc+core@1.3.95_@types+node@18.17.2_typescript@5.1.3\node_modules\ts-node\src\index.ts:1617:30)
    at Module._extensions..js (node:internal/modules/cjs/loader:1435:10)
    at Object.require.extensions.<computed> [as .ts] (C:\Users\Shailendra kumar\Desktop\masai-projects\masai-alumni\node_modules\.pnpm\ts-node@10.9.1_@swc+core@1.3.95_@types+node@18.17.2_typescript@5.1.3\node_modules\ts-node\src\index.ts:1621:12)
    at Module.load (node:internal/modules/cjs/loader:1207:32)
    at Function.Module._load (node:internal/modules/cjs/loader:1023:12)
    at Module.require (node:internal/modules/cjs/loader:1235:19)
2023-12-12 18:00:30 error: uncaughtException: ⨯ Unable to compile TypeScript:
src/services/experience.service.ts(21,20): error TS1005: ',' expected.
src/services/experience.service.ts(21,27): error TS1005: ',' expected.

TSError: ⨯ Unable to compile TypeScript:
src/services/experience.service.ts(21,20): error TS1005: ',' expected.
src/services/experience.service.ts(21,27): error TS1005: ',' expected.

    at createTSError (C:\Users\Shailendra kumar\Desktop\masai-projects\masai-alumni\node_modules\.pnpm\ts-node@10.9.1_@swc+core@1.3.95_@types+node@18.17.2_typescript@5.1.3\node_modules\ts-node\src\index.ts:859:12)
    at reportTSError (C:\Users\Shailendra kumar\Desktop\masai-projects\masai-alumni\node_modules\.pnpm\ts-node@10.9.1_@swc+core@1.3.95_@types+node@18.17.2_typescript@5.1.3\node_modules\ts-node\src\index.ts:863:19)
    at C:\Users\Shailendra kumar\Desktop\masai-projects\masai-alumni\node_modules\.pnpm\ts-node@10.9.1_@swc+core@1.3.95_@types+node@18.17.2_typescript@5.1.3\node_modules\ts-node\src\index.ts:1379:34
    at Object.compile (C:\Users\Shailendra kumar\Desktop\masai-projects\masai-alumni\node_modules\.pnpm\ts-node@10.9.1_@swc+core@1.3.95_@types+node@18.17.2_typescript@5.1.3\node_modules\ts-node\src\index.ts:1458:13)
    at Module.m._compile (C:\Users\Shailendra kumar\Desktop\masai-projects\masai-alumni\node_modules\.pnpm\ts-node@10.9.1_@swc+core@1.3.95_@types+node@18.17.2_typescript@5.1.3\node_modules\ts-node\src\index.ts:1617:30)
    at Module._extensions..js (node:internal/modules/cjs/loader:1435:10)
    at Object.require.extensions.<computed> [as .ts] (C:\Users\Shailendra kumar\Desktop\masai-projects\masai-alumni\node_modules\.pnpm\ts-node@10.9.1_@swc+core@1.3.95_@types+node@18.17.2_typescript@5.1.3\node_modules\ts-node\src\index.ts:1621:12)
    at Module.load (node:internal/modules/cjs/loader:1207:32)
    at Function.Module._load (node:internal/modules/cjs/loader:1023:12)
    at Module.require (node:internal/modules/cjs/loader:1235:19)
2023-12-12 18:00:41 error: uncaughtException: ⨯ Unable to compile TypeScript:
src/services/experience.service.ts(21,21): error TS1005: ',' expected.
src/services/experience.service.ts(21,28): error TS1005: ',' expected.

TSError: ⨯ Unable to compile TypeScript:
src/services/experience.service.ts(21,21): error TS1005: ',' expected.
src/services/experience.service.ts(21,28): error TS1005: ',' expected.

    at createTSError (C:\Users\Shailendra kumar\Desktop\masai-projects\masai-alumni\node_modules\.pnpm\ts-node@10.9.1_@swc+core@1.3.95_@types+node@18.17.2_typescript@5.1.3\node_modules\ts-node\src\index.ts:859:12)
    at reportTSError (C:\Users\Shailendra kumar\Desktop\masai-projects\masai-alumni\node_modules\.pnpm\ts-node@10.9.1_@swc+core@1.3.95_@types+node@18.17.2_typescript@5.1.3\node_modules\ts-node\src\index.ts:863:19)
    at C:\Users\Shailendra kumar\Desktop\masai-projects\masai-alumni\node_modules\.pnpm\ts-node@10.9.1_@swc+core@1.3.95_@types+node@18.17.2_typescript@5.1.3\node_modules\ts-node\src\index.ts:1379:34
    at Object.compile (C:\Users\Shailendra kumar\Desktop\masai-projects\masai-alumni\node_modules\.pnpm\ts-node@10.9.1_@swc+core@1.3.95_@types+node@18.17.2_typescript@5.1.3\node_modules\ts-node\src\index.ts:1458:13)
    at Module.m._compile (C:\Users\Shailendra kumar\Desktop\masai-projects\masai-alumni\node_modules\.pnpm\ts-node@10.9.1_@swc+core@1.3.95_@types+node@18.17.2_typescript@5.1.3\node_modules\ts-node\src\index.ts:1617:30)
    at Module._extensions..js (node:internal/modules/cjs/loader:1435:10)
    at Object.require.extensions.<computed> [as .ts] (C:\Users\Shailendra kumar\Desktop\masai-projects\masai-alumni\node_modules\.pnpm\ts-node@10.9.1_@swc+core@1.3.95_@types+node@18.17.2_typescript@5.1.3\node_modules\ts-node\src\index.ts:1621:12)
    at Module.load (node:internal/modules/cjs/loader:1207:32)
    at Function.Module._load (node:internal/modules/cjs/loader:1023:12)
    at Module.require (node:internal/modules/cjs/loader:1235:19)
2023-12-12 18:00:46 error: uncaughtException: ⨯ Unable to compile TypeScript:
src/services/experience.service.ts(21,21): error TS1005: ',' expected.
src/services/experience.service.ts(21,28): error TS1005: ',' expected.

TSError: ⨯ Unable to compile TypeScript:
src/services/experience.service.ts(21,21): error TS1005: ',' expected.
src/services/experience.service.ts(21,28): error TS1005: ',' expected.

    at createTSError (C:\Users\Shailendra kumar\Desktop\masai-projects\masai-alumni\node_modules\.pnpm\ts-node@10.9.1_@swc+core@1.3.95_@types+node@18.17.2_typescript@5.1.3\node_modules\ts-node\src\index.ts:859:12)
    at reportTSError (C:\Users\Shailendra kumar\Desktop\masai-projects\masai-alumni\node_modules\.pnpm\ts-node@10.9.1_@swc+core@1.3.95_@types+node@18.17.2_typescript@5.1.3\node_modules\ts-node\src\index.ts:863:19)
    at C:\Users\Shailendra kumar\Desktop\masai-projects\masai-alumni\node_modules\.pnpm\ts-node@10.9.1_@swc+core@1.3.95_@types+node@18.17.2_typescript@5.1.3\node_modules\ts-node\src\index.ts:1379:34
    at Object.compile (C:\Users\Shailendra kumar\Desktop\masai-projects\masai-alumni\node_modules\.pnpm\ts-node@10.9.1_@swc+core@1.3.95_@types+node@18.17.2_typescript@5.1.3\node_modules\ts-node\src\index.ts:1458:13)
    at Module.m._compile (C:\Users\Shailendra kumar\Desktop\masai-projects\masai-alumni\node_modules\.pnpm\ts-node@10.9.1_@swc+core@1.3.95_@types+node@18.17.2_typescript@5.1.3\node_modules\ts-node\src\index.ts:1617:30)
    at Module._extensions..js (node:internal/modules/cjs/loader:1435:10)
    at Object.require.extensions.<computed> [as .ts] (C:\Users\Shailendra kumar\Desktop\masai-projects\masai-alumni\node_modules\.pnpm\ts-node@10.9.1_@swc+core@1.3.95_@types+node@18.17.2_typescript@5.1.3\node_modules\ts-node\src\index.ts:1621:12)
    at Module.load (node:internal/modules/cjs/loader:1207:32)
    at Function.Module._load (node:internal/modules/cjs/loader:1023:12)
    at Module.require (node:internal/modules/cjs/loader:1235:19)
2023-12-12 18:00:49 error: uncaughtException: ⨯ Unable to compile TypeScript:
src/services/experience.service.ts(21,16): error TS1005: ',' expected.
src/services/experience.service.ts(21,27): error TS1005: ',' expected.
src/services/experience.service.ts(21,34): error TS1005: ',' expected.

TSError: ⨯ Unable to compile TypeScript:
src/services/experience.service.ts(21,16): error TS1005: ',' expected.
src/services/experience.service.ts(21,27): error TS1005: ',' expected.
src/services/experience.service.ts(21,34): error TS1005: ',' expected.

    at createTSError (C:\Users\Shailendra kumar\Desktop\masai-projects\masai-alumni\node_modules\.pnpm\ts-node@10.9.1_@swc+core@1.3.95_@types+node@18.17.2_typescript@5.1.3\node_modules\ts-node\src\index.ts:859:12)
    at reportTSError (C:\Users\Shailendra kumar\Desktop\masai-projects\masai-alumni\node_modules\.pnpm\ts-node@10.9.1_@swc+core@1.3.95_@types+node@18.17.2_typescript@5.1.3\node_modules\ts-node\src\index.ts:863:19)
    at C:\Users\Shailendra kumar\Desktop\masai-projects\masai-alumni\node_modules\.pnpm\ts-node@10.9.1_@swc+core@1.3.95_@types+node@18.17.2_typescript@5.1.3\node_modules\ts-node\src\index.ts:1379:34
    at Object.compile (C:\Users\Shailendra kumar\Desktop\masai-projects\masai-alumni\node_modules\.pnpm\ts-node@10.9.1_@swc+core@1.3.95_@types+node@18.17.2_typescript@5.1.3\node_modules\ts-node\src\index.ts:1458:13)
    at Module.m._compile (C:\Users\Shailendra kumar\Desktop\masai-projects\masai-alumni\node_modules\.pnpm\ts-node@10.9.1_@swc+core@1.3.95_@types+node@18.17.2_typescript@5.1.3\node_modules\ts-node\src\index.ts:1617:30)
    at Module._extensions..js (node:internal/modules/cjs/loader:1435:10)
    at Object.require.extensions.<computed> [as .ts] (C:\Users\Shailendra kumar\Desktop\masai-projects\masai-alumni\node_modules\.pnpm\ts-node@10.9.1_@swc+core@1.3.95_@types+node@18.17.2_typescript@5.1.3\node_modules\ts-node\src\index.ts:1621:12)
    at Module.load (node:internal/modules/cjs/loader:1207:32)
    at Function.Module._load (node:internal/modules/cjs/loader:1023:12)
    at Module.require (node:internal/modules/cjs/loader:1235:19)
2023-12-12 18:01:33 error: uncaughtException: ⨯ Unable to compile TypeScript:
src/services/experience.service.ts(21,7): error TS1109: Expression expected.

TSError: ⨯ Unable to compile TypeScript:
src/services/experience.service.ts(21,7): error TS1109: Expression expected.

    at createTSError (C:\Users\Shailendra kumar\Desktop\masai-projects\masai-alumni\node_modules\.pnpm\ts-node@10.9.1_@swc+core@1.3.95_@types+node@18.17.2_typescript@5.1.3\node_modules\ts-node\src\index.ts:859:12)
    at reportTSError (C:\Users\Shailendra kumar\Desktop\masai-projects\masai-alumni\node_modules\.pnpm\ts-node@10.9.1_@swc+core@1.3.95_@types+node@18.17.2_typescript@5.1.3\node_modules\ts-node\src\index.ts:863:19)
    at C:\Users\Shailendra kumar\Desktop\masai-projects\masai-alumni\node_modules\.pnpm\ts-node@10.9.1_@swc+core@1.3.95_@types+node@18.17.2_typescript@5.1.3\node_modules\ts-node\src\index.ts:1379:34
    at Object.compile (C:\Users\Shailendra kumar\Desktop\masai-projects\masai-alumni\node_modules\.pnpm\ts-node@10.9.1_@swc+core@1.3.95_@types+node@18.17.2_typescript@5.1.3\node_modules\ts-node\src\index.ts:1458:13)
    at Module.m._compile (C:\Users\Shailendra kumar\Desktop\masai-projects\masai-alumni\node_modules\.pnpm\ts-node@10.9.1_@swc+core@1.3.95_@types+node@18.17.2_typescript@5.1.3\node_modules\ts-node\src\index.ts:1617:30)
    at Module._extensions..js (node:internal/modules/cjs/loader:1435:10)
    at Object.require.extensions.<computed> [as .ts] (C:\Users\Shailendra kumar\Desktop\masai-projects\masai-alumni\node_modules\.pnpm\ts-node@10.9.1_@swc+core@1.3.95_@types+node@18.17.2_typescript@5.1.3\node_modules\ts-node\src\index.ts:1621:12)
    at Module.load (node:internal/modules/cjs/loader:1207:32)
    at Function.Module._load (node:internal/modules/cjs/loader:1023:12)
    at Module.require (node:internal/modules/cjs/loader:1235:19)
2023-12-12 18:01:36 error: uncaughtException: Unexpected token 'const'
C:\Users\Shailendra kumar\Desktop\masai-projects\masai-alumni\apps\server\src\services\experience.service.ts:15
                const experience = experiences.filter((e) => {
                ^^^^^

SyntaxError: Unexpected token 'const'
    at internalCompileFunction (node:internal/vm:77:18)
    at wrapSafe (node:internal/modules/cjs/loader:1288:20)
    at Module._compile (node:internal/modules/cjs/loader:1340:27)
    at Module.m._compile (C:\Users\Shailendra kumar\Desktop\masai-projects\masai-alumni\node_modules\.pnpm\ts-node@10.9.1_@swc+core@1.3.95_@types+node@18.17.2_typescript@5.1.3\node_modules\ts-node\src\index.ts:1618:23)
    at Module._extensions..js (node:internal/modules/cjs/loader:1435:10)
    at Object.require.extensions.<computed> [as .ts] (C:\Users\Shailendra kumar\Desktop\masai-projects\masai-alumni\node_modules\.pnpm\ts-node@10.9.1_@swc+core@1.3.95_@types+node@18.17.2_typescript@5.1.3\node_modules\ts-node\src\index.ts:1621:12)
    at Module.load (node:internal/modules/cjs/loader:1207:32)
    at Function.Module._load (node:internal/modules/cjs/loader:1023:12)
    at Module.require (node:internal/modules/cjs/loader:1235:19)
    at require (node:internal/modules/helpers:176:18)
2023-12-12 18:01:40 error: uncaughtException: Unexpected token 'const'
C:\Users\Shailendra kumar\Desktop\masai-projects\masai-alumni\apps\server\src\services\experience.service.ts:15
                const experience = experiences.filter((e) => {
                ^^^^^

SyntaxError: Unexpected token 'const'
    at internalCompileFunction (node:internal/vm:77:18)
    at wrapSafe (node:internal/modules/cjs/loader:1288:20)
    at Module._compile (node:internal/modules/cjs/loader:1340:27)
    at Module.m._compile (C:\Users\Shailendra kumar\Desktop\masai-projects\masai-alumni\node_modules\.pnpm\ts-node@10.9.1_@swc+core@1.3.95_@types+node@18.17.2_typescript@5.1.3\node_modules\ts-node\src\index.ts:1618:23)
    at Module._extensions..js (node:internal/modules/cjs/loader:1435:10)
    at Object.require.extensions.<computed> [as .ts] (C:\Users\Shailendra kumar\Desktop\masai-projects\masai-alumni\node_modules\.pnpm\ts-node@10.9.1_@swc+core@1.3.95_@types+node@18.17.2_typescript@5.1.3\node_modules\ts-node\src\index.ts:1621:12)
    at Module.load (node:internal/modules/cjs/loader:1207:32)
    at Function.Module._load (node:internal/modules/cjs/loader:1023:12)
    at Module.require (node:internal/modules/cjs/loader:1235:19)
    at require (node:internal/modules/helpers:176:18)
2023-12-12 18:03:02 error: uncaughtException: ⨯ Unable to compile TypeScript:
src/services/experience.service.ts(29,4): error TS1003: Identifier expected.

TSError: ⨯ Unable to compile TypeScript:
src/services/experience.service.ts(29,4): error TS1003: Identifier expected.

    at createTSError (C:\Users\Shailendra kumar\Desktop\masai-projects\masai-alumni\node_modules\.pnpm\ts-node@10.9.1_@swc+core@1.3.95_@types+node@18.17.2_typescript@5.1.3\node_modules\ts-node\src\index.ts:859:12)
    at reportTSError (C:\Users\Shailendra kumar\Desktop\masai-projects\masai-alumni\node_modules\.pnpm\ts-node@10.9.1_@swc+core@1.3.95_@types+node@18.17.2_typescript@5.1.3\node_modules\ts-node\src\index.ts:863:19)
    at C:\Users\Shailendra kumar\Desktop\masai-projects\masai-alumni\node_modules\.pnpm\ts-node@10.9.1_@swc+core@1.3.95_@types+node@18.17.2_typescript@5.1.3\node_modules\ts-node\src\index.ts:1379:34
    at Object.compile (C:\Users\Shailendra kumar\Desktop\masai-projects\masai-alumni\node_modules\.pnpm\ts-node@10.9.1_@swc+core@1.3.95_@types+node@18.17.2_typescript@5.1.3\node_modules\ts-node\src\index.ts:1458:13)
    at Module.m._compile (C:\Users\Shailendra kumar\Desktop\masai-projects\masai-alumni\node_modules\.pnpm\ts-node@10.9.1_@swc+core@1.3.95_@types+node@18.17.2_typescript@5.1.3\node_modules\ts-node\src\index.ts:1617:30)
    at Module._extensions..js (node:internal/modules/cjs/loader:1435:10)
    at Object.require.extensions.<computed> [as .ts] (C:\Users\Shailendra kumar\Desktop\masai-projects\masai-alumni\node_modules\.pnpm\ts-node@10.9.1_@swc+core@1.3.95_@types+node@18.17.2_typescript@5.1.3\node_modules\ts-node\src\index.ts:1621:12)
    at Module.load (node:internal/modules/cjs/loader:1207:32)
    at Function.Module._load (node:internal/modules/cjs/loader:1023:12)
    at Module.require (node:internal/modules/cjs/loader:1235:19)
2023-12-12 18:03:46 error: uncaughtException: ⨯ Unable to compile TypeScript:
src/services/experience.service.ts(27,57): error TS1109: Expression expected.

TSError: ⨯ Unable to compile TypeScript:
src/services/experience.service.ts(27,57): error TS1109: Expression expected.

    at createTSError (C:\Users\Shailendra kumar\Desktop\masai-projects\masai-alumni\node_modules\.pnpm\ts-node@10.9.1_@swc+core@1.3.95_@types+node@18.17.2_typescript@5.1.3\node_modules\ts-node\src\index.ts:859:12)
    at reportTSError (C:\Users\Shailendra kumar\Desktop\masai-projects\masai-alumni\node_modules\.pnpm\ts-node@10.9.1_@swc+core@1.3.95_@types+node@18.17.2_typescript@5.1.3\node_modules\ts-node\src\index.ts:863:19)
    at C:\Users\Shailendra kumar\Desktop\masai-projects\masai-alumni\node_modules\.pnpm\ts-node@10.9.1_@swc+core@1.3.95_@types+node@18.17.2_typescript@5.1.3\node_modules\ts-node\src\index.ts:1379:34
    at Object.compile (C:\Users\Shailendra kumar\Desktop\masai-projects\masai-alumni\node_modules\.pnpm\ts-node@10.9.1_@swc+core@1.3.95_@types+node@18.17.2_typescript@5.1.3\node_modules\ts-node\src\index.ts:1458:13)
    at Module.m._compile (C:\Users\Shailendra kumar\Desktop\masai-projects\masai-alumni\node_modules\.pnpm\ts-node@10.9.1_@swc+core@1.3.95_@types+node@18.17.2_typescript@5.1.3\node_modules\ts-node\src\index.ts:1617:30)
    at Module._extensions..js (node:internal/modules/cjs/loader:1435:10)
    at Object.require.extensions.<computed> [as .ts] (C:\Users\Shailendra kumar\Desktop\masai-projects\masai-alumni\node_modules\.pnpm\ts-node@10.9.1_@swc+core@1.3.95_@types+node@18.17.2_typescript@5.1.3\node_modules\ts-node\src\index.ts:1621:12)
    at Module.load (node:internal/modules/cjs/loader:1207:32)
    at Function.Module._load (node:internal/modules/cjs/loader:1023:12)
    at Module.require (node:internal/modules/cjs/loader:1235:19)
2023-12-12 18:03:48 error: uncaughtException: ⨯ Unable to compile TypeScript:
src/services/experience.service.ts(27,59): error TS1003: Identifier expected.

TSError: ⨯ Unable to compile TypeScript:
src/services/experience.service.ts(27,59): error TS1003: Identifier expected.

    at createTSError (C:\Users\Shailendra kumar\Desktop\masai-projects\masai-alumni\node_modules\.pnpm\ts-node@10.9.1_@swc+core@1.3.95_@types+node@18.17.2_typescript@5.1.3\node_modules\ts-node\src\index.ts:859:12)
    at reportTSError (C:\Users\Shailendra kumar\Desktop\masai-projects\masai-alumni\node_modules\.pnpm\ts-node@10.9.1_@swc+core@1.3.95_@types+node@18.17.2_typescript@5.1.3\node_modules\ts-node\src\index.ts:863:19)
    at C:\Users\Shailendra kumar\Desktop\masai-projects\masai-alumni\node_modules\.pnpm\ts-node@10.9.1_@swc+core@1.3.95_@types+node@18.17.2_typescript@5.1.3\node_modules\ts-node\src\index.ts:1379:34
    at Object.compile (C:\Users\Shailendra kumar\Desktop\masai-projects\masai-alumni\node_modules\.pnpm\ts-node@10.9.1_@swc+core@1.3.95_@types+node@18.17.2_typescript@5.1.3\node_modules\ts-node\src\index.ts:1458:13)
    at Module.m._compile (C:\Users\Shailendra kumar\Desktop\masai-projects\masai-alumni\node_modules\.pnpm\ts-node@10.9.1_@swc+core@1.3.95_@types+node@18.17.2_typescript@5.1.3\node_modules\ts-node\src\index.ts:1617:30)
    at Module._extensions..js (node:internal/modules/cjs/loader:1435:10)
    at Object.require.extensions.<computed> [as .ts] (C:\Users\Shailendra kumar\Desktop\masai-projects\masai-alumni\node_modules\.pnpm\ts-node@10.9.1_@swc+core@1.3.95_@types+node@18.17.2_typescript@5.1.3\node_modules\ts-node\src\index.ts:1621:12)
    at Module.load (node:internal/modules/cjs/loader:1207:32)
    at Function.Module._load (node:internal/modules/cjs/loader:1023:12)
    at Module.require (node:internal/modules/cjs/loader:1235:19)
2023-12-12 18:03:53 error: uncaughtException: ⨯ Unable to compile TypeScript:
src/services/experience.service.ts(27,59): error TS1003: Identifier expected.

TSError: ⨯ Unable to compile TypeScript:
src/services/experience.service.ts(27,59): error TS1003: Identifier expected.

    at createTSError (C:\Users\Shailendra kumar\Desktop\masai-projects\masai-alumni\node_modules\.pnpm\ts-node@10.9.1_@swc+core@1.3.95_@types+node@18.17.2_typescript@5.1.3\node_modules\ts-node\src\index.ts:859:12)
    at reportTSError (C:\Users\Shailendra kumar\Desktop\masai-projects\masai-alumni\node_modules\.pnpm\ts-node@10.9.1_@swc+core@1.3.95_@types+node@18.17.2_typescript@5.1.3\node_modules\ts-node\src\index.ts:863:19)
    at C:\Users\Shailendra kumar\Desktop\masai-projects\masai-alumni\node_modules\.pnpm\ts-node@10.9.1_@swc+core@1.3.95_@types+node@18.17.2_typescript@5.1.3\node_modules\ts-node\src\index.ts:1379:34
    at Object.compile (C:\Users\Shailendra kumar\Desktop\masai-projects\masai-alumni\node_modules\.pnpm\ts-node@10.9.1_@swc+core@1.3.95_@types+node@18.17.2_typescript@5.1.3\node_modules\ts-node\src\index.ts:1458:13)
    at Module.m._compile (C:\Users\Shailendra kumar\Desktop\masai-projects\masai-alumni\node_modules\.pnpm\ts-node@10.9.1_@swc+core@1.3.95_@types+node@18.17.2_typescript@5.1.3\node_modules\ts-node\src\index.ts:1617:30)
    at Module._extensions..js (node:internal/modules/cjs/loader:1435:10)
    at Object.require.extensions.<computed> [as .ts] (C:\Users\Shailendra kumar\Desktop\masai-projects\masai-alumni\node_modules\.pnpm\ts-node@10.9.1_@swc+core@1.3.95_@types+node@18.17.2_typescript@5.1.3\node_modules\ts-node\src\index.ts:1621:12)
    at Module.load (node:internal/modules/cjs/loader:1207:32)
    at Function.Module._load (node:internal/modules/cjs/loader:1023:12)
    at Module.require (node:internal/modules/cjs/loader:1235:19)
2023-12-12 18:03:56 error: uncaughtException: ⨯ Unable to compile TypeScript:
src/services/experience.service.ts(27,68): error TS1003: Identifier expected.

TSError: ⨯ Unable to compile TypeScript:
src/services/experience.service.ts(27,68): error TS1003: Identifier expected.

    at createTSError (C:\Users\Shailendra kumar\Desktop\masai-projects\masai-alumni\node_modules\.pnpm\ts-node@10.9.1_@swc+core@1.3.95_@types+node@18.17.2_typescript@5.1.3\node_modules\ts-node\src\index.ts:859:12)
    at reportTSError (C:\Users\Shailendra kumar\Desktop\masai-projects\masai-alumni\node_modules\.pnpm\ts-node@10.9.1_@swc+core@1.3.95_@types+node@18.17.2_typescript@5.1.3\node_modules\ts-node\src\index.ts:863:19)
    at C:\Users\Shailendra kumar\Desktop\masai-projects\masai-alumni\node_modules\.pnpm\ts-node@10.9.1_@swc+core@1.3.95_@types+node@18.17.2_typescript@5.1.3\node_modules\ts-node\src\index.ts:1379:34
    at Object.compile (C:\Users\Shailendra kumar\Desktop\masai-projects\masai-alumni\node_modules\.pnpm\ts-node@10.9.1_@swc+core@1.3.95_@types+node@18.17.2_typescript@5.1.3\node_modules\ts-node\src\index.ts:1458:13)
    at Module.m._compile (C:\Users\Shailendra kumar\Desktop\masai-projects\masai-alumni\node_modules\.pnpm\ts-node@10.9.1_@swc+core@1.3.95_@types+node@18.17.2_typescript@5.1.3\node_modules\ts-node\src\index.ts:1617:30)
    at Module._extensions..js (node:internal/modules/cjs/loader:1435:10)
    at Object.require.extensions.<computed> [as .ts] (C:\Users\Shailendra kumar\Desktop\masai-projects\masai-alumni\node_modules\.pnpm\ts-node@10.9.1_@swc+core@1.3.95_@types+node@18.17.2_typescript@5.1.3\node_modules\ts-node\src\index.ts:1621:12)
    at Module.load (node:internal/modules/cjs/loader:1207:32)
    at Function.Module._load (node:internal/modules/cjs/loader:1023:12)
    at Module.require (node:internal/modules/cjs/loader:1235:19)
2023-12-12 18:14:45 error: uncaughtException: ⨯ Unable to compile TypeScript:
src/services/experience.service.ts(27,100): error TS1109: Expression expected.

TSError: ⨯ Unable to compile TypeScript:
src/services/experience.service.ts(27,100): error TS1109: Expression expected.

    at createTSError (C:\Users\Shailendra kumar\Desktop\masai-projects\masai-alumni\node_modules\.pnpm\ts-node@10.9.1_@swc+core@1.3.95_@types+node@18.17.2_typescript@5.1.3\node_modules\ts-node\src\index.ts:859:12)
    at reportTSError (C:\Users\Shailendra kumar\Desktop\masai-projects\masai-alumni\node_modules\.pnpm\ts-node@10.9.1_@swc+core@1.3.95_@types+node@18.17.2_typescript@5.1.3\node_modules\ts-node\src\index.ts:863:19)
    at C:\Users\Shailendra kumar\Desktop\masai-projects\masai-alumni\node_modules\.pnpm\ts-node@10.9.1_@swc+core@1.3.95_@types+node@18.17.2_typescript@5.1.3\node_modules\ts-node\src\index.ts:1379:34
    at Object.compile (C:\Users\Shailendra kumar\Desktop\masai-projects\masai-alumni\node_modules\.pnpm\ts-node@10.9.1_@swc+core@1.3.95_@types+node@18.17.2_typescript@5.1.3\node_modules\ts-node\src\index.ts:1458:13)
    at Module.m._compile (C:\Users\Shailendra kumar\Desktop\masai-projects\masai-alumni\node_modules\.pnpm\ts-node@10.9.1_@swc+core@1.3.95_@types+node@18.17.2_typescript@5.1.3\node_modules\ts-node\src\index.ts:1617:30)
    at Module._extensions..js (node:internal/modules/cjs/loader:1435:10)
    at Object.require.extensions.<computed> [as .ts] (C:\Users\Shailendra kumar\Desktop\masai-projects\masai-alumni\node_modules\.pnpm\ts-node@10.9.1_@swc+core@1.3.95_@types+node@18.17.2_typescript@5.1.3\node_modules\ts-node\src\index.ts:1621:12)
    at Module.load (node:internal/modules/cjs/loader:1207:32)
    at Function.Module._load (node:internal/modules/cjs/loader:1023:12)
    at Module.require (node:internal/modules/cjs/loader:1235:19)
2023-12-12 18:17:22 error: [GET] /api/v1/alumni/directory >> StatusCode:: 500, Message:: Error fething profile
2023-12-12 18:17:24 error: [GET] /api/v1/alumni/directory >> StatusCode:: 500, Message:: Error fething profile
2023-12-12 18:17:36 error: [GET] /api/v1/profiles/user >> StatusCode:: 500, Message:: Error fetching profile
2023-12-12 18:17:44 error: [POST] /api/v1/profiles >> StatusCode:: 500, Message:: Unable to create profile
2023-12-12 18:17:48 error: [GET] /api/v1/alumni/directory >> StatusCode:: 500, Message:: Error fething profile
2023-12-12 18:20:16 error: [GET] /api/v1/alumni/directory >> StatusCode:: 500, Message:: Error fething profile
2023-12-12 18:25:08 error: uncaughtException: Identifier 'experience' has already been declared
C:\Users\Shailendra kumar\Desktop\masai-projects\masai-alumni\apps\server\src\services\experience.service.ts:19
                let experience = experience[0];
                    ^

SyntaxError: Identifier 'experience' has already been declared
    at internalCompileFunction (node:internal/vm:77:18)
    at wrapSafe (node:internal/modules/cjs/loader:1288:20)
    at Module._compile (node:internal/modules/cjs/loader:1340:27)
    at Module.m._compile (C:\Users\Shailendra kumar\Desktop\masai-projects\masai-alumni\node_modules\.pnpm\ts-node@10.9.1_@swc+core@1.3.95_@types+node@18.17.2_typescript@5.1.3\node_modules\ts-node\src\index.ts:1618:23)
    at Module._extensions..js (node:internal/modules/cjs/loader:1435:10)
    at Object.require.extensions.<computed> [as .ts] (C:\Users\Shailendra kumar\Desktop\masai-projects\masai-alumni\node_modules\.pnpm\ts-node@10.9.1_@swc+core@1.3.95_@types+node@18.17.2_typescript@5.1.3\node_modules\ts-node\src\index.ts:1621:12)
    at Module.load (node:internal/modules/cjs/loader:1207:32)
    at Function.Module._load (node:internal/modules/cjs/loader:1023:12)
    at Module.require (node:internal/modules/cjs/loader:1235:19)
    at require (node:internal/modules/helpers:176:18)
2023-12-12 18:26:06 error: uncaughtException: ⨯ Unable to compile TypeScript:
src/services/experience.service.ts(28,28): error TS1011: An element access expression should take an argument.

TSError: ⨯ Unable to compile TypeScript:
src/services/experience.service.ts(28,28): error TS1011: An element access expression should take an argument.

    at createTSError (C:\Users\Shailendra kumar\Desktop\masai-projects\masai-alumni\node_modules\.pnpm\ts-node@10.9.1_@swc+core@1.3.95_@types+node@18.17.2_typescript@5.1.3\node_modules\ts-node\src\index.ts:859:12)
    at reportTSError (C:\Users\Shailendra kumar\Desktop\masai-projects\masai-alumni\node_modules\.pnpm\ts-node@10.9.1_@swc+core@1.3.95_@types+node@18.17.2_typescript@5.1.3\node_modules\ts-node\src\index.ts:863:19)
    at C:\Users\Shailendra kumar\Desktop\masai-projects\masai-alumni\node_modules\.pnpm\ts-node@10.9.1_@swc+core@1.3.95_@types+node@18.17.2_typescript@5.1.3\node_modules\ts-node\src\index.ts:1379:34
    at Object.compile (C:\Users\Shailendra kumar\Desktop\masai-projects\masai-alumni\node_modules\.pnpm\ts-node@10.9.1_@swc+core@1.3.95_@types+node@18.17.2_typescript@5.1.3\node_modules\ts-node\src\index.ts:1458:13)
    at Module.m._compile (C:\Users\Shailendra kumar\Desktop\masai-projects\masai-alumni\node_modules\.pnpm\ts-node@10.9.1_@swc+core@1.3.95_@types+node@18.17.2_typescript@5.1.3\node_modules\ts-node\src\index.ts:1617:30)
    at Module._extensions..js (node:internal/modules/cjs/loader:1435:10)
    at Object.require.extensions.<computed> [as .ts] (C:\Users\Shailendra kumar\Desktop\masai-projects\masai-alumni\node_modules\.pnpm\ts-node@10.9.1_@swc+core@1.3.95_@types+node@18.17.2_typescript@5.1.3\node_modules\ts-node\src\index.ts:1621:12)
    at Module.load (node:internal/modules/cjs/loader:1207:32)
    at Function.Module._load (node:internal/modules/cjs/loader:1023:12)
    at Module.require (node:internal/modules/cjs/loader:1235:19)
2023-12-12 18:27:47 error: uncaughtException: ⨯ Unable to compile TypeScript:
src/services/experience.service.ts(28,42): error TS1003: Identifier expected.

TSError: ⨯ Unable to compile TypeScript:
src/services/experience.service.ts(28,42): error TS1003: Identifier expected.

    at createTSError (C:\Users\Shailendra kumar\Desktop\masai-projects\masai-alumni\node_modules\.pnpm\ts-node@10.9.1_@swc+core@1.3.95_@types+node@18.17.2_typescript@5.1.3\node_modules\ts-node\src\index.ts:859:12)
    at reportTSError (C:\Users\Shailendra kumar\Desktop\masai-projects\masai-alumni\node_modules\.pnpm\ts-node@10.9.1_@swc+core@1.3.95_@types+node@18.17.2_typescript@5.1.3\node_modules\ts-node\src\index.ts:863:19)
    at C:\Users\Shailendra kumar\Desktop\masai-projects\masai-alumni\node_modules\.pnpm\ts-node@10.9.1_@swc+core@1.3.95_@types+node@18.17.2_typescript@5.1.3\node_modules\ts-node\src\index.ts:1379:34
    at Object.compile (C:\Users\Shailendra kumar\Desktop\masai-projects\masai-alumni\node_modules\.pnpm\ts-node@10.9.1_@swc+core@1.3.95_@types+node@18.17.2_typescript@5.1.3\node_modules\ts-node\src\index.ts:1458:13)
    at Module.m._compile (C:\Users\Shailendra kumar\Desktop\masai-projects\masai-alumni\node_modules\.pnpm\ts-node@10.9.1_@swc+core@1.3.95_@types+node@18.17.2_typescript@5.1.3\node_modules\ts-node\src\index.ts:1617:30)
    at Module._extensions..js (node:internal/modules/cjs/loader:1435:10)
    at Object.require.extensions.<computed> [as .ts] (C:\Users\Shailendra kumar\Desktop\masai-projects\masai-alumni\node_modules\.pnpm\ts-node@10.9.1_@swc+core@1.3.95_@types+node@18.17.2_typescript@5.1.3\node_modules\ts-node\src\index.ts:1621:12)
    at Module.load (node:internal/modules/cjs/loader:1207:32)
    at Function.Module._load (node:internal/modules/cjs/loader:1023:12)
    at Module.require (node:internal/modules/cjs/loader:1235:19)
2023-12-12 18:28:49 error: uncaughtException: ⨯ Unable to compile TypeScript:
src/services/experience.service.ts(29,8): error TS1109: Expression expected.

TSError: ⨯ Unable to compile TypeScript:
src/services/experience.service.ts(29,8): error TS1109: Expression expected.

    at createTSError (C:\Users\Shailendra kumar\Desktop\masai-projects\masai-alumni\node_modules\.pnpm\ts-node@10.9.1_@swc+core@1.3.95_@types+node@18.17.2_typescript@5.1.3\node_modules\ts-node\src\index.ts:859:12)
    at reportTSError (C:\Users\Shailendra kumar\Desktop\masai-projects\masai-alumni\node_modules\.pnpm\ts-node@10.9.1_@swc+core@1.3.95_@types+node@18.17.2_typescript@5.1.3\node_modules\ts-node\src\index.ts:863:19)
    at C:\Users\Shailendra kumar\Desktop\masai-projects\masai-alumni\node_modules\.pnpm\ts-node@10.9.1_@swc+core@1.3.95_@types+node@18.17.2_typescript@5.1.3\node_modules\ts-node\src\index.ts:1379:34
    at Object.compile (C:\Users\Shailendra kumar\Desktop\masai-projects\masai-alumni\node_modules\.pnpm\ts-node@10.9.1_@swc+core@1.3.95_@types+node@18.17.2_typescript@5.1.3\node_modules\ts-node\src\index.ts:1458:13)
    at Module.m._compile (C:\Users\Shailendra kumar\Desktop\masai-projects\masai-alumni\node_modules\.pnpm\ts-node@10.9.1_@swc+core@1.3.95_@types+node@18.17.2_typescript@5.1.3\node_modules\ts-node\src\index.ts:1617:30)
    at Module._extensions..js (node:internal/modules/cjs/loader:1435:10)
    at Object.require.extensions.<computed> [as .ts] (C:\Users\Shailendra kumar\Desktop\masai-projects\masai-alumni\node_modules\.pnpm\ts-node@10.9.1_@swc+core@1.3.95_@types+node@18.17.2_typescript@5.1.3\node_modules\ts-node\src\index.ts:1621:12)
    at Module.load (node:internal/modules/cjs/loader:1207:32)
    at Function.Module._load (node:internal/modules/cjs/loader:1023:12)
    at Module.require (node:internal/modules/cjs/loader:1235:19)
2023-12-12 18:30:06 error: [POST] /api/v1/profiles/experience >> StatusCode:: 500, Message:: Error creating experience record
2023-12-12 18:30:09 error: [POST] /api/v1/profiles/experience >> StatusCode:: 500, Message:: Error creating experience record
2023-12-12 18:30:10 error: [POST] /api/v1/profiles/experience >> StatusCode:: 500, Message:: Error creating experience record
2023-12-12 18:30:11 error: [POST] /api/v1/profiles/experience >> StatusCode:: 500, Message:: Error creating experience record
2023-12-12 18:38:51 error: uncaughtException: ⨯ Unable to compile TypeScript:
src/services/experience.service.ts(36,7): error TS1109: Expression expected.

TSError: ⨯ Unable to compile TypeScript:
src/services/experience.service.ts(36,7): error TS1109: Expression expected.

    at createTSError (C:\Users\Shailendra kumar\Desktop\masai-projects\masai-alumni\node_modules\.pnpm\ts-node@10.9.1_@swc+core@1.3.95_@types+node@18.17.2_typescript@5.1.3\node_modules\ts-node\src\index.ts:859:12)
    at reportTSError (C:\Users\Shailendra kumar\Desktop\masai-projects\masai-alumni\node_modules\.pnpm\ts-node@10.9.1_@swc+core@1.3.95_@types+node@18.17.2_typescript@5.1.3\node_modules\ts-node\src\index.ts:863:19)
    at C:\Users\Shailendra kumar\Desktop\masai-projects\masai-alumni\node_modules\.pnpm\ts-node@10.9.1_@swc+core@1.3.95_@types+node@18.17.2_typescript@5.1.3\node_modules\ts-node\src\index.ts:1379:34
    at Object.compile (C:\Users\Shailendra kumar\Desktop\masai-projects\masai-alumni\node_modules\.pnpm\ts-node@10.9.1_@swc+core@1.3.95_@types+node@18.17.2_typescript@5.1.3\node_modules\ts-node\src\index.ts:1458:13)
    at Module.m._compile (C:\Users\Shailendra kumar\Desktop\masai-projects\masai-alumni\node_modules\.pnpm\ts-node@10.9.1_@swc+core@1.3.95_@types+node@18.17.2_typescript@5.1.3\node_modules\ts-node\src\index.ts:1617:30)
    at Module._extensions..js (node:internal/modules/cjs/loader:1435:10)
    at Object.require.extensions.<computed> [as .ts] (C:\Users\Shailendra kumar\Desktop\masai-projects\masai-alumni\node_modules\.pnpm\ts-node@10.9.1_@swc+core@1.3.95_@types+node@18.17.2_typescript@5.1.3\node_modules\ts-node\src\index.ts:1621:12)
    at Module.load (node:internal/modules/cjs/loader:1207:32)
    at Function.Module._load (node:internal/modules/cjs/loader:1023:12)
    at Module.require (node:internal/modules/cjs/loader:1235:19)
2023-12-12 18:40:29 error: [GET] /api/v1/alumni/directory >> StatusCode:: 500, Message:: Error fething profile
2023-12-12 18:42:42 error: uncaughtException: ⨯ Unable to compile TypeScript:
src/services/address.service.ts(8,9): error TS1005: ';' expected.

TSError: ⨯ Unable to compile TypeScript:
src/services/address.service.ts(8,9): error TS1005: ';' expected.

    at createTSError (C:\Users\Shailendra kumar\Desktop\masai-projects\masai-alumni\node_modules\.pnpm\ts-node@10.9.1_@swc+core@1.3.95_@types+node@18.17.2_typescript@5.1.3\node_modules\ts-node\src\index.ts:859:12)
    at reportTSError (C:\Users\Shailendra kumar\Desktop\masai-projects\masai-alumni\node_modules\.pnpm\ts-node@10.9.1_@swc+core@1.3.95_@types+node@18.17.2_typescript@5.1.3\node_modules\ts-node\src\index.ts:863:19)
    at C:\Users\Shailendra kumar\Desktop\masai-projects\masai-alumni\node_modules\.pnpm\ts-node@10.9.1_@swc+core@1.3.95_@types+node@18.17.2_typescript@5.1.3\node_modules\ts-node\src\index.ts:1379:34
    at Object.compile (C:\Users\Shailendra kumar\Desktop\masai-projects\masai-alumni\node_modules\.pnpm\ts-node@10.9.1_@swc+core@1.3.95_@types+node@18.17.2_typescript@5.1.3\node_modules\ts-node\src\index.ts:1458:13)
    at Module.m._compile (C:\Users\Shailendra kumar\Desktop\masai-projects\masai-alumni\node_modules\.pnpm\ts-node@10.9.1_@swc+core@1.3.95_@types+node@18.17.2_typescript@5.1.3\node_modules\ts-node\src\index.ts:1617:30)
    at Module._extensions..js (node:internal/modules/cjs/loader:1435:10)
    at Object.require.extensions.<computed> [as .ts] (C:\Users\Shailendra kumar\Desktop\masai-projects\masai-alumni\node_modules\.pnpm\ts-node@10.9.1_@swc+core@1.3.95_@types+node@18.17.2_typescript@5.1.3\node_modules\ts-node\src\index.ts:1621:12)
    at Module.load (node:internal/modules/cjs/loader:1207:32)
    at Function.Module._load (node:internal/modules/cjs/loader:1023:12)
    at Module.require (node:internal/modules/cjs/loader:1235:19)
2023-12-12 18:44:16 error: uncaughtException: ⨯ Unable to compile TypeScript:
src/services/address.service.ts(24,17): error TS1003: Identifier expected.

TSError: ⨯ Unable to compile TypeScript:
src/services/address.service.ts(24,17): error TS1003: Identifier expected.

    at createTSError (C:\Users\Shailendra kumar\Desktop\masai-projects\masai-alumni\node_modules\.pnpm\ts-node@10.9.1_@swc+core@1.3.95_@types+node@18.17.2_typescript@5.1.3\node_modules\ts-node\src\index.ts:859:12)
    at reportTSError (C:\Users\Shailendra kumar\Desktop\masai-projects\masai-alumni\node_modules\.pnpm\ts-node@10.9.1_@swc+core@1.3.95_@types+node@18.17.2_typescript@5.1.3\node_modules\ts-node\src\index.ts:863:19)
    at C:\Users\Shailendra kumar\Desktop\masai-projects\masai-alumni\node_modules\.pnpm\ts-node@10.9.1_@swc+core@1.3.95_@types+node@18.17.2_typescript@5.1.3\node_modules\ts-node\src\index.ts:1379:34
    at Object.compile (C:\Users\Shailendra kumar\Desktop\masai-projects\masai-alumni\node_modules\.pnpm\ts-node@10.9.1_@swc+core@1.3.95_@types+node@18.17.2_typescript@5.1.3\node_modules\ts-node\src\index.ts:1458:13)
    at Module.m._compile (C:\Users\Shailendra kumar\Desktop\masai-projects\masai-alumni\node_modules\.pnpm\ts-node@10.9.1_@swc+core@1.3.95_@types+node@18.17.2_typescript@5.1.3\node_modules\ts-node\src\index.ts:1617:30)
    at Module._extensions..js (node:internal/modules/cjs/loader:1435:10)
    at Object.require.extensions.<computed> [as .ts] (C:\Users\Shailendra kumar\Desktop\masai-projects\masai-alumni\node_modules\.pnpm\ts-node@10.9.1_@swc+core@1.3.95_@types+node@18.17.2_typescript@5.1.3\node_modules\ts-node\src\index.ts:1621:12)
    at Module.load (node:internal/modules/cjs/loader:1207:32)
    at Function.Module._load (node:internal/modules/cjs/loader:1023:12)
    at Module.require (node:internal/modules/cjs/loader:1235:19)
2023-12-12 18:47:10 error: uncaughtException: ⨯ Unable to compile TypeScript:
src/services/address.service.ts(24,25): error TS1109: Expression expected.

TSError: ⨯ Unable to compile TypeScript:
src/services/address.service.ts(24,25): error TS1109: Expression expected.

    at createTSError (C:\Users\Shailendra kumar\Desktop\masai-projects\masai-alumni\node_modules\.pnpm\ts-node@10.9.1_@swc+core@1.3.95_@types+node@18.17.2_typescript@5.1.3\node_modules\ts-node\src\index.ts:859:12)
    at reportTSError (C:\Users\Shailendra kumar\Desktop\masai-projects\masai-alumni\node_modules\.pnpm\ts-node@10.9.1_@swc+core@1.3.95_@types+node@18.17.2_typescript@5.1.3\node_modules\ts-node\src\index.ts:863:19)
    at C:\Users\Shailendra kumar\Desktop\masai-projects\masai-alumni\node_modules\.pnpm\ts-node@10.9.1_@swc+core@1.3.95_@types+node@18.17.2_typescript@5.1.3\node_modules\ts-node\src\index.ts:1379:34
    at Object.compile (C:\Users\Shailendra kumar\Desktop\masai-projects\masai-alumni\node_modules\.pnpm\ts-node@10.9.1_@swc+core@1.3.95_@types+node@18.17.2_typescript@5.1.3\node_modules\ts-node\src\index.ts:1458:13)
    at Module.m._compile (C:\Users\Shailendra kumar\Desktop\masai-projects\masai-alumni\node_modules\.pnpm\ts-node@10.9.1_@swc+core@1.3.95_@types+node@18.17.2_typescript@5.1.3\node_modules\ts-node\src\index.ts:1617:30)
    at Module._extensions..js (node:internal/modules/cjs/loader:1435:10)
    at Object.require.extensions.<computed> [as .ts] (C:\Users\Shailendra kumar\Desktop\masai-projects\masai-alumni\node_modules\.pnpm\ts-node@10.9.1_@swc+core@1.3.95_@types+node@18.17.2_typescript@5.1.3\node_modules\ts-node\src\index.ts:1621:12)
    at Module.load (node:internal/modules/cjs/loader:1207:32)
    at Function.Module._load (node:internal/modules/cjs/loader:1023:12)
    at Module.require (node:internal/modules/cjs/loader:1235:19)
2023-12-12 18:57:26 error: uncaughtException: ⨯ Unable to compile TypeScript:
src/services/address.service.ts(30,8): error TS1136: Property assignment expected.
src/services/address.service.ts(30,17): error TS1005: ',' expected.
src/services/address.service.ts(30,20): error TS1005: ':' expected.

TSError: ⨯ Unable to compile TypeScript:
src/services/address.service.ts(30,8): error TS1136: Property assignment expected.
src/services/address.service.ts(30,17): error TS1005: ',' expected.
src/services/address.service.ts(30,20): error TS1005: ':' expected.

    at createTSError (C:\Users\Shailendra kumar\Desktop\masai-projects\masai-alumni\node_modules\.pnpm\ts-node@10.9.1_@swc+core@1.3.95_@types+node@18.17.2_typescript@5.1.3\node_modules\ts-node\src\index.ts:859:12)
    at reportTSError (C:\Users\Shailendra kumar\Desktop\masai-projects\masai-alumni\node_modules\.pnpm\ts-node@10.9.1_@swc+core@1.3.95_@types+node@18.17.2_typescript@5.1.3\node_modules\ts-node\src\index.ts:863:19)
    at C:\Users\Shailendra kumar\Desktop\masai-projects\masai-alumni\node_modules\.pnpm\ts-node@10.9.1_@swc+core@1.3.95_@types+node@18.17.2_typescript@5.1.3\node_modules\ts-node\src\index.ts:1379:34
    at Object.compile (C:\Users\Shailendra kumar\Desktop\masai-projects\masai-alumni\node_modules\.pnpm\ts-node@10.9.1_@swc+core@1.3.95_@types+node@18.17.2_typescript@5.1.3\node_modules\ts-node\src\index.ts:1458:13)
    at Module.m._compile (C:\Users\Shailendra kumar\Desktop\masai-projects\masai-alumni\node_modules\.pnpm\ts-node@10.9.1_@swc+core@1.3.95_@types+node@18.17.2_typescript@5.1.3\node_modules\ts-node\src\index.ts:1617:30)
    at Module._extensions..js (node:internal/modules/cjs/loader:1435:10)
    at Object.require.extensions.<computed> [as .ts] (C:\Users\Shailendra kumar\Desktop\masai-projects\masai-alumni\node_modules\.pnpm\ts-node@10.9.1_@swc+core@1.3.95_@types+node@18.17.2_typescript@5.1.3\node_modules\ts-node\src\index.ts:1621:12)
    at Module.load (node:internal/modules/cjs/loader:1207:32)
    at Function.Module._load (node:internal/modules/cjs/loader:1023:12)
    at Module.require (node:internal/modules/cjs/loader:1235:19)
2023-12-12 18:57:53 error: uncaughtException: ⨯ Unable to compile TypeScript:
src/services/address.service.ts(31,8): error TS1136: Property assignment expected.
src/services/address.service.ts(31,17): error TS1005: ',' expected.
src/services/address.service.ts(31,20): error TS1005: ':' expected.

TSError: ⨯ Unable to compile TypeScript:
src/services/address.service.ts(31,8): error TS1136: Property assignment expected.
src/services/address.service.ts(31,17): error TS1005: ',' expected.
src/services/address.service.ts(31,20): error TS1005: ':' expected.

    at createTSError (C:\Users\Shailendra kumar\Desktop\masai-projects\masai-alumni\node_modules\.pnpm\ts-node@10.9.1_@swc+core@1.3.95_@types+node@18.17.2_typescript@5.1.3\node_modules\ts-node\src\index.ts:859:12)
    at reportTSError (C:\Users\Shailendra kumar\Desktop\masai-projects\masai-alumni\node_modules\.pnpm\ts-node@10.9.1_@swc+core@1.3.95_@types+node@18.17.2_typescript@5.1.3\node_modules\ts-node\src\index.ts:863:19)
    at C:\Users\Shailendra kumar\Desktop\masai-projects\masai-alumni\node_modules\.pnpm\ts-node@10.9.1_@swc+core@1.3.95_@types+node@18.17.2_typescript@5.1.3\node_modules\ts-node\src\index.ts:1379:34
    at Object.compile (C:\Users\Shailendra kumar\Desktop\masai-projects\masai-alumni\node_modules\.pnpm\ts-node@10.9.1_@swc+core@1.3.95_@types+node@18.17.2_typescript@5.1.3\node_modules\ts-node\src\index.ts:1458:13)
    at Module.m._compile (C:\Users\Shailendra kumar\Desktop\masai-projects\masai-alumni\node_modules\.pnpm\ts-node@10.9.1_@swc+core@1.3.95_@types+node@18.17.2_typescript@5.1.3\node_modules\ts-node\src\index.ts:1617:30)
    at Module._extensions..js (node:internal/modules/cjs/loader:1435:10)
    at Object.require.extensions.<computed> [as .ts] (C:\Users\Shailendra kumar\Desktop\masai-projects\masai-alumni\node_modules\.pnpm\ts-node@10.9.1_@swc+core@1.3.95_@types+node@18.17.2_typescript@5.1.3\node_modules\ts-node\src\index.ts:1621:12)
    at Module.load (node:internal/modules/cjs/loader:1207:32)
    at Function.Module._load (node:internal/modules/cjs/loader:1023:12)
    at Module.require (node:internal/modules/cjs/loader:1235:19)
2023-12-12 18:58:04 error: uncaughtException: ⨯ Unable to compile TypeScript:
src/services/address.service.ts(32,8): error TS1136: Property assignment expected.
src/services/address.service.ts(32,17): error TS1005: ',' expected.
src/services/address.service.ts(32,20): error TS1005: ':' expected.

TSError: ⨯ Unable to compile TypeScript:
src/services/address.service.ts(32,8): error TS1136: Property assignment expected.
src/services/address.service.ts(32,17): error TS1005: ',' expected.
src/services/address.service.ts(32,20): error TS1005: ':' expected.

    at createTSError (C:\Users\Shailendra kumar\Desktop\masai-projects\masai-alumni\node_modules\.pnpm\ts-node@10.9.1_@swc+core@1.3.95_@types+node@18.17.2_typescript@5.1.3\node_modules\ts-node\src\index.ts:859:12)
    at reportTSError (C:\Users\Shailendra kumar\Desktop\masai-projects\masai-alumni\node_modules\.pnpm\ts-node@10.9.1_@swc+core@1.3.95_@types+node@18.17.2_typescript@5.1.3\node_modules\ts-node\src\index.ts:863:19)
    at C:\Users\Shailendra kumar\Desktop\masai-projects\masai-alumni\node_modules\.pnpm\ts-node@10.9.1_@swc+core@1.3.95_@types+node@18.17.2_typescript@5.1.3\node_modules\ts-node\src\index.ts:1379:34
    at Object.compile (C:\Users\Shailendra kumar\Desktop\masai-projects\masai-alumni\node_modules\.pnpm\ts-node@10.9.1_@swc+core@1.3.95_@types+node@18.17.2_typescript@5.1.3\node_modules\ts-node\src\index.ts:1458:13)
    at Module.m._compile (C:\Users\Shailendra kumar\Desktop\masai-projects\masai-alumni\node_modules\.pnpm\ts-node@10.9.1_@swc+core@1.3.95_@types+node@18.17.2_typescript@5.1.3\node_modules\ts-node\src\index.ts:1617:30)
    at Module._extensions..js (node:internal/modules/cjs/loader:1435:10)
    at Object.require.extensions.<computed> [as .ts] (C:\Users\Shailendra kumar\Desktop\masai-projects\masai-alumni\node_modules\.pnpm\ts-node@10.9.1_@swc+core@1.3.95_@types+node@18.17.2_typescript@5.1.3\node_modules\ts-node\src\index.ts:1621:12)
    at Module.load (node:internal/modules/cjs/loader:1207:32)
    at Function.Module._load (node:internal/modules/cjs/loader:1023:12)
    at Module.require (node:internal/modules/cjs/loader:1235:19)
2023-12-12 18:58:15 error: uncaughtException: ⨯ Unable to compile TypeScript:
src/services/address.service.ts(19,33): error TS1003: Identifier expected.
src/services/address.service.ts(32,8): error TS1136: Property assignment expected.
src/services/address.service.ts(32,17): error TS1005: ',' expected.
src/services/address.service.ts(32,20): error TS1005: ':' expected.

TSError: ⨯ Unable to compile TypeScript:
src/services/address.service.ts(19,33): error TS1003: Identifier expected.
src/services/address.service.ts(32,8): error TS1136: Property assignment expected.
src/services/address.service.ts(32,17): error TS1005: ',' expected.
src/services/address.service.ts(32,20): error TS1005: ':' expected.

    at createTSError (C:\Users\Shailendra kumar\Desktop\masai-projects\masai-alumni\node_modules\.pnpm\ts-node@10.9.1_@swc+core@1.3.95_@types+node@18.17.2_typescript@5.1.3\node_modules\ts-node\src\index.ts:859:12)
    at reportTSError (C:\Users\Shailendra kumar\Desktop\masai-projects\masai-alumni\node_modules\.pnpm\ts-node@10.9.1_@swc+core@1.3.95_@types+node@18.17.2_typescript@5.1.3\node_modules\ts-node\src\index.ts:863:19)
    at C:\Users\Shailendra kumar\Desktop\masai-projects\masai-alumni\node_modules\.pnpm\ts-node@10.9.1_@swc+core@1.3.95_@types+node@18.17.2_typescript@5.1.3\node_modules\ts-node\src\index.ts:1379:34
    at Object.compile (C:\Users\Shailendra kumar\Desktop\masai-projects\masai-alumni\node_modules\.pnpm\ts-node@10.9.1_@swc+core@1.3.95_@types+node@18.17.2_typescript@5.1.3\node_modules\ts-node\src\index.ts:1458:13)
    at Module.m._compile (C:\Users\Shailendra kumar\Desktop\masai-projects\masai-alumni\node_modules\.pnpm\ts-node@10.9.1_@swc+core@1.3.95_@types+node@18.17.2_typescript@5.1.3\node_modules\ts-node\src\index.ts:1617:30)
    at Module._extensions..js (node:internal/modules/cjs/loader:1435:10)
    at Object.require.extensions.<computed> [as .ts] (C:\Users\Shailendra kumar\Desktop\masai-projects\masai-alumni\node_modules\.pnpm\ts-node@10.9.1_@swc+core@1.3.95_@types+node@18.17.2_typescript@5.1.3\node_modules\ts-node\src\index.ts:1621:12)
    at Module.load (node:internal/modules/cjs/loader:1207:32)
    at Function.Module._load (node:internal/modules/cjs/loader:1023:12)
    at Module.require (node:internal/modules/cjs/loader:1235:19)
2023-12-12 18:58:19 error: uncaughtException: ⨯ Unable to compile TypeScript:
src/services/address.service.ts(32,8): error TS1136: Property assignment expected.
src/services/address.service.ts(32,17): error TS1005: ',' expected.
src/services/address.service.ts(32,20): error TS1005: ':' expected.

TSError: ⨯ Unable to compile TypeScript:
src/services/address.service.ts(32,8): error TS1136: Property assignment expected.
src/services/address.service.ts(32,17): error TS1005: ',' expected.
src/services/address.service.ts(32,20): error TS1005: ':' expected.

    at createTSError (C:\Users\Shailendra kumar\Desktop\masai-projects\masai-alumni\node_modules\.pnpm\ts-node@10.9.1_@swc+core@1.3.95_@types+node@18.17.2_typescript@5.1.3\node_modules\ts-node\src\index.ts:859:12)
    at reportTSError (C:\Users\Shailendra kumar\Desktop\masai-projects\masai-alumni\node_modules\.pnpm\ts-node@10.9.1_@swc+core@1.3.95_@types+node@18.17.2_typescript@5.1.3\node_modules\ts-node\src\index.ts:863:19)
    at C:\Users\Shailendra kumar\Desktop\masai-projects\masai-alumni\node_modules\.pnpm\ts-node@10.9.1_@swc+core@1.3.95_@types+node@18.17.2_typescript@5.1.3\node_modules\ts-node\src\index.ts:1379:34
    at Object.compile (C:\Users\Shailendra kumar\Desktop\masai-projects\masai-alumni\node_modules\.pnpm\ts-node@10.9.1_@swc+core@1.3.95_@types+node@18.17.2_typescript@5.1.3\node_modules\ts-node\src\index.ts:1458:13)
    at Module.m._compile (C:\Users\Shailendra kumar\Desktop\masai-projects\masai-alumni\node_modules\.pnpm\ts-node@10.9.1_@swc+core@1.3.95_@types+node@18.17.2_typescript@5.1.3\node_modules\ts-node\src\index.ts:1617:30)
    at Module._extensions..js (node:internal/modules/cjs/loader:1435:10)
    at Object.require.extensions.<computed> [as .ts] (C:\Users\Shailendra kumar\Desktop\masai-projects\masai-alumni\node_modules\.pnpm\ts-node@10.9.1_@swc+core@1.3.95_@types+node@18.17.2_typescript@5.1.3\node_modules\ts-node\src\index.ts:1621:12)
    at Module.load (node:internal/modules/cjs/loader:1207:32)
    at Function.Module._load (node:internal/modules/cjs/loader:1023:12)
    at Module.require (node:internal/modules/cjs/loader:1235:19)
2023-12-12 18:58:27 error: uncaughtException: ⨯ Unable to compile TypeScript:
src/services/address.service.ts(32,8): error TS1136: Property assignment expected.
src/services/address.service.ts(32,17): error TS1005: ',' expected.
src/services/address.service.ts(32,20): error TS1005: ':' expected.

TSError: ⨯ Unable to compile TypeScript:
src/services/address.service.ts(32,8): error TS1136: Property assignment expected.
src/services/address.service.ts(32,17): error TS1005: ',' expected.
src/services/address.service.ts(32,20): error TS1005: ':' expected.

    at createTSError (C:\Users\Shailendra kumar\Desktop\masai-projects\masai-alumni\node_modules\.pnpm\ts-node@10.9.1_@swc+core@1.3.95_@types+node@18.17.2_typescript@5.1.3\node_modules\ts-node\src\index.ts:859:12)
    at reportTSError (C:\Users\Shailendra kumar\Desktop\masai-projects\masai-alumni\node_modules\.pnpm\ts-node@10.9.1_@swc+core@1.3.95_@types+node@18.17.2_typescript@5.1.3\node_modules\ts-node\src\index.ts:863:19)
    at C:\Users\Shailendra kumar\Desktop\masai-projects\masai-alumni\node_modules\.pnpm\ts-node@10.9.1_@swc+core@1.3.95_@types+node@18.17.2_typescript@5.1.3\node_modules\ts-node\src\index.ts:1379:34
    at Object.compile (C:\Users\Shailendra kumar\Desktop\masai-projects\masai-alumni\node_modules\.pnpm\ts-node@10.9.1_@swc+core@1.3.95_@types+node@18.17.2_typescript@5.1.3\node_modules\ts-node\src\index.ts:1458:13)
    at Module.m._compile (C:\Users\Shailendra kumar\Desktop\masai-projects\masai-alumni\node_modules\.pnpm\ts-node@10.9.1_@swc+core@1.3.95_@types+node@18.17.2_typescript@5.1.3\node_modules\ts-node\src\index.ts:1617:30)
    at Module._extensions..js (node:internal/modules/cjs/loader:1435:10)
    at Object.require.extensions.<computed> [as .ts] (C:\Users\Shailendra kumar\Desktop\masai-projects\masai-alumni\node_modules\.pnpm\ts-node@10.9.1_@swc+core@1.3.95_@types+node@18.17.2_typescript@5.1.3\node_modules\ts-node\src\index.ts:1621:12)
    at Module.load (node:internal/modules/cjs/loader:1207:32)
    at Function.Module._load (node:internal/modules/cjs/loader:1023:12)
    at Module.require (node:internal/modules/cjs/loader:1235:19)
2023-12-12 18:58:36 error: uncaughtException: ⨯ Unable to compile TypeScript:
src/services/address.service.ts(30,17): error TS1003: Identifier expected.
src/services/address.service.ts(32,8): error TS1136: Property assignment expected.
src/services/address.service.ts(32,17): error TS1005: ',' expected.
src/services/address.service.ts(32,20): error TS1005: ':' expected.

TSError: ⨯ Unable to compile TypeScript:
src/services/address.service.ts(30,17): error TS1003: Identifier expected.
src/services/address.service.ts(32,8): error TS1136: Property assignment expected.
src/services/address.service.ts(32,17): error TS1005: ',' expected.
src/services/address.service.ts(32,20): error TS1005: ':' expected.

    at createTSError (C:\Users\Shailendra kumar\Desktop\masai-projects\masai-alumni\node_modules\.pnpm\ts-node@10.9.1_@swc+core@1.3.95_@types+node@18.17.2_typescript@5.1.3\node_modules\ts-node\src\index.ts:859:12)
    at reportTSError (C:\Users\Shailendra kumar\Desktop\masai-projects\masai-alumni\node_modules\.pnpm\ts-node@10.9.1_@swc+core@1.3.95_@types+node@18.17.2_typescript@5.1.3\node_modules\ts-node\src\index.ts:863:19)
    at C:\Users\Shailendra kumar\Desktop\masai-projects\masai-alumni\node_modules\.pnpm\ts-node@10.9.1_@swc+core@1.3.95_@types+node@18.17.2_typescript@5.1.3\node_modules\ts-node\src\index.ts:1379:34
    at Object.compile (C:\Users\Shailendra kumar\Desktop\masai-projects\masai-alumni\node_modules\.pnpm\ts-node@10.9.1_@swc+core@1.3.95_@types+node@18.17.2_typescript@5.1.3\node_modules\ts-node\src\index.ts:1458:13)
    at Module.m._compile (C:\Users\Shailendra kumar\Desktop\masai-projects\masai-alumni\node_modules\.pnpm\ts-node@10.9.1_@swc+core@1.3.95_@types+node@18.17.2_typescript@5.1.3\node_modules\ts-node\src\index.ts:1617:30)
    at Module._extensions..js (node:internal/modules/cjs/loader:1435:10)
    at Object.require.extensions.<computed> [as .ts] (C:\Users\Shailendra kumar\Desktop\masai-projects\masai-alumni\node_modules\.pnpm\ts-node@10.9.1_@swc+core@1.3.95_@types+node@18.17.2_typescript@5.1.3\node_modules\ts-node\src\index.ts:1621:12)
    at Module.load (node:internal/modules/cjs/loader:1207:32)
    at Function.Module._load (node:internal/modules/cjs/loader:1023:12)
    at Module.require (node:internal/modules/cjs/loader:1235:19)
2023-12-12 18:58:39 error: uncaughtException: ⨯ Unable to compile TypeScript:
src/services/address.service.ts(32,8): error TS1136: Property assignment expected.
src/services/address.service.ts(32,17): error TS1005: ',' expected.
src/services/address.service.ts(32,20): error TS1005: ':' expected.

TSError: ⨯ Unable to compile TypeScript:
src/services/address.service.ts(32,8): error TS1136: Property assignment expected.
src/services/address.service.ts(32,17): error TS1005: ',' expected.
src/services/address.service.ts(32,20): error TS1005: ':' expected.

    at createTSError (C:\Users\Shailendra kumar\Desktop\masai-projects\masai-alumni\node_modules\.pnpm\ts-node@10.9.1_@swc+core@1.3.95_@types+node@18.17.2_typescript@5.1.3\node_modules\ts-node\src\index.ts:859:12)
    at reportTSError (C:\Users\Shailendra kumar\Desktop\masai-projects\masai-alumni\node_modules\.pnpm\ts-node@10.9.1_@swc+core@1.3.95_@types+node@18.17.2_typescript@5.1.3\node_modules\ts-node\src\index.ts:863:19)
    at C:\Users\Shailendra kumar\Desktop\masai-projects\masai-alumni\node_modules\.pnpm\ts-node@10.9.1_@swc+core@1.3.95_@types+node@18.17.2_typescript@5.1.3\node_modules\ts-node\src\index.ts:1379:34
    at Object.compile (C:\Users\Shailendra kumar\Desktop\masai-projects\masai-alumni\node_modules\.pnpm\ts-node@10.9.1_@swc+core@1.3.95_@types+node@18.17.2_typescript@5.1.3\node_modules\ts-node\src\index.ts:1458:13)
    at Module.m._compile (C:\Users\Shailendra kumar\Desktop\masai-projects\masai-alumni\node_modules\.pnpm\ts-node@10.9.1_@swc+core@1.3.95_@types+node@18.17.2_typescript@5.1.3\node_modules\ts-node\src\index.ts:1617:30)
    at Module._extensions..js (node:internal/modules/cjs/loader:1435:10)
    at Object.require.extensions.<computed> [as .ts] (C:\Users\Shailendra kumar\Desktop\masai-projects\masai-alumni\node_modules\.pnpm\ts-node@10.9.1_@swc+core@1.3.95_@types+node@18.17.2_typescript@5.1.3\node_modules\ts-node\src\index.ts:1621:12)
    at Module.load (node:internal/modules/cjs/loader:1207:32)
    at Function.Module._load (node:internal/modules/cjs/loader:1023:12)
    at Module.require (node:internal/modules/cjs/loader:1235:19)
2023-12-12 19:00:45 error: [DELETE] /api/v1/profiles/address/2 >> StatusCode:: 500, Message:: Error deleting address
2023-12-12 19:04:11 error: [DELETE] /api/v1/profiles/address/3 >> StatusCode:: 500, Message:: Error deleting address
2023-12-12 19:09:36 error: [GET] /api/v1/alumni/directory >> StatusCode:: 500, Message:: Error fething profile
2023-12-12 19:09:38 error: [GET] /api/v1/alumni/directory >> StatusCode:: 500, Message:: Error fething profile
2023-12-12 19:16:31 error: [GET] /api/v1/alumni/directory >> StatusCode:: 500, Message:: Error fething profile
2023-12-12 19:17:34 error: [GET] /api/v1/alumni/directory >> StatusCode:: 500, Message:: Error fething profile
2023-12-12 19:19:28 error: [GET] /api/v1/alumni/directory >> StatusCode:: 500, Message:: Error fething profile
2023-12-12 19:20:04 error: [GET] /api/v1/alumni/directory >> StatusCode:: 500, Message:: Error fething profile
2023-12-12 19:27:10 error: [GET] /api/v1/alumni/directory >> StatusCode:: 500, Message:: Error fething profile
2023-12-12 19:27:30 error: [GET] /api/v1/alumni/directory >> StatusCode:: 500, Message:: Error fething profile
