2023-12-14 11:46:01 error: uncaughtException: Route.put() requires a callback function but got a [object Undefined]
Error: Route.put() requires a callback function but got a [object Undefined]
    at Route.<computed> [as put] (C:\Users\Shailendra kumar\Desktop\masai-projects\masai-alumni\node_modules\.pnpm\express@4.18.2\node_modules\express\lib\router\route.js:211:15)
    at Function.proto.<computed> [as put] (C:\Users\Shailendra kumar\Desktop\masai-projects\masai-alumni\node_modules\.pnpm\express@4.18.2\node_modules\express\lib\router\index.js:521:19)
    at MentorRoutes.initializeRoutes (C:\Users\Shailendra kumar\Desktop\masai-projects\masai-alumni\apps\server\src\routes\mentor.route.ts:20:17)
    at new MentorRoutes (C:\Users\Shailendra kumar\Desktop\masai-projects\masai-alumni\apps\server\src\routes\mentor.route.ts:12:10)
    at Object.<anonymous> (C:\Users\Shailendra kumar\Desktop\masai-projects\masai-alumni\apps\server\src\routes\index.routes.ts:29:2)
    at Module._compile (node:internal/modules/cjs/loader:1376:14)
    at Module.m._compile (C:\Users\Shailendra kumar\Desktop\masai-projects\masai-alumni\node_modules\.pnpm\ts-node@10.9.1_@swc+core@1.3.95_@types+node@18.17.2_typescript@5.1.3\node_modules\ts-node\src\index.ts:1618:23)
    at Module._extensions..js (node:internal/modules/cjs/loader:1435:10)
    at Object.require.extensions.<computed> [as .ts] (C:\Users\Shailendra kumar\Desktop\masai-projects\masai-alumni\node_modules\.pnpm\ts-node@10.9.1_@swc+core@1.3.95_@types+node@18.17.2_typescript@5.1.3\node_modules\ts-node\src\index.ts:1621:12)
    at Module.load (node:internal/modules/cjs/loader:1207:32)
2023-12-14 11:49:08 error: uncaughtException: Route.put() requires a callback function but got a [object Undefined]
Error: Route.put() requires a callback function but got a [object Undefined]
    at Route.<computed> [as put] (C:\Users\Shailendra kumar\Desktop\masai-projects\masai-alumni\node_modules\.pnpm\express@4.18.2\node_modules\express\lib\router\route.js:211:15)
    at Function.proto.<computed> [as put] (C:\Users\Shailendra kumar\Desktop\masai-projects\masai-alumni\node_modules\.pnpm\express@4.18.2\node_modules\express\lib\router\index.js:521:19)
    at MentorRoutes.initializeRoutes (C:\Users\Shailendra kumar\Desktop\masai-projects\masai-alumni\apps\server\src\routes\mentor.route.ts:20:17)
    at new MentorRoutes (C:\Users\Shailendra kumar\Desktop\masai-projects\masai-alumni\apps\server\src\routes\mentor.route.ts:12:10)
    at Object.<anonymous> (C:\Users\Shailendra kumar\Desktop\masai-projects\masai-alumni\apps\server\src\routes\index.routes.ts:29:2)
    at Module._compile (node:internal/modules/cjs/loader:1376:14)
    at Module.m._compile (C:\Users\Shailendra kumar\Desktop\masai-projects\masai-alumni\node_modules\.pnpm\ts-node@10.9.1_@swc+core@1.3.95_@types+node@18.17.2_typescript@5.1.3\node_modules\ts-node\src\index.ts:1618:23)
    at Module._extensions..js (node:internal/modules/cjs/loader:1435:10)
    at Object.require.extensions.<computed> [as .ts] (C:\Users\Shailendra kumar\Desktop\masai-projects\masai-alumni\node_modules\.pnpm\ts-node@10.9.1_@swc+core@1.3.95_@types+node@18.17.2_typescript@5.1.3\node_modules\ts-node\src\index.ts:1621:12)
    at Module.load (node:internal/modules/cjs/loader:1207:32)
2023-12-14 11:51:24 error: uncaughtException: Route.put() requires a callback function but got a [object Undefined]
Error: Route.put() requires a callback function but got a [object Undefined]
    at Route.<computed> [as put] (C:\Users\Shailendra kumar\Desktop\masai-projects\masai-alumni\node_modules\.pnpm\express@4.18.2\node_modules\express\lib\router\route.js:211:15)
    at Function.proto.<computed> [as put] (C:\Users\Shailendra kumar\Desktop\masai-projects\masai-alumni\node_modules\.pnpm\express@4.18.2\node_modules\express\lib\router\index.js:521:19)
    at MentorRoutes.initializeRoutes (C:\Users\Shailendra kumar\Desktop\masai-projects\masai-alumni\apps\server\src\routes\mentor.route.ts:20:17)
    at new MentorRoutes (C:\Users\Shailendra kumar\Desktop\masai-projects\masai-alumni\apps\server\src\routes\mentor.route.ts:12:10)
    at Object.<anonymous> (C:\Users\Shailendra kumar\Desktop\masai-projects\masai-alumni\apps\server\src\routes\index.routes.ts:29:2)
    at Module._compile (node:internal/modules/cjs/loader:1376:14)
    at Module.m._compile (C:\Users\Shailendra kumar\Desktop\masai-projects\masai-alumni\node_modules\.pnpm\ts-node@10.9.1_@swc+core@1.3.95_@types+node@18.17.2_typescript@5.1.3\node_modules\ts-node\src\index.ts:1618:23)
    at Module._extensions..js (node:internal/modules/cjs/loader:1435:10)
    at Object.require.extensions.<computed> [as .ts] (C:\Users\Shailendra kumar\Desktop\masai-projects\masai-alumni\node_modules\.pnpm\ts-node@10.9.1_@swc+core@1.3.95_@types+node@18.17.2_typescript@5.1.3\node_modules\ts-node\src\index.ts:1621:12)
    at Module.load (node:internal/modules/cjs/loader:1207:32)
2023-12-14 12:33:51 error: [GET] /api/v1/alumni/directory >> StatusCode:: 500, Message:: Error fething profile
2023-12-14 12:33:54 error: [GET] /api/v1/alumni/directory >> StatusCode:: 500, Message:: Error fething profile
2023-12-14 12:44:52 error: [GET] /api/v1/alumni/directory >> StatusCode:: 500, Message:: Error fething profile
2023-12-14 12:44:54 error: [GET] /api/v1/alumni/directory >> StatusCode:: 500, Message:: Error fething profile
2023-12-14 12:45:19 error: [GET] /api/v1/alumni/directory >> StatusCode:: 500, Message:: Error fething profile
2023-12-14 12:45:20 error: [GET] /api/v1/alumni/directory >> StatusCode:: 500, Message:: Error fething profile
2023-12-14 12:45:21 error: [GET] /api/v1/alumni/directory >> StatusCode:: 500, Message:: Error fething profile
2023-12-14 13:06:30 error: uncaughtException: WHERE parameter "user1Id" has invalid "undefined" value
Error: WHERE parameter "user1Id" has invalid "undefined" value
    at MySQLQueryGenerator.whereItemQuery (C:\Users\Shailendra kumar\Desktop\masai-projects\masai-alumni\node_modules\.pnpm\sequelize@6.35.0_mysql2@3.6.3\node_modules\sequelize\src\dialects\abstract\query-generator.js:2445:13)
    at C:\Users\Shailendra kumar\Desktop\masai-projects\masai-alumni\node_modules\.pnpm\sequelize@6.35.0_mysql2@3.6.3\node_modules\sequelize\src\dialects\abstract\query-generator.js:2434:25
    at Array.forEach (<anonymous>)
    at MySQLQueryGenerator.whereItemsQuery (C:\Users\Shailendra kumar\Desktop\masai-projects\masai-alumni\node_modules\.pnpm\sequelize@6.35.0_mysql2@3.6.3\node_modules\sequelize\src\dialects\abstract\query-generator.js:2432:35)
    at C:\Users\Shailendra kumar\Desktop\masai-projects\masai-alumni\node_modules\.pnpm\sequelize@6.35.0_mysql2@3.6.3\node_modules\sequelize\src\dialects\abstract\query-generator.js:2568:30
    at Array.map (<anonymous>)
    at MySQLQueryGenerator._whereGroupBind (C:\Users\Shailendra kumar\Desktop\masai-projects\masai-alumni\node_modules\.pnpm\sequelize@6.35.0_mysql2@3.6.3\node_modules\sequelize\src\dialects\abstract\query-generator.js:2567:21)
    at MySQLQueryGenerator.whereItemQuery (C:\Users\Shailendra kumar\Desktop\masai-projects\masai-alumni\node_modules\.pnpm\sequelize@6.35.0_mysql2@3.6.3\node_modules\sequelize\src\dialects\abstract\query-generator.js:2503:19)
    at C:\Users\Shailendra kumar\Desktop\masai-projects\masai-alumni\node_modules\.pnpm\sequelize@6.35.0_mysql2@3.6.3\node_modules\sequelize\src\dialects\abstract\query-generator.js:2434:25
    at Array.forEach (<anonymous>)
2023-12-14 13:08:32 error: [GET] /api/v1/alumni/directory >> StatusCode:: 500, Message:: WHERE parameter "user1Id" has invalid "undefined" value
2023-12-14 13:09:33 error: uncaughtException: WHERE parameter "user1Id" has invalid "undefined" value
Error: WHERE parameter "user1Id" has invalid "undefined" value
    at MySQLQueryGenerator.whereItemQuery (C:\Users\Shailendra kumar\Desktop\masai-projects\masai-alumni\node_modules\.pnpm\sequelize@6.35.0_mysql2@3.6.3\node_modules\sequelize\src\dialects\abstract\query-generator.js:2445:13)
    at C:\Users\Shailendra kumar\Desktop\masai-projects\masai-alumni\node_modules\.pnpm\sequelize@6.35.0_mysql2@3.6.3\node_modules\sequelize\src\dialects\abstract\query-generator.js:2434:25
    at Array.forEach (<anonymous>)
    at MySQLQueryGenerator.whereItemsQuery (C:\Users\Shailendra kumar\Desktop\masai-projects\masai-alumni\node_modules\.pnpm\sequelize@6.35.0_mysql2@3.6.3\node_modules\sequelize\src\dialects\abstract\query-generator.js:2432:35)
    at C:\Users\Shailendra kumar\Desktop\masai-projects\masai-alumni\node_modules\.pnpm\sequelize@6.35.0_mysql2@3.6.3\node_modules\sequelize\src\dialects\abstract\query-generator.js:2568:30
    at Array.map (<anonymous>)
    at MySQLQueryGenerator._whereGroupBind (C:\Users\Shailendra kumar\Desktop\masai-projects\masai-alumni\node_modules\.pnpm\sequelize@6.35.0_mysql2@3.6.3\node_modules\sequelize\src\dialects\abstract\query-generator.js:2567:21)
    at MySQLQueryGenerator.whereItemQuery (C:\Users\Shailendra kumar\Desktop\masai-projects\masai-alumni\node_modules\.pnpm\sequelize@6.35.0_mysql2@3.6.3\node_modules\sequelize\src\dialects\abstract\query-generator.js:2503:19)
    at C:\Users\Shailendra kumar\Desktop\masai-projects\masai-alumni\node_modules\.pnpm\sequelize@6.35.0_mysql2@3.6.3\node_modules\sequelize\src\dialects\abstract\query-generator.js:2434:25
    at Array.forEach (<anonymous>)
2023-12-14 13:12:52 error: [GET] /api/v1/alumni/directory >> StatusCode:: 500, Message:: WHERE parameter "user1Id" has invalid "undefined" value
2023-12-14 13:28:46 error: [GET] /api/v1/alumni/directory >> StatusCode:: 500, Message:: Error fething profile
2023-12-14 13:28:48 error: [GET] /api/v1/alumni/directory >> StatusCode:: 500, Message:: Error fething profile
2023-12-14 13:29:17 error: [GET] /api/v1/alumni/directory >> StatusCode:: 500, Message:: Error fething profile
2023-12-14 13:29:18 error: [GET] /api/v1/alumni/directory >> StatusCode:: 500, Message:: Error fething profile
2023-12-14 13:32:44 error: [GET] /api/v1/alumni/directory >> StatusCode:: 500, Message:: Error fething profile
2023-12-14 13:32:47 error: [GET] /api/v1/alumni/directory >> StatusCode:: 500, Message:: Error fething profile
2023-12-14 13:35:00 error: [GET] /api/v1/alumni/directory >> StatusCode:: 500, Message:: Error fething profile
2023-12-14 13:35:12 error: [GET] /api/v1/alumni/directory >> StatusCode:: 500, Message:: Error fething profile
2023-12-14 13:35:14 error: [GET] /api/v1/alumni/directory >> StatusCode:: 500, Message:: Error fething profile
2023-12-14 13:35:15 error: [GET] /api/v1/alumni/directory >> StatusCode:: 500, Message:: Error fething profile
2023-12-14 13:36:11 error: [GET] /api/v1/alumni/directory >> StatusCode:: 500, Message:: Error fething profile
2023-12-14 13:37:04 error: [GET] /api/v1/alumni/directory >> StatusCode:: 500, Message:: Error fething profile
2023-12-14 13:37:06 error: [GET] /api/v1/alumni/directory >> StatusCode:: 500, Message:: Error fething profile
2023-12-14 13:37:31 error: [GET] /api/v1/alumni/directory >> StatusCode:: 500, Message:: Error fething profile
2023-12-14 13:37:33 error: [GET] /api/v1/alumni/directory >> StatusCode:: 500, Message:: Error fething profile
2023-12-14 13:37:34 error: [GET] /api/v1/alumni/directory >> StatusCode:: 500, Message:: Error fething profile
2023-12-14 13:37:44 error: [GET] /api/v1/alumni/directory >> StatusCode:: 500, Message:: Error fething profile
2023-12-14 13:37:45 error: [GET] /api/v1/alumni/directory >> StatusCode:: 500, Message:: Error fething profile
2023-12-14 13:37:46 error: [GET] /api/v1/alumni/directory >> StatusCode:: 500, Message:: Error fething profile
2023-12-14 13:37:57 error: [GET] /api/v1/alumni/directory >> StatusCode:: 500, Message:: Error fething profile
2023-12-14 13:37:58 error: [GET] /api/v1/alumni/directory >> StatusCode:: 500, Message:: Error fething profile
2023-12-14 13:37:59 error: [GET] /api/v1/alumni/directory >> StatusCode:: 500, Message:: Error fething profile
2023-12-14 13:38:12 error: [GET] /api/v1/alumni/directory >> StatusCode:: 500, Message:: Error fething profile
2023-12-14 13:38:13 error: [GET] /api/v1/alumni/directory >> StatusCode:: 500, Message:: Error fething profile
2023-12-14 13:38:14 error: [GET] /api/v1/alumni/directory >> StatusCode:: 500, Message:: Error fething profile
2023-12-14 13:40:07 error: [GET] /api/v1/alumni/directory >> StatusCode:: 500, Message:: Cannot read properties of undefined (reading 'length')
2023-12-14 14:37:36 error: uncaughtException: Unknown column 'ProfileId' in 'field list'
Error
    at Query.run (C:\Users\Shailendra kumar\Desktop\masai-projects\masai-alumni\node_modules\.pnpm\sequelize@6.35.0_mysql2@3.6.3\node_modules\sequelize\src\dialects\mysql\query.js:46:25)
    at C:\Users\Shailendra kumar\Desktop\masai-projects\masai-alumni\node_modules\.pnpm\sequelize@6.35.0_mysql2@3.6.3\node_modules\sequelize\src\sequelize.js:650:28
    at processTicksAndRejections (node:internal/process/task_queues:95:5)
    at async MySQLQueryInterface.select (C:\Users\Shailendra kumar\Desktop\masai-projects\masai-alumni\node_modules\.pnpm\sequelize@6.35.0_mysql2@3.6.3\node_modules\sequelize\src\dialects\abstract\query-interface.js:1001:12)
    at async Function.findAll (C:\Users\Shailendra kumar\Desktop\masai-projects\masai-alumni\node_modules\.pnpm\sequelize@6.35.0_mysql2@3.6.3\node_modules\sequelize\src\model.js:1824:21)
2023-12-14 15:08:47 error: [GET] /api/v1/alumni/directory >> StatusCode:: 500, Message:: Error fething profile
2023-12-14 15:09:23 error: [GET] /api/v1/alumni/directory >> StatusCode:: 500, Message:: Error fething profile
2023-12-14 15:09:37 error: [GET] /api/v1/alumni/directory >> StatusCode:: 500, Message:: Converting circular structure to JSON
    --> starting at object with constructor 'Array'
    |     index 0 -> object with constructor 'Object'
    |     property 'parent' -> object with constructor 'Object'
    --- property 'include' closes the circle
2023-12-14 15:11:08 error: [GET] /api/v1/alumni/directory >> StatusCode:: 500, Message:: Error fething profile
2023-12-14 15:11:09 error: [GET] /api/v1/alumni/directory >> StatusCode:: 500, Message:: Error fething profile
2023-12-14 15:31:42 error: [GET] /api/v1/alumni/directory >> StatusCode:: 500, Message:: Converting circular structure to JSON
    --> starting at object with constructor 'Array'
    |     index 0 -> object with constructor 'Object'
    |     property 'parent' -> object with constructor 'Object'
    --- property 'include' closes the circle
2023-12-14 16:23:32 error: [GET] /api/v1/profiles/1 >> StatusCode:: 500, Message:: Error fetching profile
2023-12-14 16:23:37 error: [GET] /api/v1/profiles/2 >> StatusCode:: 500, Message:: Error fetching profile
2023-12-14 16:24:11 error: [GET] /api/v1/profiles/2 >> StatusCode:: 500, Message:: Error fetching profile
2023-12-14 16:24:12 error: [GET] /api/v1/profiles/2 >> StatusCode:: 500, Message:: Error fetching profile
2023-12-14 16:24:16 error: [GET] /api/v1/profiles/1 >> StatusCode:: 500, Message:: Error fetching profile
2023-12-14 16:25:21 error: [GET] /api/v1/profiles/1 >> StatusCode:: 500, Message:: Error fetching profile
2023-12-14 16:25:22 error: [GET] /api/v1/profiles/1 >> StatusCode:: 500, Message:: Error fetching profile
2023-12-14 16:25:23 error: [GET] /api/v1/profiles/1 >> StatusCode:: 500, Message:: Error fetching profile
2023-12-14 16:25:38 error: [GET] /api/v1/profiles/1 >> StatusCode:: 500, Message:: Error fetching profile
2023-12-14 16:29:20 error: [GET] /api/v1/profiles/3 >> StatusCode:: 500, Message:: Converting circular structure to JSON
    --> starting at object with constructor 'Array'
    |     index 0 -> object with constructor 'Object'
    |     property 'parent' -> object with constructor 'Object'
    --- property 'include' closes the circle
2023-12-14 16:29:22 error: [GET] /api/v1/profiles/3 >> StatusCode:: 500, Message:: Converting circular structure to JSON
    --> starting at object with constructor 'Array'
    |     index 0 -> object with constructor 'Object'
    |     property 'parent' -> object with constructor 'Object'
    --- property 'include' closes the circle
2023-12-14 17:28:05 error: uncaughtException: Route.put() requires a callback function but got a [object Undefined]
Error: Route.put() requires a callback function but got a [object Undefined]
    at Route.<computed> [as put] (C:\Users\Shailendra kumar\Desktop\masai-projects\masai-alumni\node_modules\.pnpm\express@4.18.2\node_modules\express\lib\router\route.js:211:15)
    at Function.proto.<computed> [as put] (C:\Users\Shailendra kumar\Desktop\masai-projects\masai-alumni\node_modules\.pnpm\express@4.18.2\node_modules\express\lib\router\index.js:521:19)
    at MentorRoutes.initializeRoutes (C:\Users\Shailendra kumar\Desktop\masai-projects\masai-alumni\apps\server\src\routes\mentor.route.ts:20:17)
    at new MentorRoutes (C:\Users\Shailendra kumar\Desktop\masai-projects\masai-alumni\apps\server\src\routes\mentor.route.ts:12:10)
    at Object.<anonymous> (C:\Users\Shailendra kumar\Desktop\masai-projects\masai-alumni\apps\server\src\routes\index.routes.ts:30:2)
    at Module._compile (node:internal/modules/cjs/loader:1376:14)
    at Module.m._compile (C:\Users\Shailendra kumar\Desktop\masai-projects\masai-alumni\node_modules\.pnpm\ts-node@10.9.1_@swc+core@1.3.95_@types+node@18.17.2_typescript@5.1.3\node_modules\ts-node\src\index.ts:1618:23)
    at Module._extensions..js (node:internal/modules/cjs/loader:1435:10)
    at Object.require.extensions.<computed> [as .ts] (C:\Users\Shailendra kumar\Desktop\masai-projects\masai-alumni\node_modules\.pnpm\ts-node@10.9.1_@swc+core@1.3.95_@types+node@18.17.2_typescript@5.1.3\node_modules\ts-node\src\index.ts:1621:12)
    at Module.load (node:internal/modules/cjs/loader:1207:32)
2023-12-14 17:28:19 error: uncaughtException: Cannot find module './'
Require stack:
- C:\Users\Shailendra kumar\Desktop\masai-projects\masai-alumni\apps\server\src\routes\index.routes.ts
- C:\Users\Shailendra kumar\Desktop\masai-projects\masai-alumni\apps\server\src\server.ts
Error: Cannot find module './'
Require stack:
- C:\Users\Shailendra kumar\Desktop\masai-projects\masai-alumni\apps\server\src\routes\index.routes.ts
- C:\Users\Shailendra kumar\Desktop\masai-projects\masai-alumni\apps\server\src\server.ts
    at Function.Module._resolveFilename (node:internal/modules/cjs/loader:1144:15)
    at Function.Module._resolveFilename.sharedData.moduleResolveFilenameHook.installedValue (C:\Users\Shailendra kumar\Desktop\masai-projects\masai-alumni\node_modules\.pnpm\@cspotcode+source-map-support@0.8.1\node_modules\@cspotcode\source-map-support\source-map-support.js:811:30)
    at Function.Module._resolveFilename (C:\Users\Shailendra kumar\Desktop\masai-projects\masai-alumni\node_modules\.pnpm\tsconfig-paths@4.2.0\node_modules\tsconfig-paths\src\register.ts:115:36)
    at Function.Module._load (node:internal/modules/cjs/loader:985:27)
    at Module.require (node:internal/modules/cjs/loader:1235:19)
    at require (node:internal/modules/helpers:176:18)
    at Object.<anonymous> (C:\Users\Shailendra kumar\Desktop\masai-projects\masai-alumni\apps\server\src\routes\index.routes.ts:14:1)
    at Module._compile (node:internal/modules/cjs/loader:1376:14)
    at Module.m._compile (C:\Users\Shailendra kumar\Desktop\masai-projects\masai-alumni\node_modules\.pnpm\ts-node@10.9.1_@swc+core@1.3.95_@types+node@18.17.2_typescript@5.1.3\node_modules\ts-node\src\index.ts:1618:23)
    at Module._extensions..js (node:internal/modules/cjs/loader:1435:10)
2023-12-14 17:28:22 error: uncaughtException: Cannot find module './'
Require stack:
- C:\Users\Shailendra kumar\Desktop\masai-projects\masai-alumni\apps\server\src\routes\index.routes.ts
- C:\Users\Shailendra kumar\Desktop\masai-projects\masai-alumni\apps\server\src\server.ts
Error: Cannot find module './'
Require stack:
- C:\Users\Shailendra kumar\Desktop\masai-projects\masai-alumni\apps\server\src\routes\index.routes.ts
- C:\Users\Shailendra kumar\Desktop\masai-projects\masai-alumni\apps\server\src\server.ts
    at Function.Module._resolveFilename (node:internal/modules/cjs/loader:1144:15)
    at Function.Module._resolveFilename.sharedData.moduleResolveFilenameHook.installedValue (C:\Users\Shailendra kumar\Desktop\masai-projects\masai-alumni\node_modules\.pnpm\@cspotcode+source-map-support@0.8.1\node_modules\@cspotcode\source-map-support\source-map-support.js:811:30)
    at Function.Module._resolveFilename (C:\Users\Shailendra kumar\Desktop\masai-projects\masai-alumni\node_modules\.pnpm\tsconfig-paths@4.2.0\node_modules\tsconfig-paths\src\register.ts:115:36)
    at Function.Module._load (node:internal/modules/cjs/loader:985:27)
    at Module.require (node:internal/modules/cjs/loader:1235:19)
    at require (node:internal/modules/helpers:176:18)
    at Object.<anonymous> (C:\Users\Shailendra kumar\Desktop\masai-projects\masai-alumni\apps\server\src\routes\index.routes.ts:14:1)
    at Module._compile (node:internal/modules/cjs/loader:1376:14)
    at Module.m._compile (C:\Users\Shailendra kumar\Desktop\masai-projects\masai-alumni\node_modules\.pnpm\ts-node@10.9.1_@swc+core@1.3.95_@types+node@18.17.2_typescript@5.1.3\node_modules\ts-node\src\index.ts:1618:23)
    at Module._extensions..js (node:internal/modules/cjs/loader:1435:10)
2023-12-14 17:28:26 error: uncaughtException: Route.put() requires a callback function but got a [object Undefined]
Error: Route.put() requires a callback function but got a [object Undefined]
    at Route.<computed> [as put] (C:\Users\Shailendra kumar\Desktop\masai-projects\masai-alumni\node_modules\.pnpm\express@4.18.2\node_modules\express\lib\router\route.js:211:15)
    at Function.proto.<computed> [as put] (C:\Users\Shailendra kumar\Desktop\masai-projects\masai-alumni\node_modules\.pnpm\express@4.18.2\node_modules\express\lib\router\index.js:521:19)
    at MentorRoutes.initializeRoutes (C:\Users\Shailendra kumar\Desktop\masai-projects\masai-alumni\apps\server\src\routes\mentor.route.ts:20:17)
    at new MentorRoutes (C:\Users\Shailendra kumar\Desktop\masai-projects\masai-alumni\apps\server\src\routes\mentor.route.ts:12:10)
    at Object.<anonymous> (C:\Users\Shailendra kumar\Desktop\masai-projects\masai-alumni\apps\server\src\routes\index.routes.ts:30:2)
    at Module._compile (node:internal/modules/cjs/loader:1376:14)
    at Module.m._compile (C:\Users\Shailendra kumar\Desktop\masai-projects\masai-alumni\node_modules\.pnpm\ts-node@10.9.1_@swc+core@1.3.95_@types+node@18.17.2_typescript@5.1.3\node_modules\ts-node\src\index.ts:1618:23)
    at Module._extensions..js (node:internal/modules/cjs/loader:1435:10)
    at Object.require.extensions.<computed> [as .ts] (C:\Users\Shailendra kumar\Desktop\masai-projects\masai-alumni\node_modules\.pnpm\ts-node@10.9.1_@swc+core@1.3.95_@types+node@18.17.2_typescript@5.1.3\node_modules\ts-node\src\index.ts:1621:12)
    at Module.load (node:internal/modules/cjs/loader:1207:32)
2023-12-14 17:28:34 error: uncaughtException: Route.put() requires a callback function but got a [object Undefined]
Error: Route.put() requires a callback function but got a [object Undefined]
    at Route.<computed> [as put] (C:\Users\Shailendra kumar\Desktop\masai-projects\masai-alumni\node_modules\.pnpm\express@4.18.2\node_modules\express\lib\router\route.js:211:15)
    at Function.proto.<computed> [as put] (C:\Users\Shailendra kumar\Desktop\masai-projects\masai-alumni\node_modules\.pnpm\express@4.18.2\node_modules\express\lib\router\index.js:521:19)
    at MentorRoutes.initializeRoutes (C:\Users\Shailendra kumar\Desktop\masai-projects\masai-alumni\apps\server\src\routes\mentor.route.ts:20:17)
    at new MentorRoutes (C:\Users\Shailendra kumar\Desktop\masai-projects\masai-alumni\apps\server\src\routes\mentor.route.ts:12:10)
    at Object.<anonymous> (C:\Users\Shailendra kumar\Desktop\masai-projects\masai-alumni\apps\server\src\routes\index.routes.ts:29:2)
    at Module._compile (node:internal/modules/cjs/loader:1376:14)
    at Module.m._compile (C:\Users\Shailendra kumar\Desktop\masai-projects\masai-alumni\node_modules\.pnpm\ts-node@10.9.1_@swc+core@1.3.95_@types+node@18.17.2_typescript@5.1.3\node_modules\ts-node\src\index.ts:1618:23)
    at Module._extensions..js (node:internal/modules/cjs/loader:1435:10)
    at Object.require.extensions.<computed> [as .ts] (C:\Users\Shailendra kumar\Desktop\masai-projects\masai-alumni\node_modules\.pnpm\ts-node@10.9.1_@swc+core@1.3.95_@types+node@18.17.2_typescript@5.1.3\node_modules\ts-node\src\index.ts:1621:12)
    at Module.load (node:internal/modules/cjs/loader:1207:32)
2023-12-14 17:29:35 error: uncaughtException: Route.put() requires a callback function but got a [object Undefined]
Error: Route.put() requires a callback function but got a [object Undefined]
    at Route.<computed> [as put] (C:\Users\Shailendra kumar\Desktop\masai-projects\masai-alumni\node_modules\.pnpm\express@4.18.2\node_modules\express\lib\router\route.js:211:15)
    at Function.proto.<computed> [as put] (C:\Users\Shailendra kumar\Desktop\masai-projects\masai-alumni\node_modules\.pnpm\express@4.18.2\node_modules\express\lib\router\index.js:521:19)
    at MentorRoutes.initializeRoutes (C:\Users\Shailendra kumar\Desktop\masai-projects\masai-alumni\apps\server\src\routes\mentor.route.ts:20:17)
    at new MentorRoutes (C:\Users\Shailendra kumar\Desktop\masai-projects\masai-alumni\apps\server\src\routes\mentor.route.ts:12:10)
    at Object.<anonymous> (C:\Users\Shailendra kumar\Desktop\masai-projects\masai-alumni\apps\server\src\routes\index.routes.ts:29:2)
    at Module._compile (node:internal/modules/cjs/loader:1376:14)
    at Module.m._compile (C:\Users\Shailendra kumar\Desktop\masai-projects\masai-alumni\node_modules\.pnpm\ts-node@10.9.1_@swc+core@1.3.95_@types+node@18.17.2_typescript@5.1.3\node_modules\ts-node\src\index.ts:1618:23)
    at Module._extensions..js (node:internal/modules/cjs/loader:1435:10)
    at Object.require.extensions.<computed> [as .ts] (C:\Users\Shailendra kumar\Desktop\masai-projects\masai-alumni\node_modules\.pnpm\ts-node@10.9.1_@swc+core@1.3.95_@types+node@18.17.2_typescript@5.1.3\node_modules\ts-node\src\index.ts:1621:12)
    at Module.load (node:internal/modules/cjs/loader:1207:32)
2023-12-14 17:32:09 error: [GET] /api/v1/mentors >> StatusCode:: 500, Message:: Unable to fetch mentors
2023-12-14 17:32:12 error: [GET] /api/v1/mentors >> StatusCode:: 500, Message:: Unable to fetch mentors
2023-12-14 17:34:19 error: [GET] /api/v1/mentors >> StatusCode:: 500, Message:: Unable to fetch mentors
2023-12-14 17:35:55 error: [GET] /api/v1/mentors >> StatusCode:: 500, Message:: Unable to fetch mentors
2023-12-14 17:37:34 error: uncaughtException: Unexpected token ';'
C:\Users\Shailendra kumar\Desktop\masai-projects\masai-alumni\apps\server\src\services\mentor.service.ts:88
            const ;
                  ^

SyntaxError: Unexpected token ';'
    at internalCompileFunction (node:internal/vm:77:18)
    at wrapSafe (node:internal/modules/cjs/loader:1288:20)
    at Module._compile (node:internal/modules/cjs/loader:1340:27)
    at Module.m._compile (C:\Users\Shailendra kumar\Desktop\masai-projects\masai-alumni\node_modules\.pnpm\ts-node@10.9.1_@swc+core@1.3.95_@types+node@18.17.2_typescript@5.1.3\node_modules\ts-node\src\index.ts:1618:23)
    at Module._extensions..js (node:internal/modules/cjs/loader:1435:10)
    at Object.require.extensions.<computed> [as .ts] (C:\Users\Shailendra kumar\Desktop\masai-projects\masai-alumni\node_modules\.pnpm\ts-node@10.9.1_@swc+core@1.3.95_@types+node@18.17.2_typescript@5.1.3\node_modules\ts-node\src\index.ts:1621:12)
    at Module.load (node:internal/modules/cjs/loader:1207:32)
    at Function.Module._load (node:internal/modules/cjs/loader:1023:12)
    at Module.require (node:internal/modules/cjs/loader:1235:19)
    at require (node:internal/modules/helpers:176:18)
2023-12-14 17:37:41 error: uncaughtException: Missing initializer in const declaration
C:\Users\Shailendra kumar\Desktop\masai-projects\masai-alumni\apps\server\src\services\mentor.service.ts:88
            const mentor;
                  ^^^^^^

SyntaxError: Missing initializer in const declaration
    at internalCompileFunction (node:internal/vm:77:18)
    at wrapSafe (node:internal/modules/cjs/loader:1288:20)
    at Module._compile (node:internal/modules/cjs/loader:1340:27)
    at Module.m._compile (C:\Users\Shailendra kumar\Desktop\masai-projects\masai-alumni\node_modules\.pnpm\ts-node@10.9.1_@swc+core@1.3.95_@types+node@18.17.2_typescript@5.1.3\node_modules\ts-node\src\index.ts:1618:23)
    at Module._extensions..js (node:internal/modules/cjs/loader:1435:10)
    at Object.require.extensions.<computed> [as .ts] (C:\Users\Shailendra kumar\Desktop\masai-projects\masai-alumni\node_modules\.pnpm\ts-node@10.9.1_@swc+core@1.3.95_@types+node@18.17.2_typescript@5.1.3\node_modules\ts-node\src\index.ts:1621:12)
    at Module.load (node:internal/modules/cjs/loader:1207:32)
    at Function.Module._load (node:internal/modules/cjs/loader:1023:12)
    at Module.require (node:internal/modules/cjs/loader:1235:19)
    at require (node:internal/modules/helpers:176:18)
2023-12-14 17:37:43 error: uncaughtException: ⨯ Unable to compile TypeScript:
src/services/mentor.service.ts(117,4): error TS1109: Expression expected.

TSError: ⨯ Unable to compile TypeScript:
src/services/mentor.service.ts(117,4): error TS1109: Expression expected.

    at createTSError (C:\Users\Shailendra kumar\Desktop\masai-projects\masai-alumni\node_modules\.pnpm\ts-node@10.9.1_@swc+core@1.3.95_@types+node@18.17.2_typescript@5.1.3\node_modules\ts-node\src\index.ts:859:12)
    at reportTSError (C:\Users\Shailendra kumar\Desktop\masai-projects\masai-alumni\node_modules\.pnpm\ts-node@10.9.1_@swc+core@1.3.95_@types+node@18.17.2_typescript@5.1.3\node_modules\ts-node\src\index.ts:863:19)
    at C:\Users\Shailendra kumar\Desktop\masai-projects\masai-alumni\node_modules\.pnpm\ts-node@10.9.1_@swc+core@1.3.95_@types+node@18.17.2_typescript@5.1.3\node_modules\ts-node\src\index.ts:1379:34
    at Object.compile (C:\Users\Shailendra kumar\Desktop\masai-projects\masai-alumni\node_modules\.pnpm\ts-node@10.9.1_@swc+core@1.3.95_@types+node@18.17.2_typescript@5.1.3\node_modules\ts-node\src\index.ts:1458:13)
    at Module.m._compile (C:\Users\Shailendra kumar\Desktop\masai-projects\masai-alumni\node_modules\.pnpm\ts-node@10.9.1_@swc+core@1.3.95_@types+node@18.17.2_typescript@5.1.3\node_modules\ts-node\src\index.ts:1617:30)
    at Module._extensions..js (node:internal/modules/cjs/loader:1435:10)
    at Object.require.extensions.<computed> [as .ts] (C:\Users\Shailendra kumar\Desktop\masai-projects\masai-alumni\node_modules\.pnpm\ts-node@10.9.1_@swc+core@1.3.95_@types+node@18.17.2_typescript@5.1.3\node_modules\ts-node\src\index.ts:1621:12)
    at Module.load (node:internal/modules/cjs/loader:1207:32)
    at Function.Module._load (node:internal/modules/cjs/loader:1023:12)
    at Module.require (node:internal/modules/cjs/loader:1235:19)
2023-12-14 17:37:47 error: uncaughtException: ⨯ Unable to compile TypeScript:
src/services/mentor.service.ts(114,30): error TS1003: Identifier expected.

TSError: ⨯ Unable to compile TypeScript:
src/services/mentor.service.ts(114,30): error TS1003: Identifier expected.

    at createTSError (C:\Users\Shailendra kumar\Desktop\masai-projects\masai-alumni\node_modules\.pnpm\ts-node@10.9.1_@swc+core@1.3.95_@types+node@18.17.2_typescript@5.1.3\node_modules\ts-node\src\index.ts:859:12)
    at reportTSError (C:\Users\Shailendra kumar\Desktop\masai-projects\masai-alumni\node_modules\.pnpm\ts-node@10.9.1_@swc+core@1.3.95_@types+node@18.17.2_typescript@5.1.3\node_modules\ts-node\src\index.ts:863:19)
    at C:\Users\Shailendra kumar\Desktop\masai-projects\masai-alumni\node_modules\.pnpm\ts-node@10.9.1_@swc+core@1.3.95_@types+node@18.17.2_typescript@5.1.3\node_modules\ts-node\src\index.ts:1379:34
    at Object.compile (C:\Users\Shailendra kumar\Desktop\masai-projects\masai-alumni\node_modules\.pnpm\ts-node@10.9.1_@swc+core@1.3.95_@types+node@18.17.2_typescript@5.1.3\node_modules\ts-node\src\index.ts:1458:13)
    at Module.m._compile (C:\Users\Shailendra kumar\Desktop\masai-projects\masai-alumni\node_modules\.pnpm\ts-node@10.9.1_@swc+core@1.3.95_@types+node@18.17.2_typescript@5.1.3\node_modules\ts-node\src\index.ts:1617:30)
    at Module._extensions..js (node:internal/modules/cjs/loader:1435:10)
    at Object.require.extensions.<computed> [as .ts] (C:\Users\Shailendra kumar\Desktop\masai-projects\masai-alumni\node_modules\.pnpm\ts-node@10.9.1_@swc+core@1.3.95_@types+node@18.17.2_typescript@5.1.3\node_modules\ts-node\src\index.ts:1621:12)
    at Module.load (node:internal/modules/cjs/loader:1207:32)
    at Function.Module._load (node:internal/modules/cjs/loader:1023:12)
    at Module.require (node:internal/modules/cjs/loader:1235:19)
2023-12-14 17:38:00 error: uncaughtException: ⨯ Unable to compile TypeScript:
src/services/mentor.service.ts(117,4): error TS1109: Expression expected.

TSError: ⨯ Unable to compile TypeScript:
src/services/mentor.service.ts(117,4): error TS1109: Expression expected.

    at createTSError (C:\Users\Shailendra kumar\Desktop\masai-projects\masai-alumni\node_modules\.pnpm\ts-node@10.9.1_@swc+core@1.3.95_@types+node@18.17.2_typescript@5.1.3\node_modules\ts-node\src\index.ts:859:12)
    at reportTSError (C:\Users\Shailendra kumar\Desktop\masai-projects\masai-alumni\node_modules\.pnpm\ts-node@10.9.1_@swc+core@1.3.95_@types+node@18.17.2_typescript@5.1.3\node_modules\ts-node\src\index.ts:863:19)
    at C:\Users\Shailendra kumar\Desktop\masai-projects\masai-alumni\node_modules\.pnpm\ts-node@10.9.1_@swc+core@1.3.95_@types+node@18.17.2_typescript@5.1.3\node_modules\ts-node\src\index.ts:1379:34
    at Object.compile (C:\Users\Shailendra kumar\Desktop\masai-projects\masai-alumni\node_modules\.pnpm\ts-node@10.9.1_@swc+core@1.3.95_@types+node@18.17.2_typescript@5.1.3\node_modules\ts-node\src\index.ts:1458:13)
    at Module.m._compile (C:\Users\Shailendra kumar\Desktop\masai-projects\masai-alumni\node_modules\.pnpm\ts-node@10.9.1_@swc+core@1.3.95_@types+node@18.17.2_typescript@5.1.3\node_modules\ts-node\src\index.ts:1617:30)
    at Module._extensions..js (node:internal/modules/cjs/loader:1435:10)
    at Object.require.extensions.<computed> [as .ts] (C:\Users\Shailendra kumar\Desktop\masai-projects\masai-alumni\node_modules\.pnpm\ts-node@10.9.1_@swc+core@1.3.95_@types+node@18.17.2_typescript@5.1.3\node_modules\ts-node\src\index.ts:1621:12)
    at Module.load (node:internal/modules/cjs/loader:1207:32)
    at Function.Module._load (node:internal/modules/cjs/loader:1023:12)
    at Module.require (node:internal/modules/cjs/loader:1235:19)
2023-12-14 17:38:02 error: uncaughtException: ⨯ Unable to compile TypeScript:
src/services/mentor.service.ts(114,37): error TS1003: Identifier expected.

TSError: ⨯ Unable to compile TypeScript:
src/services/mentor.service.ts(114,37): error TS1003: Identifier expected.

    at createTSError (C:\Users\Shailendra kumar\Desktop\masai-projects\masai-alumni\node_modules\.pnpm\ts-node@10.9.1_@swc+core@1.3.95_@types+node@18.17.2_typescript@5.1.3\node_modules\ts-node\src\index.ts:859:12)
    at reportTSError (C:\Users\Shailendra kumar\Desktop\masai-projects\masai-alumni\node_modules\.pnpm\ts-node@10.9.1_@swc+core@1.3.95_@types+node@18.17.2_typescript@5.1.3\node_modules\ts-node\src\index.ts:863:19)
    at C:\Users\Shailendra kumar\Desktop\masai-projects\masai-alumni\node_modules\.pnpm\ts-node@10.9.1_@swc+core@1.3.95_@types+node@18.17.2_typescript@5.1.3\node_modules\ts-node\src\index.ts:1379:34
    at Object.compile (C:\Users\Shailendra kumar\Desktop\masai-projects\masai-alumni\node_modules\.pnpm\ts-node@10.9.1_@swc+core@1.3.95_@types+node@18.17.2_typescript@5.1.3\node_modules\ts-node\src\index.ts:1458:13)
    at Module.m._compile (C:\Users\Shailendra kumar\Desktop\masai-projects\masai-alumni\node_modules\.pnpm\ts-node@10.9.1_@swc+core@1.3.95_@types+node@18.17.2_typescript@5.1.3\node_modules\ts-node\src\index.ts:1617:30)
    at Module._extensions..js (node:internal/modules/cjs/loader:1435:10)
    at Object.require.extensions.<computed> [as .ts] (C:\Users\Shailendra kumar\Desktop\masai-projects\masai-alumni\node_modules\.pnpm\ts-node@10.9.1_@swc+core@1.3.95_@types+node@18.17.2_typescript@5.1.3\node_modules\ts-node\src\index.ts:1621:12)
    at Module.load (node:internal/modules/cjs/loader:1207:32)
    at Function.Module._load (node:internal/modules/cjs/loader:1023:12)
    at Module.require (node:internal/modules/cjs/loader:1235:19)
2023-12-14 17:39:07 error: uncaughtException: ⨯ Unable to compile TypeScript:
src/services/mentor.service.ts(116,6): error TS1136: Property assignment expected.
src/services/mentor.service.ts(119,5): error TS1005: ',' expected.
src/services/mentor.service.ts(120,4): error TS1472: 'catch' or 'finally' expected.
src/services/mentor.service.ts(120,5): error TS1005: ';' expected.
src/services/mentor.service.ts(123,4): error TS1068: Unexpected token. A constructor, method, accessor, or property was expected.
src/services/mentor.service.ts(124,3): error TS1128: Declaration or statement expected.
src/services/mentor.service.ts(124,5): error TS1005: 'try' expected.
src/services/mentor.service.ts(128,2): error TS1128: Declaration or statement expected.
src/services/mentor.service.ts(130,2): error TS1128: Declaration or statement expected.
src/services/mentor.service.ts(150,2): error TS1128: Declaration or statement expected.
src/services/mentor.service.ts(173,2): error TS1128: Declaration or statement expected.
src/services/mentor.service.ts(210,1): error TS1128: Declaration or statement expected.
src/services/mentor.service.ts(246,2): error TS1128: Declaration or statement expected.
src/services/mentor.service.ts(272,2): error TS1128: Declaration or statement expected.
src/services/mentor.service.ts(292,1): error TS1128: Declaration or statement expected.

TSError: ⨯ Unable to compile TypeScript:
src/services/mentor.service.ts(116,6): error TS1136: Property assignment expected.
src/services/mentor.service.ts(119,5): error TS1005: ',' expected.
src/services/mentor.service.ts(120,4): error TS1472: 'catch' or 'finally' expected.
src/services/mentor.service.ts(120,5): error TS1005: ';' expected.
src/services/mentor.service.ts(123,4): error TS1068: Unexpected token. A constructor, method, accessor, or property was expected.
src/services/mentor.service.ts(124,3): error TS1128: Declaration or statement expected.
src/services/mentor.service.ts(124,5): error TS1005: 'try' expected.
src/services/mentor.service.ts(128,2): error TS1128: Declaration or statement expected.
src/services/mentor.service.ts(130,2): error TS1128: Declaration or statement expected.
src/services/mentor.service.ts(150,2): error TS1128: Declaration or statement expected.
src/services/mentor.service.ts(173,2): error TS1128: Declaration or statement expected.
src/services/mentor.service.ts(210,1): error TS1128: Declaration or statement expected.
src/services/mentor.service.ts(246,2): error TS1128: Declaration or statement expected.
src/services/mentor.service.ts(272,2): error TS1128: Declaration or statement expected.
src/services/mentor.service.ts(292,1): error TS1128: Declaration or statement expected.

    at createTSError (C:\Users\Shailendra kumar\Desktop\masai-projects\masai-alumni\node_modules\.pnpm\ts-node@10.9.1_@swc+core@1.3.95_@types+node@18.17.2_typescript@5.1.3\node_modules\ts-node\src\index.ts:859:12)
    at reportTSError (C:\Users\Shailendra kumar\Desktop\masai-projects\masai-alumni\node_modules\.pnpm\ts-node@10.9.1_@swc+core@1.3.95_@types+node@18.17.2_typescript@5.1.3\node_modules\ts-node\src\index.ts:863:19)
    at C:\Users\Shailendra kumar\Desktop\masai-projects\masai-alumni\node_modules\.pnpm\ts-node@10.9.1_@swc+core@1.3.95_@types+node@18.17.2_typescript@5.1.3\node_modules\ts-node\src\index.ts:1379:34
    at Object.compile (C:\Users\Shailendra kumar\Desktop\masai-projects\masai-alumni\node_modules\.pnpm\ts-node@10.9.1_@swc+core@1.3.95_@types+node@18.17.2_typescript@5.1.3\node_modules\ts-node\src\index.ts:1458:13)
    at Module.m._compile (C:\Users\Shailendra kumar\Desktop\masai-projects\masai-alumni\node_modules\.pnpm\ts-node@10.9.1_@swc+core@1.3.95_@types+node@18.17.2_typescript@5.1.3\node_modules\ts-node\src\index.ts:1617:30)
    at Module._extensions..js (node:internal/modules/cjs/loader:1435:10)
    at Object.require.extensions.<computed> [as .ts] (C:\Users\Shailendra kumar\Desktop\masai-projects\masai-alumni\node_modules\.pnpm\ts-node@10.9.1_@swc+core@1.3.95_@types+node@18.17.2_typescript@5.1.3\node_modules\ts-node\src\index.ts:1621:12)
    at Module.load (node:internal/modules/cjs/loader:1207:32)
    at Function.Module._load (node:internal/modules/cjs/loader:1023:12)
    at Module.require (node:internal/modules/cjs/loader:1235:19)
2023-12-14 17:39:09 error: uncaughtException: ⨯ Unable to compile TypeScript:
src/services/mentor.service.ts(116,6): error TS1136: Property assignment expected.
src/services/mentor.service.ts(120,5): error TS1005: ',' expected.
src/services/mentor.service.ts(121,4): error TS1472: 'catch' or 'finally' expected.
src/services/mentor.service.ts(121,5): error TS1005: ';' expected.
src/services/mentor.service.ts(124,4): error TS1068: Unexpected token. A constructor, method, accessor, or property was expected.
src/services/mentor.service.ts(125,3): error TS1128: Declaration or statement expected.
src/services/mentor.service.ts(125,5): error TS1005: 'try' expected.
src/services/mentor.service.ts(129,2): error TS1128: Declaration or statement expected.
src/services/mentor.service.ts(131,2): error TS1128: Declaration or statement expected.
src/services/mentor.service.ts(151,2): error TS1128: Declaration or statement expected.
src/services/mentor.service.ts(174,2): error TS1128: Declaration or statement expected.
src/services/mentor.service.ts(211,1): error TS1128: Declaration or statement expected.
src/services/mentor.service.ts(247,2): error TS1128: Declaration or statement expected.
src/services/mentor.service.ts(273,2): error TS1128: Declaration or statement expected.
src/services/mentor.service.ts(293,1): error TS1128: Declaration or statement expected.

TSError: ⨯ Unable to compile TypeScript:
src/services/mentor.service.ts(116,6): error TS1136: Property assignment expected.
src/services/mentor.service.ts(120,5): error TS1005: ',' expected.
src/services/mentor.service.ts(121,4): error TS1472: 'catch' or 'finally' expected.
src/services/mentor.service.ts(121,5): error TS1005: ';' expected.
src/services/mentor.service.ts(124,4): error TS1068: Unexpected token. A constructor, method, accessor, or property was expected.
src/services/mentor.service.ts(125,3): error TS1128: Declaration or statement expected.
src/services/mentor.service.ts(125,5): error TS1005: 'try' expected.
src/services/mentor.service.ts(129,2): error TS1128: Declaration or statement expected.
src/services/mentor.service.ts(131,2): error TS1128: Declaration or statement expected.
src/services/mentor.service.ts(151,2): error TS1128: Declaration or statement expected.
src/services/mentor.service.ts(174,2): error TS1128: Declaration or statement expected.
src/services/mentor.service.ts(211,1): error TS1128: Declaration or statement expected.
src/services/mentor.service.ts(247,2): error TS1128: Declaration or statement expected.
src/services/mentor.service.ts(273,2): error TS1128: Declaration or statement expected.
src/services/mentor.service.ts(293,1): error TS1128: Declaration or statement expected.

    at createTSError (C:\Users\Shailendra kumar\Desktop\masai-projects\masai-alumni\node_modules\.pnpm\ts-node@10.9.1_@swc+core@1.3.95_@types+node@18.17.2_typescript@5.1.3\node_modules\ts-node\src\index.ts:859:12)
    at reportTSError (C:\Users\Shailendra kumar\Desktop\masai-projects\masai-alumni\node_modules\.pnpm\ts-node@10.9.1_@swc+core@1.3.95_@types+node@18.17.2_typescript@5.1.3\node_modules\ts-node\src\index.ts:863:19)
    at C:\Users\Shailendra kumar\Desktop\masai-projects\masai-alumni\node_modules\.pnpm\ts-node@10.9.1_@swc+core@1.3.95_@types+node@18.17.2_typescript@5.1.3\node_modules\ts-node\src\index.ts:1379:34
    at Object.compile (C:\Users\Shailendra kumar\Desktop\masai-projects\masai-alumni\node_modules\.pnpm\ts-node@10.9.1_@swc+core@1.3.95_@types+node@18.17.2_typescript@5.1.3\node_modules\ts-node\src\index.ts:1458:13)
    at Module.m._compile (C:\Users\Shailendra kumar\Desktop\masai-projects\masai-alumni\node_modules\.pnpm\ts-node@10.9.1_@swc+core@1.3.95_@types+node@18.17.2_typescript@5.1.3\node_modules\ts-node\src\index.ts:1617:30)
    at Module._extensions..js (node:internal/modules/cjs/loader:1435:10)
    at Object.require.extensions.<computed> [as .ts] (C:\Users\Shailendra kumar\Desktop\masai-projects\masai-alumni\node_modules\.pnpm\ts-node@10.9.1_@swc+core@1.3.95_@types+node@18.17.2_typescript@5.1.3\node_modules\ts-node\src\index.ts:1621:12)
    at Module.load (node:internal/modules/cjs/loader:1207:32)
    at Function.Module._load (node:internal/modules/cjs/loader:1023:12)
    at Module.require (node:internal/modules/cjs/loader:1235:19)
2023-12-14 17:39:13 error: uncaughtException: ⨯ Unable to compile TypeScript:
src/services/mentor.service.ts(116,6): error TS1005: ',' expected.
src/services/mentor.service.ts(120,5): error TS1005: ',' expected.
src/services/mentor.service.ts(121,4): error TS1472: 'catch' or 'finally' expected.
src/services/mentor.service.ts(121,5): error TS1005: ';' expected.
src/services/mentor.service.ts(124,4): error TS1068: Unexpected token. A constructor, method, accessor, or property was expected.
src/services/mentor.service.ts(125,3): error TS1128: Declaration or statement expected.
src/services/mentor.service.ts(125,5): error TS1005: 'try' expected.
src/services/mentor.service.ts(129,2): error TS1128: Declaration or statement expected.
src/services/mentor.service.ts(131,2): error TS1128: Declaration or statement expected.
src/services/mentor.service.ts(151,2): error TS1128: Declaration or statement expected.
src/services/mentor.service.ts(174,2): error TS1128: Declaration or statement expected.
src/services/mentor.service.ts(211,1): error TS1128: Declaration or statement expected.
src/services/mentor.service.ts(247,2): error TS1128: Declaration or statement expected.
src/services/mentor.service.ts(273,2): error TS1128: Declaration or statement expected.
src/services/mentor.service.ts(293,1): error TS1128: Declaration or statement expected.

TSError: ⨯ Unable to compile TypeScript:
src/services/mentor.service.ts(116,6): error TS1005: ',' expected.
src/services/mentor.service.ts(120,5): error TS1005: ',' expected.
src/services/mentor.service.ts(121,4): error TS1472: 'catch' or 'finally' expected.
src/services/mentor.service.ts(121,5): error TS1005: ';' expected.
src/services/mentor.service.ts(124,4): error TS1068: Unexpected token. A constructor, method, accessor, or property was expected.
src/services/mentor.service.ts(125,3): error TS1128: Declaration or statement expected.
src/services/mentor.service.ts(125,5): error TS1005: 'try' expected.
src/services/mentor.service.ts(129,2): error TS1128: Declaration or statement expected.
src/services/mentor.service.ts(131,2): error TS1128: Declaration or statement expected.
src/services/mentor.service.ts(151,2): error TS1128: Declaration or statement expected.
src/services/mentor.service.ts(174,2): error TS1128: Declaration or statement expected.
src/services/mentor.service.ts(211,1): error TS1128: Declaration or statement expected.
src/services/mentor.service.ts(247,2): error TS1128: Declaration or statement expected.
src/services/mentor.service.ts(273,2): error TS1128: Declaration or statement expected.
src/services/mentor.service.ts(293,1): error TS1128: Declaration or statement expected.

    at createTSError (C:\Users\Shailendra kumar\Desktop\masai-projects\masai-alumni\node_modules\.pnpm\ts-node@10.9.1_@swc+core@1.3.95_@types+node@18.17.2_typescript@5.1.3\node_modules\ts-node\src\index.ts:859:12)
    at reportTSError (C:\Users\Shailendra kumar\Desktop\masai-projects\masai-alumni\node_modules\.pnpm\ts-node@10.9.1_@swc+core@1.3.95_@types+node@18.17.2_typescript@5.1.3\node_modules\ts-node\src\index.ts:863:19)
    at C:\Users\Shailendra kumar\Desktop\masai-projects\masai-alumni\node_modules\.pnpm\ts-node@10.9.1_@swc+core@1.3.95_@types+node@18.17.2_typescript@5.1.3\node_modules\ts-node\src\index.ts:1379:34
    at Object.compile (C:\Users\Shailendra kumar\Desktop\masai-projects\masai-alumni\node_modules\.pnpm\ts-node@10.9.1_@swc+core@1.3.95_@types+node@18.17.2_typescript@5.1.3\node_modules\ts-node\src\index.ts:1458:13)
    at Module.m._compile (C:\Users\Shailendra kumar\Desktop\masai-projects\masai-alumni\node_modules\.pnpm\ts-node@10.9.1_@swc+core@1.3.95_@types+node@18.17.2_typescript@5.1.3\node_modules\ts-node\src\index.ts:1617:30)
    at Module._extensions..js (node:internal/modules/cjs/loader:1435:10)
    at Object.require.extensions.<computed> [as .ts] (C:\Users\Shailendra kumar\Desktop\masai-projects\masai-alumni\node_modules\.pnpm\ts-node@10.9.1_@swc+core@1.3.95_@types+node@18.17.2_typescript@5.1.3\node_modules\ts-node\src\index.ts:1621:12)
    at Module.load (node:internal/modules/cjs/loader:1207:32)
    at Function.Module._load (node:internal/modules/cjs/loader:1023:12)
    at Module.require (node:internal/modules/cjs/loader:1235:19)
2023-12-14 17:39:23 error: uncaughtException: ⨯ Unable to compile TypeScript:
src/services/mentor.service.ts(120,6): error TS1109: Expression expected.

TSError: ⨯ Unable to compile TypeScript:
src/services/mentor.service.ts(120,6): error TS1109: Expression expected.

    at createTSError (C:\Users\Shailendra kumar\Desktop\masai-projects\masai-alumni\node_modules\.pnpm\ts-node@10.9.1_@swc+core@1.3.95_@types+node@18.17.2_typescript@5.1.3\node_modules\ts-node\src\index.ts:859:12)
    at reportTSError (C:\Users\Shailendra kumar\Desktop\masai-projects\masai-alumni\node_modules\.pnpm\ts-node@10.9.1_@swc+core@1.3.95_@types+node@18.17.2_typescript@5.1.3\node_modules\ts-node\src\index.ts:863:19)
    at C:\Users\Shailendra kumar\Desktop\masai-projects\masai-alumni\node_modules\.pnpm\ts-node@10.9.1_@swc+core@1.3.95_@types+node@18.17.2_typescript@5.1.3\node_modules\ts-node\src\index.ts:1379:34
    at Object.compile (C:\Users\Shailendra kumar\Desktop\masai-projects\masai-alumni\node_modules\.pnpm\ts-node@10.9.1_@swc+core@1.3.95_@types+node@18.17.2_typescript@5.1.3\node_modules\ts-node\src\index.ts:1458:13)
    at Module.m._compile (C:\Users\Shailendra kumar\Desktop\masai-projects\masai-alumni\node_modules\.pnpm\ts-node@10.9.1_@swc+core@1.3.95_@types+node@18.17.2_typescript@5.1.3\node_modules\ts-node\src\index.ts:1617:30)
    at Module._extensions..js (node:internal/modules/cjs/loader:1435:10)
    at Object.require.extensions.<computed> [as .ts] (C:\Users\Shailendra kumar\Desktop\masai-projects\masai-alumni\node_modules\.pnpm\ts-node@10.9.1_@swc+core@1.3.95_@types+node@18.17.2_typescript@5.1.3\node_modules\ts-node\src\index.ts:1621:12)
    at Module.load (node:internal/modules/cjs/loader:1207:32)
    at Function.Module._load (node:internal/modules/cjs/loader:1023:12)
    at Module.require (node:internal/modules/cjs/loader:1235:19)
2023-12-14 17:40:15 error: uncaughtException: ⨯ Unable to compile TypeScript:
src/services/mentor.service.ts(125,6): error TS1109: Expression expected.

TSError: ⨯ Unable to compile TypeScript:
src/services/mentor.service.ts(125,6): error TS1109: Expression expected.

    at createTSError (C:\Users\Shailendra kumar\Desktop\masai-projects\masai-alumni\node_modules\.pnpm\ts-node@10.9.1_@swc+core@1.3.95_@types+node@18.17.2_typescript@5.1.3\node_modules\ts-node\src\index.ts:859:12)
    at reportTSError (C:\Users\Shailendra kumar\Desktop\masai-projects\masai-alumni\node_modules\.pnpm\ts-node@10.9.1_@swc+core@1.3.95_@types+node@18.17.2_typescript@5.1.3\node_modules\ts-node\src\index.ts:863:19)
    at C:\Users\Shailendra kumar\Desktop\masai-projects\masai-alumni\node_modules\.pnpm\ts-node@10.9.1_@swc+core@1.3.95_@types+node@18.17.2_typescript@5.1.3\node_modules\ts-node\src\index.ts:1379:34
    at Object.compile (C:\Users\Shailendra kumar\Desktop\masai-projects\masai-alumni\node_modules\.pnpm\ts-node@10.9.1_@swc+core@1.3.95_@types+node@18.17.2_typescript@5.1.3\node_modules\ts-node\src\index.ts:1458:13)
    at Module.m._compile (C:\Users\Shailendra kumar\Desktop\masai-projects\masai-alumni\node_modules\.pnpm\ts-node@10.9.1_@swc+core@1.3.95_@types+node@18.17.2_typescript@5.1.3\node_modules\ts-node\src\index.ts:1617:30)
    at Module._extensions..js (node:internal/modules/cjs/loader:1435:10)
    at Object.require.extensions.<computed> [as .ts] (C:\Users\Shailendra kumar\Desktop\masai-projects\masai-alumni\node_modules\.pnpm\ts-node@10.9.1_@swc+core@1.3.95_@types+node@18.17.2_typescript@5.1.3\node_modules\ts-node\src\index.ts:1621:12)
    at Module.load (node:internal/modules/cjs/loader:1207:32)
    at Function.Module._load (node:internal/modules/cjs/loader:1023:12)
    at Module.require (node:internal/modules/cjs/loader:1235:19)
2023-12-14 17:40:29 error: [GET] /api/v1/mentors >> StatusCode:: 500, Message:: Unable to fetch mentors
2023-12-14 17:41:20 error: uncaughtException: You have used the alias user in two separate associations. Aliased associations must have unique aliases.
SequelizeAssociationError: You have used the alias user in two separate associations. Aliased associations must have unique aliases.
    at new Association (C:\Users\Shailendra kumar\Desktop\masai-projects\masai-alumni\node_modules\.pnpm\sequelize@6.35.0_mysql2@3.6.3\node_modules\sequelize\src\associations\base.js:107:13)
    at new BelongsTo (C:\Users\Shailendra kumar\Desktop\masai-projects\masai-alumni\node_modules\.pnpm\sequelize@6.35.0_mysql2@3.6.3\node_modules\sequelize\src\associations\belongs-to.js:18:5)
    at Function.<anonymous> (C:\Users\Shailendra kumar\Desktop\masai-projects\masai-alumni\node_modules\.pnpm\sequelize@6.35.0_mysql2@3.6.3\node_modules\sequelize\src\associations\mixin.js:105:25)
    at Function.associate (C:\Users\Shailendra kumar\Desktop\masai-projects\masai-alumni\apps\server\src\models\mentor.model.ts:17:8)
    at Object.<anonymous> (C:\Users\Shailendra kumar\Desktop\masai-projects\masai-alumni\apps\server\src\models\mentor.model.ts:91:13)
    at Module._compile (node:internal/modules/cjs/loader:1376:14)
    at Module.m._compile (C:\Users\Shailendra kumar\Desktop\masai-projects\masai-alumni\node_modules\.pnpm\ts-node@10.9.1_@swc+core@1.3.95_@types+node@18.17.2_typescript@5.1.3\node_modules\ts-node\src\index.ts:1618:23)
    at Module._extensions..js (node:internal/modules/cjs/loader:1435:10)
    at Object.require.extensions.<computed> [as .ts] (C:\Users\Shailendra kumar\Desktop\masai-projects\masai-alumni\node_modules\.pnpm\ts-node@10.9.1_@swc+core@1.3.95_@types+node@18.17.2_typescript@5.1.3\node_modules\ts-node\src\index.ts:1621:12)
    at Module.load (node:internal/modules/cjs/loader:1207:32)
2023-12-14 17:41:30 error: uncaughtException: You have used the alias user in two separate associations. Aliased associations must have unique aliases.
SequelizeAssociationError: You have used the alias user in two separate associations. Aliased associations must have unique aliases.
    at new Association (C:\Users\Shailendra kumar\Desktop\masai-projects\masai-alumni\node_modules\.pnpm\sequelize@6.35.0_mysql2@3.6.3\node_modules\sequelize\src\associations\base.js:107:13)
    at new BelongsTo (C:\Users\Shailendra kumar\Desktop\masai-projects\masai-alumni\node_modules\.pnpm\sequelize@6.35.0_mysql2@3.6.3\node_modules\sequelize\src\associations\belongs-to.js:18:5)
    at Function.<anonymous> (C:\Users\Shailendra kumar\Desktop\masai-projects\masai-alumni\node_modules\.pnpm\sequelize@6.35.0_mysql2@3.6.3\node_modules\sequelize\src\associations\mixin.js:105:25)
    at Function.associate (C:\Users\Shailendra kumar\Desktop\masai-projects\masai-alumni\apps\server\src\models\mentor.model.ts:17:8)
    at Object.<anonymous> (C:\Users\Shailendra kumar\Desktop\masai-projects\masai-alumni\apps\server\src\models\mentor.model.ts:93:13)
    at Module._compile (node:internal/modules/cjs/loader:1376:14)
    at Module.m._compile (C:\Users\Shailendra kumar\Desktop\masai-projects\masai-alumni\node_modules\.pnpm\ts-node@10.9.1_@swc+core@1.3.95_@types+node@18.17.2_typescript@5.1.3\node_modules\ts-node\src\index.ts:1618:23)
    at Module._extensions..js (node:internal/modules/cjs/loader:1435:10)
    at Object.require.extensions.<computed> [as .ts] (C:\Users\Shailendra kumar\Desktop\masai-projects\masai-alumni\node_modules\.pnpm\ts-node@10.9.1_@swc+core@1.3.95_@types+node@18.17.2_typescript@5.1.3\node_modules\ts-node\src\index.ts:1621:12)
    at Module.load (node:internal/modules/cjs/loader:1207:32)
2023-12-14 17:41:37 error: uncaughtException: You have used the alias user in two separate associations. Aliased associations must have unique aliases.
SequelizeAssociationError: You have used the alias user in two separate associations. Aliased associations must have unique aliases.
    at new Association (C:\Users\Shailendra kumar\Desktop\masai-projects\masai-alumni\node_modules\.pnpm\sequelize@6.35.0_mysql2@3.6.3\node_modules\sequelize\src\associations\base.js:107:13)
    at new BelongsTo (C:\Users\Shailendra kumar\Desktop\masai-projects\masai-alumni\node_modules\.pnpm\sequelize@6.35.0_mysql2@3.6.3\node_modules\sequelize\src\associations\belongs-to.js:18:5)
    at Function.<anonymous> (C:\Users\Shailendra kumar\Desktop\masai-projects\masai-alumni\node_modules\.pnpm\sequelize@6.35.0_mysql2@3.6.3\node_modules\sequelize\src\associations\mixin.js:105:25)
    at Function.associate (C:\Users\Shailendra kumar\Desktop\masai-projects\masai-alumni\apps\server\src\models\mentor.model.ts:17:8)
    at Object.<anonymous> (C:\Users\Shailendra kumar\Desktop\masai-projects\masai-alumni\apps\server\src\models\mentor.model.ts:94:13)
    at Module._compile (node:internal/modules/cjs/loader:1376:14)
    at Module.m._compile (C:\Users\Shailendra kumar\Desktop\masai-projects\masai-alumni\node_modules\.pnpm\ts-node@10.9.1_@swc+core@1.3.95_@types+node@18.17.2_typescript@5.1.3\node_modules\ts-node\src\index.ts:1618:23)
    at Module._extensions..js (node:internal/modules/cjs/loader:1435:10)
    at Object.require.extensions.<computed> [as .ts] (C:\Users\Shailendra kumar\Desktop\masai-projects\masai-alumni\node_modules\.pnpm\ts-node@10.9.1_@swc+core@1.3.95_@types+node@18.17.2_typescript@5.1.3\node_modules\ts-node\src\index.ts:1621:12)
    at Module.load (node:internal/modules/cjs/loader:1207:32)
2023-12-14 17:41:42 error: uncaughtException: You have used the alias user in two separate associations. Aliased associations must have unique aliases.
SequelizeAssociationError: You have used the alias user in two separate associations. Aliased associations must have unique aliases.
    at new Association (C:\Users\Shailendra kumar\Desktop\masai-projects\masai-alumni\node_modules\.pnpm\sequelize@6.35.0_mysql2@3.6.3\node_modules\sequelize\src\associations\base.js:107:13)
    at new BelongsTo (C:\Users\Shailendra kumar\Desktop\masai-projects\masai-alumni\node_modules\.pnpm\sequelize@6.35.0_mysql2@3.6.3\node_modules\sequelize\src\associations\belongs-to.js:18:5)
    at Function.<anonymous> (C:\Users\Shailendra kumar\Desktop\masai-projects\masai-alumni\node_modules\.pnpm\sequelize@6.35.0_mysql2@3.6.3\node_modules\sequelize\src\associations\mixin.js:105:25)
    at Function.associate (C:\Users\Shailendra kumar\Desktop\masai-projects\masai-alumni\apps\server\src\models\mentor.model.ts:17:8)
    at Object.<anonymous> (C:\Users\Shailendra kumar\Desktop\masai-projects\masai-alumni\apps\server\src\models\mentor.model.ts:95:13)
    at Module._compile (node:internal/modules/cjs/loader:1376:14)
    at Module.m._compile (C:\Users\Shailendra kumar\Desktop\masai-projects\masai-alumni\node_modules\.pnpm\ts-node@10.9.1_@swc+core@1.3.95_@types+node@18.17.2_typescript@5.1.3\node_modules\ts-node\src\index.ts:1618:23)
    at Module._extensions..js (node:internal/modules/cjs/loader:1435:10)
    at Object.require.extensions.<computed> [as .ts] (C:\Users\Shailendra kumar\Desktop\masai-projects\masai-alumni\node_modules\.pnpm\ts-node@10.9.1_@swc+core@1.3.95_@types+node@18.17.2_typescript@5.1.3\node_modules\ts-node\src\index.ts:1621:12)
    at Module.load (node:internal/modules/cjs/loader:1207:32)
2023-12-14 17:41:45 error: uncaughtException: Mentor.hasMany called with something that's not a subclass of Sequelize.Model
Error: Mentor.hasMany called with something that's not a subclass of Sequelize.Model
    at Function.hasMany (C:\Users\Shailendra kumar\Desktop\masai-projects\masai-alumni\node_modules\.pnpm\sequelize@6.35.0_mysql2@3.6.3\node_modules\sequelize\src\associations\mixin.js:18:13)
    at Object.<anonymous> (C:\Users\Shailendra kumar\Desktop\masai-projects\masai-alumni\apps\server\src\models\mentor.model.ts:93:13)
    at Module._compile (node:internal/modules/cjs/loader:1376:14)
    at Module.m._compile (C:\Users\Shailendra kumar\Desktop\masai-projects\masai-alumni\node_modules\.pnpm\ts-node@10.9.1_@swc+core@1.3.95_@types+node@18.17.2_typescript@5.1.3\node_modules\ts-node\src\index.ts:1618:23)
    at Module._extensions..js (node:internal/modules/cjs/loader:1435:10)
    at Object.require.extensions.<computed> [as .ts] (C:\Users\Shailendra kumar\Desktop\masai-projects\masai-alumni\node_modules\.pnpm\ts-node@10.9.1_@swc+core@1.3.95_@types+node@18.17.2_typescript@5.1.3\node_modules\ts-node\src\index.ts:1621:12)
    at Module.load (node:internal/modules/cjs/loader:1207:32)
    at Function.Module._load (node:internal/modules/cjs/loader:1023:12)
    at Module.require (node:internal/modules/cjs/loader:1235:19)
    at require (node:internal/modules/helpers:176:18)
2023-12-14 17:41:51 error: uncaughtException: You have used the alias user in two separate associations. Aliased associations must have unique aliases.
SequelizeAssociationError: You have used the alias user in two separate associations. Aliased associations must have unique aliases.
    at new Association (C:\Users\Shailendra kumar\Desktop\masai-projects\masai-alumni\node_modules\.pnpm\sequelize@6.35.0_mysql2@3.6.3\node_modules\sequelize\src\associations\base.js:107:13)
    at new BelongsTo (C:\Users\Shailendra kumar\Desktop\masai-projects\masai-alumni\node_modules\.pnpm\sequelize@6.35.0_mysql2@3.6.3\node_modules\sequelize\src\associations\belongs-to.js:18:5)
    at Function.<anonymous> (C:\Users\Shailendra kumar\Desktop\masai-projects\masai-alumni\node_modules\.pnpm\sequelize@6.35.0_mysql2@3.6.3\node_modules\sequelize\src\associations\mixin.js:105:25)
    at Function.associate (C:\Users\Shailendra kumar\Desktop\masai-projects\masai-alumni\apps\server\src\models\mentor.model.ts:17:8)
    at Object.<anonymous> (C:\Users\Shailendra kumar\Desktop\masai-projects\masai-alumni\apps\server\src\models\mentor.model.ts:97:13)
    at Module._compile (node:internal/modules/cjs/loader:1376:14)
    at Module.m._compile (C:\Users\Shailendra kumar\Desktop\masai-projects\masai-alumni\node_modules\.pnpm\ts-node@10.9.1_@swc+core@1.3.95_@types+node@18.17.2_typescript@5.1.3\node_modules\ts-node\src\index.ts:1618:23)
    at Module._extensions..js (node:internal/modules/cjs/loader:1435:10)
    at Object.require.extensions.<computed> [as .ts] (C:\Users\Shailendra kumar\Desktop\masai-projects\masai-alumni\node_modules\.pnpm\ts-node@10.9.1_@swc+core@1.3.95_@types+node@18.17.2_typescript@5.1.3\node_modules\ts-node\src\index.ts:1621:12)
    at Module.load (node:internal/modules/cjs/loader:1207:32)
2023-12-14 17:42:02 error: uncaughtException: You have used the alias user in two separate associations. Aliased associations must have unique aliases.
SequelizeAssociationError: You have used the alias user in two separate associations. Aliased associations must have unique aliases.
    at new Association (C:\Users\Shailendra kumar\Desktop\masai-projects\masai-alumni\node_modules\.pnpm\sequelize@6.35.0_mysql2@3.6.3\node_modules\sequelize\src\associations\base.js:107:13)
    at new BelongsTo (C:\Users\Shailendra kumar\Desktop\masai-projects\masai-alumni\node_modules\.pnpm\sequelize@6.35.0_mysql2@3.6.3\node_modules\sequelize\src\associations\belongs-to.js:18:5)
    at Function.<anonymous> (C:\Users\Shailendra kumar\Desktop\masai-projects\masai-alumni\node_modules\.pnpm\sequelize@6.35.0_mysql2@3.6.3\node_modules\sequelize\src\associations\mixin.js:105:25)
    at Function.associate (C:\Users\Shailendra kumar\Desktop\masai-projects\masai-alumni\apps\server\src\models\mentor.model.ts:17:8)
    at Object.<anonymous> (C:\Users\Shailendra kumar\Desktop\masai-projects\masai-alumni\apps\server\src\models\mentor.model.ts:98:13)
    at Module._compile (node:internal/modules/cjs/loader:1376:14)
    at Module.m._compile (C:\Users\Shailendra kumar\Desktop\masai-projects\masai-alumni\node_modules\.pnpm\ts-node@10.9.1_@swc+core@1.3.95_@types+node@18.17.2_typescript@5.1.3\node_modules\ts-node\src\index.ts:1618:23)
    at Module._extensions..js (node:internal/modules/cjs/loader:1435:10)
    at Object.require.extensions.<computed> [as .ts] (C:\Users\Shailendra kumar\Desktop\masai-projects\masai-alumni\node_modules\.pnpm\ts-node@10.9.1_@swc+core@1.3.95_@types+node@18.17.2_typescript@5.1.3\node_modules\ts-node\src\index.ts:1621:12)
    at Module.load (node:internal/modules/cjs/loader:1207:32)
2023-12-14 17:42:22 error: uncaughtException: MentorModel.associate is not a function
TypeError: MentorModel.associate is not a function
    at Object.<anonymous> (C:\Users\Shailendra kumar\Desktop\masai-projects\masai-alumni\apps\server\src\models\mentor.model.ts:87:13)
    at Module._compile (node:internal/modules/cjs/loader:1376:14)
    at Module.m._compile (C:\Users\Shailendra kumar\Desktop\masai-projects\masai-alumni\node_modules\.pnpm\ts-node@10.9.1_@swc+core@1.3.95_@types+node@18.17.2_typescript@5.1.3\node_modules\ts-node\src\index.ts:1618:23)
    at Module._extensions..js (node:internal/modules/cjs/loader:1435:10)
    at Object.require.extensions.<computed> [as .ts] (C:\Users\Shailendra kumar\Desktop\masai-projects\masai-alumni\node_modules\.pnpm\ts-node@10.9.1_@swc+core@1.3.95_@types+node@18.17.2_typescript@5.1.3\node_modules\ts-node\src\index.ts:1621:12)
    at Module.load (node:internal/modules/cjs/loader:1207:32)
    at Function.Module._load (node:internal/modules/cjs/loader:1023:12)
    at Module.require (node:internal/modules/cjs/loader:1235:19)
    at require (node:internal/modules/helpers:176:18)
    at Object.<anonymous> (C:\Users\Shailendra kumar\Desktop\masai-projects\masai-alumni\apps\server\src\services\mentor.service.ts:3:1)
2023-12-14 17:44:47 error: uncaughtException: Identifier 'mentors' has already been declared
C:\Users\Shailendra kumar\Desktop\masai-projects\masai-alumni\apps\server\src\services\mentor.service.ts:90
            const mentors = await mentor_model_1.MentorModel.findAll({
                  ^

SyntaxError: Identifier 'mentors' has already been declared
    at internalCompileFunction (node:internal/vm:77:18)
    at wrapSafe (node:internal/modules/cjs/loader:1288:20)
    at Module._compile (node:internal/modules/cjs/loader:1340:27)
    at Module.m._compile (C:\Users\Shailendra kumar\Desktop\masai-projects\masai-alumni\node_modules\.pnpm\ts-node@10.9.1_@swc+core@1.3.95_@types+node@18.17.2_typescript@5.1.3\node_modules\ts-node\src\index.ts:1618:23)
    at Module._extensions..js (node:internal/modules/cjs/loader:1435:10)
    at Object.require.extensions.<computed> [as .ts] (C:\Users\Shailendra kumar\Desktop\masai-projects\masai-alumni\node_modules\.pnpm\ts-node@10.9.1_@swc+core@1.3.95_@types+node@18.17.2_typescript@5.1.3\node_modules\ts-node\src\index.ts:1621:12)
    at Module.load (node:internal/modules/cjs/loader:1207:32)
    at Function.Module._load (node:internal/modules/cjs/loader:1023:12)
    at Module.require (node:internal/modules/cjs/loader:1235:19)
    at require (node:internal/modules/helpers:176:18)
2023-12-14 17:45:13 error: [GET] /api/v1/mentors >> StatusCode:: 500, Message:: Unable to fetch mentors
2023-12-14 17:45:42 error: [GET] /api/v1/mentors >> StatusCode:: 500, Message:: Unable to fetch mentors
2023-12-14 17:45:43 error: [GET] /api/v1/mentors >> StatusCode:: 500, Message:: Unable to fetch mentors
2023-12-14 18:01:35 error: uncaughtException: ⨯ Unable to compile TypeScript:
src/services/feedback.service.ts(43,28): error TS1005: ',' expected.
src/services/feedback.service.ts(43,41): error TS1005: ',' expected.
src/services/feedback.service.ts(43,48): error TS1005: ',' expected.

TSError: ⨯ Unable to compile TypeScript:
src/services/feedback.service.ts(43,28): error TS1005: ',' expected.
src/services/feedback.service.ts(43,41): error TS1005: ',' expected.
src/services/feedback.service.ts(43,48): error TS1005: ',' expected.

    at createTSError (C:\Users\Shailendra kumar\Desktop\masai-projects\masai-alumni\node_modules\.pnpm\ts-node@10.9.1_@swc+core@1.3.95_@types+node@18.17.2_typescript@5.1.3\node_modules\ts-node\src\index.ts:859:12)
    at reportTSError (C:\Users\Shailendra kumar\Desktop\masai-projects\masai-alumni\node_modules\.pnpm\ts-node@10.9.1_@swc+core@1.3.95_@types+node@18.17.2_typescript@5.1.3\node_modules\ts-node\src\index.ts:863:19)
    at C:\Users\Shailendra kumar\Desktop\masai-projects\masai-alumni\node_modules\.pnpm\ts-node@10.9.1_@swc+core@1.3.95_@types+node@18.17.2_typescript@5.1.3\node_modules\ts-node\src\index.ts:1379:34
    at Object.compile (C:\Users\Shailendra kumar\Desktop\masai-projects\masai-alumni\node_modules\.pnpm\ts-node@10.9.1_@swc+core@1.3.95_@types+node@18.17.2_typescript@5.1.3\node_modules\ts-node\src\index.ts:1458:13)
    at Module.m._compile (C:\Users\Shailendra kumar\Desktop\masai-projects\masai-alumni\node_modules\.pnpm\ts-node@10.9.1_@swc+core@1.3.95_@types+node@18.17.2_typescript@5.1.3\node_modules\ts-node\src\index.ts:1617:30)
    at Module._extensions..js (node:internal/modules/cjs/loader:1435:10)
    at Object.require.extensions.<computed> [as .ts] (C:\Users\Shailendra kumar\Desktop\masai-projects\masai-alumni\node_modules\.pnpm\ts-node@10.9.1_@swc+core@1.3.95_@types+node@18.17.2_typescript@5.1.3\node_modules\ts-node\src\index.ts:1621:12)
    at Module.load (node:internal/modules/cjs/loader:1207:32)
    at Function.Module._load (node:internal/modules/cjs/loader:1023:12)
    at Module.require (node:internal/modules/cjs/loader:1235:19)
2023-12-14 18:02:17 error: uncaughtException: ⨯ Unable to compile TypeScript:
src/services/feedback.service.ts(55,13): error TS1109: Expression expected.

TSError: ⨯ Unable to compile TypeScript:
src/services/feedback.service.ts(55,13): error TS1109: Expression expected.

    at createTSError (C:\Users\Shailendra kumar\Desktop\masai-projects\masai-alumni\node_modules\.pnpm\ts-node@10.9.1_@swc+core@1.3.95_@types+node@18.17.2_typescript@5.1.3\node_modules\ts-node\src\index.ts:859:12)
    at reportTSError (C:\Users\Shailendra kumar\Desktop\masai-projects\masai-alumni\node_modules\.pnpm\ts-node@10.9.1_@swc+core@1.3.95_@types+node@18.17.2_typescript@5.1.3\node_modules\ts-node\src\index.ts:863:19)
    at C:\Users\Shailendra kumar\Desktop\masai-projects\masai-alumni\node_modules\.pnpm\ts-node@10.9.1_@swc+core@1.3.95_@types+node@18.17.2_typescript@5.1.3\node_modules\ts-node\src\index.ts:1379:34
    at Object.compile (C:\Users\Shailendra kumar\Desktop\masai-projects\masai-alumni\node_modules\.pnpm\ts-node@10.9.1_@swc+core@1.3.95_@types+node@18.17.2_typescript@5.1.3\node_modules\ts-node\src\index.ts:1458:13)
    at Module.m._compile (C:\Users\Shailendra kumar\Desktop\masai-projects\masai-alumni\node_modules\.pnpm\ts-node@10.9.1_@swc+core@1.3.95_@types+node@18.17.2_typescript@5.1.3\node_modules\ts-node\src\index.ts:1617:30)
    at Module._extensions..js (node:internal/modules/cjs/loader:1435:10)
    at Object.require.extensions.<computed> [as .ts] (C:\Users\Shailendra kumar\Desktop\masai-projects\masai-alumni\node_modules\.pnpm\ts-node@10.9.1_@swc+core@1.3.95_@types+node@18.17.2_typescript@5.1.3\node_modules\ts-node\src\index.ts:1621:12)
    at Module.load (node:internal/modules/cjs/loader:1207:32)
    at Function.Module._load (node:internal/modules/cjs/loader:1023:12)
    at Module.require (node:internal/modules/cjs/loader:1235:19)
2023-12-14 18:02:52 error: uncaughtException: ⨯ Unable to compile TypeScript:
src/services/feedback.service.ts(43,37): error TS1005: ',' expected.
src/services/feedback.service.ts(43,43): error TS1005: ',' expected.
src/services/feedback.service.ts(43,56): error TS1005: ',' expected.
src/services/feedback.service.ts(43,63): error TS1005: ',' expected.

TSError: ⨯ Unable to compile TypeScript:
src/services/feedback.service.ts(43,37): error TS1005: ',' expected.
src/services/feedback.service.ts(43,43): error TS1005: ',' expected.
src/services/feedback.service.ts(43,56): error TS1005: ',' expected.
src/services/feedback.service.ts(43,63): error TS1005: ',' expected.

    at createTSError (C:\Users\Shailendra kumar\Desktop\masai-projects\masai-alumni\node_modules\.pnpm\ts-node@10.9.1_@swc+core@1.3.95_@types+node@18.17.2_typescript@5.1.3\node_modules\ts-node\src\index.ts:859:12)
    at reportTSError (C:\Users\Shailendra kumar\Desktop\masai-projects\masai-alumni\node_modules\.pnpm\ts-node@10.9.1_@swc+core@1.3.95_@types+node@18.17.2_typescript@5.1.3\node_modules\ts-node\src\index.ts:863:19)
    at C:\Users\Shailendra kumar\Desktop\masai-projects\masai-alumni\node_modules\.pnpm\ts-node@10.9.1_@swc+core@1.3.95_@types+node@18.17.2_typescript@5.1.3\node_modules\ts-node\src\index.ts:1379:34
    at Object.compile (C:\Users\Shailendra kumar\Desktop\masai-projects\masai-alumni\node_modules\.pnpm\ts-node@10.9.1_@swc+core@1.3.95_@types+node@18.17.2_typescript@5.1.3\node_modules\ts-node\src\index.ts:1458:13)
    at Module.m._compile (C:\Users\Shailendra kumar\Desktop\masai-projects\masai-alumni\node_modules\.pnpm\ts-node@10.9.1_@swc+core@1.3.95_@types+node@18.17.2_typescript@5.1.3\node_modules\ts-node\src\index.ts:1617:30)
    at Module._extensions..js (node:internal/modules/cjs/loader:1435:10)
    at Object.require.extensions.<computed> [as .ts] (C:\Users\Shailendra kumar\Desktop\masai-projects\masai-alumni\node_modules\.pnpm\ts-node@10.9.1_@swc+core@1.3.95_@types+node@18.17.2_typescript@5.1.3\node_modules\ts-node\src\index.ts:1621:12)
    at Module.load (node:internal/modules/cjs/loader:1207:32)
    at Function.Module._load (node:internal/modules/cjs/loader:1023:12)
    at Module.require (node:internal/modules/cjs/loader:1235:19)
2023-12-14 18:02:56 error: uncaughtException: ⨯ Unable to compile TypeScript:
src/services/feedback.service.ts(43,37): error TS1005: ',' expected.
src/services/feedback.service.ts(43,43): error TS1005: ',' expected.
src/services/feedback.service.ts(43,56): error TS1005: ',' expected.
src/services/feedback.service.ts(43,63): error TS1005: ',' expected.

TSError: ⨯ Unable to compile TypeScript:
src/services/feedback.service.ts(43,37): error TS1005: ',' expected.
src/services/feedback.service.ts(43,43): error TS1005: ',' expected.
src/services/feedback.service.ts(43,56): error TS1005: ',' expected.
src/services/feedback.service.ts(43,63): error TS1005: ',' expected.

    at createTSError (C:\Users\Shailendra kumar\Desktop\masai-projects\masai-alumni\node_modules\.pnpm\ts-node@10.9.1_@swc+core@1.3.95_@types+node@18.17.2_typescript@5.1.3\node_modules\ts-node\src\index.ts:859:12)
    at reportTSError (C:\Users\Shailendra kumar\Desktop\masai-projects\masai-alumni\node_modules\.pnpm\ts-node@10.9.1_@swc+core@1.3.95_@types+node@18.17.2_typescript@5.1.3\node_modules\ts-node\src\index.ts:863:19)
    at C:\Users\Shailendra kumar\Desktop\masai-projects\masai-alumni\node_modules\.pnpm\ts-node@10.9.1_@swc+core@1.3.95_@types+node@18.17.2_typescript@5.1.3\node_modules\ts-node\src\index.ts:1379:34
    at Object.compile (C:\Users\Shailendra kumar\Desktop\masai-projects\masai-alumni\node_modules\.pnpm\ts-node@10.9.1_@swc+core@1.3.95_@types+node@18.17.2_typescript@5.1.3\node_modules\ts-node\src\index.ts:1458:13)
    at Module.m._compile (C:\Users\Shailendra kumar\Desktop\masai-projects\masai-alumni\node_modules\.pnpm\ts-node@10.9.1_@swc+core@1.3.95_@types+node@18.17.2_typescript@5.1.3\node_modules\ts-node\src\index.ts:1617:30)
    at Module._extensions..js (node:internal/modules/cjs/loader:1435:10)
    at Object.require.extensions.<computed> [as .ts] (C:\Users\Shailendra kumar\Desktop\masai-projects\masai-alumni\node_modules\.pnpm\ts-node@10.9.1_@swc+core@1.3.95_@types+node@18.17.2_typescript@5.1.3\node_modules\ts-node\src\index.ts:1621:12)
    at Module.load (node:internal/modules/cjs/loader:1207:32)
    at Function.Module._load (node:internal/modules/cjs/loader:1023:12)
    at Module.require (node:internal/modules/cjs/loader:1235:19)
2023-12-14 18:04:49 error: uncaughtException: ⨯ Unable to compile TypeScript:
src/services/feedback.service.ts(59,36): error TS1005: ';' expected.
src/services/feedback.service.ts(59,75): error TS1005: ';' expected.

TSError: ⨯ Unable to compile TypeScript:
src/services/feedback.service.ts(59,36): error TS1005: ';' expected.
src/services/feedback.service.ts(59,75): error TS1005: ';' expected.

    at createTSError (C:\Users\Shailendra kumar\Desktop\masai-projects\masai-alumni\node_modules\.pnpm\ts-node@10.9.1_@swc+core@1.3.95_@types+node@18.17.2_typescript@5.1.3\node_modules\ts-node\src\index.ts:859:12)
    at reportTSError (C:\Users\Shailendra kumar\Desktop\masai-projects\masai-alumni\node_modules\.pnpm\ts-node@10.9.1_@swc+core@1.3.95_@types+node@18.17.2_typescript@5.1.3\node_modules\ts-node\src\index.ts:863:19)
    at C:\Users\Shailendra kumar\Desktop\masai-projects\masai-alumni\node_modules\.pnpm\ts-node@10.9.1_@swc+core@1.3.95_@types+node@18.17.2_typescript@5.1.3\node_modules\ts-node\src\index.ts:1379:34
    at Object.compile (C:\Users\Shailendra kumar\Desktop\masai-projects\masai-alumni\node_modules\.pnpm\ts-node@10.9.1_@swc+core@1.3.95_@types+node@18.17.2_typescript@5.1.3\node_modules\ts-node\src\index.ts:1458:13)
    at Module.m._compile (C:\Users\Shailendra kumar\Desktop\masai-projects\masai-alumni\node_modules\.pnpm\ts-node@10.9.1_@swc+core@1.3.95_@types+node@18.17.2_typescript@5.1.3\node_modules\ts-node\src\index.ts:1617:30)
    at Module._extensions..js (node:internal/modules/cjs/loader:1435:10)
    at Object.require.extensions.<computed> [as .ts] (C:\Users\Shailendra kumar\Desktop\masai-projects\masai-alumni\node_modules\.pnpm\ts-node@10.9.1_@swc+core@1.3.95_@types+node@18.17.2_typescript@5.1.3\node_modules\ts-node\src\index.ts:1621:12)
    at Module.load (node:internal/modules/cjs/loader:1207:32)
    at Function.Module._load (node:internal/modules/cjs/loader:1023:12)
    at Module.require (node:internal/modules/cjs/loader:1235:19)
2023-12-14 18:15:19 error: [POST] /api/v1/mentors/apply-for-mentorship >> StatusCode:: 500, Message:: Unable to apply for mentorship: Field 'user_id' doesn't have a default value
2023-12-14 18:16:37 error: [POST] /api/v1/mentors/apply-for-mentorship >> StatusCode:: 500, Message:: Unable to apply for mentorship: Field 'user_id' doesn't have a default value
2023-12-14 18:18:05 error: [POST] /api/v1/mentors/apply-for-mentorship >> StatusCode:: 500, Message:: Unable to apply for mentorship: Field 'user_id' doesn't have a default value
2023-12-14 18:43:00 error: [POST] /api/v1/mentors/apply-for-mentorship >> StatusCode:: 500, Message:: Unable to apply for mentorship: Field 'user_id' doesn't have a default value
2023-12-14 18:44:16 error: [POST] /api/v1/mentors/apply-for-mentorship >> StatusCode:: 500, Message:: Unable to apply for mentorship: Field 'user_id' doesn't have a default value
2023-12-14 18:52:53 error: uncaughtException: ⨯ Unable to compile TypeScript:
src/services/mentor.service.ts(258,9): error TS1005: ';' expected.

TSError: ⨯ Unable to compile TypeScript:
src/services/mentor.service.ts(258,9): error TS1005: ';' expected.

    at createTSError (C:\Users\Shailendra kumar\Desktop\masai-projects\masai-alumni\node_modules\.pnpm\ts-node@10.9.1_@swc+core@1.3.95_@types+node@18.17.2_typescript@5.1.3\node_modules\ts-node\src\index.ts:859:12)
    at reportTSError (C:\Users\Shailendra kumar\Desktop\masai-projects\masai-alumni\node_modules\.pnpm\ts-node@10.9.1_@swc+core@1.3.95_@types+node@18.17.2_typescript@5.1.3\node_modules\ts-node\src\index.ts:863:19)
    at C:\Users\Shailendra kumar\Desktop\masai-projects\masai-alumni\node_modules\.pnpm\ts-node@10.9.1_@swc+core@1.3.95_@types+node@18.17.2_typescript@5.1.3\node_modules\ts-node\src\index.ts:1379:34
    at Object.compile (C:\Users\Shailendra kumar\Desktop\masai-projects\masai-alumni\node_modules\.pnpm\ts-node@10.9.1_@swc+core@1.3.95_@types+node@18.17.2_typescript@5.1.3\node_modules\ts-node\src\index.ts:1458:13)
    at Module.m._compile (C:\Users\Shailendra kumar\Desktop\masai-projects\masai-alumni\node_modules\.pnpm\ts-node@10.9.1_@swc+core@1.3.95_@types+node@18.17.2_typescript@5.1.3\node_modules\ts-node\src\index.ts:1617:30)
    at Module._extensions..js (node:internal/modules/cjs/loader:1435:10)
    at Object.require.extensions.<computed> [as .ts] (C:\Users\Shailendra kumar\Desktop\masai-projects\masai-alumni\node_modules\.pnpm\ts-node@10.9.1_@swc+core@1.3.95_@types+node@18.17.2_typescript@5.1.3\node_modules\ts-node\src\index.ts:1621:12)
    at Module.load (node:internal/modules/cjs/loader:1207:32)
    at Function.Module._load (node:internal/modules/cjs/loader:1023:12)
    at Module.require (node:internal/modules/cjs/loader:1235:19)
2023-12-14 18:53:02 error: uncaughtException: async is not defined
ReferenceError: async is not defined
    at MentorService.<instance_members_initializer> (C:\Users\Shailendra kumar\Desktop\masai-projects\masai-alumni\apps\server\src\services\mentor.service.ts:256:34)
    at new MentorService (C:\Users\Shailendra kumar\Desktop\masai-projects\masai-alumni\apps\server\src\services\mentor.service.ts:14:1)
    at MentorController.<instance_members_initializer> (C:\Users\Shailendra kumar\Desktop\masai-projects\masai-alumni\apps\server\src\controllers\mentor.controller.ts:8:26)
    at new MentorController (C:\Users\Shailendra kumar\Desktop\masai-projects\masai-alumni\apps\server\src\controllers\mentor.controller.ts:7:1)
    at MentorRoutes.<instance_members_initializer> (C:\Users\Shailendra kumar\Desktop\masai-projects\masai-alumni\apps\server\src\routes\mentor.route.ts:9:29)
    at new MentorRoutes (C:\Users\Shailendra kumar\Desktop\masai-projects\masai-alumni\apps\server\src\routes\mentor.route.ts:11:3)
    at Object.<anonymous> (C:\Users\Shailendra kumar\Desktop\masai-projects\masai-alumni\apps\server\src\routes\index.routes.ts:29:2)
    at Module._compile (node:internal/modules/cjs/loader:1376:14)
    at Module.m._compile (C:\Users\Shailendra kumar\Desktop\masai-projects\masai-alumni\node_modules\.pnpm\ts-node@10.9.1_@swc+core@1.3.95_@types+node@18.17.2_typescript@5.1.3\node_modules\ts-node\src\index.ts:1618:23)
    at Module._extensions..js (node:internal/modules/cjs/loader:1435:10)
2023-12-14 18:53:08 error: uncaughtException: ⨯ Unable to compile TypeScript:
src/services/mentor.service.ts(258,2): error TS1005: '=>' expected.
src/services/mentor.service.ts(258,9): error TS1005: ';' expected.

TSError: ⨯ Unable to compile TypeScript:
src/services/mentor.service.ts(258,2): error TS1005: '=>' expected.
src/services/mentor.service.ts(258,9): error TS1005: ';' expected.

    at createTSError (C:\Users\Shailendra kumar\Desktop\masai-projects\masai-alumni\node_modules\.pnpm\ts-node@10.9.1_@swc+core@1.3.95_@types+node@18.17.2_typescript@5.1.3\node_modules\ts-node\src\index.ts:859:12)
    at reportTSError (C:\Users\Shailendra kumar\Desktop\masai-projects\masai-alumni\node_modules\.pnpm\ts-node@10.9.1_@swc+core@1.3.95_@types+node@18.17.2_typescript@5.1.3\node_modules\ts-node\src\index.ts:863:19)
    at C:\Users\Shailendra kumar\Desktop\masai-projects\masai-alumni\node_modules\.pnpm\ts-node@10.9.1_@swc+core@1.3.95_@types+node@18.17.2_typescript@5.1.3\node_modules\ts-node\src\index.ts:1379:34
    at Object.compile (C:\Users\Shailendra kumar\Desktop\masai-projects\masai-alumni\node_modules\.pnpm\ts-node@10.9.1_@swc+core@1.3.95_@types+node@18.17.2_typescript@5.1.3\node_modules\ts-node\src\index.ts:1458:13)
    at Module.m._compile (C:\Users\Shailendra kumar\Desktop\masai-projects\masai-alumni\node_modules\.pnpm\ts-node@10.9.1_@swc+core@1.3.95_@types+node@18.17.2_typescript@5.1.3\node_modules\ts-node\src\index.ts:1617:30)
    at Module._extensions..js (node:internal/modules/cjs/loader:1435:10)
    at Object.require.extensions.<computed> [as .ts] (C:\Users\Shailendra kumar\Desktop\masai-projects\masai-alumni\node_modules\.pnpm\ts-node@10.9.1_@swc+core@1.3.95_@types+node@18.17.2_typescript@5.1.3\node_modules\ts-node\src\index.ts:1621:12)
    at Module.load (node:internal/modules/cjs/loader:1207:32)
    at Function.Module._load (node:internal/modules/cjs/loader:1023:12)
    at Module.require (node:internal/modules/cjs/loader:1235:19)
2023-12-14 18:53:15 error: uncaughtException: ⨯ Unable to compile TypeScript:
src/services/mentor.service.ts(256,57): error TS1005: '=>' expected.
src/services/mentor.service.ts(256,58): error TS1110: Type expected.
src/services/mentor.service.ts(256,59): error TS1161: Unterminated regular expression literal.
src/services/mentor.service.ts(258,2): error TS1128: Declaration or statement expected.
src/services/mentor.service.ts(278,1): error TS1128: Declaration or statement expected.

TSError: ⨯ Unable to compile TypeScript:
src/services/mentor.service.ts(256,57): error TS1005: '=>' expected.
src/services/mentor.service.ts(256,58): error TS1110: Type expected.
src/services/mentor.service.ts(256,59): error TS1161: Unterminated regular expression literal.
src/services/mentor.service.ts(258,2): error TS1128: Declaration or statement expected.
src/services/mentor.service.ts(278,1): error TS1128: Declaration or statement expected.

    at createTSError (C:\Users\Shailendra kumar\Desktop\masai-projects\masai-alumni\node_modules\.pnpm\ts-node@10.9.1_@swc+core@1.3.95_@types+node@18.17.2_typescript@5.1.3\node_modules\ts-node\src\index.ts:859:12)
    at reportTSError (C:\Users\Shailendra kumar\Desktop\masai-projects\masai-alumni\node_modules\.pnpm\ts-node@10.9.1_@swc+core@1.3.95_@types+node@18.17.2_typescript@5.1.3\node_modules\ts-node\src\index.ts:863:19)
    at C:\Users\Shailendra kumar\Desktop\masai-projects\masai-alumni\node_modules\.pnpm\ts-node@10.9.1_@swc+core@1.3.95_@types+node@18.17.2_typescript@5.1.3\node_modules\ts-node\src\index.ts:1379:34
    at Object.compile (C:\Users\Shailendra kumar\Desktop\masai-projects\masai-alumni\node_modules\.pnpm\ts-node@10.9.1_@swc+core@1.3.95_@types+node@18.17.2_typescript@5.1.3\node_modules\ts-node\src\index.ts:1458:13)
    at Module.m._compile (C:\Users\Shailendra kumar\Desktop\masai-projects\masai-alumni\node_modules\.pnpm\ts-node@10.9.1_@swc+core@1.3.95_@types+node@18.17.2_typescript@5.1.3\node_modules\ts-node\src\index.ts:1617:30)
    at Module._extensions..js (node:internal/modules/cjs/loader:1435:10)
    at Object.require.extensions.<computed> [as .ts] (C:\Users\Shailendra kumar\Desktop\masai-projects\masai-alumni\node_modules\.pnpm\ts-node@10.9.1_@swc+core@1.3.95_@types+node@18.17.2_typescript@5.1.3\node_modules\ts-node\src\index.ts:1621:12)
    at Module.load (node:internal/modules/cjs/loader:1207:32)
    at Function.Module._load (node:internal/modules/cjs/loader:1023:12)
    at Module.require (node:internal/modules/cjs/loader:1235:19)
2023-12-14 18:53:19 error: uncaughtException: ⨯ Unable to compile TypeScript:
src/services/mentor.service.ts(258,2): error TS1005: '=>' expected.
src/services/mentor.service.ts(258,9): error TS1005: ';' expected.

TSError: ⨯ Unable to compile TypeScript:
src/services/mentor.service.ts(258,2): error TS1005: '=>' expected.
src/services/mentor.service.ts(258,9): error TS1005: ';' expected.

    at createTSError (C:\Users\Shailendra kumar\Desktop\masai-projects\masai-alumni\node_modules\.pnpm\ts-node@10.9.1_@swc+core@1.3.95_@types+node@18.17.2_typescript@5.1.3\node_modules\ts-node\src\index.ts:859:12)
    at reportTSError (C:\Users\Shailendra kumar\Desktop\masai-projects\masai-alumni\node_modules\.pnpm\ts-node@10.9.1_@swc+core@1.3.95_@types+node@18.17.2_typescript@5.1.3\node_modules\ts-node\src\index.ts:863:19)
    at C:\Users\Shailendra kumar\Desktop\masai-projects\masai-alumni\node_modules\.pnpm\ts-node@10.9.1_@swc+core@1.3.95_@types+node@18.17.2_typescript@5.1.3\node_modules\ts-node\src\index.ts:1379:34
    at Object.compile (C:\Users\Shailendra kumar\Desktop\masai-projects\masai-alumni\node_modules\.pnpm\ts-node@10.9.1_@swc+core@1.3.95_@types+node@18.17.2_typescript@5.1.3\node_modules\ts-node\src\index.ts:1458:13)
    at Module.m._compile (C:\Users\Shailendra kumar\Desktop\masai-projects\masai-alumni\node_modules\.pnpm\ts-node@10.9.1_@swc+core@1.3.95_@types+node@18.17.2_typescript@5.1.3\node_modules\ts-node\src\index.ts:1617:30)
    at Module._extensions..js (node:internal/modules/cjs/loader:1435:10)
    at Object.require.extensions.<computed> [as .ts] (C:\Users\Shailendra kumar\Desktop\masai-projects\masai-alumni\node_modules\.pnpm\ts-node@10.9.1_@swc+core@1.3.95_@types+node@18.17.2_typescript@5.1.3\node_modules\ts-node\src\index.ts:1621:12)
    at Module.load (node:internal/modules/cjs/loader:1207:32)
    at Function.Module._load (node:internal/modules/cjs/loader:1023:12)
    at Module.require (node:internal/modules/cjs/loader:1235:19)
2023-12-14 18:53:29 error: uncaughtException: ⨯ Unable to compile TypeScript:
src/services/mentor.service.ts(258,2): error TS1005: '=>' expected.
src/services/mentor.service.ts(258,9): error TS1005: ';' expected.

TSError: ⨯ Unable to compile TypeScript:
src/services/mentor.service.ts(258,2): error TS1005: '=>' expected.
src/services/mentor.service.ts(258,9): error TS1005: ';' expected.

    at createTSError (C:\Users\Shailendra kumar\Desktop\masai-projects\masai-alumni\node_modules\.pnpm\ts-node@10.9.1_@swc+core@1.3.95_@types+node@18.17.2_typescript@5.1.3\node_modules\ts-node\src\index.ts:859:12)
    at reportTSError (C:\Users\Shailendra kumar\Desktop\masai-projects\masai-alumni\node_modules\.pnpm\ts-node@10.9.1_@swc+core@1.3.95_@types+node@18.17.2_typescript@5.1.3\node_modules\ts-node\src\index.ts:863:19)
    at C:\Users\Shailendra kumar\Desktop\masai-projects\masai-alumni\node_modules\.pnpm\ts-node@10.9.1_@swc+core@1.3.95_@types+node@18.17.2_typescript@5.1.3\node_modules\ts-node\src\index.ts:1379:34
    at Object.compile (C:\Users\Shailendra kumar\Desktop\masai-projects\masai-alumni\node_modules\.pnpm\ts-node@10.9.1_@swc+core@1.3.95_@types+node@18.17.2_typescript@5.1.3\node_modules\ts-node\src\index.ts:1458:13)
    at Module.m._compile (C:\Users\Shailendra kumar\Desktop\masai-projects\masai-alumni\node_modules\.pnpm\ts-node@10.9.1_@swc+core@1.3.95_@types+node@18.17.2_typescript@5.1.3\node_modules\ts-node\src\index.ts:1617:30)
    at Module._extensions..js (node:internal/modules/cjs/loader:1435:10)
    at Object.require.extensions.<computed> [as .ts] (C:\Users\Shailendra kumar\Desktop\masai-projects\masai-alumni\node_modules\.pnpm\ts-node@10.9.1_@swc+core@1.3.95_@types+node@18.17.2_typescript@5.1.3\node_modules\ts-node\src\index.ts:1621:12)
    at Module.load (node:internal/modules/cjs/loader:1207:32)
    at Function.Module._load (node:internal/modules/cjs/loader:1023:12)
    at Module.require (node:internal/modules/cjs/loader:1235:19)
2023-12-14 18:53:31 error: uncaughtException: ⨯ Unable to compile TypeScript:
src/services/mentor.service.ts(258,2): error TS1005: '=>' expected.
src/services/mentor.service.ts(258,9): error TS1005: ';' expected.

TSError: ⨯ Unable to compile TypeScript:
src/services/mentor.service.ts(258,2): error TS1005: '=>' expected.
src/services/mentor.service.ts(258,9): error TS1005: ';' expected.

    at createTSError (C:\Users\Shailendra kumar\Desktop\masai-projects\masai-alumni\node_modules\.pnpm\ts-node@10.9.1_@swc+core@1.3.95_@types+node@18.17.2_typescript@5.1.3\node_modules\ts-node\src\index.ts:859:12)
    at reportTSError (C:\Users\Shailendra kumar\Desktop\masai-projects\masai-alumni\node_modules\.pnpm\ts-node@10.9.1_@swc+core@1.3.95_@types+node@18.17.2_typescript@5.1.3\node_modules\ts-node\src\index.ts:863:19)
    at C:\Users\Shailendra kumar\Desktop\masai-projects\masai-alumni\node_modules\.pnpm\ts-node@10.9.1_@swc+core@1.3.95_@types+node@18.17.2_typescript@5.1.3\node_modules\ts-node\src\index.ts:1379:34
    at Object.compile (C:\Users\Shailendra kumar\Desktop\masai-projects\masai-alumni\node_modules\.pnpm\ts-node@10.9.1_@swc+core@1.3.95_@types+node@18.17.2_typescript@5.1.3\node_modules\ts-node\src\index.ts:1458:13)
    at Module.m._compile (C:\Users\Shailendra kumar\Desktop\masai-projects\masai-alumni\node_modules\.pnpm\ts-node@10.9.1_@swc+core@1.3.95_@types+node@18.17.2_typescript@5.1.3\node_modules\ts-node\src\index.ts:1617:30)
    at Module._extensions..js (node:internal/modules/cjs/loader:1435:10)
    at Object.require.extensions.<computed> [as .ts] (C:\Users\Shailendra kumar\Desktop\masai-projects\masai-alumni\node_modules\.pnpm\ts-node@10.9.1_@swc+core@1.3.95_@types+node@18.17.2_typescript@5.1.3\node_modules\ts-node\src\index.ts:1621:12)
    at Module.load (node:internal/modules/cjs/loader:1207:32)
    at Function.Module._load (node:internal/modules/cjs/loader:1023:12)
    at Module.require (node:internal/modules/cjs/loader:1235:19)
2023-12-14 19:00:03 error: uncaughtException: ⨯ Unable to compile TypeScript:
src/services/mentor.service.ts(269,2): error TS1472: 'catch' or 'finally' expected.

TSError: ⨯ Unable to compile TypeScript:
src/services/mentor.service.ts(269,2): error TS1472: 'catch' or 'finally' expected.

    at createTSError (C:\Users\Shailendra kumar\Desktop\masai-projects\masai-alumni\node_modules\.pnpm\ts-node@10.9.1_@swc+core@1.3.95_@types+node@18.17.2_typescript@5.1.3\node_modules\ts-node\src\index.ts:859:12)
    at reportTSError (C:\Users\Shailendra kumar\Desktop\masai-projects\masai-alumni\node_modules\.pnpm\ts-node@10.9.1_@swc+core@1.3.95_@types+node@18.17.2_typescript@5.1.3\node_modules\ts-node\src\index.ts:863:19)
    at C:\Users\Shailendra kumar\Desktop\masai-projects\masai-alumni\node_modules\.pnpm\ts-node@10.9.1_@swc+core@1.3.95_@types+node@18.17.2_typescript@5.1.3\node_modules\ts-node\src\index.ts:1379:34
    at Object.compile (C:\Users\Shailendra kumar\Desktop\masai-projects\masai-alumni\node_modules\.pnpm\ts-node@10.9.1_@swc+core@1.3.95_@types+node@18.17.2_typescript@5.1.3\node_modules\ts-node\src\index.ts:1458:13)
    at Module.m._compile (C:\Users\Shailendra kumar\Desktop\masai-projects\masai-alumni\node_modules\.pnpm\ts-node@10.9.1_@swc+core@1.3.95_@types+node@18.17.2_typescript@5.1.3\node_modules\ts-node\src\index.ts:1617:30)
    at Module._extensions..js (node:internal/modules/cjs/loader:1435:10)
    at Object.require.extensions.<computed> [as .ts] (C:\Users\Shailendra kumar\Desktop\masai-projects\masai-alumni\node_modules\.pnpm\ts-node@10.9.1_@swc+core@1.3.95_@types+node@18.17.2_typescript@5.1.3\node_modules\ts-node\src\index.ts:1621:12)
    at Module.load (node:internal/modules/cjs/loader:1207:32)
    at Function.Module._load (node:internal/modules/cjs/loader:1023:12)
    at Module.require (node:internal/modules/cjs/loader:1235:19)
2023-12-14 19:00:26 error: uncaughtException: Unexpected token ';'
C:\Users\Shailendra kumar\Desktop\masai-projects\masai-alumni\apps\server\src\services\mentor.service.ts:176
            throw ;
                  ^

SyntaxError: Unexpected token ';'
    at internalCompileFunction (node:internal/vm:77:18)
    at wrapSafe (node:internal/modules/cjs/loader:1288:20)
    at Module._compile (node:internal/modules/cjs/loader:1340:27)
    at Module.m._compile (C:\Users\Shailendra kumar\Desktop\masai-projects\masai-alumni\node_modules\.pnpm\ts-node@10.9.1_@swc+core@1.3.95_@types+node@18.17.2_typescript@5.1.3\node_modules\ts-node\src\index.ts:1618:23)
    at Module._extensions..js (node:internal/modules/cjs/loader:1435:10)
    at Object.require.extensions.<computed> [as .ts] (C:\Users\Shailendra kumar\Desktop\masai-projects\masai-alumni\node_modules\.pnpm\ts-node@10.9.1_@swc+core@1.3.95_@types+node@18.17.2_typescript@5.1.3\node_modules\ts-node\src\index.ts:1621:12)
    at Module.load (node:internal/modules/cjs/loader:1207:32)
    at Function.Module._load (node:internal/modules/cjs/loader:1023:12)
    at Module.require (node:internal/modules/cjs/loader:1235:19)
    at require (node:internal/modules/helpers:176:18)
2023-12-14 19:01:29 error: uncaughtException: Unexpected token ';'
C:\Users\Shailendra kumar\Desktop\masai-projects\masai-alumni\apps\server\src\services\mentor.service.ts:174
            const ;
                  ^

SyntaxError: Unexpected token ';'
    at internalCompileFunction (node:internal/vm:77:18)
    at wrapSafe (node:internal/modules/cjs/loader:1288:20)
    at Module._compile (node:internal/modules/cjs/loader:1340:27)
    at Module.m._compile (C:\Users\Shailendra kumar\Desktop\masai-projects\masai-alumni\node_modules\.pnpm\ts-node@10.9.1_@swc+core@1.3.95_@types+node@18.17.2_typescript@5.1.3\node_modules\ts-node\src\index.ts:1618:23)
    at Module._extensions..js (node:internal/modules/cjs/loader:1435:10)
    at Object.require.extensions.<computed> [as .ts] (C:\Users\Shailendra kumar\Desktop\masai-projects\masai-alumni\node_modules\.pnpm\ts-node@10.9.1_@swc+core@1.3.95_@types+node@18.17.2_typescript@5.1.3\node_modules\ts-node\src\index.ts:1621:12)
    at Module.load (node:internal/modules/cjs/loader:1207:32)
    at Function.Module._load (node:internal/modules/cjs/loader:1023:12)
    at Module.require (node:internal/modules/cjs/loader:1235:19)
    at require (node:internal/modules/helpers:176:18)
2023-12-14 19:01:37 error: uncaughtException: Missing initializer in const declaration
C:\Users\Shailendra kumar\Desktop\masai-projects\masai-alumni\apps\server\src\services\mentor.service.ts:174
            const Pending;
                  ^^^^^^^

SyntaxError: Missing initializer in const declaration
    at internalCompileFunction (node:internal/vm:77:18)
    at wrapSafe (node:internal/modules/cjs/loader:1288:20)
    at Module._compile (node:internal/modules/cjs/loader:1340:27)
    at Module.m._compile (C:\Users\Shailendra kumar\Desktop\masai-projects\masai-alumni\node_modules\.pnpm\ts-node@10.9.1_@swc+core@1.3.95_@types+node@18.17.2_typescript@5.1.3\node_modules\ts-node\src\index.ts:1618:23)
    at Module._extensions..js (node:internal/modules/cjs/loader:1435:10)
    at Object.require.extensions.<computed> [as .ts] (C:\Users\Shailendra kumar\Desktop\masai-projects\masai-alumni\node_modules\.pnpm\ts-node@10.9.1_@swc+core@1.3.95_@types+node@18.17.2_typescript@5.1.3\node_modules\ts-node\src\index.ts:1621:12)
    at Module.load (node:internal/modules/cjs/loader:1207:32)
    at Function.Module._load (node:internal/modules/cjs/loader:1023:12)
    at Module.require (node:internal/modules/cjs/loader:1235:19)
    at require (node:internal/modules/helpers:176:18)
2023-12-14 19:01:44 error: uncaughtException: Missing initializer in const declaration
C:\Users\Shailendra kumar\Desktop\masai-projects\masai-alumni\apps\server\src\services\mentor.service.ts:174
            const pendingMentorship;
                  ^^^^^^^^^^^^^^^^^

SyntaxError: Missing initializer in const declaration
    at internalCompileFunction (node:internal/vm:77:18)
    at wrapSafe (node:internal/modules/cjs/loader:1288:20)
    at Module._compile (node:internal/modules/cjs/loader:1340:27)
    at Module.m._compile (C:\Users\Shailendra kumar\Desktop\masai-projects\masai-alumni\node_modules\.pnpm\ts-node@10.9.1_@swc+core@1.3.95_@types+node@18.17.2_typescript@5.1.3\node_modules\ts-node\src\index.ts:1618:23)
    at Module._extensions..js (node:internal/modules/cjs/loader:1435:10)
    at Object.require.extensions.<computed> [as .ts] (C:\Users\Shailendra kumar\Desktop\masai-projects\masai-alumni\node_modules\.pnpm\ts-node@10.9.1_@swc+core@1.3.95_@types+node@18.17.2_typescript@5.1.3\node_modules\ts-node\src\index.ts:1621:12)
    at Module.load (node:internal/modules/cjs/loader:1207:32)
    at Function.Module._load (node:internal/modules/cjs/loader:1023:12)
    at Module.require (node:internal/modules/cjs/loader:1235:19)
    at require (node:internal/modules/helpers:176:18)
2023-12-14 19:01:46 error: uncaughtException: ⨯ Unable to compile TypeScript:
src/services/mentor.service.ts(266,3): error TS1109: Expression expected.

TSError: ⨯ Unable to compile TypeScript:
src/services/mentor.service.ts(266,3): error TS1109: Expression expected.

    at createTSError (C:\Users\Shailendra kumar\Desktop\masai-projects\masai-alumni\node_modules\.pnpm\ts-node@10.9.1_@swc+core@1.3.95_@types+node@18.17.2_typescript@5.1.3\node_modules\ts-node\src\index.ts:859:12)
    at reportTSError (C:\Users\Shailendra kumar\Desktop\masai-projects\masai-alumni\node_modules\.pnpm\ts-node@10.9.1_@swc+core@1.3.95_@types+node@18.17.2_typescript@5.1.3\node_modules\ts-node\src\index.ts:863:19)
    at C:\Users\Shailendra kumar\Desktop\masai-projects\masai-alumni\node_modules\.pnpm\ts-node@10.9.1_@swc+core@1.3.95_@types+node@18.17.2_typescript@5.1.3\node_modules\ts-node\src\index.ts:1379:34
    at Object.compile (C:\Users\Shailendra kumar\Desktop\masai-projects\masai-alumni\node_modules\.pnpm\ts-node@10.9.1_@swc+core@1.3.95_@types+node@18.17.2_typescript@5.1.3\node_modules\ts-node\src\index.ts:1458:13)
    at Module.m._compile (C:\Users\Shailendra kumar\Desktop\masai-projects\masai-alumni\node_modules\.pnpm\ts-node@10.9.1_@swc+core@1.3.95_@types+node@18.17.2_typescript@5.1.3\node_modules\ts-node\src\index.ts:1617:30)
    at Module._extensions..js (node:internal/modules/cjs/loader:1435:10)
    at Object.require.extensions.<computed> [as .ts] (C:\Users\Shailendra kumar\Desktop\masai-projects\masai-alumni\node_modules\.pnpm\ts-node@10.9.1_@swc+core@1.3.95_@types+node@18.17.2_typescript@5.1.3\node_modules\ts-node\src\index.ts:1621:12)
    at Module.load (node:internal/modules/cjs/loader:1207:32)
    at Function.Module._load (node:internal/modules/cjs/loader:1023:12)
    at Module.require (node:internal/modules/cjs/loader:1235:19)
2023-12-14 19:01:54 error: uncaughtException: ⨯ Unable to compile TypeScript:
src/services/mentor.service.ts(266,3): error TS1109: Expression expected.

TSError: ⨯ Unable to compile TypeScript:
src/services/mentor.service.ts(266,3): error TS1109: Expression expected.

    at createTSError (C:\Users\Shailendra kumar\Desktop\masai-projects\masai-alumni\node_modules\.pnpm\ts-node@10.9.1_@swc+core@1.3.95_@types+node@18.17.2_typescript@5.1.3\node_modules\ts-node\src\index.ts:859:12)
    at reportTSError (C:\Users\Shailendra kumar\Desktop\masai-projects\masai-alumni\node_modules\.pnpm\ts-node@10.9.1_@swc+core@1.3.95_@types+node@18.17.2_typescript@5.1.3\node_modules\ts-node\src\index.ts:863:19)
    at C:\Users\Shailendra kumar\Desktop\masai-projects\masai-alumni\node_modules\.pnpm\ts-node@10.9.1_@swc+core@1.3.95_@types+node@18.17.2_typescript@5.1.3\node_modules\ts-node\src\index.ts:1379:34
    at Object.compile (C:\Users\Shailendra kumar\Desktop\masai-projects\masai-alumni\node_modules\.pnpm\ts-node@10.9.1_@swc+core@1.3.95_@types+node@18.17.2_typescript@5.1.3\node_modules\ts-node\src\index.ts:1458:13)
    at Module.m._compile (C:\Users\Shailendra kumar\Desktop\masai-projects\masai-alumni\node_modules\.pnpm\ts-node@10.9.1_@swc+core@1.3.95_@types+node@18.17.2_typescript@5.1.3\node_modules\ts-node\src\index.ts:1617:30)
    at Module._extensions..js (node:internal/modules/cjs/loader:1435:10)
    at Object.require.extensions.<computed> [as .ts] (C:\Users\Shailendra kumar\Desktop\masai-projects\masai-alumni\node_modules\.pnpm\ts-node@10.9.1_@swc+core@1.3.95_@types+node@18.17.2_typescript@5.1.3\node_modules\ts-node\src\index.ts:1621:12)
    at Module.load (node:internal/modules/cjs/loader:1207:32)
    at Function.Module._load (node:internal/modules/cjs/loader:1023:12)
    at Module.require (node:internal/modules/cjs/loader:1235:19)
2023-12-14 19:02:00 error: uncaughtException: ⨯ Unable to compile TypeScript:
src/services/mentor.service.ts(266,3): error TS1003: Identifier expected.

TSError: ⨯ Unable to compile TypeScript:
src/services/mentor.service.ts(266,3): error TS1003: Identifier expected.

    at createTSError (C:\Users\Shailendra kumar\Desktop\masai-projects\masai-alumni\node_modules\.pnpm\ts-node@10.9.1_@swc+core@1.3.95_@types+node@18.17.2_typescript@5.1.3\node_modules\ts-node\src\index.ts:859:12)
    at reportTSError (C:\Users\Shailendra kumar\Desktop\masai-projects\masai-alumni\node_modules\.pnpm\ts-node@10.9.1_@swc+core@1.3.95_@types+node@18.17.2_typescript@5.1.3\node_modules\ts-node\src\index.ts:863:19)
    at C:\Users\Shailendra kumar\Desktop\masai-projects\masai-alumni\node_modules\.pnpm\ts-node@10.9.1_@swc+core@1.3.95_@types+node@18.17.2_typescript@5.1.3\node_modules\ts-node\src\index.ts:1379:34
    at Object.compile (C:\Users\Shailendra kumar\Desktop\masai-projects\masai-alumni\node_modules\.pnpm\ts-node@10.9.1_@swc+core@1.3.95_@types+node@18.17.2_typescript@5.1.3\node_modules\ts-node\src\index.ts:1458:13)
    at Module.m._compile (C:\Users\Shailendra kumar\Desktop\masai-projects\masai-alumni\node_modules\.pnpm\ts-node@10.9.1_@swc+core@1.3.95_@types+node@18.17.2_typescript@5.1.3\node_modules\ts-node\src\index.ts:1617:30)
    at Module._extensions..js (node:internal/modules/cjs/loader:1435:10)
    at Object.require.extensions.<computed> [as .ts] (C:\Users\Shailendra kumar\Desktop\masai-projects\masai-alumni\node_modules\.pnpm\ts-node@10.9.1_@swc+core@1.3.95_@types+node@18.17.2_typescript@5.1.3\node_modules\ts-node\src\index.ts:1621:12)
    at Module.load (node:internal/modules/cjs/loader:1207:32)
    at Function.Module._load (node:internal/modules/cjs/loader:1023:12)
    at Module.require (node:internal/modules/cjs/loader:1235:19)
2023-12-14 19:02:52 error: uncaughtException: ⨯ Unable to compile TypeScript:
src/services/mentor.service.ts(256,49): error TS1110: Type expected.

TSError: ⨯ Unable to compile TypeScript:
src/services/mentor.service.ts(256,49): error TS1110: Type expected.

    at createTSError (C:\Users\Shailendra kumar\Desktop\masai-projects\masai-alumni\node_modules\.pnpm\ts-node@10.9.1_@swc+core@1.3.95_@types+node@18.17.2_typescript@5.1.3\node_modules\ts-node\src\index.ts:859:12)
    at reportTSError (C:\Users\Shailendra kumar\Desktop\masai-projects\masai-alumni\node_modules\.pnpm\ts-node@10.9.1_@swc+core@1.3.95_@types+node@18.17.2_typescript@5.1.3\node_modules\ts-node\src\index.ts:863:19)
    at C:\Users\Shailendra kumar\Desktop\masai-projects\masai-alumni\node_modules\.pnpm\ts-node@10.9.1_@swc+core@1.3.95_@types+node@18.17.2_typescript@5.1.3\node_modules\ts-node\src\index.ts:1379:34
    at Object.compile (C:\Users\Shailendra kumar\Desktop\masai-projects\masai-alumni\node_modules\.pnpm\ts-node@10.9.1_@swc+core@1.3.95_@types+node@18.17.2_typescript@5.1.3\node_modules\ts-node\src\index.ts:1458:13)
    at Module.m._compile (C:\Users\Shailendra kumar\Desktop\masai-projects\masai-alumni\node_modules\.pnpm\ts-node@10.9.1_@swc+core@1.3.95_@types+node@18.17.2_typescript@5.1.3\node_modules\ts-node\src\index.ts:1617:30)
    at Module._extensions..js (node:internal/modules/cjs/loader:1435:10)
    at Object.require.extensions.<computed> [as .ts] (C:\Users\Shailendra kumar\Desktop\masai-projects\masai-alumni\node_modules\.pnpm\ts-node@10.9.1_@swc+core@1.3.95_@types+node@18.17.2_typescript@5.1.3\node_modules\ts-node\src\index.ts:1621:12)
    at Module.load (node:internal/modules/cjs/loader:1207:32)
    at Function.Module._load (node:internal/modules/cjs/loader:1023:12)
    at Module.require (node:internal/modules/cjs/loader:1235:19)
2023-12-14 19:07:39 error: uncaughtException: ⨯ Unable to compile TypeScript:
src/controllers/mentor.controller.ts(87,30): error TS1003: Identifier expected.

TSError: ⨯ Unable to compile TypeScript:
src/controllers/mentor.controller.ts(87,30): error TS1003: Identifier expected.

    at createTSError (C:\Users\Shailendra kumar\Desktop\masai-projects\masai-alumni\node_modules\.pnpm\ts-node@10.9.1_@swc+core@1.3.95_@types+node@18.17.2_typescript@5.1.3\node_modules\ts-node\src\index.ts:859:12)
    at reportTSError (C:\Users\Shailendra kumar\Desktop\masai-projects\masai-alumni\node_modules\.pnpm\ts-node@10.9.1_@swc+core@1.3.95_@types+node@18.17.2_typescript@5.1.3\node_modules\ts-node\src\index.ts:863:19)
    at C:\Users\Shailendra kumar\Desktop\masai-projects\masai-alumni\node_modules\.pnpm\ts-node@10.9.1_@swc+core@1.3.95_@types+node@18.17.2_typescript@5.1.3\node_modules\ts-node\src\index.ts:1379:34
    at Object.compile (C:\Users\Shailendra kumar\Desktop\masai-projects\masai-alumni\node_modules\.pnpm\ts-node@10.9.1_@swc+core@1.3.95_@types+node@18.17.2_typescript@5.1.3\node_modules\ts-node\src\index.ts:1458:13)
    at Module.m._compile (C:\Users\Shailendra kumar\Desktop\masai-projects\masai-alumni\node_modules\.pnpm\ts-node@10.9.1_@swc+core@1.3.95_@types+node@18.17.2_typescript@5.1.3\node_modules\ts-node\src\index.ts:1617:30)
    at Module._extensions..js (node:internal/modules/cjs/loader:1435:10)
    at Object.require.extensions.<computed> [as .ts] (C:\Users\Shailendra kumar\Desktop\masai-projects\masai-alumni\node_modules\.pnpm\ts-node@10.9.1_@swc+core@1.3.95_@types+node@18.17.2_typescript@5.1.3\node_modules\ts-node\src\index.ts:1621:12)
    at Module.load (node:internal/modules/cjs/loader:1207:32)
    at Function.Module._load (node:internal/modules/cjs/loader:1023:12)
    at Module.require (node:internal/modules/cjs/loader:1235:19)
2023-12-14 19:07:51 error: uncaughtException: ⨯ Unable to compile TypeScript:
src/controllers/mentor.controller.ts(86,11): error TS1134: Variable declaration expected.
src/controllers/mentor.controller.ts(87,11): error TS1005: ',' expected.

TSError: ⨯ Unable to compile TypeScript:
src/controllers/mentor.controller.ts(86,11): error TS1134: Variable declaration expected.
src/controllers/mentor.controller.ts(87,11): error TS1005: ',' expected.

    at createTSError (C:\Users\Shailendra kumar\Desktop\masai-projects\masai-alumni\node_modules\.pnpm\ts-node@10.9.1_@swc+core@1.3.95_@types+node@18.17.2_typescript@5.1.3\node_modules\ts-node\src\index.ts:859:12)
    at reportTSError (C:\Users\Shailendra kumar\Desktop\masai-projects\masai-alumni\node_modules\.pnpm\ts-node@10.9.1_@swc+core@1.3.95_@types+node@18.17.2_typescript@5.1.3\node_modules\ts-node\src\index.ts:863:19)
    at C:\Users\Shailendra kumar\Desktop\masai-projects\masai-alumni\node_modules\.pnpm\ts-node@10.9.1_@swc+core@1.3.95_@types+node@18.17.2_typescript@5.1.3\node_modules\ts-node\src\index.ts:1379:34
    at Object.compile (C:\Users\Shailendra kumar\Desktop\masai-projects\masai-alumni\node_modules\.pnpm\ts-node@10.9.1_@swc+core@1.3.95_@types+node@18.17.2_typescript@5.1.3\node_modules\ts-node\src\index.ts:1458:13)
    at Module.m._compile (C:\Users\Shailendra kumar\Desktop\masai-projects\masai-alumni\node_modules\.pnpm\ts-node@10.9.1_@swc+core@1.3.95_@types+node@18.17.2_typescript@5.1.3\node_modules\ts-node\src\index.ts:1617:30)
    at Module._extensions..js (node:internal/modules/cjs/loader:1435:10)
    at Object.require.extensions.<computed> [as .ts] (C:\Users\Shailendra kumar\Desktop\masai-projects\masai-alumni\node_modules\.pnpm\ts-node@10.9.1_@swc+core@1.3.95_@types+node@18.17.2_typescript@5.1.3\node_modules\ts-node\src\index.ts:1621:12)
    at Module.load (node:internal/modules/cjs/loader:1207:32)
    at Function.Module._load (node:internal/modules/cjs/loader:1023:12)
    at Module.require (node:internal/modules/cjs/loader:1235:19)
2023-12-14 19:08:04 error: uncaughtException: ⨯ Unable to compile TypeScript:
src/controllers/mentor.controller.ts(86,11): error TS1134: Variable declaration expected.
src/controllers/mentor.controller.ts(87,11): error TS1005: ',' expected.

TSError: ⨯ Unable to compile TypeScript:
src/controllers/mentor.controller.ts(86,11): error TS1134: Variable declaration expected.
src/controllers/mentor.controller.ts(87,11): error TS1005: ',' expected.

    at createTSError (C:\Users\Shailendra kumar\Desktop\masai-projects\masai-alumni\node_modules\.pnpm\ts-node@10.9.1_@swc+core@1.3.95_@types+node@18.17.2_typescript@5.1.3\node_modules\ts-node\src\index.ts:859:12)
    at reportTSError (C:\Users\Shailendra kumar\Desktop\masai-projects\masai-alumni\node_modules\.pnpm\ts-node@10.9.1_@swc+core@1.3.95_@types+node@18.17.2_typescript@5.1.3\node_modules\ts-node\src\index.ts:863:19)
    at C:\Users\Shailendra kumar\Desktop\masai-projects\masai-alumni\node_modules\.pnpm\ts-node@10.9.1_@swc+core@1.3.95_@types+node@18.17.2_typescript@5.1.3\node_modules\ts-node\src\index.ts:1379:34
    at Object.compile (C:\Users\Shailendra kumar\Desktop\masai-projects\masai-alumni\node_modules\.pnpm\ts-node@10.9.1_@swc+core@1.3.95_@types+node@18.17.2_typescript@5.1.3\node_modules\ts-node\src\index.ts:1458:13)
    at Module.m._compile (C:\Users\Shailendra kumar\Desktop\masai-projects\masai-alumni\node_modules\.pnpm\ts-node@10.9.1_@swc+core@1.3.95_@types+node@18.17.2_typescript@5.1.3\node_modules\ts-node\src\index.ts:1617:30)
    at Module._extensions..js (node:internal/modules/cjs/loader:1435:10)
    at Object.require.extensions.<computed> [as .ts] (C:\Users\Shailendra kumar\Desktop\masai-projects\masai-alumni\node_modules\.pnpm\ts-node@10.9.1_@swc+core@1.3.95_@types+node@18.17.2_typescript@5.1.3\node_modules\ts-node\src\index.ts:1621:12)
    at Module.load (node:internal/modules/cjs/loader:1207:32)
    at Function.Module._load (node:internal/modules/cjs/loader:1023:12)
    at Module.require (node:internal/modules/cjs/loader:1235:19)
2023-12-14 19:09:09 error: uncaughtException: Route.put() requires a callback function but got a [object Undefined]
Error: Route.put() requires a callback function but got a [object Undefined]
    at Route.<computed> [as put] (C:\Users\Shailendra kumar\Desktop\masai-projects\masai-alumni\node_modules\.pnpm\express@4.18.2\node_modules\express\lib\router\route.js:211:15)
    at Function.proto.<computed> [as put] (C:\Users\Shailendra kumar\Desktop\masai-projects\masai-alumni\node_modules\.pnpm\express@4.18.2\node_modules\express\lib\router\index.js:521:19)
    at MentorRoutes.initializeRoutes (C:\Users\Shailendra kumar\Desktop\masai-projects\masai-alumni\apps\server\src\routes\mentor.route.ts:21:17)
    at new MentorRoutes (C:\Users\Shailendra kumar\Desktop\masai-projects\masai-alumni\apps\server\src\routes\mentor.route.ts:12:10)
    at Object.<anonymous> (C:\Users\Shailendra kumar\Desktop\masai-projects\masai-alumni\apps\server\src\routes\index.routes.ts:29:2)
    at Module._compile (node:internal/modules/cjs/loader:1376:14)
    at Module.m._compile (C:\Users\Shailendra kumar\Desktop\masai-projects\masai-alumni\node_modules\.pnpm\ts-node@10.9.1_@swc+core@1.3.95_@types+node@18.17.2_typescript@5.1.3\node_modules\ts-node\src\index.ts:1618:23)
    at Module._extensions..js (node:internal/modules/cjs/loader:1435:10)
    at Object.require.extensions.<computed> [as .ts] (C:\Users\Shailendra kumar\Desktop\masai-projects\masai-alumni\node_modules\.pnpm\ts-node@10.9.1_@swc+core@1.3.95_@types+node@18.17.2_typescript@5.1.3\node_modules\ts-node\src\index.ts:1621:12)
    at Module.load (node:internal/modules/cjs/loader:1207:32)
2023-12-14 19:09:15 error: uncaughtException: Route.put() requires a callback function but got a [object Undefined]
Error: Route.put() requires a callback function but got a [object Undefined]
    at Route.<computed> [as put] (C:\Users\Shailendra kumar\Desktop\masai-projects\masai-alumni\node_modules\.pnpm\express@4.18.2\node_modules\express\lib\router\route.js:211:15)
    at Function.proto.<computed> [as put] (C:\Users\Shailendra kumar\Desktop\masai-projects\masai-alumni\node_modules\.pnpm\express@4.18.2\node_modules\express\lib\router\index.js:521:19)
    at MentorRoutes.initializeRoutes (C:\Users\Shailendra kumar\Desktop\masai-projects\masai-alumni\apps\server\src\routes\mentor.route.ts:21:17)
    at new MentorRoutes (C:\Users\Shailendra kumar\Desktop\masai-projects\masai-alumni\apps\server\src\routes\mentor.route.ts:12:10)
    at Object.<anonymous> (C:\Users\Shailendra kumar\Desktop\masai-projects\masai-alumni\apps\server\src\routes\index.routes.ts:29:2)
    at Module._compile (node:internal/modules/cjs/loader:1376:14)
    at Module.m._compile (C:\Users\Shailendra kumar\Desktop\masai-projects\masai-alumni\node_modules\.pnpm\ts-node@10.9.1_@swc+core@1.3.95_@types+node@18.17.2_typescript@5.1.3\node_modules\ts-node\src\index.ts:1618:23)
    at Module._extensions..js (node:internal/modules/cjs/loader:1435:10)
    at Object.require.extensions.<computed> [as .ts] (C:\Users\Shailendra kumar\Desktop\masai-projects\masai-alumni\node_modules\.pnpm\ts-node@10.9.1_@swc+core@1.3.95_@types+node@18.17.2_typescript@5.1.3\node_modules\ts-node\src\index.ts:1621:12)
    at Module.load (node:internal/modules/cjs/loader:1207:32)
2023-12-14 19:09:20 error: uncaughtException: Route.put() requires a callback function but got a [object Undefined]
Error: Route.put() requires a callback function but got a [object Undefined]
    at Route.<computed> [as put] (C:\Users\Shailendra kumar\Desktop\masai-projects\masai-alumni\node_modules\.pnpm\express@4.18.2\node_modules\express\lib\router\route.js:211:15)
    at Function.proto.<computed> [as put] (C:\Users\Shailendra kumar\Desktop\masai-projects\masai-alumni\node_modules\.pnpm\express@4.18.2\node_modules\express\lib\router\index.js:521:19)
    at MentorRoutes.initializeRoutes (C:\Users\Shailendra kumar\Desktop\masai-projects\masai-alumni\apps\server\src\routes\mentor.route.ts:21:17)
    at new MentorRoutes (C:\Users\Shailendra kumar\Desktop\masai-projects\masai-alumni\apps\server\src\routes\mentor.route.ts:12:10)
    at Object.<anonymous> (C:\Users\Shailendra kumar\Desktop\masai-projects\masai-alumni\apps\server\src\routes\index.routes.ts:29:2)
    at Module._compile (node:internal/modules/cjs/loader:1376:14)
    at Module.m._compile (C:\Users\Shailendra kumar\Desktop\masai-projects\masai-alumni\node_modules\.pnpm\ts-node@10.9.1_@swc+core@1.3.95_@types+node@18.17.2_typescript@5.1.3\node_modules\ts-node\src\index.ts:1618:23)
    at Module._extensions..js (node:internal/modules/cjs/loader:1435:10)
    at Object.require.extensions.<computed> [as .ts] (C:\Users\Shailendra kumar\Desktop\masai-projects\masai-alumni\node_modules\.pnpm\ts-node@10.9.1_@swc+core@1.3.95_@types+node@18.17.2_typescript@5.1.3\node_modules\ts-node\src\index.ts:1621:12)
    at Module.load (node:internal/modules/cjs/loader:1207:32)
2023-12-14 19:09:33 error: uncaughtException: Route.put() requires a callback function but got a [object Undefined]
Error: Route.put() requires a callback function but got a [object Undefined]
    at Route.<computed> [as put] (C:\Users\Shailendra kumar\Desktop\masai-projects\masai-alumni\node_modules\.pnpm\express@4.18.2\node_modules\express\lib\router\route.js:211:15)
    at Function.proto.<computed> [as put] (C:\Users\Shailendra kumar\Desktop\masai-projects\masai-alumni\node_modules\.pnpm\express@4.18.2\node_modules\express\lib\router\index.js:521:19)
    at MentorRoutes.initializeRoutes (C:\Users\Shailendra kumar\Desktop\masai-projects\masai-alumni\apps\server\src\routes\mentor.route.ts:21:17)
    at new MentorRoutes (C:\Users\Shailendra kumar\Desktop\masai-projects\masai-alumni\apps\server\src\routes\mentor.route.ts:12:10)
    at Object.<anonymous> (C:\Users\Shailendra kumar\Desktop\masai-projects\masai-alumni\apps\server\src\routes\index.routes.ts:29:2)
    at Module._compile (node:internal/modules/cjs/loader:1376:14)
    at Module.m._compile (C:\Users\Shailendra kumar\Desktop\masai-projects\masai-alumni\node_modules\.pnpm\ts-node@10.9.1_@swc+core@1.3.95_@types+node@18.17.2_typescript@5.1.3\node_modules\ts-node\src\index.ts:1618:23)
    at Module._extensions..js (node:internal/modules/cjs/loader:1435:10)
    at Object.require.extensions.<computed> [as .ts] (C:\Users\Shailendra kumar\Desktop\masai-projects\masai-alumni\node_modules\.pnpm\ts-node@10.9.1_@swc+core@1.3.95_@types+node@18.17.2_typescript@5.1.3\node_modules\ts-node\src\index.ts:1621:12)
    at Module.load (node:internal/modules/cjs/loader:1207:32)
2023-12-14 19:09:47 error: uncaughtException: ⨯ Unable to compile TypeScript:
src/routes/mentor.route.ts(21,92): error TS1003: Identifier expected.

TSError: ⨯ Unable to compile TypeScript:
src/routes/mentor.route.ts(21,92): error TS1003: Identifier expected.

    at createTSError (C:\Users\Shailendra kumar\Desktop\masai-projects\masai-alumni\node_modules\.pnpm\ts-node@10.9.1_@swc+core@1.3.95_@types+node@18.17.2_typescript@5.1.3\node_modules\ts-node\src\index.ts:859:12)
    at reportTSError (C:\Users\Shailendra kumar\Desktop\masai-projects\masai-alumni\node_modules\.pnpm\ts-node@10.9.1_@swc+core@1.3.95_@types+node@18.17.2_typescript@5.1.3\node_modules\ts-node\src\index.ts:863:19)
    at C:\Users\Shailendra kumar\Desktop\masai-projects\masai-alumni\node_modules\.pnpm\ts-node@10.9.1_@swc+core@1.3.95_@types+node@18.17.2_typescript@5.1.3\node_modules\ts-node\src\index.ts:1379:34
    at Object.compile (C:\Users\Shailendra kumar\Desktop\masai-projects\masai-alumni\node_modules\.pnpm\ts-node@10.9.1_@swc+core@1.3.95_@types+node@18.17.2_typescript@5.1.3\node_modules\ts-node\src\index.ts:1458:13)
    at Module.m._compile (C:\Users\Shailendra kumar\Desktop\masai-projects\masai-alumni\node_modules\.pnpm\ts-node@10.9.1_@swc+core@1.3.95_@types+node@18.17.2_typescript@5.1.3\node_modules\ts-node\src\index.ts:1617:30)
    at Module._extensions..js (node:internal/modules/cjs/loader:1435:10)
    at Object.require.extensions.<computed> [as .ts] (C:\Users\Shailendra kumar\Desktop\masai-projects\masai-alumni\node_modules\.pnpm\ts-node@10.9.1_@swc+core@1.3.95_@types+node@18.17.2_typescript@5.1.3\node_modules\ts-node\src\index.ts:1621:12)
    at Module.load (node:internal/modules/cjs/loader:1207:32)
    at Function.Module._load (node:internal/modules/cjs/loader:1023:12)
    at Module.require (node:internal/modules/cjs/loader:1235:19)
2023-12-14 19:15:26 error: uncaughtException: ⨯ Unable to compile TypeScript:
src/routes/mentor.route.ts(37,3): error TS1068: Unexpected token. A constructor, method, accessor, or property was expected.
src/routes/mentor.route.ts(57,2): error TS1128: Declaration or statement expected.
src/routes/mentor.route.ts(58,1): error TS1128: Declaration or statement expected.

TSError: ⨯ Unable to compile TypeScript:
src/routes/mentor.route.ts(37,3): error TS1068: Unexpected token. A constructor, method, accessor, or property was expected.
src/routes/mentor.route.ts(57,2): error TS1128: Declaration or statement expected.
src/routes/mentor.route.ts(58,1): error TS1128: Declaration or statement expected.

    at createTSError (C:\Users\Shailendra kumar\Desktop\masai-projects\masai-alumni\node_modules\.pnpm\ts-node@10.9.1_@swc+core@1.3.95_@types+node@18.17.2_typescript@5.1.3\node_modules\ts-node\src\index.ts:859:12)
    at reportTSError (C:\Users\Shailendra kumar\Desktop\masai-projects\masai-alumni\node_modules\.pnpm\ts-node@10.9.1_@swc+core@1.3.95_@types+node@18.17.2_typescript@5.1.3\node_modules\ts-node\src\index.ts:863:19)
    at C:\Users\Shailendra kumar\Desktop\masai-projects\masai-alumni\node_modules\.pnpm\ts-node@10.9.1_@swc+core@1.3.95_@types+node@18.17.2_typescript@5.1.3\node_modules\ts-node\src\index.ts:1379:34
    at Object.compile (C:\Users\Shailendra kumar\Desktop\masai-projects\masai-alumni\node_modules\.pnpm\ts-node@10.9.1_@swc+core@1.3.95_@types+node@18.17.2_typescript@5.1.3\node_modules\ts-node\src\index.ts:1458:13)
    at Module.m._compile (C:\Users\Shailendra kumar\Desktop\masai-projects\masai-alumni\node_modules\.pnpm\ts-node@10.9.1_@swc+core@1.3.95_@types+node@18.17.2_typescript@5.1.3\node_modules\ts-node\src\index.ts:1617:30)
    at Module._extensions..js (node:internal/modules/cjs/loader:1435:10)
    at Object.require.extensions.<computed> [as .ts] (C:\Users\Shailendra kumar\Desktop\masai-projects\masai-alumni\node_modules\.pnpm\ts-node@10.9.1_@swc+core@1.3.95_@types+node@18.17.2_typescript@5.1.3\node_modules\ts-node\src\index.ts:1621:12)
    at Module.load (node:internal/modules/cjs/loader:1207:32)
    at Function.Module._load (node:internal/modules/cjs/loader:1023:12)
    at Module.require (node:internal/modules/cjs/loader:1235:19)
2023-12-14 19:15:55 error: [GET] /api/v1/mentors/mentees-request/1 >> StatusCode:: 500, Message:: Error fething pending mentorship
2023-12-14 19:15:57 error: [GET] /api/v1/mentors/mentees-request/1 >> StatusCode:: 500, Message:: Error fething pending mentorship
2023-12-14 19:15:58 error: [GET] /api/v1/mentors/mentees-request/1 >> StatusCode:: 500, Message:: Error fething pending mentorship
2023-12-14 19:16:49 error: [GET] /api/v1/mentors/mentees-request/1 >> StatusCode:: 500, Message:: Error fething pending mentorship
