2023-12-16 00:02:22 error: [POST] /api/v1/mentors >> StatusCode:: 500, Message:: Unable to create mentor. Please check your input data.
2023-12-16 00:02:45 error: [POST] /api/v1/mentors >> StatusCode:: 500, Message:: Unable to create mentor. Please check your input data.
2023-12-16 00:04:51 error: [POST] /api/v1/mentors >> StatusCode:: 500, Message:: Unable to create mentor. Please check your input data.
2023-12-16 00:06:27 error: uncaughtException: Unrecognized datatype for attribute "Mentor.expertise"
Error: Unrecognized datatype for attribute "Mentor.expertise"
    at C:\Users\Shailendra kumar\Desktop\masai-projects\masai-alumni\node_modules\.pnpm\sequelize@6.35.0_mysql2@3.6.3\node_modules\sequelize\src\model.js:1046:15
    at C:\Users\Shailendra kumar\Desktop\masai-projects\masai-alumni\node_modules\.pnpm\lodash@4.17.21\node_modules\lodash\lodash.js:13469:38
    at C:\Users\Shailendra kumar\Desktop\masai-projects\masai-alumni\node_modules\.pnpm\lodash@4.17.21\node_modules\lodash\lodash.js:4967:15
    at baseForOwn (C:\Users\Shailendra kumar\Desktop\masai-projects\masai-alumni\node_modules\.pnpm\lodash@4.17.21\node_modules\lodash\lodash.js:3032:24)
    at Function.mapValues (C:\Users\Shailendra kumar\Desktop\masai-projects\masai-alumni\node_modules\.pnpm\lodash@4.17.21\node_modules\lodash\lodash.js:13468:7)
    at Function.init (C:\Users\Shailendra kumar\Desktop\masai-projects\masai-alumni\node_modules\.pnpm\sequelize@6.35.0_mysql2@3.6.3\node_modules\sequelize\src\model.js:1042:28)
    at Object.<anonymous> (C:\Users\Shailendra kumar\Desktop\masai-projects\masai-alumni\apps\server\src\models\mentor.model.ts:19:13)
    at Module._compile (node:internal/modules/cjs/loader:1376:14)
    at Module.m._compile (C:\Users\Shailendra kumar\Desktop\masai-projects\masai-alumni\node_modules\.pnpm\ts-node@10.9.1_@swc+core@1.3.95_@types+node@18.17.2_typescript@5.1.3\node_modules\ts-node\src\index.ts:1618:23)
    at Module._extensions..js (node:internal/modules/cjs/loader:1435:10)
2023-12-16 00:06:31 error: [POST] /api/v1/mentors >> StatusCode:: 500, Message:: Unable to create mentor. Please check your input data.
2023-12-16 00:06:33 error: [POST] /api/v1/mentors >> StatusCode:: 500, Message:: Unable to create mentor. Please check your input data.
2023-12-16 00:06:34 error: [POST] /api/v1/mentors >> StatusCode:: 500, Message:: Unable to create mentor. Please check your input data.
2023-12-16 00:09:15 error: [POST] /api/v1/mentors >> StatusCode:: 500, Message:: Unable to create mentor. Please check your input data.
2023-12-16 00:09:16 error: [POST] /api/v1/mentors >> StatusCode:: 500, Message:: Unable to create mentor. Please check your input data.
2023-12-16 00:09:17 error: [POST] /api/v1/mentors >> StatusCode:: 500, Message:: Unable to create mentor. Please check your input data.
2023-12-16 00:11:05 error: [POST] /api/v1/mentors >> StatusCode:: 500, Message:: Unable to create mentor. Please check your input data.
2023-12-16 00:11:06 error: [POST] /api/v1/mentors >> StatusCode:: 500, Message:: Unable to create mentor. Please check your input data.
2023-12-16 00:11:07 error: [POST] /api/v1/mentors >> StatusCode:: 500, Message:: Unable to create mentor. Please check your input data.
2023-12-16 00:12:45 error: uncaughtException: ⨯ Unable to compile TypeScript:
src/services/mentor.service.ts(18,13): error TS1005: ',' expected.
src/services/mentor.service.ts(18,22): error TS1005: ',' expected.
src/services/mentor.service.ts(18,39): error TS1005: ',' expected.
src/services/mentor.service.ts(18,40): error TS1109: Expression expected.
src/services/mentor.service.ts(19,2): error TS1109: Expression expected.
src/services/mentor.service.ts(19,3): error TS1128: Declaration or statement expected.
src/services/mentor.service.ts(19,26): error TS1005: ';' expected.
src/services/mentor.service.ts(42,2): error TS1128: Declaration or statement expected.
src/services/mentor.service.ts(53,2): error TS1128: Declaration or statement expected.
src/services/mentor.service.ts(105,2): error TS1128: Declaration or statement expected.
src/services/mentor.service.ts(124,2): error TS1128: Declaration or statement expected.
src/services/mentor.service.ts(149,2): error TS1128: Declaration or statement expected.
src/services/mentor.service.ts(192,2): error TS1128: Declaration or statement expected.
src/services/mentor.service.ts(222,2): error TS1128: Declaration or statement expected.
src/services/mentor.service.ts(251,2): error TS1128: Declaration or statement expected.
src/services/mentor.service.ts(270,2): error TS1128: Declaration or statement expected.
src/services/mentor.service.ts(291,1): error TS1128: Declaration or statement expected.

TSError: ⨯ Unable to compile TypeScript:
src/services/mentor.service.ts(18,13): error TS1005: ',' expected.
src/services/mentor.service.ts(18,22): error TS1005: ',' expected.
src/services/mentor.service.ts(18,39): error TS1005: ',' expected.
src/services/mentor.service.ts(18,40): error TS1109: Expression expected.
src/services/mentor.service.ts(19,2): error TS1109: Expression expected.
src/services/mentor.service.ts(19,3): error TS1128: Declaration or statement expected.
src/services/mentor.service.ts(19,26): error TS1005: ';' expected.
src/services/mentor.service.ts(42,2): error TS1128: Declaration or statement expected.
src/services/mentor.service.ts(53,2): error TS1128: Declaration or statement expected.
src/services/mentor.service.ts(105,2): error TS1128: Declaration or statement expected.
src/services/mentor.service.ts(124,2): error TS1128: Declaration or statement expected.
src/services/mentor.service.ts(149,2): error TS1128: Declaration or statement expected.
src/services/mentor.service.ts(192,2): error TS1128: Declaration or statement expected.
src/services/mentor.service.ts(222,2): error TS1128: Declaration or statement expected.
src/services/mentor.service.ts(251,2): error TS1128: Declaration or statement expected.
src/services/mentor.service.ts(270,2): error TS1128: Declaration or statement expected.
src/services/mentor.service.ts(291,1): error TS1128: Declaration or statement expected.

    at createTSError (C:\Users\Shailendra kumar\Desktop\masai-projects\masai-alumni\node_modules\.pnpm\ts-node@10.9.1_@swc+core@1.3.95_@types+node@18.17.2_typescript@5.1.3\node_modules\ts-node\src\index.ts:859:12)
    at reportTSError (C:\Users\Shailendra kumar\Desktop\masai-projects\masai-alumni\node_modules\.pnpm\ts-node@10.9.1_@swc+core@1.3.95_@types+node@18.17.2_typescript@5.1.3\node_modules\ts-node\src\index.ts:863:19)
    at C:\Users\Shailendra kumar\Desktop\masai-projects\masai-alumni\node_modules\.pnpm\ts-node@10.9.1_@swc+core@1.3.95_@types+node@18.17.2_typescript@5.1.3\node_modules\ts-node\src\index.ts:1379:34
    at Object.compile (C:\Users\Shailendra kumar\Desktop\masai-projects\masai-alumni\node_modules\.pnpm\ts-node@10.9.1_@swc+core@1.3.95_@types+node@18.17.2_typescript@5.1.3\node_modules\ts-node\src\index.ts:1458:13)
    at Module.m._compile (C:\Users\Shailendra kumar\Desktop\masai-projects\masai-alumni\node_modules\.pnpm\ts-node@10.9.1_@swc+core@1.3.95_@types+node@18.17.2_typescript@5.1.3\node_modules\ts-node\src\index.ts:1617:30)
    at Module._extensions..js (node:internal/modules/cjs/loader:1435:10)
    at Object.require.extensions.<computed> [as .ts] (C:\Users\Shailendra kumar\Desktop\masai-projects\masai-alumni\node_modules\.pnpm\ts-node@10.9.1_@swc+core@1.3.95_@types+node@18.17.2_typescript@5.1.3\node_modules\ts-node\src\index.ts:1621:12)
    at Module.load (node:internal/modules/cjs/loader:1207:32)
    at Function.Module._load (node:internal/modules/cjs/loader:1023:12)
    at Module.require (node:internal/modules/cjs/loader:1235:19)
2023-12-16 00:12:50 error: uncaughtException: ⨯ Unable to compile TypeScript:
src/services/mentor.service.ts(18,3): error TS1005: ',' expected.

TSError: ⨯ Unable to compile TypeScript:
src/services/mentor.service.ts(18,3): error TS1005: ',' expected.

    at createTSError (C:\Users\Shailendra kumar\Desktop\masai-projects\masai-alumni\node_modules\.pnpm\ts-node@10.9.1_@swc+core@1.3.95_@types+node@18.17.2_typescript@5.1.3\node_modules\ts-node\src\index.ts:859:12)
    at reportTSError (C:\Users\Shailendra kumar\Desktop\masai-projects\masai-alumni\node_modules\.pnpm\ts-node@10.9.1_@swc+core@1.3.95_@types+node@18.17.2_typescript@5.1.3\node_modules\ts-node\src\index.ts:863:19)
    at C:\Users\Shailendra kumar\Desktop\masai-projects\masai-alumni\node_modules\.pnpm\ts-node@10.9.1_@swc+core@1.3.95_@types+node@18.17.2_typescript@5.1.3\node_modules\ts-node\src\index.ts:1379:34
    at Object.compile (C:\Users\Shailendra kumar\Desktop\masai-projects\masai-alumni\node_modules\.pnpm\ts-node@10.9.1_@swc+core@1.3.95_@types+node@18.17.2_typescript@5.1.3\node_modules\ts-node\src\index.ts:1458:13)
    at Module.m._compile (C:\Users\Shailendra kumar\Desktop\masai-projects\masai-alumni\node_modules\.pnpm\ts-node@10.9.1_@swc+core@1.3.95_@types+node@18.17.2_typescript@5.1.3\node_modules\ts-node\src\index.ts:1617:30)
    at Module._extensions..js (node:internal/modules/cjs/loader:1435:10)
    at Object.require.extensions.<computed> [as .ts] (C:\Users\Shailendra kumar\Desktop\masai-projects\masai-alumni\node_modules\.pnpm\ts-node@10.9.1_@swc+core@1.3.95_@types+node@18.17.2_typescript@5.1.3\node_modules\ts-node\src\index.ts:1621:12)
    at Module.load (node:internal/modules/cjs/loader:1207:32)
    at Function.Module._load (node:internal/modules/cjs/loader:1023:12)
    at Module.require (node:internal/modules/cjs/loader:1235:19)
2023-12-16 00:12:57 error: uncaughtException: ⨯ Unable to compile TypeScript:
src/services/mentor.service.ts(18,3): error TS1005: ',' expected.

TSError: ⨯ Unable to compile TypeScript:
src/services/mentor.service.ts(18,3): error TS1005: ',' expected.

    at createTSError (C:\Users\Shailendra kumar\Desktop\masai-projects\masai-alumni\node_modules\.pnpm\ts-node@10.9.1_@swc+core@1.3.95_@types+node@18.17.2_typescript@5.1.3\node_modules\ts-node\src\index.ts:859:12)
    at reportTSError (C:\Users\Shailendra kumar\Desktop\masai-projects\masai-alumni\node_modules\.pnpm\ts-node@10.9.1_@swc+core@1.3.95_@types+node@18.17.2_typescript@5.1.3\node_modules\ts-node\src\index.ts:863:19)
    at C:\Users\Shailendra kumar\Desktop\masai-projects\masai-alumni\node_modules\.pnpm\ts-node@10.9.1_@swc+core@1.3.95_@types+node@18.17.2_typescript@5.1.3\node_modules\ts-node\src\index.ts:1379:34
    at Object.compile (C:\Users\Shailendra kumar\Desktop\masai-projects\masai-alumni\node_modules\.pnpm\ts-node@10.9.1_@swc+core@1.3.95_@types+node@18.17.2_typescript@5.1.3\node_modules\ts-node\src\index.ts:1458:13)
    at Module.m._compile (C:\Users\Shailendra kumar\Desktop\masai-projects\masai-alumni\node_modules\.pnpm\ts-node@10.9.1_@swc+core@1.3.95_@types+node@18.17.2_typescript@5.1.3\node_modules\ts-node\src\index.ts:1617:30)
    at Module._extensions..js (node:internal/modules/cjs/loader:1435:10)
    at Object.require.extensions.<computed> [as .ts] (C:\Users\Shailendra kumar\Desktop\masai-projects\masai-alumni\node_modules\.pnpm\ts-node@10.9.1_@swc+core@1.3.95_@types+node@18.17.2_typescript@5.1.3\node_modules\ts-node\src\index.ts:1621:12)
    at Module.load (node:internal/modules/cjs/loader:1207:32)
    at Function.Module._load (node:internal/modules/cjs/loader:1023:12)
    at Module.require (node:internal/modules/cjs/loader:1235:19)
2023-12-16 00:13:47 error: uncaughtException: ⨯ Unable to compile TypeScript:
src/controllers/mentor.controller.ts(20,4): error TS1136: Property assignment expected.

TSError: ⨯ Unable to compile TypeScript:
src/controllers/mentor.controller.ts(20,4): error TS1136: Property assignment expected.

    at createTSError (C:\Users\Shailendra kumar\Desktop\masai-projects\masai-alumni\node_modules\.pnpm\ts-node@10.9.1_@swc+core@1.3.95_@types+node@18.17.2_typescript@5.1.3\node_modules\ts-node\src\index.ts:859:12)
    at reportTSError (C:\Users\Shailendra kumar\Desktop\masai-projects\masai-alumni\node_modules\.pnpm\ts-node@10.9.1_@swc+core@1.3.95_@types+node@18.17.2_typescript@5.1.3\node_modules\ts-node\src\index.ts:863:19)
    at C:\Users\Shailendra kumar\Desktop\masai-projects\masai-alumni\node_modules\.pnpm\ts-node@10.9.1_@swc+core@1.3.95_@types+node@18.17.2_typescript@5.1.3\node_modules\ts-node\src\index.ts:1379:34
    at Object.compile (C:\Users\Shailendra kumar\Desktop\masai-projects\masai-alumni\node_modules\.pnpm\ts-node@10.9.1_@swc+core@1.3.95_@types+node@18.17.2_typescript@5.1.3\node_modules\ts-node\src\index.ts:1458:13)
    at Module.m._compile (C:\Users\Shailendra kumar\Desktop\masai-projects\masai-alumni\node_modules\.pnpm\ts-node@10.9.1_@swc+core@1.3.95_@types+node@18.17.2_typescript@5.1.3\node_modules\ts-node\src\index.ts:1617:30)
    at Module._extensions..js (node:internal/modules/cjs/loader:1435:10)
    at Object.require.extensions.<computed> [as .ts] (C:\Users\Shailendra kumar\Desktop\masai-projects\masai-alumni\node_modules\.pnpm\ts-node@10.9.1_@swc+core@1.3.95_@types+node@18.17.2_typescript@5.1.3\node_modules\ts-node\src\index.ts:1621:12)
    at Module.load (node:internal/modules/cjs/loader:1207:32)
    at Function.Module._load (node:internal/modules/cjs/loader:1023:12)
    at Module.require (node:internal/modules/cjs/loader:1235:19)
2023-12-16 00:14:06 error: [POST] /api/v1/mentors >> StatusCode:: 500, Message:: Unable to create mentor. Please check your input data.
2023-12-16 00:14:08 error: [POST] /api/v1/mentors >> StatusCode:: 500, Message:: Unable to create mentor. Please check your input data.
2023-12-16 00:14:54 error: [POST] /api/v1/mentors >> StatusCode:: 500, Message:: Unable to create mentor. Please check your input data.
2023-12-16 00:15:32 error: uncaughtException: ⨯ Unable to compile TypeScript:
src/controllers/mentor.controller.ts(18,35): error TS1005: ',' expected.
src/controllers/mentor.controller.ts(18,36): error TS1472: 'catch' or 'finally' expected.
src/controllers/mentor.controller.ts(23,5): error TS1005: ';' expected.
src/controllers/mentor.controller.ts(28,2): error TS1128: Declaration or statement expected.
src/controllers/mentor.controller.ts(48,2): error TS1128: Declaration or statement expected.
src/controllers/mentor.controller.ts(62,2): error TS1128: Declaration or statement expected.
src/controllers/mentor.controller.ts(78,2): error TS1128: Declaration or statement expected.
src/controllers/mentor.controller.ts(95,2): error TS1128: Declaration or statement expected.
src/controllers/mentor.controller.ts(116,2): error TS1128: Declaration or statement expected.
src/controllers/mentor.controller.ts(142,2): error TS1128: Declaration or statement expected.
src/controllers/mentor.controller.ts(176,2): error TS1128: Declaration or statement expected.
src/controllers/mentor.controller.ts(196,2): error TS1128: Declaration or statement expected.
src/controllers/mentor.controller.ts(211,1): error TS1128: Declaration or statement expected.

TSError: ⨯ Unable to compile TypeScript:
src/controllers/mentor.controller.ts(18,35): error TS1005: ',' expected.
src/controllers/mentor.controller.ts(18,36): error TS1472: 'catch' or 'finally' expected.
src/controllers/mentor.controller.ts(23,5): error TS1005: ';' expected.
src/controllers/mentor.controller.ts(28,2): error TS1128: Declaration or statement expected.
src/controllers/mentor.controller.ts(48,2): error TS1128: Declaration or statement expected.
src/controllers/mentor.controller.ts(62,2): error TS1128: Declaration or statement expected.
src/controllers/mentor.controller.ts(78,2): error TS1128: Declaration or statement expected.
src/controllers/mentor.controller.ts(95,2): error TS1128: Declaration or statement expected.
src/controllers/mentor.controller.ts(116,2): error TS1128: Declaration or statement expected.
src/controllers/mentor.controller.ts(142,2): error TS1128: Declaration or statement expected.
src/controllers/mentor.controller.ts(176,2): error TS1128: Declaration or statement expected.
src/controllers/mentor.controller.ts(196,2): error TS1128: Declaration or statement expected.
src/controllers/mentor.controller.ts(211,1): error TS1128: Declaration or statement expected.

    at createTSError (C:\Users\Shailendra kumar\Desktop\masai-projects\masai-alumni\node_modules\.pnpm\ts-node@10.9.1_@swc+core@1.3.95_@types+node@18.17.2_typescript@5.1.3\node_modules\ts-node\src\index.ts:859:12)
    at reportTSError (C:\Users\Shailendra kumar\Desktop\masai-projects\masai-alumni\node_modules\.pnpm\ts-node@10.9.1_@swc+core@1.3.95_@types+node@18.17.2_typescript@5.1.3\node_modules\ts-node\src\index.ts:863:19)
    at C:\Users\Shailendra kumar\Desktop\masai-projects\masai-alumni\node_modules\.pnpm\ts-node@10.9.1_@swc+core@1.3.95_@types+node@18.17.2_typescript@5.1.3\node_modules\ts-node\src\index.ts:1379:34
    at Object.compile (C:\Users\Shailendra kumar\Desktop\masai-projects\masai-alumni\node_modules\.pnpm\ts-node@10.9.1_@swc+core@1.3.95_@types+node@18.17.2_typescript@5.1.3\node_modules\ts-node\src\index.ts:1458:13)
    at Module.m._compile (C:\Users\Shailendra kumar\Desktop\masai-projects\masai-alumni\node_modules\.pnpm\ts-node@10.9.1_@swc+core@1.3.95_@types+node@18.17.2_typescript@5.1.3\node_modules\ts-node\src\index.ts:1617:30)
    at Module._extensions..js (node:internal/modules/cjs/loader:1435:10)
    at Object.require.extensions.<computed> [as .ts] (C:\Users\Shailendra kumar\Desktop\masai-projects\masai-alumni\node_modules\.pnpm\ts-node@10.9.1_@swc+core@1.3.95_@types+node@18.17.2_typescript@5.1.3\node_modules\ts-node\src\index.ts:1621:12)
    at Module.load (node:internal/modules/cjs/loader:1207:32)
    at Function.Module._load (node:internal/modules/cjs/loader:1023:12)
    at Module.require (node:internal/modules/cjs/loader:1235:19)
2023-12-16 00:15:38 error: uncaughtException: ⨯ Unable to compile TypeScript:
src/controllers/mentor.controller.ts(18,26): error TS1136: Property assignment expected.

TSError: ⨯ Unable to compile TypeScript:
src/controllers/mentor.controller.ts(18,26): error TS1136: Property assignment expected.

    at createTSError (C:\Users\Shailendra kumar\Desktop\masai-projects\masai-alumni\node_modules\.pnpm\ts-node@10.9.1_@swc+core@1.3.95_@types+node@18.17.2_typescript@5.1.3\node_modules\ts-node\src\index.ts:859:12)
    at reportTSError (C:\Users\Shailendra kumar\Desktop\masai-projects\masai-alumni\node_modules\.pnpm\ts-node@10.9.1_@swc+core@1.3.95_@types+node@18.17.2_typescript@5.1.3\node_modules\ts-node\src\index.ts:863:19)
    at C:\Users\Shailendra kumar\Desktop\masai-projects\masai-alumni\node_modules\.pnpm\ts-node@10.9.1_@swc+core@1.3.95_@types+node@18.17.2_typescript@5.1.3\node_modules\ts-node\src\index.ts:1379:34
    at Object.compile (C:\Users\Shailendra kumar\Desktop\masai-projects\masai-alumni\node_modules\.pnpm\ts-node@10.9.1_@swc+core@1.3.95_@types+node@18.17.2_typescript@5.1.3\node_modules\ts-node\src\index.ts:1458:13)
    at Module.m._compile (C:\Users\Shailendra kumar\Desktop\masai-projects\masai-alumni\node_modules\.pnpm\ts-node@10.9.1_@swc+core@1.3.95_@types+node@18.17.2_typescript@5.1.3\node_modules\ts-node\src\index.ts:1617:30)
    at Module._extensions..js (node:internal/modules/cjs/loader:1435:10)
    at Object.require.extensions.<computed> [as .ts] (C:\Users\Shailendra kumar\Desktop\masai-projects\masai-alumni\node_modules\.pnpm\ts-node@10.9.1_@swc+core@1.3.95_@types+node@18.17.2_typescript@5.1.3\node_modules\ts-node\src\index.ts:1621:12)
    at Module.load (node:internal/modules/cjs/loader:1207:32)
    at Function.Module._load (node:internal/modules/cjs/loader:1023:12)
    at Module.require (node:internal/modules/cjs/loader:1235:19)
2023-12-16 00:18:01 error: [POST] /api/v1/mentors >> StatusCode:: 500, Message:: Unable to create mentor. Please check your input data.
2023-12-16 00:18:02 error: [POST] /api/v1/mentors >> StatusCode:: 500, Message:: Unable to create mentor. Please check your input data.
2023-12-16 00:19:38 error: [POST] /api/v1/mentors >> StatusCode:: 500, Message:: Unable to create mentor. Please check your input data.
2023-12-16 00:19:39 error: [POST] /api/v1/mentors >> StatusCode:: 500, Message:: Unable to create mentor. Please check your input data.
2023-12-16 00:19:40 error: [POST] /api/v1/mentors >> StatusCode:: 500, Message:: Unable to create mentor. Please check your input data.
2023-12-16 00:21:50 error: [POST] /api/v1/mentors >> StatusCode:: 500, Message:: Unable to create mentor. Please check your input data.
2023-12-16 00:21:51 error: [POST] /api/v1/mentors >> StatusCode:: 500, Message:: Unable to create mentor. Please check your input data.
2023-12-16 00:22:28 error: uncaughtException: Unrecognized datatype for attribute "Mentor.visibility"
Error: Unrecognized datatype for attribute "Mentor.visibility"
    at C:\Users\Shailendra kumar\Desktop\masai-projects\masai-alumni\node_modules\.pnpm\sequelize@6.35.0_mysql2@3.6.3\node_modules\sequelize\src\model.js:1046:15
    at C:\Users\Shailendra kumar\Desktop\masai-projects\masai-alumni\node_modules\.pnpm\lodash@4.17.21\node_modules\lodash\lodash.js:13469:38
    at C:\Users\Shailendra kumar\Desktop\masai-projects\masai-alumni\node_modules\.pnpm\lodash@4.17.21\node_modules\lodash\lodash.js:4967:15
    at baseForOwn (C:\Users\Shailendra kumar\Desktop\masai-projects\masai-alumni\node_modules\.pnpm\lodash@4.17.21\node_modules\lodash\lodash.js:3032:24)
    at Function.mapValues (C:\Users\Shailendra kumar\Desktop\masai-projects\masai-alumni\node_modules\.pnpm\lodash@4.17.21\node_modules\lodash\lodash.js:13468:7)
    at Function.init (C:\Users\Shailendra kumar\Desktop\masai-projects\masai-alumni\node_modules\.pnpm\sequelize@6.35.0_mysql2@3.6.3\node_modules\sequelize\src\model.js:1042:28)
    at Object.<anonymous> (C:\Users\Shailendra kumar\Desktop\masai-projects\masai-alumni\apps\server\src\models\mentor.model.ts:19:13)
    at Module._compile (node:internal/modules/cjs/loader:1376:14)
    at Module.m._compile (C:\Users\Shailendra kumar\Desktop\masai-projects\masai-alumni\node_modules\.pnpm\ts-node@10.9.1_@swc+core@1.3.95_@types+node@18.17.2_typescript@5.1.3\node_modules\ts-node\src\index.ts:1618:23)
    at Module._extensions..js (node:internal/modules/cjs/loader:1435:10)
2023-12-16 00:25:55 error: [POST] /api/v1/mentors >> StatusCode:: 500, Message:: Unable to create mentor. Please check your input data.
2023-12-16 00:25:56 error: [POST] /api/v1/mentors >> StatusCode:: 500, Message:: Unable to create mentor. Please check your input data.
2023-12-16 00:29:00 error: uncaughtException: ⨯ Unable to compile TypeScript:
src/models/mentor.model.ts(10,34): error TS1110: Type expected.

TSError: ⨯ Unable to compile TypeScript:
src/models/mentor.model.ts(10,34): error TS1110: Type expected.

    at createTSError (C:\Users\Shailendra kumar\Desktop\masai-projects\masai-alumni\node_modules\.pnpm\ts-node@10.9.1_@swc+core@1.3.95_@types+node@18.17.2_typescript@5.1.3\node_modules\ts-node\src\index.ts:859:12)
    at reportTSError (C:\Users\Shailendra kumar\Desktop\masai-projects\masai-alumni\node_modules\.pnpm\ts-node@10.9.1_@swc+core@1.3.95_@types+node@18.17.2_typescript@5.1.3\node_modules\ts-node\src\index.ts:863:19)
    at C:\Users\Shailendra kumar\Desktop\masai-projects\masai-alumni\node_modules\.pnpm\ts-node@10.9.1_@swc+core@1.3.95_@types+node@18.17.2_typescript@5.1.3\node_modules\ts-node\src\index.ts:1379:34
    at Object.compile (C:\Users\Shailendra kumar\Desktop\masai-projects\masai-alumni\node_modules\.pnpm\ts-node@10.9.1_@swc+core@1.3.95_@types+node@18.17.2_typescript@5.1.3\node_modules\ts-node\src\index.ts:1458:13)
    at Module.m._compile (C:\Users\Shailendra kumar\Desktop\masai-projects\masai-alumni\node_modules\.pnpm\ts-node@10.9.1_@swc+core@1.3.95_@types+node@18.17.2_typescript@5.1.3\node_modules\ts-node\src\index.ts:1617:30)
    at Module._extensions..js (node:internal/modules/cjs/loader:1435:10)
    at Object.require.extensions.<computed> [as .ts] (C:\Users\Shailendra kumar\Desktop\masai-projects\masai-alumni\node_modules\.pnpm\ts-node@10.9.1_@swc+core@1.3.95_@types+node@18.17.2_typescript@5.1.3\node_modules\ts-node\src\index.ts:1621:12)
    at Module.load (node:internal/modules/cjs/loader:1207:32)
    at Function.Module._load (node:internal/modules/cjs/loader:1023:12)
    at Module.require (node:internal/modules/cjs/loader:1235:19)
2023-12-16 00:29:20 error: uncaughtException: d is not defined
ReferenceError: d is not defined
    at Object.<anonymous> (C:\Users\Shailendra kumar\Desktop\masai-projects\masai-alumni\apps\server\src\models\mentor.model.ts:49:4)
    at Module._compile (node:internal/modules/cjs/loader:1376:14)
    at Module.m._compile (C:\Users\Shailendra kumar\Desktop\masai-projects\masai-alumni\node_modules\.pnpm\ts-node@10.9.1_@swc+core@1.3.95_@types+node@18.17.2_typescript@5.1.3\node_modules\ts-node\src\index.ts:1618:23)
    at Module._extensions..js (node:internal/modules/cjs/loader:1435:10)
    at Object.require.extensions.<computed> [as .ts] (C:\Users\Shailendra kumar\Desktop\masai-projects\masai-alumni\node_modules\.pnpm\ts-node@10.9.1_@swc+core@1.3.95_@types+node@18.17.2_typescript@5.1.3\node_modules\ts-node\src\index.ts:1621:12)
    at Module.load (node:internal/modules/cjs/loader:1207:32)
    at Function.Module._load (node:internal/modules/cjs/loader:1023:12)
    at Module.require (node:internal/modules/cjs/loader:1235:19)
    at require (node:internal/modules/helpers:176:18)
    at Object.<anonymous> (C:\Users\Shailendra kumar\Desktop\masai-projects\masai-alumni\apps\server\src\services\mentor.service.ts:3:1)
2023-12-16 00:30:40 error: [POST] /api/v1/mentors >> StatusCode:: 500, Message:: Unable to create mentor. Please check your input data.
2023-12-16 00:30:42 error: [POST] /api/v1/mentors >> StatusCode:: 500, Message:: Unable to create mentor. Please check your input data.
2023-12-16 00:30:43 error: [POST] /api/v1/mentors >> StatusCode:: 500, Message:: Unable to create mentor. Please check your input data.
2023-12-16 00:30:44 error: [POST] /api/v1/mentors >> StatusCode:: 500, Message:: Unable to create mentor. Please check your input data.
2023-12-16 00:30:45 error: [POST] /api/v1/mentors >> StatusCode:: 500, Message:: Unable to create mentor. Please check your input data.
2023-12-16 00:30:45 error: [POST] /api/v1/mentors >> StatusCode:: 500, Message:: Unable to create mentor. Please check your input data.
2023-12-16 00:30:46 error: [POST] /api/v1/mentors >> StatusCode:: 500, Message:: Unable to create mentor. Please check your input data.
2023-12-16 00:30:47 error: [POST] /api/v1/mentors >> StatusCode:: 500, Message:: Unable to create mentor. Please check your input data.
2023-12-16 00:30:48 error: [POST] /api/v1/mentors >> StatusCode:: 500, Message:: Unable to create mentor. Please check your input data.
2023-12-16 00:30:49 error: [POST] /api/v1/mentors >> StatusCode:: 500, Message:: Unable to create mentor. Please check your input data.
2023-12-16 00:31:36 error: [POST] /api/v1/mentors >> StatusCode:: 500, Message:: Unable to create mentor. Please check your input data.
2023-12-16 00:32:36 error: uncaughtException: ⨯ Unable to compile TypeScript:
src/services/mentor.service.ts(32,58): error TS1005: ',' expected.

TSError: ⨯ Unable to compile TypeScript:
src/services/mentor.service.ts(32,58): error TS1005: ',' expected.

    at createTSError (C:\Users\Shailendra kumar\Desktop\masai-projects\masai-alumni\node_modules\.pnpm\ts-node@10.9.1_@swc+core@1.3.95_@types+node@18.17.2_typescript@5.1.3\node_modules\ts-node\src\index.ts:859:12)
    at reportTSError (C:\Users\Shailendra kumar\Desktop\masai-projects\masai-alumni\node_modules\.pnpm\ts-node@10.9.1_@swc+core@1.3.95_@types+node@18.17.2_typescript@5.1.3\node_modules\ts-node\src\index.ts:863:19)
    at C:\Users\Shailendra kumar\Desktop\masai-projects\masai-alumni\node_modules\.pnpm\ts-node@10.9.1_@swc+core@1.3.95_@types+node@18.17.2_typescript@5.1.3\node_modules\ts-node\src\index.ts:1379:34
    at Object.compile (C:\Users\Shailendra kumar\Desktop\masai-projects\masai-alumni\node_modules\.pnpm\ts-node@10.9.1_@swc+core@1.3.95_@types+node@18.17.2_typescript@5.1.3\node_modules\ts-node\src\index.ts:1458:13)
    at Module.m._compile (C:\Users\Shailendra kumar\Desktop\masai-projects\masai-alumni\node_modules\.pnpm\ts-node@10.9.1_@swc+core@1.3.95_@types+node@18.17.2_typescript@5.1.3\node_modules\ts-node\src\index.ts:1617:30)
    at Module._extensions..js (node:internal/modules/cjs/loader:1435:10)
    at Object.require.extensions.<computed> [as .ts] (C:\Users\Shailendra kumar\Desktop\masai-projects\masai-alumni\node_modules\.pnpm\ts-node@10.9.1_@swc+core@1.3.95_@types+node@18.17.2_typescript@5.1.3\node_modules\ts-node\src\index.ts:1621:12)
    at Module.load (node:internal/modules/cjs/loader:1207:32)
    at Function.Module._load (node:internal/modules/cjs/loader:1023:12)
    at Module.require (node:internal/modules/cjs/loader:1235:19)
2023-12-16 01:21:33 error: uncaughtException: listen EADDRINUSE: address already in use :::8080
Error: listen EADDRINUSE: address already in use :::8080
    at Server.setupListenHandle [as _listen2] (node:net:1872:16)
    at listenInCluster (node:net:1920:12)
    at Server.listen (node:net:2008:7)
    at App.listen (C:\Users\Shailendra kumar\Desktop\masai-projects\masai-alumni\apps\server\src\app.ts:38:15)
    at Object.<anonymous> (C:\Users\Shailendra kumar\Desktop\masai-projects\masai-alumni\apps\server\src\server.ts:8:5)
    at Module._compile (node:internal/modules/cjs/loader:1376:14)
    at Module.m._compile (C:\Users\Shailendra kumar\Desktop\masai-projects\masai-alumni\node_modules\.pnpm\ts-node@10.9.1_@swc+core@1.3.95_@types+node@18.17.2_typescript@5.1.3\node_modules\ts-node\src\index.ts:1618:23)
    at Module._extensions..js (node:internal/modules/cjs/loader:1435:10)
    at Object.require.extensions.<computed> [as .ts] (C:\Users\Shailendra kumar\Desktop\masai-projects\masai-alumni\node_modules\.pnpm\ts-node@10.9.1_@swc+core@1.3.95_@types+node@18.17.2_typescript@5.1.3\node_modules\ts-node\src\index.ts:1621:12)
    at Module.load (node:internal/modules/cjs/loader:1207:32)
2023-12-16 01:35:05 error: uncaughtException: listen EADDRINUSE: address already in use :::8080
Error: listen EADDRINUSE: address already in use :::8080
    at Server.setupListenHandle [as _listen2] (node:net:1872:16)
    at listenInCluster (node:net:1920:12)
    at Server.listen (node:net:2008:7)
    at App.listen (C:\Users\Shailendra kumar\Desktop\masai-projects\masai-alumni\apps\server\src\app.ts:38:15)
    at Object.<anonymous> (C:\Users\Shailendra kumar\Desktop\masai-projects\masai-alumni\apps\server\src\server.ts:8:5)
    at Module._compile (node:internal/modules/cjs/loader:1376:14)
    at Module.m._compile (C:\Users\Shailendra kumar\Desktop\masai-projects\masai-alumni\node_modules\.pnpm\ts-node@10.9.1_@swc+core@1.3.95_@types+node@18.17.2_typescript@5.1.3\node_modules\ts-node\src\index.ts:1618:23)
    at Module._extensions..js (node:internal/modules/cjs/loader:1435:10)
    at Object.require.extensions.<computed> [as .ts] (C:\Users\Shailendra kumar\Desktop\masai-projects\masai-alumni\node_modules\.pnpm\ts-node@10.9.1_@swc+core@1.3.95_@types+node@18.17.2_typescript@5.1.3\node_modules\ts-node\src\index.ts:1621:12)
    at Module.load (node:internal/modules/cjs/loader:1207:32)
2023-12-16 01:35:47 error: uncaughtException: listen EADDRINUSE: address already in use :::8080
Error: listen EADDRINUSE: address already in use :::8080
    at Server.setupListenHandle [as _listen2] (node:net:1872:16)
    at listenInCluster (node:net:1920:12)
    at Server.listen (node:net:2008:7)
    at App.listen (C:\Users\Shailendra kumar\Desktop\masai-projects\masai-alumni\apps\server\src\app.ts:38:15)
    at Object.<anonymous> (C:\Users\Shailendra kumar\Desktop\masai-projects\masai-alumni\apps\server\src\server.ts:8:5)
    at Module._compile (node:internal/modules/cjs/loader:1376:14)
    at Module.m._compile (C:\Users\Shailendra kumar\Desktop\masai-projects\masai-alumni\node_modules\.pnpm\ts-node@10.9.1_@swc+core@1.3.95_@types+node@18.17.2_typescript@5.1.3\node_modules\ts-node\src\index.ts:1618:23)
    at Module._extensions..js (node:internal/modules/cjs/loader:1435:10)
    at Object.require.extensions.<computed> [as .ts] (C:\Users\Shailendra kumar\Desktop\masai-projects\masai-alumni\node_modules\.pnpm\ts-node@10.9.1_@swc+core@1.3.95_@types+node@18.17.2_typescript@5.1.3\node_modules\ts-node\src\index.ts:1621:12)
    at Module.load (node:internal/modules/cjs/loader:1207:32)
2023-12-16 01:36:32 error: uncaughtException: listen EADDRINUSE: address already in use :::8080
Error: listen EADDRINUSE: address already in use :::8080
    at Server.setupListenHandle [as _listen2] (node:net:1872:16)
    at listenInCluster (node:net:1920:12)
    at Server.listen (node:net:2008:7)
    at App.listen (C:\Users\Shailendra kumar\Desktop\masai-projects\masai-alumni\apps\server\src\app.ts:38:15)
    at Object.<anonymous> (C:\Users\Shailendra kumar\Desktop\masai-projects\masai-alumni\apps\server\src\server.ts:8:5)
    at Module._compile (node:internal/modules/cjs/loader:1376:14)
    at Module.m._compile (C:\Users\Shailendra kumar\Desktop\masai-projects\masai-alumni\node_modules\.pnpm\ts-node@10.9.1_@swc+core@1.3.95_@types+node@18.17.2_typescript@5.1.3\node_modules\ts-node\src\index.ts:1618:23)
    at Module._extensions..js (node:internal/modules/cjs/loader:1435:10)
    at Object.require.extensions.<computed> [as .ts] (C:\Users\Shailendra kumar\Desktop\masai-projects\masai-alumni\node_modules\.pnpm\ts-node@10.9.1_@swc+core@1.3.95_@types+node@18.17.2_typescript@5.1.3\node_modules\ts-node\src\index.ts:1621:12)
    at Module.load (node:internal/modules/cjs/loader:1207:32)
2023-12-16 01:36:43 error: uncaughtException: listen EADDRINUSE: address already in use :::8080
Error: listen EADDRINUSE: address already in use :::8080
    at Server.setupListenHandle [as _listen2] (node:net:1872:16)
    at listenInCluster (node:net:1920:12)
    at Server.listen (node:net:2008:7)
    at App.listen (C:\Users\Shailendra kumar\Desktop\masai-projects\masai-alumni\apps\server\src\app.ts:38:15)
    at Object.<anonymous> (C:\Users\Shailendra kumar\Desktop\masai-projects\masai-alumni\apps\server\src\server.ts:8:5)
    at Module._compile (node:internal/modules/cjs/loader:1376:14)
    at Module.m._compile (C:\Users\Shailendra kumar\Desktop\masai-projects\masai-alumni\node_modules\.pnpm\ts-node@10.9.1_@swc+core@1.3.95_@types+node@18.17.2_typescript@5.1.3\node_modules\ts-node\src\index.ts:1618:23)
    at Module._extensions..js (node:internal/modules/cjs/loader:1435:10)
    at Object.require.extensions.<computed> [as .ts] (C:\Users\Shailendra kumar\Desktop\masai-projects\masai-alumni\node_modules\.pnpm\ts-node@10.9.1_@swc+core@1.3.95_@types+node@18.17.2_typescript@5.1.3\node_modules\ts-node\src\index.ts:1621:12)
    at Module.load (node:internal/modules/cjs/loader:1207:32)
2023-12-16 01:36:51 error: [GET] /api/v1/users/me >> StatusCode:: 500, Message:: Unknown database 'alumini_test'
2023-12-16 01:36:51 error: uncaughtException: ⨯ Unable to compile TypeScript:
src/middlewares/auth.middleware.ts(25,1): error TS1128: Declaration or statement expected.

TSError: ⨯ Unable to compile TypeScript:
src/middlewares/auth.middleware.ts(25,1): error TS1128: Declaration or statement expected.

    at createTSError (C:\Users\Shailendra kumar\Desktop\masai-projects\masai-alumni\node_modules\.pnpm\ts-node@10.9.1_@swc+core@1.3.95_@types+node@18.17.2_typescript@5.1.3\node_modules\ts-node\src\index.ts:859:12)
    at reportTSError (C:\Users\Shailendra kumar\Desktop\masai-projects\masai-alumni\node_modules\.pnpm\ts-node@10.9.1_@swc+core@1.3.95_@types+node@18.17.2_typescript@5.1.3\node_modules\ts-node\src\index.ts:863:19)
    at C:\Users\Shailendra kumar\Desktop\masai-projects\masai-alumni\node_modules\.pnpm\ts-node@10.9.1_@swc+core@1.3.95_@types+node@18.17.2_typescript@5.1.3\node_modules\ts-node\src\index.ts:1379:34
    at Object.compile (C:\Users\Shailendra kumar\Desktop\masai-projects\masai-alumni\node_modules\.pnpm\ts-node@10.9.1_@swc+core@1.3.95_@types+node@18.17.2_typescript@5.1.3\node_modules\ts-node\src\index.ts:1458:13)
    at Module.m._compile (C:\Users\Shailendra kumar\Desktop\masai-projects\masai-alumni\node_modules\.pnpm\ts-node@10.9.1_@swc+core@1.3.95_@types+node@18.17.2_typescript@5.1.3\node_modules\ts-node\src\index.ts:1617:30)
    at Module._extensions..js (node:internal/modules/cjs/loader:1435:10)
    at Object.require.extensions.<computed> [as .ts] (C:\Users\Shailendra kumar\Desktop\masai-projects\masai-alumni\node_modules\.pnpm\ts-node@10.9.1_@swc+core@1.3.95_@types+node@18.17.2_typescript@5.1.3\node_modules\ts-node\src\index.ts:1621:12)
    at Module.load (node:internal/modules/cjs/loader:1207:32)
    at Function.Module._load (node:internal/modules/cjs/loader:1023:12)
    at Module.require (node:internal/modules/cjs/loader:1235:19)
2023-12-16 01:36:57 error: uncaughtException: listen EADDRINUSE: address already in use :::8080
Error: listen EADDRINUSE: address already in use :::8080
    at Server.setupListenHandle [as _listen2] (node:net:1872:16)
    at listenInCluster (node:net:1920:12)
    at Server.listen (node:net:2008:7)
    at App.listen (C:\Users\Shailendra kumar\Desktop\masai-projects\masai-alumni\apps\server\src\app.ts:38:15)
    at Object.<anonymous> (C:\Users\Shailendra kumar\Desktop\masai-projects\masai-alumni\apps\server\src\server.ts:8:5)
    at Module._compile (node:internal/modules/cjs/loader:1376:14)
    at Module.m._compile (C:\Users\Shailendra kumar\Desktop\masai-projects\masai-alumni\node_modules\.pnpm\ts-node@10.9.1_@swc+core@1.3.95_@types+node@18.17.2_typescript@5.1.3\node_modules\ts-node\src\index.ts:1618:23)
    at Module._extensions..js (node:internal/modules/cjs/loader:1435:10)
    at Object.require.extensions.<computed> [as .ts] (C:\Users\Shailendra kumar\Desktop\masai-projects\masai-alumni\node_modules\.pnpm\ts-node@10.9.1_@swc+core@1.3.95_@types+node@18.17.2_typescript@5.1.3\node_modules\ts-node\src\index.ts:1621:12)
    at Module.load (node:internal/modules/cjs/loader:1207:32)
2023-12-16 01:37:04 error: uncaughtException: listen EADDRINUSE: address already in use :::8080
Error: listen EADDRINUSE: address already in use :::8080
    at Server.setupListenHandle [as _listen2] (node:net:1872:16)
    at listenInCluster (node:net:1920:12)
    at Server.listen (node:net:2008:7)
    at App.listen (C:\Users\Shailendra kumar\Desktop\masai-projects\masai-alumni\apps\server\src\app.ts:38:15)
    at Object.<anonymous> (C:\Users\Shailendra kumar\Desktop\masai-projects\masai-alumni\apps\server\src\server.ts:8:5)
    at Module._compile (node:internal/modules/cjs/loader:1376:14)
    at Module.m._compile (C:\Users\Shailendra kumar\Desktop\masai-projects\masai-alumni\node_modules\.pnpm\ts-node@10.9.1_@swc+core@1.3.95_@types+node@18.17.2_typescript@5.1.3\node_modules\ts-node\src\index.ts:1618:23)
    at Module._extensions..js (node:internal/modules/cjs/loader:1435:10)
    at Object.require.extensions.<computed> [as .ts] (C:\Users\Shailendra kumar\Desktop\masai-projects\masai-alumni\node_modules\.pnpm\ts-node@10.9.1_@swc+core@1.3.95_@types+node@18.17.2_typescript@5.1.3\node_modules\ts-node\src\index.ts:1621:12)
    at Module.load (node:internal/modules/cjs/loader:1207:32)
2023-12-16 01:38:33 error: uncaughtException: listen EADDRINUSE: address already in use :::8080
Error: listen EADDRINUSE: address already in use :::8080
    at Server.setupListenHandle [as _listen2] (node:net:1872:16)
    at listenInCluster (node:net:1920:12)
    at Server.listen (node:net:2008:7)
    at App.listen (C:\Users\Shailendra kumar\Desktop\masai-projects\masai-alumni\apps\server\src\app.ts:38:15)
    at Object.<anonymous> (C:\Users\Shailendra kumar\Desktop\masai-projects\masai-alumni\apps\server\src\server.ts:8:5)
    at Module._compile (node:internal/modules/cjs/loader:1376:14)
    at Module.m._compile (C:\Users\Shailendra kumar\Desktop\masai-projects\masai-alumni\node_modules\.pnpm\ts-node@10.9.1_@swc+core@1.3.95_@types+node@18.17.2_typescript@5.1.3\node_modules\ts-node\src\index.ts:1618:23)
    at Module._extensions..js (node:internal/modules/cjs/loader:1435:10)
    at Object.require.extensions.<computed> [as .ts] (C:\Users\Shailendra kumar\Desktop\masai-projects\masai-alumni\node_modules\.pnpm\ts-node@10.9.1_@swc+core@1.3.95_@types+node@18.17.2_typescript@5.1.3\node_modules\ts-node\src\index.ts:1621:12)
    at Module.load (node:internal/modules/cjs/loader:1207:32)
2023-12-16 01:40:03 error: uncaughtException: listen EADDRINUSE: address already in use :::8080
Error: listen EADDRINUSE: address already in use :::8080
    at Server.setupListenHandle [as _listen2] (node:net:1872:16)
    at listenInCluster (node:net:1920:12)
    at Server.listen (node:net:2008:7)
    at App.listen (C:\Users\Shailendra kumar\Desktop\masai-projects\masai-alumni\apps\server\src\app.ts:38:15)
    at Object.<anonymous> (C:\Users\Shailendra kumar\Desktop\masai-projects\masai-alumni\apps\server\src\server.ts:8:5)
    at Module._compile (node:internal/modules/cjs/loader:1376:14)
    at Module.m._compile (C:\Users\Shailendra kumar\Desktop\masai-projects\masai-alumni\node_modules\.pnpm\ts-node@10.9.1_@swc+core@1.3.95_@types+node@18.17.2_typescript@5.1.3\node_modules\ts-node\src\index.ts:1618:23)
    at Module._extensions..js (node:internal/modules/cjs/loader:1435:10)
    at Object.require.extensions.<computed> [as .ts] (C:\Users\Shailendra kumar\Desktop\masai-projects\masai-alumni\node_modules\.pnpm\ts-node@10.9.1_@swc+core@1.3.95_@types+node@18.17.2_typescript@5.1.3\node_modules\ts-node\src\index.ts:1621:12)
    at Module.load (node:internal/modules/cjs/loader:1207:32)
2023-12-16 01:40:25 error: uncaughtException: listen EADDRINUSE: address already in use :::8080
Error: listen EADDRINUSE: address already in use :::8080
    at Server.setupListenHandle [as _listen2] (node:net:1872:16)
    at listenInCluster (node:net:1920:12)
    at Server.listen (node:net:2008:7)
    at App.listen (C:\Users\Shailendra kumar\Desktop\masai-projects\masai-alumni\apps\server\src\app.ts:38:15)
    at Object.<anonymous> (C:\Users\Shailendra kumar\Desktop\masai-projects\masai-alumni\apps\server\src\server.ts:8:5)
    at Module._compile (node:internal/modules/cjs/loader:1376:14)
    at Module.m._compile (C:\Users\Shailendra kumar\Desktop\masai-projects\masai-alumni\node_modules\.pnpm\ts-node@10.9.1_@swc+core@1.3.95_@types+node@18.17.2_typescript@5.1.3\node_modules\ts-node\src\index.ts:1618:23)
    at Module._extensions..js (node:internal/modules/cjs/loader:1435:10)
    at Object.require.extensions.<computed> [as .ts] (C:\Users\Shailendra kumar\Desktop\masai-projects\masai-alumni\node_modules\.pnpm\ts-node@10.9.1_@swc+core@1.3.95_@types+node@18.17.2_typescript@5.1.3\node_modules\ts-node\src\index.ts:1621:12)
    at Module.load (node:internal/modules/cjs/loader:1207:32)
2023-12-16 01:41:04 error: uncaughtException: listen EADDRINUSE: address already in use :::8080
Error: listen EADDRINUSE: address already in use :::8080
    at Server.setupListenHandle [as _listen2] (node:net:1872:16)
    at listenInCluster (node:net:1920:12)
    at Server.listen (node:net:2008:7)
    at App.listen (C:\Users\Shailendra kumar\Desktop\masai-projects\masai-alumni\apps\server\src\app.ts:38:15)
    at Object.<anonymous> (C:\Users\Shailendra kumar\Desktop\masai-projects\masai-alumni\apps\server\src\server.ts:8:5)
    at Module._compile (node:internal/modules/cjs/loader:1376:14)
    at Module.m._compile (C:\Users\Shailendra kumar\Desktop\masai-projects\masai-alumni\node_modules\.pnpm\ts-node@10.9.1_@swc+core@1.3.95_@types+node@18.17.2_typescript@5.1.3\node_modules\ts-node\src\index.ts:1618:23)
    at Module._extensions..js (node:internal/modules/cjs/loader:1435:10)
    at Object.require.extensions.<computed> [as .ts] (C:\Users\Shailendra kumar\Desktop\masai-projects\masai-alumni\node_modules\.pnpm\ts-node@10.9.1_@swc+core@1.3.95_@types+node@18.17.2_typescript@5.1.3\node_modules\ts-node\src\index.ts:1621:12)
    at Module.load (node:internal/modules/cjs/loader:1207:32)
2023-12-16 01:42:26 error: uncaughtException: listen EADDRINUSE: address already in use :::8080
Error: listen EADDRINUSE: address already in use :::8080
    at Server.setupListenHandle [as _listen2] (node:net:1872:16)
    at listenInCluster (node:net:1920:12)
    at Server.listen (node:net:2008:7)
    at App.listen (C:\Users\Shailendra kumar\Desktop\masai-projects\masai-alumni\apps\server\src\app.ts:38:15)
    at Object.<anonymous> (C:\Users\Shailendra kumar\Desktop\masai-projects\masai-alumni\apps\server\src\server.ts:8:5)
    at Module._compile (node:internal/modules/cjs/loader:1376:14)
    at Module.m._compile (C:\Users\Shailendra kumar\Desktop\masai-projects\masai-alumni\node_modules\.pnpm\ts-node@10.9.1_@swc+core@1.3.95_@types+node@18.17.2_typescript@5.1.3\node_modules\ts-node\src\index.ts:1618:23)
    at Module._extensions..js (node:internal/modules/cjs/loader:1435:10)
    at Object.require.extensions.<computed> [as .ts] (C:\Users\Shailendra kumar\Desktop\masai-projects\masai-alumni\node_modules\.pnpm\ts-node@10.9.1_@swc+core@1.3.95_@types+node@18.17.2_typescript@5.1.3\node_modules\ts-node\src\index.ts:1621:12)
    at Module.load (node:internal/modules/cjs/loader:1207:32)
2023-12-16 01:44:05 error: uncaughtException: listen EADDRINUSE: address already in use :::8080
Error: listen EADDRINUSE: address already in use :::8080
    at Server.setupListenHandle [as _listen2] (node:net:1872:16)
    at listenInCluster (node:net:1920:12)
    at Server.listen (node:net:2008:7)
    at App.listen (C:\Users\Shailendra kumar\Desktop\masai-projects\masai-alumni\apps\server\src\app.ts:38:15)
    at Object.<anonymous> (C:\Users\Shailendra kumar\Desktop\masai-projects\masai-alumni\apps\server\src\server.ts:8:5)
    at Module._compile (node:internal/modules/cjs/loader:1376:14)
    at Module.m._compile (C:\Users\Shailendra kumar\Desktop\masai-projects\masai-alumni\node_modules\.pnpm\ts-node@10.9.1_@swc+core@1.3.95_@types+node@18.17.2_typescript@5.1.3\node_modules\ts-node\src\index.ts:1618:23)
    at Module._extensions..js (node:internal/modules/cjs/loader:1435:10)
    at Object.require.extensions.<computed> [as .ts] (C:\Users\Shailendra kumar\Desktop\masai-projects\masai-alumni\node_modules\.pnpm\ts-node@10.9.1_@swc+core@1.3.95_@types+node@18.17.2_typescript@5.1.3\node_modules\ts-node\src\index.ts:1621:12)
    at Module.load (node:internal/modules/cjs/loader:1207:32)
2023-12-16 01:44:22 error: uncaughtException: listen EADDRINUSE: address already in use :::8080
Error: listen EADDRINUSE: address already in use :::8080
    at Server.setupListenHandle [as _listen2] (node:net:1872:16)
    at listenInCluster (node:net:1920:12)
    at Server.listen (node:net:2008:7)
    at App.listen (C:\Users\Shailendra kumar\Desktop\masai-projects\masai-alumni\apps\server\src\app.ts:38:15)
    at Object.<anonymous> (C:\Users\Shailendra kumar\Desktop\masai-projects\masai-alumni\apps\server\src\server.ts:8:5)
    at Module._compile (node:internal/modules/cjs/loader:1376:14)
    at Module.m._compile (C:\Users\Shailendra kumar\Desktop\masai-projects\masai-alumni\node_modules\.pnpm\ts-node@10.9.1_@swc+core@1.3.95_@types+node@18.17.2_typescript@5.1.3\node_modules\ts-node\src\index.ts:1618:23)
    at Module._extensions..js (node:internal/modules/cjs/loader:1435:10)
    at Object.require.extensions.<computed> [as .ts] (C:\Users\Shailendra kumar\Desktop\masai-projects\masai-alumni\node_modules\.pnpm\ts-node@10.9.1_@swc+core@1.3.95_@types+node@18.17.2_typescript@5.1.3\node_modules\ts-node\src\index.ts:1621:12)
    at Module.load (node:internal/modules/cjs/loader:1207:32)
2023-12-16 01:45:19 error: uncaughtException: listen EADDRINUSE: address already in use :::8080
Error: listen EADDRINUSE: address already in use :::8080
    at Server.setupListenHandle [as _listen2] (node:net:1872:16)
    at listenInCluster (node:net:1920:12)
    at Server.listen (node:net:2008:7)
    at App.listen (C:\Users\Shailendra kumar\Desktop\masai-projects\masai-alumni\apps\server\src\app.ts:39:15)
    at Object.<anonymous> (C:\Users\Shailendra kumar\Desktop\masai-projects\masai-alumni\apps\server\src\server.ts:8:5)
    at Module._compile (node:internal/modules/cjs/loader:1376:14)
    at Module.m._compile (C:\Users\Shailendra kumar\Desktop\masai-projects\masai-alumni\node_modules\.pnpm\ts-node@10.9.1_@swc+core@1.3.95_@types+node@18.17.2_typescript@5.1.3\node_modules\ts-node\src\index.ts:1618:23)
    at Module._extensions..js (node:internal/modules/cjs/loader:1435:10)
    at Object.require.extensions.<computed> [as .ts] (C:\Users\Shailendra kumar\Desktop\masai-projects\masai-alumni\node_modules\.pnpm\ts-node@10.9.1_@swc+core@1.3.95_@types+node@18.17.2_typescript@5.1.3\node_modules\ts-node\src\index.ts:1621:12)
    at Module.load (node:internal/modules/cjs/loader:1207:32)
2023-12-16 01:45:39 error: uncaughtException: listen EADDRINUSE: address already in use :::8080
Error: listen EADDRINUSE: address already in use :::8080
    at Server.setupListenHandle [as _listen2] (node:net:1872:16)
    at listenInCluster (node:net:1920:12)
    at Server.listen (node:net:2008:7)
    at App.listen (C:\Users\Shailendra kumar\Desktop\masai-projects\masai-alumni\apps\server\src\app.ts:39:15)
    at Object.<anonymous> (C:\Users\Shailendra kumar\Desktop\masai-projects\masai-alumni\apps\server\src\server.ts:8:5)
    at Module._compile (node:internal/modules/cjs/loader:1376:14)
    at Module.m._compile (C:\Users\Shailendra kumar\Desktop\masai-projects\masai-alumni\node_modules\.pnpm\ts-node@10.9.1_@swc+core@1.3.95_@types+node@18.17.2_typescript@5.1.3\node_modules\ts-node\src\index.ts:1618:23)
    at Module._extensions..js (node:internal/modules/cjs/loader:1435:10)
    at Object.require.extensions.<computed> [as .ts] (C:\Users\Shailendra kumar\Desktop\masai-projects\masai-alumni\node_modules\.pnpm\ts-node@10.9.1_@swc+core@1.3.95_@types+node@18.17.2_typescript@5.1.3\node_modules\ts-node\src\index.ts:1621:12)
    at Module.load (node:internal/modules/cjs/loader:1207:32)
2023-12-16 01:46:02 error: uncaughtException: listen EADDRINUSE: address already in use :::8080
Error: listen EADDRINUSE: address already in use :::8080
    at Server.setupListenHandle [as _listen2] (node:net:1872:16)
    at listenInCluster (node:net:1920:12)
    at Server.listen (node:net:2008:7)
    at App.listen (C:\Users\Shailendra kumar\Desktop\masai-projects\masai-alumni\apps\server\src\app.ts:39:15)
    at Object.<anonymous> (C:\Users\Shailendra kumar\Desktop\masai-projects\masai-alumni\apps\server\src\server.ts:8:5)
    at Module._compile (node:internal/modules/cjs/loader:1376:14)
    at Module.m._compile (C:\Users\Shailendra kumar\Desktop\masai-projects\masai-alumni\node_modules\.pnpm\ts-node@10.9.1_@swc+core@1.3.95_@types+node@18.17.2_typescript@5.1.3\node_modules\ts-node\src\index.ts:1618:23)
    at Module._extensions..js (node:internal/modules/cjs/loader:1435:10)
    at Object.require.extensions.<computed> [as .ts] (C:\Users\Shailendra kumar\Desktop\masai-projects\masai-alumni\node_modules\.pnpm\ts-node@10.9.1_@swc+core@1.3.95_@types+node@18.17.2_typescript@5.1.3\node_modules\ts-node\src\index.ts:1621:12)
    at Module.load (node:internal/modules/cjs/loader:1207:32)
2023-12-16 01:46:11 error: uncaughtException: listen EADDRINUSE: address already in use :::8080
Error: listen EADDRINUSE: address already in use :::8080
    at Server.setupListenHandle [as _listen2] (node:net:1872:16)
    at listenInCluster (node:net:1920:12)
    at Server.listen (node:net:2008:7)
    at App.listen (C:\Users\Shailendra kumar\Desktop\masai-projects\masai-alumni\apps\server\src\app.ts:39:15)
    at Object.<anonymous> (C:\Users\Shailendra kumar\Desktop\masai-projects\masai-alumni\apps\server\src\server.ts:8:5)
    at Module._compile (node:internal/modules/cjs/loader:1376:14)
    at Module.m._compile (C:\Users\Shailendra kumar\Desktop\masai-projects\masai-alumni\node_modules\.pnpm\ts-node@10.9.1_@swc+core@1.3.95_@types+node@18.17.2_typescript@5.1.3\node_modules\ts-node\src\index.ts:1618:23)
    at Module._extensions..js (node:internal/modules/cjs/loader:1435:10)
    at Object.require.extensions.<computed> [as .ts] (C:\Users\Shailendra kumar\Desktop\masai-projects\masai-alumni\node_modules\.pnpm\ts-node@10.9.1_@swc+core@1.3.95_@types+node@18.17.2_typescript@5.1.3\node_modules\ts-node\src\index.ts:1621:12)
    at Module.load (node:internal/modules/cjs/loader:1207:32)
2023-12-16 01:46:41 error: [GET] /api/v1/mentors >> StatusCode:: 500, Message:: Unable to fetch mentors
2023-12-16 01:46:43 error: [GET] /api/v1/mentors >> StatusCode:: 500, Message:: Unable to fetch mentors
2023-12-16 01:46:44 error: [GET] /api/v1/mentors >> StatusCode:: 500, Message:: Unable to fetch mentors
2023-12-16 01:47:47 error: uncaughtException: listen EADDRINUSE: address already in use :::8080
Error: listen EADDRINUSE: address already in use :::8080
    at Server.setupListenHandle [as _listen2] (node:net:1872:16)
    at listenInCluster (node:net:1920:12)
    at Server.listen (node:net:2008:7)
    at App.listen (C:\Users\Shailendra kumar\Desktop\masai-projects\masai-alumni\apps\server\src\app.ts:39:15)
    at Object.<anonymous> (C:\Users\Shailendra kumar\Desktop\masai-projects\masai-alumni\apps\server\src\server.ts:8:5)
    at Module._compile (node:internal/modules/cjs/loader:1376:14)
    at Module.m._compile (C:\Users\Shailendra kumar\Desktop\masai-projects\masai-alumni\node_modules\.pnpm\ts-node@10.9.1_@swc+core@1.3.95_@types+node@18.17.2_typescript@5.1.3\node_modules\ts-node\src\index.ts:1618:23)
    at Module._extensions..js (node:internal/modules/cjs/loader:1435:10)
    at Object.require.extensions.<computed> [as .ts] (C:\Users\Shailendra kumar\Desktop\masai-projects\masai-alumni\node_modules\.pnpm\ts-node@10.9.1_@swc+core@1.3.95_@types+node@18.17.2_typescript@5.1.3\node_modules\ts-node\src\index.ts:1621:12)
    at Module.load (node:internal/modules/cjs/loader:1207:32)
2023-12-16 01:48:12 error: uncaughtException: listen EADDRINUSE: address already in use :::8080
Error: listen EADDRINUSE: address already in use :::8080
    at Server.setupListenHandle [as _listen2] (node:net:1872:16)
    at listenInCluster (node:net:1920:12)
    at Server.listen (node:net:2008:7)
    at App.listen (C:\Users\Shailendra kumar\Desktop\masai-projects\masai-alumni\apps\server\src\app.ts:38:15)
    at Object.<anonymous> (C:\Users\Shailendra kumar\Desktop\masai-projects\masai-alumni\apps\server\src\server.ts:8:5)
    at Module._compile (node:internal/modules/cjs/loader:1376:14)
    at Module.m._compile (C:\Users\Shailendra kumar\Desktop\masai-projects\masai-alumni\node_modules\.pnpm\ts-node@10.9.1_@swc+core@1.3.95_@types+node@18.17.2_typescript@5.1.3\node_modules\ts-node\src\index.ts:1618:23)
    at Module._extensions..js (node:internal/modules/cjs/loader:1435:10)
    at Object.require.extensions.<computed> [as .ts] (C:\Users\Shailendra kumar\Desktop\masai-projects\masai-alumni\node_modules\.pnpm\ts-node@10.9.1_@swc+core@1.3.95_@types+node@18.17.2_typescript@5.1.3\node_modules\ts-node\src\index.ts:1621:12)
    at Module.load (node:internal/modules/cjs/loader:1207:32)
2023-12-16 15:31:14 error: [POST] /api/v1/mentors >> StatusCode:: 500, Message:: Unable to create mentor. Please check your input data.
2023-12-16 15:32:25 error: [POST] /api/v1/mentors >> StatusCode:: 500, Message:: Unable to create mentor. Please check your input data.
