2023-12-01 19:03:54 error: [GET] /api/v1/jobs >> StatusCode:: 500, Message:: Unable to fetch jobs
2023-12-01 19:06:46 error: [GET] /api/v1/jobs >> StatusCode:: 500, Message:: Unable to fetch jobs
2023-12-01 19:11:40 error: [GET] /api/v1/jobs >> StatusCode:: 500, Message:: Unable to fetch jobs
2023-12-01 19:14:13 error: [GET] /api/v1/jobs >> StatusCode:: 500, Message:: Unable to fetch jobs
2023-12-01 19:21:02 error: [GET] /api/v1/jobs >> StatusCode:: 500, Message:: Unable to fetch jobs
2023-12-01 19:23:40 error: [GET] /api/v1/jobs >> StatusCode:: 500, Message:: Unable to fetch jobs
2023-12-01 19:29:53 error: [GET] /api/v1/jobs/1 >> StatusCode:: 404, Message:: Job not found
2023-12-01 19:30:00 error: [GET] /api/v1/jobs >> StatusCode:: 500, Message:: Unable to fetch jobs
2023-12-01 19:30:16 error: [GET] /api/v1/jobs >> StatusCode:: 500, Message:: Unable to fetch jobs
2023-12-01 19:31:53 error: [GET] /api/v1/jobs >> StatusCode:: 500, Message:: Unable to fetch jobs
2023-12-01 19:32:14 error: [GET] /api/v1/jobs >> StatusCode:: 500, Message:: Unable to fetch jobs
2023-12-01 19:33:35 error: [GET] /api/v1/jobs >> StatusCode:: 500, Message:: Unable to fetch jobs
2023-12-01 19:36:06 error: [GET] /api/v1/jobs >> StatusCode:: 500, Message:: Unable to fetch jobs
2023-12-01 19:36:45 error: uncaughtException: tar is not defined
ReferenceError: tar is not defined
    at Object.<anonymous> (C:\Users\Sheelu Kumar\Desktop\masai-alumni\apps\server\src\models\job.model.ts:146:3)
    at Module._compile (node:internal/modules/cjs/loader:1256:14)
    at Module.m._compile (C:\Users\Sheelu Kumar\Desktop\masai-alumni\node_modules\.pnpm\ts-node@10.9.1_@swc+core@1.3.95_@types+node@18.17.2_typescript@5.1.3\node_modules\ts-node\src\index.ts:1618:23)
    at Module._extensions..js (node:internal/modules/cjs/loader:1310:10)
    at Object.require.extensions.<computed> [as .ts] (C:\Users\Sheelu Kumar\Desktop\masai-alumni\node_modules\.pnpm\ts-node@10.9.1_@swc+core@1.3.95_@types+node@18.17.2_typescript@5.1.3\node_modules\ts-node\src\index.ts:1621:12)
    at Module.load (node:internal/modules/cjs/loader:1119:32)
    at Function.Module._load (node:internal/modules/cjs/loader:960:12)
    at Module.require (node:internal/modules/cjs/loader:1143:19)
    at require (node:internal/modules/cjs/helpers:119:18)
    at Object.<anonymous> (C:\Users\Sheelu Kumar\Desktop\masai-alumni\apps\server\src\services\job.service.ts:3:1)
2023-12-01 19:36:51 error: uncaughtException: id is not defined
ReferenceError: id is not defined
    at Object.<anonymous> (C:\Users\Sheelu Kumar\Desktop\masai-alumni\apps\server\src\models\job.model.ts:146:13)
    at Module._compile (node:internal/modules/cjs/loader:1256:14)
    at Module.m._compile (C:\Users\Sheelu Kumar\Desktop\masai-alumni\node_modules\.pnpm\ts-node@10.9.1_@swc+core@1.3.95_@types+node@18.17.2_typescript@5.1.3\node_modules\ts-node\src\index.ts:1618:23)
    at Module._extensions..js (node:internal/modules/cjs/loader:1310:10)
    at Object.require.extensions.<computed> [as .ts] (C:\Users\Sheelu Kumar\Desktop\masai-alumni\node_modules\.pnpm\ts-node@10.9.1_@swc+core@1.3.95_@types+node@18.17.2_typescript@5.1.3\node_modules\ts-node\src\index.ts:1621:12)
    at Module.load (node:internal/modules/cjs/loader:1119:32)
    at Function.Module._load (node:internal/modules/cjs/loader:960:12)
    at Module.require (node:internal/modules/cjs/loader:1143:19)
    at require (node:internal/modules/cjs/helpers:119:18)
    at Object.<anonymous> (C:\Users\Sheelu Kumar\Desktop\masai-alumni\apps\server\src\services\job.service.ts:3:1)
2023-12-01 19:36:58 error: [GET] /api/v1/jobs >> StatusCode:: 500, Message:: Unable to fetch jobs
2023-12-01 19:37:00 error: [GET] /api/v1/jobs >> StatusCode:: 500, Message:: Unable to fetch jobs
2023-12-01 19:39:14 error: uncaughtException: тип Unable to compile TypeScript:
[96msrc/models/job.model.ts[0m:[93m145[0m:[93m3[0m - [91merror[0m[90m TS1005: [0m',' expected.

[7m145[0m   as: "posted_by",
[7m   [0m [91m  ~~[0m

TSError: тип Unable to compile TypeScript:
[96msrc/models/job.model.ts[0m:[93m145[0m:[93m3[0m - [91merror[0m[90m TS1005: [0m',' expected.

[7m145[0m   as: "posted_by",
[7m   [0m [91m  ~~[0m

    at createTSError (C:\Users\Sheelu Kumar\Desktop\masai-alumni\node_modules\.pnpm\ts-node@10.9.1_@swc+core@1.3.95_@types+node@18.17.2_typescript@5.1.3\node_modules\ts-node\src\index.ts:859:12)
    at reportTSError (C:\Users\Sheelu Kumar\Desktop\masai-alumni\node_modules\.pnpm\ts-node@10.9.1_@swc+core@1.3.95_@types+node@18.17.2_typescript@5.1.3\node_modules\ts-node\src\index.ts:863:19)
    at C:\Users\Sheelu Kumar\Desktop\masai-alumni\node_modules\.pnpm\ts-node@10.9.1_@swc+core@1.3.95_@types+node@18.17.2_typescript@5.1.3\node_modules\ts-node\src\index.ts:1379:34
    at Object.compile (C:\Users\Sheelu Kumar\Desktop\masai-alumni\node_modules\.pnpm\ts-node@10.9.1_@swc+core@1.3.95_@types+node@18.17.2_typescript@5.1.3\node_modules\ts-node\src\index.ts:1458:13)
    at Module.m._compile (C:\Users\Sheelu Kumar\Desktop\masai-alumni\node_modules\.pnpm\ts-node@10.9.1_@swc+core@1.3.95_@types+node@18.17.2_typescript@5.1.3\node_modules\ts-node\src\index.ts:1617:30)
    at Module._extensions..js (node:internal/modules/cjs/loader:1310:10)
    at Object.require.extensions.<computed> [as .ts] (C:\Users\Sheelu Kumar\Desktop\masai-alumni\node_modules\.pnpm\ts-node@10.9.1_@swc+core@1.3.95_@types+node@18.17.2_typescript@5.1.3\node_modules\ts-node\src\index.ts:1621:12)
    at Module.load (node:internal/modules/cjs/loader:1119:32)
    at Function.Module._load (node:internal/modules/cjs/loader:960:12)
    at Module.require (node:internal/modules/cjs/loader:1143:19)
2023-12-01 19:39:28 error: uncaughtException: тип Unable to compile TypeScript:
[96msrc/models/job.model.ts[0m:[93m146[0m:[93m15[0m - [91merror[0m[90m TS1109: [0mExpression expected.

[7m146[0m   targetKey : :"id"
[7m   [0m [91m              ~[0m
[96msrc/models/job.model.ts[0m:[93m148[0m:[93m1[0m - [91merror[0m[90m TS1005: [0m':' expected.

[7m148[0m })
[7m   [0m [91m~[0m

TSError: тип Unable to compile TypeScript:
[96msrc/models/job.model.ts[0m:[93m146[0m:[93m15[0m - [91merror[0m[90m TS1109: [0mExpression expected.

[7m146[0m   targetKey : :"id"
[7m   [0m [91m              ~[0m
[96msrc/models/job.model.ts[0m:[93m148[0m:[93m1[0m - [91merror[0m[90m TS1005: [0m':' expected.

[7m148[0m })
[7m   [0m [91m~[0m

    at createTSError (C:\Users\Sheelu Kumar\Desktop\masai-alumni\node_modules\.pnpm\ts-node@10.9.1_@swc+core@1.3.95_@types+node@18.17.2_typescript@5.1.3\node_modules\ts-node\src\index.ts:859:12)
    at reportTSError (C:\Users\Sheelu Kumar\Desktop\masai-alumni\node_modules\.pnpm\ts-node@10.9.1_@swc+core@1.3.95_@types+node@18.17.2_typescript@5.1.3\node_modules\ts-node\src\index.ts:863:19)
    at C:\Users\Sheelu Kumar\Desktop\masai-alumni\node_modules\.pnpm\ts-node@10.9.1_@swc+core@1.3.95_@types+node@18.17.2_typescript@5.1.3\node_modules\ts-node\src\index.ts:1379:34
    at Object.compile (C:\Users\Sheelu Kumar\Desktop\masai-alumni\node_modules\.pnpm\ts-node@10.9.1_@swc+core@1.3.95_@types+node@18.17.2_typescript@5.1.3\node_modules\ts-node\src\index.ts:1458:13)
    at Module.m._compile (C:\Users\Sheelu Kumar\Desktop\masai-alumni\node_modules\.pnpm\ts-node@10.9.1_@swc+core@1.3.95_@types+node@18.17.2_typescript@5.1.3\node_modules\ts-node\src\index.ts:1617:30)
    at Module._extensions..js (node:internal/modules/cjs/loader:1310:10)
    at Object.require.extensions.<computed> [as .ts] (C:\Users\Sheelu Kumar\Desktop\masai-alumni\node_modules\.pnpm\ts-node@10.9.1_@swc+core@1.3.95_@types+node@18.17.2_typescript@5.1.3\node_modules\ts-node\src\index.ts:1621:12)
    at Module.load (node:internal/modules/cjs/loader:1119:32)
    at Function.Module._load (node:internal/modules/cjs/loader:960:12)
    at Module.require (node:internal/modules/cjs/loader:1143:19)
