2023-12-11 13:15:46 error: uncaughtException: ⨯ Unable to compile TypeScript:
src/services/profile.service.ts(290,28): error TS1135: Argument expression expected.

TSError: ⨯ Unable to compile TypeScript:
src/services/profile.service.ts(290,28): error TS1135: Argument expression expected.

    at createTSError (C:\Users\Shailendra kumar\Desktop\masai-projects\masai-alumni\node_modules\.pnpm\ts-node@10.9.1_@swc+core@1.3.95_@types+node@18.17.2_typescript@5.1.3\node_modules\ts-node\src\index.ts:859:12)
    at reportTSError (C:\Users\Shailendra kumar\Desktop\masai-projects\masai-alumni\node_modules\.pnpm\ts-node@10.9.1_@swc+core@1.3.95_@types+node@18.17.2_typescript@5.1.3\node_modules\ts-node\src\index.ts:863:19)
    at C:\Users\Shailendra kumar\Desktop\masai-projects\masai-alumni\node_modules\.pnpm\ts-node@10.9.1_@swc+core@1.3.95_@types+node@18.17.2_typescript@5.1.3\node_modules\ts-node\src\index.ts:1379:34
    at Object.compile (C:\Users\Shailendra kumar\Desktop\masai-projects\masai-alumni\node_modules\.pnpm\ts-node@10.9.1_@swc+core@1.3.95_@types+node@18.17.2_typescript@5.1.3\node_modules\ts-node\src\index.ts:1458:13)
    at Module.m._compile (C:\Users\Shailendra kumar\Desktop\masai-projects\masai-alumni\node_modules\.pnpm\ts-node@10.9.1_@swc+core@1.3.95_@types+node@18.17.2_typescript@5.1.3\node_modules\ts-node\src\index.ts:1617:30)
    at Module._extensions..js (node:internal/modules/cjs/loader:1435:10)
    at Object.require.extensions.<computed> [as .ts] (C:\Users\Shailendra kumar\Desktop\masai-projects\masai-alumni\node_modules\.pnpm\ts-node@10.9.1_@swc+core@1.3.95_@types+node@18.17.2_typescript@5.1.3\node_modules\ts-node\src\index.ts:1621:12)
    at Module.load (node:internal/modules/cjs/loader:1207:32)
    at Function.Module._load (node:internal/modules/cjs/loader:1023:12)
    at Module.require (node:internal/modules/cjs/loader:1235:19)
2023-12-11 13:25:46 error: [GET] /api/v1/alumni/directory >> StatusCode:: 500, Message:: Cannot read properties of undefined (reading 'length')
2023-12-11 13:26:15 error: [GET] /api/v1/alumni/directory >> StatusCode:: 500, Message:: Cannot read properties of undefined (reading 'length')
2023-12-11 13:26:17 error: [GET] /api/v1/alumni/directory >> StatusCode:: 500, Message:: Cannot read properties of undefined (reading 'length')
2023-12-11 13:26:19 error: [GET] /api/v1/alumni/directory >> StatusCode:: 500, Message:: Cannot read properties of undefined (reading 'length')
2023-12-11 13:26:20 error: [GET] /api/v1/alumni/directory >> StatusCode:: 500, Message:: Cannot read properties of undefined (reading 'length')
2023-12-11 13:26:21 error: [GET] /api/v1/alumni/directory >> StatusCode:: 500, Message:: Cannot read properties of undefined (reading 'length')
2023-12-11 13:26:52 error: [GET] /api/v1/alumni/directory >> StatusCode:: 500, Message:: Cannot read properties of undefined (reading 'length')
2023-12-11 13:27:04 error: [GET] /api/v1/alumni/directory >> StatusCode:: 500, Message:: Error fething profile
2023-12-11 13:27:36 error: [GET] /api/v1/alumni/directory >> StatusCode:: 500, Message:: Error fething profile
2023-12-11 13:27:47 error: [GET] /api/v1/alumni/directory >> StatusCode:: 500, Message:: Error fething profile
2023-12-11 13:28:00 error: [GET] /api/v1/alumni/directory >> StatusCode:: 500, Message:: Error fething profile
2023-12-11 13:28:39 error: [GET] /api/v1/alumni/directory >> StatusCode:: 500, Message:: Error fething profile
2023-12-11 13:29:47 error: [GET] /api/v1/alumni/directory >> StatusCode:: 500, Message:: Error fething profile
2023-12-11 13:29:48 error: [GET] /api/v1/alumni/directory >> StatusCode:: 500, Message:: Error fething profile
2023-12-11 13:30:33 error: [GET] /api/v1/alumni/directory >> StatusCode:: 500, Message:: Error fething profile
2023-12-11 13:30:54 error: [GET] /api/v1/alumni/directory >> StatusCode:: 500, Message:: Error fething profile
2023-12-11 13:30:56 error: [GET] /api/v1/alumni/directory >> StatusCode:: 500, Message:: Error fething profile
2023-12-11 13:31:10 error: [GET] /api/v1/alumni/directory >> StatusCode:: 500, Message:: Error fething profile
2023-12-11 13:31:11 error: [GET] /api/v1/alumni/directory >> StatusCode:: 500, Message:: Error fething profile
2023-12-11 13:31:56 error: [GET] /api/v1/alumni/directory >> StatusCode:: 500, Message:: Error fething profile
2023-12-11 13:31:57 error: [GET] /api/v1/alumni/directory >> StatusCode:: 500, Message:: Error fething profile
2023-12-11 13:32:29 error: [GET] /api/v1/alumni/directory >> StatusCode:: 500, Message:: Error fething profile
2023-12-11 13:32:31 error: [GET] /api/v1/alumni/directory >> StatusCode:: 500, Message:: Error fething profile
2023-12-11 13:38:13 error: [GET] /api/v1/alumni/directory >> StatusCode:: 500, Message:: Error fething profile
2023-12-11 13:38:15 error: [GET] /api/v1/alumni/directory >> StatusCode:: 500, Message:: Error fething profile
2023-12-11 13:38:24 error: uncaughtException: ⨯ Unable to compile TypeScript:
src/services/profile.service.ts(262,7): error TS1005: ',' expected.

TSError: ⨯ Unable to compile TypeScript:
src/services/profile.service.ts(262,7): error TS1005: ',' expected.

    at createTSError (C:\Users\Shailendra kumar\Desktop\masai-projects\masai-alumni\node_modules\.pnpm\ts-node@10.9.1_@swc+core@1.3.95_@types+node@18.17.2_typescript@5.1.3\node_modules\ts-node\src\index.ts:859:12)
    at reportTSError (C:\Users\Shailendra kumar\Desktop\masai-projects\masai-alumni\node_modules\.pnpm\ts-node@10.9.1_@swc+core@1.3.95_@types+node@18.17.2_typescript@5.1.3\node_modules\ts-node\src\index.ts:863:19)
    at C:\Users\Shailendra kumar\Desktop\masai-projects\masai-alumni\node_modules\.pnpm\ts-node@10.9.1_@swc+core@1.3.95_@types+node@18.17.2_typescript@5.1.3\node_modules\ts-node\src\index.ts:1379:34
    at Object.compile (C:\Users\Shailendra kumar\Desktop\masai-projects\masai-alumni\node_modules\.pnpm\ts-node@10.9.1_@swc+core@1.3.95_@types+node@18.17.2_typescript@5.1.3\node_modules\ts-node\src\index.ts:1458:13)
    at Module.m._compile (C:\Users\Shailendra kumar\Desktop\masai-projects\masai-alumni\node_modules\.pnpm\ts-node@10.9.1_@swc+core@1.3.95_@types+node@18.17.2_typescript@5.1.3\node_modules\ts-node\src\index.ts:1617:30)
    at Module._extensions..js (node:internal/modules/cjs/loader:1435:10)
    at Object.require.extensions.<computed> [as .ts] (C:\Users\Shailendra kumar\Desktop\masai-projects\masai-alumni\node_modules\.pnpm\ts-node@10.9.1_@swc+core@1.3.95_@types+node@18.17.2_typescript@5.1.3\node_modules\ts-node\src\index.ts:1621:12)
    at Module.load (node:internal/modules/cjs/loader:1207:32)
    at Function.Module._load (node:internal/modules/cjs/loader:1023:12)
    at Module.require (node:internal/modules/cjs/loader:1235:19)
2023-12-11 13:38:33 error: [GET] /api/v1/alumni/directory >> StatusCode:: 500, Message:: Error fething profile
2023-12-11 13:38:34 error: [GET] /api/v1/alumni/directory >> StatusCode:: 500, Message:: Error fething profile
2023-12-11 13:42:23 error: uncaughtException: ⨯ Unable to compile TypeScript:
src/services/profile.service.ts(191,6): error TS1005: ']' expected.

TSError: ⨯ Unable to compile TypeScript:
src/services/profile.service.ts(191,6): error TS1005: ']' expected.

    at createTSError (C:\Users\Shailendra kumar\Desktop\masai-projects\masai-alumni\node_modules\.pnpm\ts-node@10.9.1_@swc+core@1.3.95_@types+node@18.17.2_typescript@5.1.3\node_modules\ts-node\src\index.ts:859:12)
    at reportTSError (C:\Users\Shailendra kumar\Desktop\masai-projects\masai-alumni\node_modules\.pnpm\ts-node@10.9.1_@swc+core@1.3.95_@types+node@18.17.2_typescript@5.1.3\node_modules\ts-node\src\index.ts:863:19)
    at C:\Users\Shailendra kumar\Desktop\masai-projects\masai-alumni\node_modules\.pnpm\ts-node@10.9.1_@swc+core@1.3.95_@types+node@18.17.2_typescript@5.1.3\node_modules\ts-node\src\index.ts:1379:34
    at Object.compile (C:\Users\Shailendra kumar\Desktop\masai-projects\masai-alumni\node_modules\.pnpm\ts-node@10.9.1_@swc+core@1.3.95_@types+node@18.17.2_typescript@5.1.3\node_modules\ts-node\src\index.ts:1458:13)
    at Module.m._compile (C:\Users\Shailendra kumar\Desktop\masai-projects\masai-alumni\node_modules\.pnpm\ts-node@10.9.1_@swc+core@1.3.95_@types+node@18.17.2_typescript@5.1.3\node_modules\ts-node\src\index.ts:1617:30)
    at Module._extensions..js (node:internal/modules/cjs/loader:1435:10)
    at Object.require.extensions.<computed> [as .ts] (C:\Users\Shailendra kumar\Desktop\masai-projects\masai-alumni\node_modules\.pnpm\ts-node@10.9.1_@swc+core@1.3.95_@types+node@18.17.2_typescript@5.1.3\node_modules\ts-node\src\index.ts:1621:12)
    at Module.load (node:internal/modules/cjs/loader:1207:32)
    at Function.Module._load (node:internal/modules/cjs/loader:1023:12)
    at Module.require (node:internal/modules/cjs/loader:1235:19)
2023-12-11 13:42:41 error: uncaughtException: ⨯ Unable to compile TypeScript:
src/services/profile.service.ts(188,18): error TS1005: ']' expected.
src/services/profile.service.ts(188,20): error TS1136: Property assignment expected.
src/services/profile.service.ts(189,18): error TS1005: ';' expected.
src/services/profile.service.ts(190,6): error TS1109: Expression expected.
src/services/profile.service.ts(190,7): error TS1128: Declaration or statement expected.
src/services/profile.service.ts(193,4): error TS1472: 'catch' or 'finally' expected.
src/services/profile.service.ts(290,5): error TS1005: ';' expected.
src/services/profile.service.ts(294,2): error TS1128: Declaration or statement expected.
src/services/profile.service.ts(311,2): error TS1128: Declaration or statement expected.
src/services/profile.service.ts(330,2): error TS1128: Declaration or statement expected.
src/services/profile.service.ts(348,1): error TS1128: Declaration or statement expected.

TSError: ⨯ Unable to compile TypeScript:
src/services/profile.service.ts(188,18): error TS1005: ']' expected.
src/services/profile.service.ts(188,20): error TS1136: Property assignment expected.
src/services/profile.service.ts(189,18): error TS1005: ';' expected.
src/services/profile.service.ts(190,6): error TS1109: Expression expected.
src/services/profile.service.ts(190,7): error TS1128: Declaration or statement expected.
src/services/profile.service.ts(193,4): error TS1472: 'catch' or 'finally' expected.
src/services/profile.service.ts(290,5): error TS1005: ';' expected.
src/services/profile.service.ts(294,2): error TS1128: Declaration or statement expected.
src/services/profile.service.ts(311,2): error TS1128: Declaration or statement expected.
src/services/profile.service.ts(330,2): error TS1128: Declaration or statement expected.
src/services/profile.service.ts(348,1): error TS1128: Declaration or statement expected.

    at createTSError (C:\Users\Shailendra kumar\Desktop\masai-projects\masai-alumni\node_modules\.pnpm\ts-node@10.9.1_@swc+core@1.3.95_@types+node@18.17.2_typescript@5.1.3\node_modules\ts-node\src\index.ts:859:12)
    at reportTSError (C:\Users\Shailendra kumar\Desktop\masai-projects\masai-alumni\node_modules\.pnpm\ts-node@10.9.1_@swc+core@1.3.95_@types+node@18.17.2_typescript@5.1.3\node_modules\ts-node\src\index.ts:863:19)
    at C:\Users\Shailendra kumar\Desktop\masai-projects\masai-alumni\node_modules\.pnpm\ts-node@10.9.1_@swc+core@1.3.95_@types+node@18.17.2_typescript@5.1.3\node_modules\ts-node\src\index.ts:1379:34
    at Object.compile (C:\Users\Shailendra kumar\Desktop\masai-projects\masai-alumni\node_modules\.pnpm\ts-node@10.9.1_@swc+core@1.3.95_@types+node@18.17.2_typescript@5.1.3\node_modules\ts-node\src\index.ts:1458:13)
    at Module.m._compile (C:\Users\Shailendra kumar\Desktop\masai-projects\masai-alumni\node_modules\.pnpm\ts-node@10.9.1_@swc+core@1.3.95_@types+node@18.17.2_typescript@5.1.3\node_modules\ts-node\src\index.ts:1617:30)
    at Module._extensions..js (node:internal/modules/cjs/loader:1435:10)
    at Object.require.extensions.<computed> [as .ts] (C:\Users\Shailendra kumar\Desktop\masai-projects\masai-alumni\node_modules\.pnpm\ts-node@10.9.1_@swc+core@1.3.95_@types+node@18.17.2_typescript@5.1.3\node_modules\ts-node\src\index.ts:1621:12)
    at Module.load (node:internal/modules/cjs/loader:1207:32)
    at Function.Module._load (node:internal/modules/cjs/loader:1023:12)
    at Module.require (node:internal/modules/cjs/loader:1235:19)
2023-12-11 13:42:57 error: uncaughtException: ⨯ Unable to compile TypeScript:
src/services/profile.service.ts(195,29): error TS1109: Expression expected.

TSError: ⨯ Unable to compile TypeScript:
src/services/profile.service.ts(195,29): error TS1109: Expression expected.

    at createTSError (C:\Users\Shailendra kumar\Desktop\masai-projects\masai-alumni\node_modules\.pnpm\ts-node@10.9.1_@swc+core@1.3.95_@types+node@18.17.2_typescript@5.1.3\node_modules\ts-node\src\index.ts:859:12)
    at reportTSError (C:\Users\Shailendra kumar\Desktop\masai-projects\masai-alumni\node_modules\.pnpm\ts-node@10.9.1_@swc+core@1.3.95_@types+node@18.17.2_typescript@5.1.3\node_modules\ts-node\src\index.ts:863:19)
    at C:\Users\Shailendra kumar\Desktop\masai-projects\masai-alumni\node_modules\.pnpm\ts-node@10.9.1_@swc+core@1.3.95_@types+node@18.17.2_typescript@5.1.3\node_modules\ts-node\src\index.ts:1379:34
    at Object.compile (C:\Users\Shailendra kumar\Desktop\masai-projects\masai-alumni\node_modules\.pnpm\ts-node@10.9.1_@swc+core@1.3.95_@types+node@18.17.2_typescript@5.1.3\node_modules\ts-node\src\index.ts:1458:13)
    at Module.m._compile (C:\Users\Shailendra kumar\Desktop\masai-projects\masai-alumni\node_modules\.pnpm\ts-node@10.9.1_@swc+core@1.3.95_@types+node@18.17.2_typescript@5.1.3\node_modules\ts-node\src\index.ts:1617:30)
    at Module._extensions..js (node:internal/modules/cjs/loader:1435:10)
    at Object.require.extensions.<computed> [as .ts] (C:\Users\Shailendra kumar\Desktop\masai-projects\masai-alumni\node_modules\.pnpm\ts-node@10.9.1_@swc+core@1.3.95_@types+node@18.17.2_typescript@5.1.3\node_modules\ts-node\src\index.ts:1621:12)
    at Module.load (node:internal/modules/cjs/loader:1207:32)
    at Function.Module._load (node:internal/modules/cjs/loader:1023:12)
    at Module.require (node:internal/modules/cjs/loader:1235:19)
2023-12-11 13:43:08 error: uncaughtException: ⨯ Unable to compile TypeScript:
src/services/profile.service.ts(197,18): error TS1005: ']' expected.
src/services/profile.service.ts(197,20): error TS1136: Property assignment expected.
src/services/profile.service.ts(198,18): error TS1005: ';' expected.
src/services/profile.service.ts(199,6): error TS1109: Expression expected.
src/services/profile.service.ts(199,7): error TS1128: Declaration or statement expected.
src/services/profile.service.ts(205,4): error TS1472: 'catch' or 'finally' expected.
src/services/profile.service.ts(290,5): error TS1005: ';' expected.
src/services/profile.service.ts(294,2): error TS1128: Declaration or statement expected.
src/services/profile.service.ts(311,2): error TS1128: Declaration or statement expected.
src/services/profile.service.ts(330,2): error TS1128: Declaration or statement expected.
src/services/profile.service.ts(348,1): error TS1128: Declaration or statement expected.

TSError: ⨯ Unable to compile TypeScript:
src/services/profile.service.ts(197,18): error TS1005: ']' expected.
src/services/profile.service.ts(197,20): error TS1136: Property assignment expected.
src/services/profile.service.ts(198,18): error TS1005: ';' expected.
src/services/profile.service.ts(199,6): error TS1109: Expression expected.
src/services/profile.service.ts(199,7): error TS1128: Declaration or statement expected.
src/services/profile.service.ts(205,4): error TS1472: 'catch' or 'finally' expected.
src/services/profile.service.ts(290,5): error TS1005: ';' expected.
src/services/profile.service.ts(294,2): error TS1128: Declaration or statement expected.
src/services/profile.service.ts(311,2): error TS1128: Declaration or statement expected.
src/services/profile.service.ts(330,2): error TS1128: Declaration or statement expected.
src/services/profile.service.ts(348,1): error TS1128: Declaration or statement expected.

    at createTSError (C:\Users\Shailendra kumar\Desktop\masai-projects\masai-alumni\node_modules\.pnpm\ts-node@10.9.1_@swc+core@1.3.95_@types+node@18.17.2_typescript@5.1.3\node_modules\ts-node\src\index.ts:859:12)
    at reportTSError (C:\Users\Shailendra kumar\Desktop\masai-projects\masai-alumni\node_modules\.pnpm\ts-node@10.9.1_@swc+core@1.3.95_@types+node@18.17.2_typescript@5.1.3\node_modules\ts-node\src\index.ts:863:19)
    at C:\Users\Shailendra kumar\Desktop\masai-projects\masai-alumni\node_modules\.pnpm\ts-node@10.9.1_@swc+core@1.3.95_@types+node@18.17.2_typescript@5.1.3\node_modules\ts-node\src\index.ts:1379:34
    at Object.compile (C:\Users\Shailendra kumar\Desktop\masai-projects\masai-alumni\node_modules\.pnpm\ts-node@10.9.1_@swc+core@1.3.95_@types+node@18.17.2_typescript@5.1.3\node_modules\ts-node\src\index.ts:1458:13)
    at Module.m._compile (C:\Users\Shailendra kumar\Desktop\masai-projects\masai-alumni\node_modules\.pnpm\ts-node@10.9.1_@swc+core@1.3.95_@types+node@18.17.2_typescript@5.1.3\node_modules\ts-node\src\index.ts:1617:30)
    at Module._extensions..js (node:internal/modules/cjs/loader:1435:10)
    at Object.require.extensions.<computed> [as .ts] (C:\Users\Shailendra kumar\Desktop\masai-projects\masai-alumni\node_modules\.pnpm\ts-node@10.9.1_@swc+core@1.3.95_@types+node@18.17.2_typescript@5.1.3\node_modules\ts-node\src\index.ts:1621:12)
    at Module.load (node:internal/modules/cjs/loader:1207:32)
    at Function.Module._load (node:internal/modules/cjs/loader:1023:12)
    at Module.require (node:internal/modules/cjs/loader:1235:19)
2023-12-11 13:43:27 error: uncaughtException: ⨯ Unable to compile TypeScript:
src/services/profile.service.ts(181,6): error TS1005: ']' expected.

TSError: ⨯ Unable to compile TypeScript:
src/services/profile.service.ts(181,6): error TS1005: ']' expected.

    at createTSError (C:\Users\Shailendra kumar\Desktop\masai-projects\masai-alumni\node_modules\.pnpm\ts-node@10.9.1_@swc+core@1.3.95_@types+node@18.17.2_typescript@5.1.3\node_modules\ts-node\src\index.ts:859:12)
    at reportTSError (C:\Users\Shailendra kumar\Desktop\masai-projects\masai-alumni\node_modules\.pnpm\ts-node@10.9.1_@swc+core@1.3.95_@types+node@18.17.2_typescript@5.1.3\node_modules\ts-node\src\index.ts:863:19)
    at C:\Users\Shailendra kumar\Desktop\masai-projects\masai-alumni\node_modules\.pnpm\ts-node@10.9.1_@swc+core@1.3.95_@types+node@18.17.2_typescript@5.1.3\node_modules\ts-node\src\index.ts:1379:34
    at Object.compile (C:\Users\Shailendra kumar\Desktop\masai-projects\masai-alumni\node_modules\.pnpm\ts-node@10.9.1_@swc+core@1.3.95_@types+node@18.17.2_typescript@5.1.3\node_modules\ts-node\src\index.ts:1458:13)
    at Module.m._compile (C:\Users\Shailendra kumar\Desktop\masai-projects\masai-alumni\node_modules\.pnpm\ts-node@10.9.1_@swc+core@1.3.95_@types+node@18.17.2_typescript@5.1.3\node_modules\ts-node\src\index.ts:1617:30)
    at Module._extensions..js (node:internal/modules/cjs/loader:1435:10)
    at Object.require.extensions.<computed> [as .ts] (C:\Users\Shailendra kumar\Desktop\masai-projects\masai-alumni\node_modules\.pnpm\ts-node@10.9.1_@swc+core@1.3.95_@types+node@18.17.2_typescript@5.1.3\node_modules\ts-node\src\index.ts:1621:12)
    at Module.load (node:internal/modules/cjs/loader:1207:32)
    at Function.Module._load (node:internal/modules/cjs/loader:1023:12)
    at Module.require (node:internal/modules/cjs/loader:1235:19)
2023-12-11 13:44:08 error: [GET] /api/v1/alumni/directory >> StatusCode:: 500, Message:: Error fething profile
2023-12-11 13:44:09 error: [GET] /api/v1/alumni/directory >> StatusCode:: 500, Message:: Error fething profile
2023-12-11 13:44:10 error: [GET] /api/v1/alumni/directory >> StatusCode:: 500, Message:: Error fething profile
2023-12-11 13:44:11 error: [GET] /api/v1/alumni/directory >> StatusCode:: 500, Message:: Error fething profile
2023-12-11 13:44:12 error: [GET] /api/v1/alumni/directory >> StatusCode:: 500, Message:: Error fething profile
2023-12-11 13:46:51 error: uncaughtException: ⨯ Unable to compile TypeScript:
src/services/profile.service.ts(155,6): error TS1005: ']' expected.

TSError: ⨯ Unable to compile TypeScript:
src/services/profile.service.ts(155,6): error TS1005: ']' expected.

    at createTSError (C:\Users\Shailendra kumar\Desktop\masai-projects\masai-alumni\node_modules\.pnpm\ts-node@10.9.1_@swc+core@1.3.95_@types+node@18.17.2_typescript@5.1.3\node_modules\ts-node\src\index.ts:859:12)
    at reportTSError (C:\Users\Shailendra kumar\Desktop\masai-projects\masai-alumni\node_modules\.pnpm\ts-node@10.9.1_@swc+core@1.3.95_@types+node@18.17.2_typescript@5.1.3\node_modules\ts-node\src\index.ts:863:19)
    at C:\Users\Shailendra kumar\Desktop\masai-projects\masai-alumni\node_modules\.pnpm\ts-node@10.9.1_@swc+core@1.3.95_@types+node@18.17.2_typescript@5.1.3\node_modules\ts-node\src\index.ts:1379:34
    at Object.compile (C:\Users\Shailendra kumar\Desktop\masai-projects\masai-alumni\node_modules\.pnpm\ts-node@10.9.1_@swc+core@1.3.95_@types+node@18.17.2_typescript@5.1.3\node_modules\ts-node\src\index.ts:1458:13)
    at Module.m._compile (C:\Users\Shailendra kumar\Desktop\masai-projects\masai-alumni\node_modules\.pnpm\ts-node@10.9.1_@swc+core@1.3.95_@types+node@18.17.2_typescript@5.1.3\node_modules\ts-node\src\index.ts:1617:30)
    at Module._extensions..js (node:internal/modules/cjs/loader:1435:10)
    at Object.require.extensions.<computed> [as .ts] (C:\Users\Shailendra kumar\Desktop\masai-projects\masai-alumni\node_modules\.pnpm\ts-node@10.9.1_@swc+core@1.3.95_@types+node@18.17.2_typescript@5.1.3\node_modules\ts-node\src\index.ts:1621:12)
    at Module.load (node:internal/modules/cjs/loader:1207:32)
    at Function.Module._load (node:internal/modules/cjs/loader:1023:12)
    at Module.require (node:internal/modules/cjs/loader:1235:19)
2023-12-11 13:49:57 error: [GET] /api/v1/alumni/directory >> StatusCode:: 500, Message:: Error fething profile
2023-12-11 13:52:17 error: [GET] /api/v1/alumni/directory >> StatusCode:: 500, Message:: Error fething profile
2023-12-11 13:52:25 error: [GET] /api/v1/alumni/directory >> StatusCode:: 500, Message:: Error fething profile
2023-12-11 13:58:44 error: uncaughtException: Unexpected token ';'
C:\Users\Shailendra kumar\Desktop\masai-projects\masai-alumni\apps\server\src\controllers\auth.controller.ts:25
                const ;
                      ^

SyntaxError: Unexpected token ';'
    at internalCompileFunction (node:internal/vm:77:18)
    at wrapSafe (node:internal/modules/cjs/loader:1288:20)
    at Module._compile (node:internal/modules/cjs/loader:1340:27)
    at Module.m._compile (C:\Users\Shailendra kumar\Desktop\masai-projects\masai-alumni\node_modules\.pnpm\ts-node@10.9.1_@swc+core@1.3.95_@types+node@18.17.2_typescript@5.1.3\node_modules\ts-node\src\index.ts:1618:23)
    at Module._extensions..js (node:internal/modules/cjs/loader:1435:10)
    at Object.require.extensions.<computed> [as .ts] (C:\Users\Shailendra kumar\Desktop\masai-projects\masai-alumni\node_modules\.pnpm\ts-node@10.9.1_@swc+core@1.3.95_@types+node@18.17.2_typescript@5.1.3\node_modules\ts-node\src\index.ts:1621:12)
    at Module.load (node:internal/modules/cjs/loader:1207:32)
    at Function.Module._load (node:internal/modules/cjs/loader:1023:12)
    at Module.require (node:internal/modules/cjs/loader:1235:19)
    at require (node:internal/modules/helpers:176:18)
2023-12-11 13:58:49 error: uncaughtException: ⨯ Unable to compile TypeScript:
src/controllers/auth.controller.ts(30,5): error TS1109: Expression expected.

TSError: ⨯ Unable to compile TypeScript:
src/controllers/auth.controller.ts(30,5): error TS1109: Expression expected.

    at createTSError (C:\Users\Shailendra kumar\Desktop\masai-projects\masai-alumni\node_modules\.pnpm\ts-node@10.9.1_@swc+core@1.3.95_@types+node@18.17.2_typescript@5.1.3\node_modules\ts-node\src\index.ts:859:12)
    at reportTSError (C:\Users\Shailendra kumar\Desktop\masai-projects\masai-alumni\node_modules\.pnpm\ts-node@10.9.1_@swc+core@1.3.95_@types+node@18.17.2_typescript@5.1.3\node_modules\ts-node\src\index.ts:863:19)
    at C:\Users\Shailendra kumar\Desktop\masai-projects\masai-alumni\node_modules\.pnpm\ts-node@10.9.1_@swc+core@1.3.95_@types+node@18.17.2_typescript@5.1.3\node_modules\ts-node\src\index.ts:1379:34
    at Object.compile (C:\Users\Shailendra kumar\Desktop\masai-projects\masai-alumni\node_modules\.pnpm\ts-node@10.9.1_@swc+core@1.3.95_@types+node@18.17.2_typescript@5.1.3\node_modules\ts-node\src\index.ts:1458:13)
    at Module.m._compile (C:\Users\Shailendra kumar\Desktop\masai-projects\masai-alumni\node_modules\.pnpm\ts-node@10.9.1_@swc+core@1.3.95_@types+node@18.17.2_typescript@5.1.3\node_modules\ts-node\src\index.ts:1617:30)
    at Module._extensions..js (node:internal/modules/cjs/loader:1435:10)
    at Object.require.extensions.<computed> [as .ts] (C:\Users\Shailendra kumar\Desktop\masai-projects\masai-alumni\node_modules\.pnpm\ts-node@10.9.1_@swc+core@1.3.95_@types+node@18.17.2_typescript@5.1.3\node_modules\ts-node\src\index.ts:1621:12)
    at Module.load (node:internal/modules/cjs/loader:1207:32)
    at Function.Module._load (node:internal/modules/cjs/loader:1023:12)
    at Module.require (node:internal/modules/cjs/loader:1235:19)
2023-12-11 13:59:13 error: uncaughtException: ⨯ Unable to compile TypeScript:
src/controllers/auth.controller.ts(31,5): error TS1109: Expression expected.

TSError: ⨯ Unable to compile TypeScript:
src/controllers/auth.controller.ts(31,5): error TS1109: Expression expected.

    at createTSError (C:\Users\Shailendra kumar\Desktop\masai-projects\masai-alumni\node_modules\.pnpm\ts-node@10.9.1_@swc+core@1.3.95_@types+node@18.17.2_typescript@5.1.3\node_modules\ts-node\src\index.ts:859:12)
    at reportTSError (C:\Users\Shailendra kumar\Desktop\masai-projects\masai-alumni\node_modules\.pnpm\ts-node@10.9.1_@swc+core@1.3.95_@types+node@18.17.2_typescript@5.1.3\node_modules\ts-node\src\index.ts:863:19)
    at C:\Users\Shailendra kumar\Desktop\masai-projects\masai-alumni\node_modules\.pnpm\ts-node@10.9.1_@swc+core@1.3.95_@types+node@18.17.2_typescript@5.1.3\node_modules\ts-node\src\index.ts:1379:34
    at Object.compile (C:\Users\Shailendra kumar\Desktop\masai-projects\masai-alumni\node_modules\.pnpm\ts-node@10.9.1_@swc+core@1.3.95_@types+node@18.17.2_typescript@5.1.3\node_modules\ts-node\src\index.ts:1458:13)
    at Module.m._compile (C:\Users\Shailendra kumar\Desktop\masai-projects\masai-alumni\node_modules\.pnpm\ts-node@10.9.1_@swc+core@1.3.95_@types+node@18.17.2_typescript@5.1.3\node_modules\ts-node\src\index.ts:1617:30)
    at Module._extensions..js (node:internal/modules/cjs/loader:1435:10)
    at Object.require.extensions.<computed> [as .ts] (C:\Users\Shailendra kumar\Desktop\masai-projects\masai-alumni\node_modules\.pnpm\ts-node@10.9.1_@swc+core@1.3.95_@types+node@18.17.2_typescript@5.1.3\node_modules\ts-node\src\index.ts:1621:12)
    at Module.load (node:internal/modules/cjs/loader:1207:32)
    at Function.Module._load (node:internal/modules/cjs/loader:1023:12)
    at Module.require (node:internal/modules/cjs/loader:1235:19)
2023-12-11 13:59:25 error: uncaughtException: ⨯ Unable to compile TypeScript:
src/controllers/auth.controller.ts(31,5): error TS1109: Expression expected.

TSError: ⨯ Unable to compile TypeScript:
src/controllers/auth.controller.ts(31,5): error TS1109: Expression expected.

    at createTSError (C:\Users\Shailendra kumar\Desktop\masai-projects\masai-alumni\node_modules\.pnpm\ts-node@10.9.1_@swc+core@1.3.95_@types+node@18.17.2_typescript@5.1.3\node_modules\ts-node\src\index.ts:859:12)
    at reportTSError (C:\Users\Shailendra kumar\Desktop\masai-projects\masai-alumni\node_modules\.pnpm\ts-node@10.9.1_@swc+core@1.3.95_@types+node@18.17.2_typescript@5.1.3\node_modules\ts-node\src\index.ts:863:19)
    at C:\Users\Shailendra kumar\Desktop\masai-projects\masai-alumni\node_modules\.pnpm\ts-node@10.9.1_@swc+core@1.3.95_@types+node@18.17.2_typescript@5.1.3\node_modules\ts-node\src\index.ts:1379:34
    at Object.compile (C:\Users\Shailendra kumar\Desktop\masai-projects\masai-alumni\node_modules\.pnpm\ts-node@10.9.1_@swc+core@1.3.95_@types+node@18.17.2_typescript@5.1.3\node_modules\ts-node\src\index.ts:1458:13)
    at Module.m._compile (C:\Users\Shailendra kumar\Desktop\masai-projects\masai-alumni\node_modules\.pnpm\ts-node@10.9.1_@swc+core@1.3.95_@types+node@18.17.2_typescript@5.1.3\node_modules\ts-node\src\index.ts:1617:30)
    at Module._extensions..js (node:internal/modules/cjs/loader:1435:10)
    at Object.require.extensions.<computed> [as .ts] (C:\Users\Shailendra kumar\Desktop\masai-projects\masai-alumni\node_modules\.pnpm\ts-node@10.9.1_@swc+core@1.3.95_@types+node@18.17.2_typescript@5.1.3\node_modules\ts-node\src\index.ts:1621:12)
    at Module.load (node:internal/modules/cjs/loader:1207:32)
    at Function.Module._load (node:internal/modules/cjs/loader:1023:12)
    at Module.require (node:internal/modules/cjs/loader:1235:19)
2023-12-11 13:59:27 error: uncaughtException: ⨯ Unable to compile TypeScript:
src/controllers/auth.controller.ts(31,5): error TS1109: Expression expected.

TSError: ⨯ Unable to compile TypeScript:
src/controllers/auth.controller.ts(31,5): error TS1109: Expression expected.

    at createTSError (C:\Users\Shailendra kumar\Desktop\masai-projects\masai-alumni\node_modules\.pnpm\ts-node@10.9.1_@swc+core@1.3.95_@types+node@18.17.2_typescript@5.1.3\node_modules\ts-node\src\index.ts:859:12)
    at reportTSError (C:\Users\Shailendra kumar\Desktop\masai-projects\masai-alumni\node_modules\.pnpm\ts-node@10.9.1_@swc+core@1.3.95_@types+node@18.17.2_typescript@5.1.3\node_modules\ts-node\src\index.ts:863:19)
    at C:\Users\Shailendra kumar\Desktop\masai-projects\masai-alumni\node_modules\.pnpm\ts-node@10.9.1_@swc+core@1.3.95_@types+node@18.17.2_typescript@5.1.3\node_modules\ts-node\src\index.ts:1379:34
    at Object.compile (C:\Users\Shailendra kumar\Desktop\masai-projects\masai-alumni\node_modules\.pnpm\ts-node@10.9.1_@swc+core@1.3.95_@types+node@18.17.2_typescript@5.1.3\node_modules\ts-node\src\index.ts:1458:13)
    at Module.m._compile (C:\Users\Shailendra kumar\Desktop\masai-projects\masai-alumni\node_modules\.pnpm\ts-node@10.9.1_@swc+core@1.3.95_@types+node@18.17.2_typescript@5.1.3\node_modules\ts-node\src\index.ts:1617:30)
    at Module._extensions..js (node:internal/modules/cjs/loader:1435:10)
    at Object.require.extensions.<computed> [as .ts] (C:\Users\Shailendra kumar\Desktop\masai-projects\masai-alumni\node_modules\.pnpm\ts-node@10.9.1_@swc+core@1.3.95_@types+node@18.17.2_typescript@5.1.3\node_modules\ts-node\src\index.ts:1621:12)
    at Module.load (node:internal/modules/cjs/loader:1207:32)
    at Function.Module._load (node:internal/modules/cjs/loader:1023:12)
    at Module.require (node:internal/modules/cjs/loader:1235:19)
2023-12-11 13:59:34 error: uncaughtException: ⨯ Unable to compile TypeScript:
src/controllers/auth.controller.ts(31,5): error TS1109: Expression expected.

TSError: ⨯ Unable to compile TypeScript:
src/controllers/auth.controller.ts(31,5): error TS1109: Expression expected.

    at createTSError (C:\Users\Shailendra kumar\Desktop\masai-projects\masai-alumni\node_modules\.pnpm\ts-node@10.9.1_@swc+core@1.3.95_@types+node@18.17.2_typescript@5.1.3\node_modules\ts-node\src\index.ts:859:12)
    at reportTSError (C:\Users\Shailendra kumar\Desktop\masai-projects\masai-alumni\node_modules\.pnpm\ts-node@10.9.1_@swc+core@1.3.95_@types+node@18.17.2_typescript@5.1.3\node_modules\ts-node\src\index.ts:863:19)
    at C:\Users\Shailendra kumar\Desktop\masai-projects\masai-alumni\node_modules\.pnpm\ts-node@10.9.1_@swc+core@1.3.95_@types+node@18.17.2_typescript@5.1.3\node_modules\ts-node\src\index.ts:1379:34
    at Object.compile (C:\Users\Shailendra kumar\Desktop\masai-projects\masai-alumni\node_modules\.pnpm\ts-node@10.9.1_@swc+core@1.3.95_@types+node@18.17.2_typescript@5.1.3\node_modules\ts-node\src\index.ts:1458:13)
    at Module.m._compile (C:\Users\Shailendra kumar\Desktop\masai-projects\masai-alumni\node_modules\.pnpm\ts-node@10.9.1_@swc+core@1.3.95_@types+node@18.17.2_typescript@5.1.3\node_modules\ts-node\src\index.ts:1617:30)
    at Module._extensions..js (node:internal/modules/cjs/loader:1435:10)
    at Object.require.extensions.<computed> [as .ts] (C:\Users\Shailendra kumar\Desktop\masai-projects\masai-alumni\node_modules\.pnpm\ts-node@10.9.1_@swc+core@1.3.95_@types+node@18.17.2_typescript@5.1.3\node_modules\ts-node\src\index.ts:1621:12)
    at Module.load (node:internal/modules/cjs/loader:1207:32)
    at Function.Module._load (node:internal/modules/cjs/loader:1023:12)
    at Module.require (node:internal/modules/cjs/loader:1235:19)
2023-12-11 13:59:37 error: uncaughtException: ⨯ Unable to compile TypeScript:
src/controllers/auth.controller.ts(32,5): error TS1109: Expression expected.

TSError: ⨯ Unable to compile TypeScript:
src/controllers/auth.controller.ts(32,5): error TS1109: Expression expected.

    at createTSError (C:\Users\Shailendra kumar\Desktop\masai-projects\masai-alumni\node_modules\.pnpm\ts-node@10.9.1_@swc+core@1.3.95_@types+node@18.17.2_typescript@5.1.3\node_modules\ts-node\src\index.ts:859:12)
    at reportTSError (C:\Users\Shailendra kumar\Desktop\masai-projects\masai-alumni\node_modules\.pnpm\ts-node@10.9.1_@swc+core@1.3.95_@types+node@18.17.2_typescript@5.1.3\node_modules\ts-node\src\index.ts:863:19)
    at C:\Users\Shailendra kumar\Desktop\masai-projects\masai-alumni\node_modules\.pnpm\ts-node@10.9.1_@swc+core@1.3.95_@types+node@18.17.2_typescript@5.1.3\node_modules\ts-node\src\index.ts:1379:34
    at Object.compile (C:\Users\Shailendra kumar\Desktop\masai-projects\masai-alumni\node_modules\.pnpm\ts-node@10.9.1_@swc+core@1.3.95_@types+node@18.17.2_typescript@5.1.3\node_modules\ts-node\src\index.ts:1458:13)
    at Module.m._compile (C:\Users\Shailendra kumar\Desktop\masai-projects\masai-alumni\node_modules\.pnpm\ts-node@10.9.1_@swc+core@1.3.95_@types+node@18.17.2_typescript@5.1.3\node_modules\ts-node\src\index.ts:1617:30)
    at Module._extensions..js (node:internal/modules/cjs/loader:1435:10)
    at Object.require.extensions.<computed> [as .ts] (C:\Users\Shailendra kumar\Desktop\masai-projects\masai-alumni\node_modules\.pnpm\ts-node@10.9.1_@swc+core@1.3.95_@types+node@18.17.2_typescript@5.1.3\node_modules\ts-node\src\index.ts:1621:12)
    at Module.load (node:internal/modules/cjs/loader:1207:32)
    at Function.Module._load (node:internal/modules/cjs/loader:1023:12)
    at Module.require (node:internal/modules/cjs/loader:1235:19)
2023-12-11 13:59:44 error: uncaughtException: ⨯ Unable to compile TypeScript:
src/controllers/auth.controller.ts(32,5): error TS1109: Expression expected.

TSError: ⨯ Unable to compile TypeScript:
src/controllers/auth.controller.ts(32,5): error TS1109: Expression expected.

    at createTSError (C:\Users\Shailendra kumar\Desktop\masai-projects\masai-alumni\node_modules\.pnpm\ts-node@10.9.1_@swc+core@1.3.95_@types+node@18.17.2_typescript@5.1.3\node_modules\ts-node\src\index.ts:859:12)
    at reportTSError (C:\Users\Shailendra kumar\Desktop\masai-projects\masai-alumni\node_modules\.pnpm\ts-node@10.9.1_@swc+core@1.3.95_@types+node@18.17.2_typescript@5.1.3\node_modules\ts-node\src\index.ts:863:19)
    at C:\Users\Shailendra kumar\Desktop\masai-projects\masai-alumni\node_modules\.pnpm\ts-node@10.9.1_@swc+core@1.3.95_@types+node@18.17.2_typescript@5.1.3\node_modules\ts-node\src\index.ts:1379:34
    at Object.compile (C:\Users\Shailendra kumar\Desktop\masai-projects\masai-alumni\node_modules\.pnpm\ts-node@10.9.1_@swc+core@1.3.95_@types+node@18.17.2_typescript@5.1.3\node_modules\ts-node\src\index.ts:1458:13)
    at Module.m._compile (C:\Users\Shailendra kumar\Desktop\masai-projects\masai-alumni\node_modules\.pnpm\ts-node@10.9.1_@swc+core@1.3.95_@types+node@18.17.2_typescript@5.1.3\node_modules\ts-node\src\index.ts:1617:30)
    at Module._extensions..js (node:internal/modules/cjs/loader:1435:10)
    at Object.require.extensions.<computed> [as .ts] (C:\Users\Shailendra kumar\Desktop\masai-projects\masai-alumni\node_modules\.pnpm\ts-node@10.9.1_@swc+core@1.3.95_@types+node@18.17.2_typescript@5.1.3\node_modules\ts-node\src\index.ts:1621:12)
    at Module.load (node:internal/modules/cjs/loader:1207:32)
    at Function.Module._load (node:internal/modules/cjs/loader:1023:12)
    at Module.require (node:internal/modules/cjs/loader:1235:19)
2023-12-11 13:59:49 error: uncaughtException: ⨯ Unable to compile TypeScript:
src/controllers/auth.controller.ts(32,5): error TS1109: Expression expected.

TSError: ⨯ Unable to compile TypeScript:
src/controllers/auth.controller.ts(32,5): error TS1109: Expression expected.

    at createTSError (C:\Users\Shailendra kumar\Desktop\masai-projects\masai-alumni\node_modules\.pnpm\ts-node@10.9.1_@swc+core@1.3.95_@types+node@18.17.2_typescript@5.1.3\node_modules\ts-node\src\index.ts:859:12)
    at reportTSError (C:\Users\Shailendra kumar\Desktop\masai-projects\masai-alumni\node_modules\.pnpm\ts-node@10.9.1_@swc+core@1.3.95_@types+node@18.17.2_typescript@5.1.3\node_modules\ts-node\src\index.ts:863:19)
    at C:\Users\Shailendra kumar\Desktop\masai-projects\masai-alumni\node_modules\.pnpm\ts-node@10.9.1_@swc+core@1.3.95_@types+node@18.17.2_typescript@5.1.3\node_modules\ts-node\src\index.ts:1379:34
    at Object.compile (C:\Users\Shailendra kumar\Desktop\masai-projects\masai-alumni\node_modules\.pnpm\ts-node@10.9.1_@swc+core@1.3.95_@types+node@18.17.2_typescript@5.1.3\node_modules\ts-node\src\index.ts:1458:13)
    at Module.m._compile (C:\Users\Shailendra kumar\Desktop\masai-projects\masai-alumni\node_modules\.pnpm\ts-node@10.9.1_@swc+core@1.3.95_@types+node@18.17.2_typescript@5.1.3\node_modules\ts-node\src\index.ts:1617:30)
    at Module._extensions..js (node:internal/modules/cjs/loader:1435:10)
    at Object.require.extensions.<computed> [as .ts] (C:\Users\Shailendra kumar\Desktop\masai-projects\masai-alumni\node_modules\.pnpm\ts-node@10.9.1_@swc+core@1.3.95_@types+node@18.17.2_typescript@5.1.3\node_modules\ts-node\src\index.ts:1621:12)
    at Module.load (node:internal/modules/cjs/loader:1207:32)
    at Function.Module._load (node:internal/modules/cjs/loader:1023:12)
    at Module.require (node:internal/modules/cjs/loader:1235:19)
2023-12-11 14:00:15 error: uncaughtException: await is only valid in async functions and the top level bodies of modules
C:\Users\Shailendra kumar\Desktop\masai-projects\masai-alumni\apps\server\src\controllers\auth.controller.ts:27
                const profile = await this.pro;
                                ^^^^^

SyntaxError: await is only valid in async functions and the top level bodies of modules
    at internalCompileFunction (node:internal/vm:77:18)
    at wrapSafe (node:internal/modules/cjs/loader:1288:20)
    at Module._compile (node:internal/modules/cjs/loader:1340:27)
    at Module.m._compile (C:\Users\Shailendra kumar\Desktop\masai-projects\masai-alumni\node_modules\.pnpm\ts-node@10.9.1_@swc+core@1.3.95_@types+node@18.17.2_typescript@5.1.3\node_modules\ts-node\src\index.ts:1618:23)
    at Module._extensions..js (node:internal/modules/cjs/loader:1435:10)
    at Object.require.extensions.<computed> [as .ts] (C:\Users\Shailendra kumar\Desktop\masai-projects\masai-alumni\node_modules\.pnpm\ts-node@10.9.1_@swc+core@1.3.95_@types+node@18.17.2_typescript@5.1.3\node_modules\ts-node\src\index.ts:1621:12)
    at Module.load (node:internal/modules/cjs/loader:1207:32)
    at Function.Module._load (node:internal/modules/cjs/loader:1023:12)
    at Module.require (node:internal/modules/cjs/loader:1235:19)
    at require (node:internal/modules/helpers:176:18)
2023-12-11 14:00:25 error: uncaughtException: await is only valid in async functions and the top level bodies of modules
C:\Users\Shailendra kumar\Desktop\masai-projects\masai-alumni\apps\server\src\controllers\auth.controller.ts:27
                const profile = await this.profile;
                                ^^^^^

SyntaxError: await is only valid in async functions and the top level bodies of modules
    at internalCompileFunction (node:internal/vm:77:18)
    at wrapSafe (node:internal/modules/cjs/loader:1288:20)
    at Module._compile (node:internal/modules/cjs/loader:1340:27)
    at Module.m._compile (C:\Users\Shailendra kumar\Desktop\masai-projects\masai-alumni\node_modules\.pnpm\ts-node@10.9.1_@swc+core@1.3.95_@types+node@18.17.2_typescript@5.1.3\node_modules\ts-node\src\index.ts:1618:23)
    at Module._extensions..js (node:internal/modules/cjs/loader:1435:10)
    at Object.require.extensions.<computed> [as .ts] (C:\Users\Shailendra kumar\Desktop\masai-projects\masai-alumni\node_modules\.pnpm\ts-node@10.9.1_@swc+core@1.3.95_@types+node@18.17.2_typescript@5.1.3\node_modules\ts-node\src\index.ts:1621:12)
    at Module.load (node:internal/modules/cjs/loader:1207:32)
    at Function.Module._load (node:internal/modules/cjs/loader:1023:12)
    at Module.require (node:internal/modules/cjs/loader:1235:19)
    at require (node:internal/modules/helpers:176:18)
2023-12-11 14:00:37 error: uncaughtException: await is only valid in async functions and the top level bodies of modules
C:\Users\Shailendra kumar\Desktop\masai-projects\masai-alumni\apps\server\src\controllers\auth.controller.ts:27
                const profile = await this.profileService;
                                ^^^^^

SyntaxError: await is only valid in async functions and the top level bodies of modules
    at internalCompileFunction (node:internal/vm:77:18)
    at wrapSafe (node:internal/modules/cjs/loader:1288:20)
    at Module._compile (node:internal/modules/cjs/loader:1340:27)
    at Module.m._compile (C:\Users\Shailendra kumar\Desktop\masai-projects\masai-alumni\node_modules\.pnpm\ts-node@10.9.1_@swc+core@1.3.95_@types+node@18.17.2_typescript@5.1.3\node_modules\ts-node\src\index.ts:1618:23)
    at Module._extensions..js (node:internal/modules/cjs/loader:1435:10)
    at Object.require.extensions.<computed> [as .ts] (C:\Users\Shailendra kumar\Desktop\masai-projects\masai-alumni\node_modules\.pnpm\ts-node@10.9.1_@swc+core@1.3.95_@types+node@18.17.2_typescript@5.1.3\node_modules\ts-node\src\index.ts:1621:12)
    at Module.load (node:internal/modules/cjs/loader:1207:32)
    at Function.Module._load (node:internal/modules/cjs/loader:1023:12)
    at Module.require (node:internal/modules/cjs/loader:1235:19)
    at require (node:internal/modules/helpers:176:18)
2023-12-11 14:00:41 error: uncaughtException: await is only valid in async functions and the top level bodies of modules
C:\Users\Shailendra kumar\Desktop\masai-projects\masai-alumni\apps\server\src\controllers\auth.controller.ts:27
                const profile = await this.profileService;
                                ^^^^^

SyntaxError: await is only valid in async functions and the top level bodies of modules
    at internalCompileFunction (node:internal/vm:77:18)
    at wrapSafe (node:internal/modules/cjs/loader:1288:20)
    at Module._compile (node:internal/modules/cjs/loader:1340:27)
    at Module.m._compile (C:\Users\Shailendra kumar\Desktop\masai-projects\masai-alumni\node_modules\.pnpm\ts-node@10.9.1_@swc+core@1.3.95_@types+node@18.17.2_typescript@5.1.3\node_modules\ts-node\src\index.ts:1618:23)
    at Module._extensions..js (node:internal/modules/cjs/loader:1435:10)
    at Object.require.extensions.<computed> [as .ts] (C:\Users\Shailendra kumar\Desktop\masai-projects\masai-alumni\node_modules\.pnpm\ts-node@10.9.1_@swc+core@1.3.95_@types+node@18.17.2_typescript@5.1.3\node_modules\ts-node\src\index.ts:1621:12)
    at Module.load (node:internal/modules/cjs/loader:1207:32)
    at Function.Module._load (node:internal/modules/cjs/loader:1023:12)
    at Module.require (node:internal/modules/cjs/loader:1235:19)
    at require (node:internal/modules/helpers:176:18)
2023-12-11 14:00:43 error: uncaughtException: ⨯ Unable to compile TypeScript:
src/controllers/auth.controller.ts(30,49): error TS1003: Identifier expected.

TSError: ⨯ Unable to compile TypeScript:
src/controllers/auth.controller.ts(30,49): error TS1003: Identifier expected.

    at createTSError (C:\Users\Shailendra kumar\Desktop\masai-projects\masai-alumni\node_modules\.pnpm\ts-node@10.9.1_@swc+core@1.3.95_@types+node@18.17.2_typescript@5.1.3\node_modules\ts-node\src\index.ts:859:12)
    at reportTSError (C:\Users\Shailendra kumar\Desktop\masai-projects\masai-alumni\node_modules\.pnpm\ts-node@10.9.1_@swc+core@1.3.95_@types+node@18.17.2_typescript@5.1.3\node_modules\ts-node\src\index.ts:863:19)
    at C:\Users\Shailendra kumar\Desktop\masai-projects\masai-alumni\node_modules\.pnpm\ts-node@10.9.1_@swc+core@1.3.95_@types+node@18.17.2_typescript@5.1.3\node_modules\ts-node\src\index.ts:1379:34
    at Object.compile (C:\Users\Shailendra kumar\Desktop\masai-projects\masai-alumni\node_modules\.pnpm\ts-node@10.9.1_@swc+core@1.3.95_@types+node@18.17.2_typescript@5.1.3\node_modules\ts-node\src\index.ts:1458:13)
    at Module.m._compile (C:\Users\Shailendra kumar\Desktop\masai-projects\masai-alumni\node_modules\.pnpm\ts-node@10.9.1_@swc+core@1.3.95_@types+node@18.17.2_typescript@5.1.3\node_modules\ts-node\src\index.ts:1617:30)
    at Module._extensions..js (node:internal/modules/cjs/loader:1435:10)
    at Object.require.extensions.<computed> [as .ts] (C:\Users\Shailendra kumar\Desktop\masai-projects\masai-alumni\node_modules\.pnpm\ts-node@10.9.1_@swc+core@1.3.95_@types+node@18.17.2_typescript@5.1.3\node_modules\ts-node\src\index.ts:1621:12)
    at Module.load (node:internal/modules/cjs/loader:1207:32)
    at Function.Module._load (node:internal/modules/cjs/loader:1023:12)
    at Module.require (node:internal/modules/cjs/loader:1235:19)
2023-12-11 14:01:11 error: uncaughtException: await is only valid in async functions and the top level bodies of modules
C:\Users\Shailendra kumar\Desktop\masai-projects\masai-alumni\apps\server\src\controllers\auth.controller.ts:27
                const profile = await this.profileService;
                                ^^^^^

SyntaxError: await is only valid in async functions and the top level bodies of modules
    at internalCompileFunction (node:internal/vm:77:18)
    at wrapSafe (node:internal/modules/cjs/loader:1288:20)
    at Module._compile (node:internal/modules/cjs/loader:1340:27)
    at Module.m._compile (C:\Users\Shailendra kumar\Desktop\masai-projects\masai-alumni\node_modules\.pnpm\ts-node@10.9.1_@swc+core@1.3.95_@types+node@18.17.2_typescript@5.1.3\node_modules\ts-node\src\index.ts:1618:23)
    at Module._extensions..js (node:internal/modules/cjs/loader:1435:10)
    at Object.require.extensions.<computed> [as .ts] (C:\Users\Shailendra kumar\Desktop\masai-projects\masai-alumni\node_modules\.pnpm\ts-node@10.9.1_@swc+core@1.3.95_@types+node@18.17.2_typescript@5.1.3\node_modules\ts-node\src\index.ts:1621:12)
    at Module.load (node:internal/modules/cjs/loader:1207:32)
    at Function.Module._load (node:internal/modules/cjs/loader:1023:12)
    at Module.require (node:internal/modules/cjs/loader:1235:19)
    at require (node:internal/modules/helpers:176:18)
2023-12-11 14:01:14 error: uncaughtException: ⨯ Unable to compile TypeScript:
src/controllers/auth.controller.ts(30,49): error TS1003: Identifier expected.

TSError: ⨯ Unable to compile TypeScript:
src/controllers/auth.controller.ts(30,49): error TS1003: Identifier expected.

    at createTSError (C:\Users\Shailendra kumar\Desktop\masai-projects\masai-alumni\node_modules\.pnpm\ts-node@10.9.1_@swc+core@1.3.95_@types+node@18.17.2_typescript@5.1.3\node_modules\ts-node\src\index.ts:859:12)
    at reportTSError (C:\Users\Shailendra kumar\Desktop\masai-projects\masai-alumni\node_modules\.pnpm\ts-node@10.9.1_@swc+core@1.3.95_@types+node@18.17.2_typescript@5.1.3\node_modules\ts-node\src\index.ts:863:19)
    at C:\Users\Shailendra kumar\Desktop\masai-projects\masai-alumni\node_modules\.pnpm\ts-node@10.9.1_@swc+core@1.3.95_@types+node@18.17.2_typescript@5.1.3\node_modules\ts-node\src\index.ts:1379:34
    at Object.compile (C:\Users\Shailendra kumar\Desktop\masai-projects\masai-alumni\node_modules\.pnpm\ts-node@10.9.1_@swc+core@1.3.95_@types+node@18.17.2_typescript@5.1.3\node_modules\ts-node\src\index.ts:1458:13)
    at Module.m._compile (C:\Users\Shailendra kumar\Desktop\masai-projects\masai-alumni\node_modules\.pnpm\ts-node@10.9.1_@swc+core@1.3.95_@types+node@18.17.2_typescript@5.1.3\node_modules\ts-node\src\index.ts:1617:30)
    at Module._extensions..js (node:internal/modules/cjs/loader:1435:10)
    at Object.require.extensions.<computed> [as .ts] (C:\Users\Shailendra kumar\Desktop\masai-projects\masai-alumni\node_modules\.pnpm\ts-node@10.9.1_@swc+core@1.3.95_@types+node@18.17.2_typescript@5.1.3\node_modules\ts-node\src\index.ts:1621:12)
    at Module.load (node:internal/modules/cjs/loader:1207:32)
    at Function.Module._load (node:internal/modules/cjs/loader:1023:12)
    at Module.require (node:internal/modules/cjs/loader:1235:19)
2023-12-11 14:01:17 error: uncaughtException: await is only valid in async functions and the top level bodies of modules
C:\Users\Shailendra kumar\Desktop\masai-projects\masai-alumni\apps\server\src\controllers\auth.controller.ts:27
                const profile = await this.profileService.get;
                                ^^^^^

SyntaxError: await is only valid in async functions and the top level bodies of modules
    at internalCompileFunction (node:internal/vm:77:18)
    at wrapSafe (node:internal/modules/cjs/loader:1288:20)
    at Module._compile (node:internal/modules/cjs/loader:1340:27)
    at Module.m._compile (C:\Users\Shailendra kumar\Desktop\masai-projects\masai-alumni\node_modules\.pnpm\ts-node@10.9.1_@swc+core@1.3.95_@types+node@18.17.2_typescript@5.1.3\node_modules\ts-node\src\index.ts:1618:23)
    at Module._extensions..js (node:internal/modules/cjs/loader:1435:10)
    at Object.require.extensions.<computed> [as .ts] (C:\Users\Shailendra kumar\Desktop\masai-projects\masai-alumni\node_modules\.pnpm\ts-node@10.9.1_@swc+core@1.3.95_@types+node@18.17.2_typescript@5.1.3\node_modules\ts-node\src\index.ts:1621:12)
    at Module.load (node:internal/modules/cjs/loader:1207:32)
    at Function.Module._load (node:internal/modules/cjs/loader:1023:12)
    at Module.require (node:internal/modules/cjs/loader:1235:19)
    at require (node:internal/modules/helpers:176:18)
2023-12-11 14:01:24 error: uncaughtException: await is only valid in async functions and the top level bodies of modules
C:\Users\Shailendra kumar\Desktop\masai-projects\masai-alumni\apps\server\src\controllers\auth.controller.ts:27
                const profile = await this.pr;
                                ^^^^^

SyntaxError: await is only valid in async functions and the top level bodies of modules
    at internalCompileFunction (node:internal/vm:77:18)
    at wrapSafe (node:internal/modules/cjs/loader:1288:20)
    at Module._compile (node:internal/modules/cjs/loader:1340:27)
    at Module.m._compile (C:\Users\Shailendra kumar\Desktop\masai-projects\masai-alumni\node_modules\.pnpm\ts-node@10.9.1_@swc+core@1.3.95_@types+node@18.17.2_typescript@5.1.3\node_modules\ts-node\src\index.ts:1618:23)
    at Module._extensions..js (node:internal/modules/cjs/loader:1435:10)
    at Object.require.extensions.<computed> [as .ts] (C:\Users\Shailendra kumar\Desktop\masai-projects\masai-alumni\node_modules\.pnpm\ts-node@10.9.1_@swc+core@1.3.95_@types+node@18.17.2_typescript@5.1.3\node_modules\ts-node\src\index.ts:1621:12)
    at Module.load (node:internal/modules/cjs/loader:1207:32)
    at Function.Module._load (node:internal/modules/cjs/loader:1023:12)
    at Module.require (node:internal/modules/cjs/loader:1235:19)
    at require (node:internal/modules/helpers:176:18)
2023-12-11 15:13:36 error: [GET] /api/v1/alumni/directory >> StatusCode:: 500, Message:: Error fething profile
2023-12-11 15:13:38 error: [GET] /api/v1/alumni/directory >> StatusCode:: 500, Message:: Error fething profile
2023-12-11 15:13:40 error: [GET] /api/v1/alumni/directory >> StatusCode:: 500, Message:: Error fething profile
2023-12-11 15:13:41 error: [GET] /api/v1/alumni/directory >> StatusCode:: 500, Message:: Error fething profile
2023-12-11 15:14:40 error: [GET] /api/v1/alumni/directory >> StatusCode:: 500, Message:: Error fething profile
2023-12-11 15:14:44 error: [GET] /api/v1/alumni/directory >> StatusCode:: 500, Message:: Error fething profile
2023-12-11 15:14:45 error: [GET] /api/v1/alumni/directory >> StatusCode:: 500, Message:: Error fething profile
2023-12-11 15:14:46 error: [GET] /api/v1/alumni/directory >> StatusCode:: 500, Message:: Error fething profile
2023-12-11 15:18:00 error: [GET] /api/v1/alumni/directory >> StatusCode:: 500, Message:: Error fething profile
2023-12-11 15:18:01 error: [GET] /api/v1/alumni/directory >> StatusCode:: 500, Message:: Error fething profile
2023-12-11 15:18:02 error: [GET] /api/v1/alumni/directory >> StatusCode:: 500, Message:: Error fething profile
2023-12-11 15:39:25 error: uncaughtException: ⨯ Unable to compile TypeScript:
src/models/commet.model.ts(7,1): error TS1005: ',' expected.
src/models/commet.model.ts(7,7): error TS1005: ',' expected.
src/models/commet.model.ts(7,20): error TS1005: ',' expected.
src/models/commet.model.ts(7,28): error TS1005: ',' expected.
src/models/commet.model.ts(7,33): error TS1005: ',' expected.
src/models/commet.model.ts(7,54): error TS1005: ';' expected.
src/models/commet.model.ts(9,5): error TS1128: Declaration or statement expected.
src/models/commet.model.ts(9,22): error TS1005: ';' expected.
src/models/commet.model.ts(10,5): error TS1128: Declaration or statement expected.
src/models/commet.model.ts(10,19): error TS1005: ';' expected.
src/models/commet.model.ts(11,5): error TS1128: Declaration or statement expected.
src/models/commet.model.ts(11,19): error TS1005: ';' expected.
src/models/commet.model.ts(12,5): error TS1128: Declaration or statement expected.
src/models/commet.model.ts(12,17): error TS1005: ';' expected.

TSError: ⨯ Unable to compile TypeScript:
src/models/commet.model.ts(7,1): error TS1005: ',' expected.
src/models/commet.model.ts(7,7): error TS1005: ',' expected.
src/models/commet.model.ts(7,20): error TS1005: ',' expected.
src/models/commet.model.ts(7,28): error TS1005: ',' expected.
src/models/commet.model.ts(7,33): error TS1005: ',' expected.
src/models/commet.model.ts(7,54): error TS1005: ';' expected.
src/models/commet.model.ts(9,5): error TS1128: Declaration or statement expected.
src/models/commet.model.ts(9,22): error TS1005: ';' expected.
src/models/commet.model.ts(10,5): error TS1128: Declaration or statement expected.
src/models/commet.model.ts(10,19): error TS1005: ';' expected.
src/models/commet.model.ts(11,5): error TS1128: Declaration or statement expected.
src/models/commet.model.ts(11,19): error TS1005: ';' expected.
src/models/commet.model.ts(12,5): error TS1128: Declaration or statement expected.
src/models/commet.model.ts(12,17): error TS1005: ';' expected.

    at createTSError (C:\Users\Shailendra kumar\Desktop\masai-projects\masai-alumni\node_modules\.pnpm\ts-node@10.9.1_@swc+core@1.3.95_@types+node@18.17.2_typescript@5.1.3\node_modules\ts-node\src\index.ts:859:12)
    at reportTSError (C:\Users\Shailendra kumar\Desktop\masai-projects\masai-alumni\node_modules\.pnpm\ts-node@10.9.1_@swc+core@1.3.95_@types+node@18.17.2_typescript@5.1.3\node_modules\ts-node\src\index.ts:863:19)
    at C:\Users\Shailendra kumar\Desktop\masai-projects\masai-alumni\node_modules\.pnpm\ts-node@10.9.1_@swc+core@1.3.95_@types+node@18.17.2_typescript@5.1.3\node_modules\ts-node\src\index.ts:1379:34
    at Object.compile (C:\Users\Shailendra kumar\Desktop\masai-projects\masai-alumni\node_modules\.pnpm\ts-node@10.9.1_@swc+core@1.3.95_@types+node@18.17.2_typescript@5.1.3\node_modules\ts-node\src\index.ts:1458:13)
    at Module.m._compile (C:\Users\Shailendra kumar\Desktop\masai-projects\masai-alumni\node_modules\.pnpm\ts-node@10.9.1_@swc+core@1.3.95_@types+node@18.17.2_typescript@5.1.3\node_modules\ts-node\src\index.ts:1617:30)
    at Module._extensions..js (node:internal/modules/cjs/loader:1435:10)
    at Object.require.extensions.<computed> [as .ts] (C:\Users\Shailendra kumar\Desktop\masai-projects\masai-alumni\node_modules\.pnpm\ts-node@10.9.1_@swc+core@1.3.95_@types+node@18.17.2_typescript@5.1.3\node_modules\ts-node\src\index.ts:1621:12)
    at Module.load (node:internal/modules/cjs/loader:1207:32)
    at Function.Module._load (node:internal/modules/cjs/loader:1023:12)
    at Module.require (node:internal/modules/cjs/loader:1235:19)
2023-12-11 16:22:30 error: [GET] /api/v1/alumni/directory >> StatusCode:: 500, Message:: Error fething profile
2023-12-11 16:22:36 error: [GET] /api/v1/alumni/directory >> StatusCode:: 500, Message:: Error fething profile
2023-12-11 16:23:12 error: [GET] /api/v1/alumni/directory >> StatusCode:: 500, Message:: Error fething profile
2023-12-11 16:24:04 error: [GET] /api/v1/alumni/directory >> StatusCode:: 500, Message:: Error fething profile
2023-12-11 16:27:07 error: [GET] /api/v1/alumni/directory >> StatusCode:: 500, Message:: Error fething profile
2023-12-11 16:27:09 error: [GET] /api/v1/alumni/directory >> StatusCode:: 500, Message:: Error fething profile
2023-12-11 16:30:32 error: [GET] /api/v1/alumni/directory >> StatusCode:: 500, Message:: Error fething profile
2023-12-11 16:31:29 error: [GET] /api/v1/alumni/directory >> StatusCode:: 500, Message:: Error fething profile
2023-12-11 16:41:05 error: [GET] /api/v1/alumni/directory >> StatusCode:: 500, Message:: Error fething profile
2023-12-11 16:41:16 error: [GET] /api/v1/alumni/directory >> StatusCode:: 500, Message:: Error fething profile
2023-12-11 16:41:20 error: [GET] /api/v1/alumni/directory >> StatusCode:: 500, Message:: Error fething profile
2023-12-11 16:42:11 error: [GET] /api/v1/alumni/directory >> StatusCode:: 500, Message:: Error fething profile
2023-12-11 16:42:26 error: [GET] /api/v1/alumni/directory >> StatusCode:: 500, Message:: Error fething profile
2023-12-11 16:42:32 error: [GET] /api/v1/alumni/directory >> StatusCode:: 500, Message:: Error fething profile
2023-12-11 16:42:40 error: [GET] /api/v1/alumni/directory >> StatusCode:: 500, Message:: Error fething profile
2023-12-11 16:43:58 error: [GET] /api/v1/alumni/directory >> StatusCode:: 500, Message:: Error fething profile
2023-12-11 17:15:10 error: [GET] /api/v1/alumni/directory >> StatusCode:: 500, Message:: Error fething profile
2023-12-11 17:15:18 error: [GET] /api/v1/alumni/directory >> StatusCode:: 500, Message:: Error fething profile
2023-12-11 17:15:29 error: [GET] /api/v1/alumni/directory >> StatusCode:: 500, Message:: Error fething profile
2023-12-11 17:15:34 error: [GET] /api/v1/alumni/directory >> StatusCode:: 500, Message:: Error fething profile
2023-12-11 17:16:00 error: [GET] /api/v1/alumni/directory >> StatusCode:: 500, Message:: Error fething profile
2023-12-11 17:17:18 error: [GET] /api/v1/alumni/directory >> StatusCode:: 500, Message:: Error fething profile
2023-12-11 17:17:22 error: [GET] /api/v1/alumni/directory >> StatusCode:: 500, Message:: Error fething profile
2023-12-11 17:17:33 error: [GET] /api/v1/alumni/directory >> StatusCode:: 500, Message:: Error fething profile
2023-12-11 17:19:01 error: [GET] /api/v1/alumni/directory >> StatusCode:: 500, Message:: Error fething profile
2023-12-11 17:19:15 error: [GET] /api/v1/alumni/directory >> StatusCode:: 500, Message:: Error fething profile
2023-12-11 17:19:16 error: [GET] /api/v1/alumni/directory >> StatusCode:: 500, Message:: Error fething profile
2023-12-11 17:19:19 error: [GET] /api/v1/alumni/directory >> StatusCode:: 500, Message:: Error fething profile
2023-12-11 17:19:22 error: [GET] /api/v1/alumni/directory >> StatusCode:: 500, Message:: Error fething profile
2023-12-11 17:22:04 error: [GET] /api/v1/alumni/directory >> StatusCode:: 500, Message:: Error fething profile
2023-12-11 17:22:06 error: [GET] /api/v1/alumni/directory >> StatusCode:: 500, Message:: Error fething profile
2023-12-11 17:27:27 error: [GET] /api/v1/alumni/directory >> StatusCode:: 500, Message:: Error fething profile
2023-12-11 17:27:28 error: [GET] /api/v1/alumni/directory >> StatusCode:: 500, Message:: Error fething profile
2023-12-11 17:27:58 error: [GET] /api/v1/alumni/directory >> StatusCode:: 500, Message:: Error fething profile
2023-12-11 17:28:13 error: [GET] /api/v1/alumni/directory >> StatusCode:: 500, Message:: Error fething profile
2023-12-11 17:28:14 error: [GET] /api/v1/alumni/directory >> StatusCode:: 500, Message:: Error fething profile
2023-12-11 18:52:00 error: [GET] /api/v1/alumni/directory >> StatusCode:: 500, Message:: Error fething profile
2023-12-11 18:52:17 error: [GET] /api/v1/alumni/directory >> StatusCode:: 500, Message:: Error fething profile
2023-12-11 18:55:57 error: [GET] /api/v1/alumni/directory >> StatusCode:: 500, Message:: Error fething profile
2023-12-11 18:55:58 error: [GET] /api/v1/alumni/directory >> StatusCode:: 500, Message:: Error fething profile
2023-12-11 18:59:54 error: [GET] /api/v1/alumni/directory >> StatusCode:: 404, Message:: Alumni not  found
2023-12-11 18:59:57 error: [GET] /api/v1/alumni/directory >> StatusCode:: 404, Message:: Alumni not  found
2023-12-11 19:09:32 error: [GET] /api/v1/alumni/directory >> StatusCode:: 500, Message:: Error fething profile
2023-12-11 19:09:36 error: [GET] /api/v1/alumni/directory >> StatusCode:: 500, Message:: Error fething profile
2023-12-11 19:10:18 error: [GET] /api/v1/alumni/directory >> StatusCode:: 500, Message:: Error fething profile
2023-12-11 19:13:16 error: [GET] /api/v1/alumni/directory >> StatusCode:: 500, Message:: Error fething profile
2023-12-11 19:13:17 error: [GET] /api/v1/alumni/directory >> StatusCode:: 500, Message:: Error fething profile
