2023-11-29 16:07:13 error: uncaughtException: тип Unable to compile TypeScript:
[96msrc/services/job.service.ts[0m:[93m99[0m:[93m28[0m - [91merror[0m[90m TS1135: [0mArgument expression expected.

[7m99[0m    throw new HttpException(,'Unable to fetch jobs');
[7m  [0m [91m                           ~[0m

TSError: тип Unable to compile TypeScript:
[96msrc/services/job.service.ts[0m:[93m99[0m:[93m28[0m - [91merror[0m[90m TS1135: [0mArgument expression expected.

[7m99[0m    throw new HttpException(,'Unable to fetch jobs');
[7m  [0m [91m                           ~[0m

    at createTSError (C:\Users\Sheelu Kumar\Desktop\masai-alumni\node_modules\.pnpm\ts-node@10.9.1_@swc+core@1.3.95_@types+node@18.17.2_typescript@5.1.3\node_modules\ts-node\src\index.ts:859:12)
    at reportTSError (C:\Users\Sheelu Kumar\Desktop\masai-alumni\node_modules\.pnpm\ts-node@10.9.1_@swc+core@1.3.95_@types+node@18.17.2_typescript@5.1.3\node_modules\ts-node\src\index.ts:863:19)
    at C:\Users\Sheelu Kumar\Desktop\masai-alumni\node_modules\.pnpm\ts-node@10.9.1_@swc+core@1.3.95_@types+node@18.17.2_typescript@5.1.3\node_modules\ts-node\src\index.ts:1379:34
    at Object.compile (C:\Users\Sheelu Kumar\Desktop\masai-alumni\node_modules\.pnpm\ts-node@10.9.1_@swc+core@1.3.95_@types+node@18.17.2_typescript@5.1.3\node_modules\ts-node\src\index.ts:1458:13)
    at Module.m._compile (C:\Users\Sheelu Kumar\Desktop\masai-alumni\node_modules\.pnpm\ts-node@10.9.1_@swc+core@1.3.95_@types+node@18.17.2_typescript@5.1.3\node_modules\ts-node\src\index.ts:1617:30)
    at Module._extensions..js (node:internal/modules/cjs/loader:1310:10)
    at Object.require.extensions.<computed> [as .ts] (C:\Users\Sheelu Kumar\Desktop\masai-alumni\node_modules\.pnpm\ts-node@10.9.1_@swc+core@1.3.95_@types+node@18.17.2_typescript@5.1.3\node_modules\ts-node\src\index.ts:1621:12)
    at Module.load (node:internal/modules/cjs/loader:1119:32)
    at Function.Module._load (node:internal/modules/cjs/loader:960:12)
    at Module.require (node:internal/modules/cjs/loader:1143:19)
2023-11-29 16:12:43 error: uncaughtException: тип Unable to compile TypeScript:
[96msrc/services/job.service.ts[0m:[93m109[0m:[93m28[0m - [91merror[0m[90m TS1135: [0mArgument expression expected.

[7m109[0m    throw new HttpException(,'Unable to create job: ' + error.message);
[7m   [0m [91m                           ~[0m

TSError: тип Unable to compile TypeScript:
[96msrc/services/job.service.ts[0m:[93m109[0m:[93m28[0m - [91merror[0m[90m TS1135: [0mArgument expression expected.

[7m109[0m    throw new HttpException(,'Unable to create job: ' + error.message);
[7m   [0m [91m                           ~[0m

    at createTSError (C:\Users\Sheelu Kumar\Desktop\masai-alumni\node_modules\.pnpm\ts-node@10.9.1_@swc+core@1.3.95_@types+node@18.17.2_typescript@5.1.3\node_modules\ts-node\src\index.ts:859:12)
    at reportTSError (C:\Users\Sheelu Kumar\Desktop\masai-alumni\node_modules\.pnpm\ts-node@10.9.1_@swc+core@1.3.95_@types+node@18.17.2_typescript@5.1.3\node_modules\ts-node\src\index.ts:863:19)
    at C:\Users\Sheelu Kumar\Desktop\masai-alumni\node_modules\.pnpm\ts-node@10.9.1_@swc+core@1.3.95_@types+node@18.17.2_typescript@5.1.3\node_modules\ts-node\src\index.ts:1379:34
    at Object.compile (C:\Users\Sheelu Kumar\Desktop\masai-alumni\node_modules\.pnpm\ts-node@10.9.1_@swc+core@1.3.95_@types+node@18.17.2_typescript@5.1.3\node_modules\ts-node\src\index.ts:1458:13)
    at Module.m._compile (C:\Users\Sheelu Kumar\Desktop\masai-alumni\node_modules\.pnpm\ts-node@10.9.1_@swc+core@1.3.95_@types+node@18.17.2_typescript@5.1.3\node_modules\ts-node\src\index.ts:1617:30)
    at Module._extensions..js (node:internal/modules/cjs/loader:1310:10)
    at Object.require.extensions.<computed> [as .ts] (C:\Users\Sheelu Kumar\Desktop\masai-alumni\node_modules\.pnpm\ts-node@10.9.1_@swc+core@1.3.95_@types+node@18.17.2_typescript@5.1.3\node_modules\ts-node\src\index.ts:1621:12)
    at Module.load (node:internal/modules/cjs/loader:1119:32)
    at Function.Module._load (node:internal/modules/cjs/loader:960:12)
    at Module.require (node:internal/modules/cjs/loader:1143:19)
2023-11-29 16:14:46 error: uncaughtException: тип Unable to compile TypeScript:
[96msrc/services/job.service.ts[0m:[93m121[0m:[93m28[0m - [91merror[0m[90m TS1135: [0mArgument expression expected.

[7m121[0m    throw new HttpException(,'Unable to update job: ' + error.message);
[7m   [0m [91m                           ~[0m

TSError: тип Unable to compile TypeScript:
[96msrc/services/job.service.ts[0m:[93m121[0m:[93m28[0m - [91merror[0m[90m TS1135: [0mArgument expression expected.

[7m121[0m    throw new HttpException(,'Unable to update job: ' + error.message);
[7m   [0m [91m                           ~[0m

    at createTSError (C:\Users\Sheelu Kumar\Desktop\masai-alumni\node_modules\.pnpm\ts-node@10.9.1_@swc+core@1.3.95_@types+node@18.17.2_typescript@5.1.3\node_modules\ts-node\src\index.ts:859:12)
    at reportTSError (C:\Users\Sheelu Kumar\Desktop\masai-alumni\node_modules\.pnpm\ts-node@10.9.1_@swc+core@1.3.95_@types+node@18.17.2_typescript@5.1.3\node_modules\ts-node\src\index.ts:863:19)
    at C:\Users\Sheelu Kumar\Desktop\masai-alumni\node_modules\.pnpm\ts-node@10.9.1_@swc+core@1.3.95_@types+node@18.17.2_typescript@5.1.3\node_modules\ts-node\src\index.ts:1379:34
    at Object.compile (C:\Users\Sheelu Kumar\Desktop\masai-alumni\node_modules\.pnpm\ts-node@10.9.1_@swc+core@1.3.95_@types+node@18.17.2_typescript@5.1.3\node_modules\ts-node\src\index.ts:1458:13)
    at Module.m._compile (C:\Users\Sheelu Kumar\Desktop\masai-alumni\node_modules\.pnpm\ts-node@10.9.1_@swc+core@1.3.95_@types+node@18.17.2_typescript@5.1.3\node_modules\ts-node\src\index.ts:1617:30)
    at Module._extensions..js (node:internal/modules/cjs/loader:1310:10)
    at Object.require.extensions.<computed> [as .ts] (C:\Users\Sheelu Kumar\Desktop\masai-alumni\node_modules\.pnpm\ts-node@10.9.1_@swc+core@1.3.95_@types+node@18.17.2_typescript@5.1.3\node_modules\ts-node\src\index.ts:1621:12)
    at Module.load (node:internal/modules/cjs/loader:1119:32)
    at Function.Module._load (node:internal/modules/cjs/loader:960:12)
    at Module.require (node:internal/modules/cjs/loader:1143:19)
2023-11-29 16:25:37 error: uncaughtException: тип Unable to compile TypeScript:
[96msrc/controllers/job.controller.ts[0m:[93m61[0m:[93m21[0m - [91merror[0m[90m TS1003: [0mIdentifier expected.

[7m61[0m                 res..json({ message: "Job is updated", updatedJobs });
[7m  [0m [91m                    ~[0m

TSError: тип Unable to compile TypeScript:
[96msrc/controllers/job.controller.ts[0m:[93m61[0m:[93m21[0m - [91merror[0m[90m TS1003: [0mIdentifier expected.

[7m61[0m                 res..json({ message: "Job is updated", updatedJobs });
[7m  [0m [91m                    ~[0m

    at createTSError (C:\Users\Sheelu Kumar\Desktop\masai-alumni\node_modules\.pnpm\ts-node@10.9.1_@swc+core@1.3.95_@types+node@18.17.2_typescript@5.1.3\node_modules\ts-node\src\index.ts:859:12)
    at reportTSError (C:\Users\Sheelu Kumar\Desktop\masai-alumni\node_modules\.pnpm\ts-node@10.9.1_@swc+core@1.3.95_@types+node@18.17.2_typescript@5.1.3\node_modules\ts-node\src\index.ts:863:19)
    at C:\Users\Sheelu Kumar\Desktop\masai-alumni\node_modules\.pnpm\ts-node@10.9.1_@swc+core@1.3.95_@types+node@18.17.2_typescript@5.1.3\node_modules\ts-node\src\index.ts:1379:34
    at Object.compile (C:\Users\Sheelu Kumar\Desktop\masai-alumni\node_modules\.pnpm\ts-node@10.9.1_@swc+core@1.3.95_@types+node@18.17.2_typescript@5.1.3\node_modules\ts-node\src\index.ts:1458:13)
    at Module.m._compile (C:\Users\Sheelu Kumar\Desktop\masai-alumni\node_modules\.pnpm\ts-node@10.9.1_@swc+core@1.3.95_@types+node@18.17.2_typescript@5.1.3\node_modules\ts-node\src\index.ts:1617:30)
    at Module._extensions..js (node:internal/modules/cjs/loader:1310:10)
    at Object.require.extensions.<computed> [as .ts] (C:\Users\Sheelu Kumar\Desktop\masai-alumni\node_modules\.pnpm\ts-node@10.9.1_@swc+core@1.3.95_@types+node@18.17.2_typescript@5.1.3\node_modules\ts-node\src\index.ts:1621:12)
    at Module.load (node:internal/modules/cjs/loader:1119:32)
    at Function.Module._load (node:internal/modules/cjs/loader:960:12)
    at Module.require (node:internal/modules/cjs/loader:1143:19)
2023-11-29 16:27:32 error: uncaughtException: тип Unable to compile TypeScript:
[96msrc/services/job.service.ts[0m:[93m132[0m:[93m2[0m - [91merror[0m[90m TS1472: [0m'catch' or 'finally' expected.

[7m132[0m  }
[7m   [0m [91m ~[0m

TSError: тип Unable to compile TypeScript:
[96msrc/services/job.service.ts[0m:[93m132[0m:[93m2[0m - [91merror[0m[90m TS1472: [0m'catch' or 'finally' expected.

[7m132[0m  }
[7m   [0m [91m ~[0m

    at createTSError (C:\Users\Sheelu Kumar\Desktop\masai-alumni\node_modules\.pnpm\ts-node@10.9.1_@swc+core@1.3.95_@types+node@18.17.2_typescript@5.1.3\node_modules\ts-node\src\index.ts:859:12)
    at reportTSError (C:\Users\Sheelu Kumar\Desktop\masai-alumni\node_modules\.pnpm\ts-node@10.9.1_@swc+core@1.3.95_@types+node@18.17.2_typescript@5.1.3\node_modules\ts-node\src\index.ts:863:19)
    at C:\Users\Sheelu Kumar\Desktop\masai-alumni\node_modules\.pnpm\ts-node@10.9.1_@swc+core@1.3.95_@types+node@18.17.2_typescript@5.1.3\node_modules\ts-node\src\index.ts:1379:34
    at Object.compile (C:\Users\Sheelu Kumar\Desktop\masai-alumni\node_modules\.pnpm\ts-node@10.9.1_@swc+core@1.3.95_@types+node@18.17.2_typescript@5.1.3\node_modules\ts-node\src\index.ts:1458:13)
    at Module.m._compile (C:\Users\Sheelu Kumar\Desktop\masai-alumni\node_modules\.pnpm\ts-node@10.9.1_@swc+core@1.3.95_@types+node@18.17.2_typescript@5.1.3\node_modules\ts-node\src\index.ts:1617:30)
    at Module._extensions..js (node:internal/modules/cjs/loader:1310:10)
    at Object.require.extensions.<computed> [as .ts] (C:\Users\Sheelu Kumar\Desktop\masai-alumni\node_modules\.pnpm\ts-node@10.9.1_@swc+core@1.3.95_@types+node@18.17.2_typescript@5.1.3\node_modules\ts-node\src\index.ts:1621:12)
    at Module.load (node:internal/modules/cjs/loader:1119:32)
    at Function.Module._load (node:internal/modules/cjs/loader:960:12)
    at Module.require (node:internal/modules/cjs/loader:1143:19)
2023-11-29 16:29:14 error: [GET] /api/v1/jobs/1 >> StatusCode:: 404, Message:: Job not found
2023-11-29 16:29:25 error: [GET] /api/v1/jobs/1 >> StatusCode:: 404, Message:: Job not found
2023-11-29 16:33:46 error: [PUT] /api/v1/jobs/1 >> StatusCode:: 404, Message:: Job not found
2023-11-29 18:25:46 error: uncaughtException: тип Unable to compile TypeScript:
[96msrc/middlewares/auth.middleware.ts[0m:[93m48[0m:[93m1[0m - [91merror[0m[90m TS1160: [0mUnterminated template literal.

[7m48[0m 
[7m  [0m [91m[0m

TSError: тип Unable to compile TypeScript:
[96msrc/middlewares/auth.middleware.ts[0m:[93m48[0m:[93m1[0m - [91merror[0m[90m TS1160: [0mUnterminated template literal.

[7m48[0m 
[7m  [0m [91m[0m

    at createTSError (C:\Users\Sheelu Kumar\Desktop\masai-alumni\node_modules\.pnpm\ts-node@10.9.1_@swc+core@1.3.95_@types+node@18.17.2_typescript@5.1.3\node_modules\ts-node\src\index.ts:859:12)
    at reportTSError (C:\Users\Sheelu Kumar\Desktop\masai-alumni\node_modules\.pnpm\ts-node@10.9.1_@swc+core@1.3.95_@types+node@18.17.2_typescript@5.1.3\node_modules\ts-node\src\index.ts:863:19)
    at C:\Users\Sheelu Kumar\Desktop\masai-alumni\node_modules\.pnpm\ts-node@10.9.1_@swc+core@1.3.95_@types+node@18.17.2_typescript@5.1.3\node_modules\ts-node\src\index.ts:1379:34
    at Object.compile (C:\Users\Sheelu Kumar\Desktop\masai-alumni\node_modules\.pnpm\ts-node@10.9.1_@swc+core@1.3.95_@types+node@18.17.2_typescript@5.1.3\node_modules\ts-node\src\index.ts:1458:13)
    at Module.m._compile (C:\Users\Sheelu Kumar\Desktop\masai-alumni\node_modules\.pnpm\ts-node@10.9.1_@swc+core@1.3.95_@types+node@18.17.2_typescript@5.1.3\node_modules\ts-node\src\index.ts:1617:30)
    at Module._extensions..js (node:internal/modules/cjs/loader:1310:10)
    at Object.require.extensions.<computed> [as .ts] (C:\Users\Sheelu Kumar\Desktop\masai-alumni\node_modules\.pnpm\ts-node@10.9.1_@swc+core@1.3.95_@types+node@18.17.2_typescript@5.1.3\node_modules\ts-node\src\index.ts:1621:12)
    at Module.load (node:internal/modules/cjs/loader:1119:32)
    at Function.Module._load (node:internal/modules/cjs/loader:960:12)
    at Module.require (node:internal/modules/cjs/loader:1143:19)
2023-11-29 18:25:54 error: uncaughtException: тип Unable to compile TypeScript:
[96msrc/middlewares/auth.middleware.ts[0m:[93m48[0m:[93m1[0m - [91merror[0m[90m TS1160: [0mUnterminated template literal.

[7m48[0m 
[7m  [0m [91m[0m

TSError: тип Unable to compile TypeScript:
[96msrc/middlewares/auth.middleware.ts[0m:[93m48[0m:[93m1[0m - [91merror[0m[90m TS1160: [0mUnterminated template literal.

[7m48[0m 
[7m  [0m [91m[0m

    at createTSError (C:\Users\Sheelu Kumar\Desktop\masai-alumni\node_modules\.pnpm\ts-node@10.9.1_@swc+core@1.3.95_@types+node@18.17.2_typescript@5.1.3\node_modules\ts-node\src\index.ts:859:12)
    at reportTSError (C:\Users\Sheelu Kumar\Desktop\masai-alumni\node_modules\.pnpm\ts-node@10.9.1_@swc+core@1.3.95_@types+node@18.17.2_typescript@5.1.3\node_modules\ts-node\src\index.ts:863:19)
    at C:\Users\Sheelu Kumar\Desktop\masai-alumni\node_modules\.pnpm\ts-node@10.9.1_@swc+core@1.3.95_@types+node@18.17.2_typescript@5.1.3\node_modules\ts-node\src\index.ts:1379:34
    at Object.compile (C:\Users\Sheelu Kumar\Desktop\masai-alumni\node_modules\.pnpm\ts-node@10.9.1_@swc+core@1.3.95_@types+node@18.17.2_typescript@5.1.3\node_modules\ts-node\src\index.ts:1458:13)
    at Module.m._compile (C:\Users\Sheelu Kumar\Desktop\masai-alumni\node_modules\.pnpm\ts-node@10.9.1_@swc+core@1.3.95_@types+node@18.17.2_typescript@5.1.3\node_modules\ts-node\src\index.ts:1617:30)
    at Module._extensions..js (node:internal/modules/cjs/loader:1310:10)
    at Object.require.extensions.<computed> [as .ts] (C:\Users\Sheelu Kumar\Desktop\masai-alumni\node_modules\.pnpm\ts-node@10.9.1_@swc+core@1.3.95_@types+node@18.17.2_typescript@5.1.3\node_modules\ts-node\src\index.ts:1621:12)
    at Module.load (node:internal/modules/cjs/loader:1119:32)
    at Function.Module._load (node:internal/modules/cjs/loader:960:12)
    at Module.require (node:internal/modules/cjs/loader:1143:19)
2023-11-29 18:28:38 error: uncaughtException: тип Unable to compile TypeScript:
[96msrc/middlewares/auth.middleware.ts[0m:[93m11[0m:[93m17[0m - [91merror[0m[90m TS1005: [0m',' expected.

[7m11[0m   console.log(""token);
[7m  [0m [91m                ~~~~~[0m

TSError: тип Unable to compile TypeScript:
[96msrc/middlewares/auth.middleware.ts[0m:[93m11[0m:[93m17[0m - [91merror[0m[90m TS1005: [0m',' expected.

[7m11[0m   console.log(""token);
[7m  [0m [91m                ~~~~~[0m

    at createTSError (C:\Users\Sheelu Kumar\Desktop\masai-alumni\node_modules\.pnpm\ts-node@10.9.1_@swc+core@1.3.95_@types+node@18.17.2_typescript@5.1.3\node_modules\ts-node\src\index.ts:859:12)
    at reportTSError (C:\Users\Sheelu Kumar\Desktop\masai-alumni\node_modules\.pnpm\ts-node@10.9.1_@swc+core@1.3.95_@types+node@18.17.2_typescript@5.1.3\node_modules\ts-node\src\index.ts:863:19)
    at C:\Users\Sheelu Kumar\Desktop\masai-alumni\node_modules\.pnpm\ts-node@10.9.1_@swc+core@1.3.95_@types+node@18.17.2_typescript@5.1.3\node_modules\ts-node\src\index.ts:1379:34
    at Object.compile (C:\Users\Sheelu Kumar\Desktop\masai-alumni\node_modules\.pnpm\ts-node@10.9.1_@swc+core@1.3.95_@types+node@18.17.2_typescript@5.1.3\node_modules\ts-node\src\index.ts:1458:13)
    at Module.m._compile (C:\Users\Sheelu Kumar\Desktop\masai-alumni\node_modules\.pnpm\ts-node@10.9.1_@swc+core@1.3.95_@types+node@18.17.2_typescript@5.1.3\node_modules\ts-node\src\index.ts:1617:30)
    at Module._extensions..js (node:internal/modules/cjs/loader:1310:10)
    at Object.require.extensions.<computed> [as .ts] (C:\Users\Sheelu Kumar\Desktop\masai-alumni\node_modules\.pnpm\ts-node@10.9.1_@swc+core@1.3.95_@types+node@18.17.2_typescript@5.1.3\node_modules\ts-node\src\index.ts:1621:12)
    at Module.load (node:internal/modules/cjs/loader:1119:32)
    at Function.Module._load (node:internal/modules/cjs/loader:960:12)
    at Module.require (node:internal/modules/cjs/loader:1143:19)
